[2025-04-06T07:28:54.913+0000] {local_task_job_runner.py:123} INFO - ::group::Pre task execution logs
[2025-04-06T07:28:54.933+0000] {taskinstance.py:2614} INFO - Dependencies all met for dep_context=non-requeueable deps ti=<TaskInstance: ml_pipeline.evaluate_task manual__2025-04-06T07:28:49.140984+00:00 [queued]>
[2025-04-06T07:28:54.942+0000] {taskinstance.py:2614} INFO - Dependencies all met for dep_context=requeueable deps ti=<TaskInstance: ml_pipeline.evaluate_task manual__2025-04-06T07:28:49.140984+00:00 [queued]>
[2025-04-06T07:28:54.943+0000] {taskinstance.py:2867} INFO - Starting attempt 1 of 1
[2025-04-06T07:28:55.070+0000] {taskinstance.py:2890} INFO - Executing <Task(PythonOperator): evaluate_task> on 2025-04-06 07:28:49.140984+00:00
[2025-04-06T07:28:55.077+0000] {warnings.py:112} WARNING - /home/***/.local/lib/python3.12/site-packages/***/task/task_runner/standard_task_runner.py:70: DeprecationWarning: This process (pid=263) is multi-threaded, use of fork() may lead to deadlocks in the child.
  pid = os.fork()

[2025-04-06T07:28:55.078+0000] {standard_task_runner.py:72} INFO - Started process 265 to run task
[2025-04-06T07:28:55.078+0000] {standard_task_runner.py:104} INFO - Running: ['***', 'tasks', 'run', 'ml_pipeline', 'evaluate_task', 'manual__2025-04-06T07:28:49.140984+00:00', '--job-id', '6', '--raw', '--subdir', 'DAGS_FOLDER/mlpipeline.py', '--cfg-path', '/tmp/tmpo5nxc_hc']
[2025-04-06T07:28:55.079+0000] {standard_task_runner.py:105} INFO - Job 6: Subtask evaluate_task
[2025-04-06T07:28:55.115+0000] {task_command.py:467} INFO - Running <TaskInstance: ml_pipeline.evaluate_task manual__2025-04-06T07:28:49.140984+00:00 [running]> on host 64a5b9f05210
[2025-04-06T07:28:55.176+0000] {taskinstance.py:3134} INFO - Exporting env vars: AIRFLOW_CTX_DAG_OWNER='***' AIRFLOW_CTX_DAG_ID='ml_pipeline' AIRFLOW_CTX_TASK_ID='evaluate_task' AIRFLOW_CTX_EXECUTION_DATE='2025-04-06T07:28:49.140984+00:00' AIRFLOW_CTX_TRY_NUMBER='1' AIRFLOW_CTX_DAG_RUN_ID='manual__2025-04-06T07:28:49.140984+00:00'
[2025-04-06T07:28:55.177+0000] {logging_mixin.py:190} INFO - Task instance is in running state
[2025-04-06T07:28:55.178+0000] {logging_mixin.py:190} INFO -  Previous state of the Task instance: queued
[2025-04-06T07:28:55.178+0000] {logging_mixin.py:190} INFO - Current task name:evaluate_task state:running start_date:2025-04-06 07:28:54.934821+00:00
[2025-04-06T07:28:55.179+0000] {logging_mixin.py:190} INFO - Dag name:ml_pipeline and current dag run status:running
[2025-04-06T07:28:55.179+0000] {taskinstance.py:732} INFO - ::endgroup::
[2025-04-06T07:28:55.180+0000] {logging_mixin.py:190} INFO - Evaluate Models...
[2025-04-06T07:28:55.180+0000] {python.py:240} INFO - Done. Returned value was: None
[2025-04-06T07:28:55.187+0000] {taskinstance.py:341} INFO - ::group::Post task execution logs
[2025-04-06T07:28:55.187+0000] {taskinstance.py:353} INFO - Marking task as SUCCESS. dag_id=ml_pipeline, task_id=evaluate_task, run_id=manual__2025-04-06T07:28:49.140984+00:00, execution_date=20250406T072849, start_date=20250406T072854, end_date=20250406T072855
[2025-04-06T07:28:55.206+0000] {logging_mixin.py:190} INFO - Task instance in success state
[2025-04-06T07:28:55.207+0000] {logging_mixin.py:190} INFO -  Previous state of the Task instance: running
[2025-04-06T07:28:55.208+0000] {logging_mixin.py:190} INFO - Dag name:ml_pipeline queued_at:2025-04-06 07:28:49.158523+00:00
[2025-04-06T07:28:55.208+0000] {logging_mixin.py:190} INFO - Task hostname:64a5b9f05210 operator:PythonOperator
[2025-04-06T07:28:55.253+0000] {local_task_job_runner.py:266} INFO - Task exited with return code 0
[2025-04-06T07:28:55.270+0000] {taskinstance.py:3901} INFO - 0 downstream tasks scheduled from follow-on schedule check
[2025-04-06T07:28:55.274+0000] {local_task_job_runner.py:245} INFO - ::endgroup::
