[2025-04-06T07:28:52.945+0000] {local_task_job_runner.py:123} INFO - ::group::Pre task execution logs
[2025-04-06T07:28:52.964+0000] {taskinstance.py:2614} INFO - Dependencies all met for dep_context=non-requeueable deps ti=<TaskInstance: ml_pipeline.train_task manual__2025-04-06T07:28:49.140984+00:00 [queued]>
[2025-04-06T07:28:52.976+0000] {taskinstance.py:2614} INFO - Dependencies all met for dep_context=requeueable deps ti=<TaskInstance: ml_pipeline.train_task manual__2025-04-06T07:28:49.140984+00:00 [queued]>
[2025-04-06T07:28:52.977+0000] {taskinstance.py:2867} INFO - Starting attempt 1 of 1
[2025-04-06T07:28:53.105+0000] {taskinstance.py:2890} INFO - Executing <Task(PythonOperator): train_task> on 2025-04-06 07:28:49.140984+00:00
[2025-04-06T07:28:53.110+0000] {warnings.py:112} WARNING - /home/***/.local/lib/python3.12/site-packages/***/task/task_runner/standard_task_runner.py:70: DeprecationWarning: This process (pid=259) is multi-threaded, use of fork() may lead to deadlocks in the child.
  pid = os.fork()

[2025-04-06T07:28:53.112+0000] {standard_task_runner.py:72} INFO - Started process 261 to run task
[2025-04-06T07:28:53.112+0000] {standard_task_runner.py:104} INFO - Running: ['***', 'tasks', 'run', 'ml_pipeline', 'train_task', 'manual__2025-04-06T07:28:49.140984+00:00', '--job-id', '5', '--raw', '--subdir', 'DAGS_FOLDER/mlpipeline.py', '--cfg-path', '/tmp/tmpzg4_f29c']
[2025-04-06T07:28:53.113+0000] {standard_task_runner.py:105} INFO - Job 5: Subtask train_task
[2025-04-06T07:28:53.154+0000] {task_command.py:467} INFO - Running <TaskInstance: ml_pipeline.train_task manual__2025-04-06T07:28:49.140984+00:00 [running]> on host 64a5b9f05210
[2025-04-06T07:28:53.219+0000] {taskinstance.py:3134} INFO - Exporting env vars: AIRFLOW_CTX_DAG_OWNER='***' AIRFLOW_CTX_DAG_ID='ml_pipeline' AIRFLOW_CTX_TASK_ID='train_task' AIRFLOW_CTX_EXECUTION_DATE='2025-04-06T07:28:49.140984+00:00' AIRFLOW_CTX_TRY_NUMBER='1' AIRFLOW_CTX_DAG_RUN_ID='manual__2025-04-06T07:28:49.140984+00:00'
[2025-04-06T07:28:53.220+0000] {logging_mixin.py:190} INFO - Task instance is in running state
[2025-04-06T07:28:53.221+0000] {logging_mixin.py:190} INFO -  Previous state of the Task instance: queued
[2025-04-06T07:28:53.221+0000] {logging_mixin.py:190} INFO - Current task name:train_task state:running start_date:2025-04-06 07:28:52.965380+00:00
[2025-04-06T07:28:53.222+0000] {logging_mixin.py:190} INFO - Dag name:ml_pipeline and current dag run status:running
[2025-04-06T07:28:53.222+0000] {taskinstance.py:732} INFO - ::endgroup::
[2025-04-06T07:28:53.222+0000] {logging_mixin.py:190} INFO - Training model...
[2025-04-06T07:28:53.223+0000] {python.py:240} INFO - Done. Returned value was: None
[2025-04-06T07:28:53.230+0000] {taskinstance.py:341} INFO - ::group::Post task execution logs
[2025-04-06T07:28:53.230+0000] {taskinstance.py:353} INFO - Marking task as SUCCESS. dag_id=ml_pipeline, task_id=train_task, run_id=manual__2025-04-06T07:28:49.140984+00:00, execution_date=20250406T072849, start_date=20250406T072852, end_date=20250406T072853
[2025-04-06T07:28:53.250+0000] {logging_mixin.py:190} INFO - Task instance in success state
[2025-04-06T07:28:53.251+0000] {logging_mixin.py:190} INFO -  Previous state of the Task instance: running
[2025-04-06T07:28:53.251+0000] {logging_mixin.py:190} INFO - Dag name:ml_pipeline queued_at:2025-04-06 07:28:49.158523+00:00
[2025-04-06T07:28:53.251+0000] {logging_mixin.py:190} INFO - Task hostname:64a5b9f05210 operator:PythonOperator
[2025-04-06T07:28:53.288+0000] {local_task_job_runner.py:266} INFO - Task exited with return code 0
[2025-04-06T07:28:53.310+0000] {taskinstance.py:3901} INFO - 1 downstream tasks scheduled from follow-on schedule check
[2025-04-06T07:28:53.315+0000] {local_task_job_runner.py:245} INFO - ::endgroup::
