[2025-04-06T07:23:49.801+0000] {local_task_job_runner.py:123} INFO - ::group::Pre task execution logs
[2025-04-06T07:23:49.818+0000] {taskinstance.py:2614} INFO - Dependencies all met for dep_context=non-requeueable deps ti=<TaskInstance: example_branch_dop_operator_v3.should_run scheduled__2025-04-06T07:22:00+00:00 [queued]>
[2025-04-06T07:23:49.826+0000] {taskinstance.py:2614} INFO - Dependencies all met for dep_context=requeueable deps ti=<TaskInstance: example_branch_dop_operator_v3.should_run scheduled__2025-04-06T07:22:00+00:00 [queued]>
[2025-04-06T07:23:49.827+0000] {taskinstance.py:2867} INFO - Starting attempt 1 of 1
[2025-04-06T07:23:49.840+0000] {taskinstance.py:2890} INFO - Executing <Task(_BranchPythonDecoratedOperator): should_run> on 2025-04-06 07:22:00+00:00
[2025-04-06T07:23:49.846+0000] {warnings.py:112} WARNING - /home/***/.local/lib/python3.12/site-packages/***/task/task_runner/standard_task_runner.py:70: DeprecationWarning: This process (pid=181) is multi-threaded, use of fork() may lead to deadlocks in the child.
  pid = os.fork()

[2025-04-06T07:23:49.848+0000] {standard_task_runner.py:72} INFO - Started process 183 to run task
[2025-04-06T07:23:49.850+0000] {standard_task_runner.py:104} INFO - Running: ['***', 'tasks', 'run', 'example_branch_dop_operator_v3', 'should_run', 'scheduled__2025-04-06T07:22:00+00:00', '--job-id', '3', '--raw', '--subdir', '/home/***/.local/lib/python3.12/site-packages/***/example_dags/example_branch_python_dop_operator_3.py', '--cfg-path', '/tmp/tmprf5p_140']
[2025-04-06T07:23:49.851+0000] {standard_task_runner.py:105} INFO - Job 3: Subtask should_run
[2025-04-06T07:23:50.464+0000] {task_command.py:467} INFO - Running <TaskInstance: example_branch_dop_operator_v3.should_run scheduled__2025-04-06T07:22:00+00:00 [running]> on host 64a5b9f05210
[2025-04-06T07:23:50.612+0000] {taskinstance.py:3134} INFO - Exporting env vars: AIRFLOW_CTX_DAG_OWNER='***' AIRFLOW_CTX_DAG_ID='example_branch_dop_operator_v3' AIRFLOW_CTX_TASK_ID='should_run' AIRFLOW_CTX_EXECUTION_DATE='2025-04-06T07:22:00+00:00' AIRFLOW_CTX_TRY_NUMBER='1' AIRFLOW_CTX_DAG_RUN_ID='scheduled__2025-04-06T07:22:00+00:00'
[2025-04-06T07:23:50.614+0000] {logging_mixin.py:190} INFO - Task instance is in running state
[2025-04-06T07:23:50.615+0000] {logging_mixin.py:190} INFO -  Previous state of the Task instance: queued
[2025-04-06T07:23:50.615+0000] {logging_mixin.py:190} INFO - Current task name:should_run state:running start_date:2025-04-06 07:23:49.819117+00:00
[2025-04-06T07:23:50.616+0000] {logging_mixin.py:190} INFO - Dag name:example_branch_dop_operator_v3 and current dag run status:running
[2025-04-06T07:23:50.617+0000] {taskinstance.py:732} INFO - ::endgroup::
[2025-04-06T07:23:50.620+0000] {logging_mixin.py:190} INFO - ------------- exec dttm = 2025-04-06 07:22:00+00:00 and minute = 22
[2025-04-06T07:23:50.621+0000] {python.py:240} INFO - Done. Returned value was: empty_task_1
[2025-04-06T07:23:50.621+0000] {branch.py:38} INFO - Branch into empty_task_1
[2025-04-06T07:23:50.623+0000] {skipmixin.py:233} INFO - Following branch ('empty_task_1',)
[2025-04-06T07:23:50.648+0000] {skipmixin.py:281} INFO - Skipping tasks [('empty_task_2', -1)]
[2025-04-06T07:23:50.701+0000] {taskinstance.py:341} INFO - ::group::Post task execution logs
[2025-04-06T07:23:50.702+0000] {taskinstance.py:353} INFO - Marking task as SUCCESS. dag_id=example_branch_dop_operator_v3, task_id=should_run, run_id=scheduled__2025-04-06T07:22:00+00:00, execution_date=20250406T072200, start_date=20250406T072349, end_date=20250406T072350
[2025-04-06T07:23:50.760+0000] {logging_mixin.py:190} INFO - Task instance in success state
[2025-04-06T07:23:50.761+0000] {logging_mixin.py:190} INFO -  Previous state of the Task instance: running
[2025-04-06T07:23:50.762+0000] {logging_mixin.py:190} INFO - Dag name:example_branch_dop_operator_v3 queued_at:2025-04-06 07:23:45.436299+00:00
[2025-04-06T07:23:50.762+0000] {logging_mixin.py:190} INFO - Task hostname:64a5b9f05210 operator:_BranchPythonDecoratedOperator
[2025-04-06T07:23:50.787+0000] {local_task_job_runner.py:266} INFO - Task exited with return code 0
[2025-04-06T07:23:51.047+0000] {taskinstance.py:3901} INFO - 0 downstream tasks scheduled from follow-on schedule check
[2025-04-06T07:23:51.051+0000] {local_task_job_runner.py:245} INFO - ::endgroup::
