[2025-04-06T07:15:03.655+0000] {processor.py:186} INFO - Started process (PID=121) to work on /home/airflow/.local/lib/python3.12/site-packages/airflow/example_dags/example_external_task_marker_dag.py
[2025-04-06T07:15:03.656+0000] {processor.py:914} INFO - Processing file /home/airflow/.local/lib/python3.12/site-packages/airflow/example_dags/example_external_task_marker_dag.py for tasks to queue
[2025-04-06T07:15:03.660+0000] {logging_mixin.py:190} INFO - [2025-04-06T07:15:03.659+0000] {dagbag.py:588} INFO - Filling up the DagBag from /home/airflow/.local/lib/python3.12/site-packages/airflow/example_dags/example_external_task_marker_dag.py
[2025-04-06T07:15:03.672+0000] {processor.py:925} INFO - DAG(s) 'example_external_task_marker_parent', 'example_external_task_marker_child' retrieved from /home/airflow/.local/lib/python3.12/site-packages/airflow/example_dags/example_external_task_marker_dag.py
[2025-04-06T07:15:03.821+0000] {logging_mixin.py:190} INFO - [2025-04-06T07:15:03.820+0000] {override.py:1912} INFO - Created Permission View: can edit on DAG:example_external_task_marker_parent
[2025-04-06T07:15:03.838+0000] {logging_mixin.py:190} INFO - [2025-04-06T07:15:03.837+0000] {override.py:1912} INFO - Created Permission View: can delete on DAG:example_external_task_marker_parent
[2025-04-06T07:15:03.849+0000] {logging_mixin.py:190} INFO - [2025-04-06T07:15:03.848+0000] {override.py:1912} INFO - Created Permission View: can read on DAG:example_external_task_marker_parent
[2025-04-06T07:15:03.862+0000] {logging_mixin.py:190} INFO - [2025-04-06T07:15:03.862+0000] {override.py:1912} INFO - Created Permission View: can delete on DAG Run:example_external_task_marker_parent
[2025-04-06T07:15:03.873+0000] {logging_mixin.py:190} INFO - [2025-04-06T07:15:03.873+0000] {override.py:1912} INFO - Created Permission View: can create on DAG Run:example_external_task_marker_parent
[2025-04-06T07:15:03.883+0000] {logging_mixin.py:190} INFO - [2025-04-06T07:15:03.882+0000] {override.py:1912} INFO - Created Permission View: can read on DAG Run:example_external_task_marker_parent
[2025-04-06T07:15:03.896+0000] {logging_mixin.py:190} INFO - [2025-04-06T07:15:03.895+0000] {override.py:1912} INFO - Created Permission View: menu access on DAG Run:example_external_task_marker_parent
[2025-04-06T07:15:03.920+0000] {logging_mixin.py:190} INFO - [2025-04-06T07:15:03.919+0000] {override.py:1912} INFO - Created Permission View: can edit on DAG:example_external_task_marker_child
[2025-04-06T07:15:03.931+0000] {logging_mixin.py:190} INFO - [2025-04-06T07:15:03.930+0000] {override.py:1912} INFO - Created Permission View: can delete on DAG:example_external_task_marker_child
[2025-04-06T07:15:03.942+0000] {logging_mixin.py:190} INFO - [2025-04-06T07:15:03.942+0000] {override.py:1912} INFO - Created Permission View: can read on DAG:example_external_task_marker_child
[2025-04-06T07:15:03.958+0000] {logging_mixin.py:190} INFO - [2025-04-06T07:15:03.957+0000] {override.py:1912} INFO - Created Permission View: can delete on DAG Run:example_external_task_marker_child
[2025-04-06T07:15:03.969+0000] {logging_mixin.py:190} INFO - [2025-04-06T07:15:03.969+0000] {override.py:1912} INFO - Created Permission View: can create on DAG Run:example_external_task_marker_child
[2025-04-06T07:15:03.980+0000] {logging_mixin.py:190} INFO - [2025-04-06T07:15:03.980+0000] {override.py:1912} INFO - Created Permission View: can read on DAG Run:example_external_task_marker_child
[2025-04-06T07:15:03.991+0000] {logging_mixin.py:190} INFO - [2025-04-06T07:15:03.990+0000] {override.py:1912} INFO - Created Permission View: menu access on DAG Run:example_external_task_marker_child
[2025-04-06T07:15:03.991+0000] {logging_mixin.py:190} INFO - [2025-04-06T07:15:03.991+0000] {dag.py:3239} INFO - Sync 2 DAGs
[2025-04-06T07:15:04.012+0000] {logging_mixin.py:190} INFO - [2025-04-06T07:15:04.011+0000] {dag.py:3262} INFO - Creating ORM DAG for example_external_task_marker_child
[2025-04-06T07:15:04.013+0000] {logging_mixin.py:190} INFO - [2025-04-06T07:15:04.013+0000] {dag.py:3262} INFO - Creating ORM DAG for example_external_task_marker_parent
[2025-04-06T07:15:04.014+0000] {logging_mixin.py:190} INFO - [2025-04-06T07:15:04.014+0000] {dag.py:4180} INFO - Setting next_dagrun for example_external_task_marker_child to None, run_after=None
[2025-04-06T07:15:04.016+0000] {logging_mixin.py:190} INFO - [2025-04-06T07:15:04.015+0000] {dag.py:4180} INFO - Setting next_dagrun for example_external_task_marker_parent to None, run_after=None
[2025-04-06T07:15:04.042+0000] {processor.py:208} INFO - Processing /home/airflow/.local/lib/python3.12/site-packages/airflow/example_dags/example_external_task_marker_dag.py took 0.395 seconds
[2025-04-06T07:15:34.248+0000] {processor.py:186} INFO - Started process (PID=184) to work on /home/airflow/.local/lib/python3.12/site-packages/airflow/example_dags/example_external_task_marker_dag.py
[2025-04-06T07:15:34.249+0000] {processor.py:914} INFO - Processing file /home/airflow/.local/lib/python3.12/site-packages/airflow/example_dags/example_external_task_marker_dag.py for tasks to queue
[2025-04-06T07:15:34.251+0000] {logging_mixin.py:190} INFO - [2025-04-06T07:15:34.251+0000] {dagbag.py:588} INFO - Filling up the DagBag from /home/airflow/.local/lib/python3.12/site-packages/airflow/example_dags/example_external_task_marker_dag.py
[2025-04-06T07:15:34.259+0000] {processor.py:925} INFO - DAG(s) 'example_external_task_marker_child', 'example_external_task_marker_parent' retrieved from /home/airflow/.local/lib/python3.12/site-packages/airflow/example_dags/example_external_task_marker_dag.py
[2025-04-06T07:15:34.279+0000] {logging_mixin.py:190} INFO - [2025-04-06T07:15:34.279+0000] {dag.py:3239} INFO - Sync 2 DAGs
[2025-04-06T07:15:34.293+0000] {logging_mixin.py:190} INFO - [2025-04-06T07:15:34.292+0000] {dag.py:4180} INFO - Setting next_dagrun for example_external_task_marker_child to None, run_after=None
[2025-04-06T07:15:34.297+0000] {logging_mixin.py:190} INFO - [2025-04-06T07:15:34.297+0000] {dag.py:4180} INFO - Setting next_dagrun for example_external_task_marker_parent to None, run_after=None
[2025-04-06T07:15:34.314+0000] {processor.py:208} INFO - Processing /home/airflow/.local/lib/python3.12/site-packages/airflow/example_dags/example_external_task_marker_dag.py took 0.071 seconds
[2025-04-06T07:16:04.373+0000] {processor.py:186} INFO - Started process (PID=246) to work on /home/airflow/.local/lib/python3.12/site-packages/airflow/example_dags/example_external_task_marker_dag.py
[2025-04-06T07:16:04.374+0000] {processor.py:914} INFO - Processing file /home/airflow/.local/lib/python3.12/site-packages/airflow/example_dags/example_external_task_marker_dag.py for tasks to queue
[2025-04-06T07:16:04.377+0000] {logging_mixin.py:190} INFO - [2025-04-06T07:16:04.377+0000] {dagbag.py:588} INFO - Filling up the DagBag from /home/airflow/.local/lib/python3.12/site-packages/airflow/example_dags/example_external_task_marker_dag.py
[2025-04-06T07:16:04.384+0000] {processor.py:925} INFO - DAG(s) 'example_external_task_marker_parent', 'example_external_task_marker_child' retrieved from /home/airflow/.local/lib/python3.12/site-packages/airflow/example_dags/example_external_task_marker_dag.py
[2025-04-06T07:16:04.407+0000] {logging_mixin.py:190} INFO - [2025-04-06T07:16:04.406+0000] {dag.py:3239} INFO - Sync 2 DAGs
[2025-04-06T07:16:04.422+0000] {logging_mixin.py:190} INFO - [2025-04-06T07:16:04.421+0000] {dag.py:4180} INFO - Setting next_dagrun for example_external_task_marker_child to None, run_after=None
[2025-04-06T07:16:04.426+0000] {logging_mixin.py:190} INFO - [2025-04-06T07:16:04.425+0000] {dag.py:4180} INFO - Setting next_dagrun for example_external_task_marker_parent to None, run_after=None
[2025-04-06T07:16:04.442+0000] {processor.py:208} INFO - Processing /home/airflow/.local/lib/python3.12/site-packages/airflow/example_dags/example_external_task_marker_dag.py took 0.075 seconds
[2025-04-06T07:16:35.363+0000] {processor.py:186} INFO - Started process (PID=309) to work on /home/airflow/.local/lib/python3.12/site-packages/airflow/example_dags/example_external_task_marker_dag.py
[2025-04-06T07:16:35.365+0000] {processor.py:914} INFO - Processing file /home/airflow/.local/lib/python3.12/site-packages/airflow/example_dags/example_external_task_marker_dag.py for tasks to queue
[2025-04-06T07:16:35.367+0000] {logging_mixin.py:190} INFO - [2025-04-06T07:16:35.367+0000] {dagbag.py:588} INFO - Filling up the DagBag from /home/airflow/.local/lib/python3.12/site-packages/airflow/example_dags/example_external_task_marker_dag.py
[2025-04-06T07:16:35.375+0000] {processor.py:925} INFO - DAG(s) 'example_external_task_marker_parent', 'example_external_task_marker_child' retrieved from /home/airflow/.local/lib/python3.12/site-packages/airflow/example_dags/example_external_task_marker_dag.py
[2025-04-06T07:16:35.397+0000] {logging_mixin.py:190} INFO - [2025-04-06T07:16:35.397+0000] {dag.py:3239} INFO - Sync 2 DAGs
[2025-04-06T07:16:35.413+0000] {logging_mixin.py:190} INFO - [2025-04-06T07:16:35.412+0000] {dag.py:4180} INFO - Setting next_dagrun for example_external_task_marker_child to None, run_after=None
[2025-04-06T07:16:35.416+0000] {logging_mixin.py:190} INFO - [2025-04-06T07:16:35.416+0000] {dag.py:4180} INFO - Setting next_dagrun for example_external_task_marker_parent to None, run_after=None
[2025-04-06T07:16:35.434+0000] {processor.py:208} INFO - Processing /home/airflow/.local/lib/python3.12/site-packages/airflow/example_dags/example_external_task_marker_dag.py took 0.076 seconds
[2025-04-06T07:17:06.499+0000] {processor.py:186} INFO - Started process (PID=372) to work on /home/airflow/.local/lib/python3.12/site-packages/airflow/example_dags/example_external_task_marker_dag.py
[2025-04-06T07:17:06.501+0000] {processor.py:914} INFO - Processing file /home/airflow/.local/lib/python3.12/site-packages/airflow/example_dags/example_external_task_marker_dag.py for tasks to queue
[2025-04-06T07:17:06.506+0000] {logging_mixin.py:190} INFO - [2025-04-06T07:17:06.505+0000] {dagbag.py:588} INFO - Filling up the DagBag from /home/airflow/.local/lib/python3.12/site-packages/airflow/example_dags/example_external_task_marker_dag.py
[2025-04-06T07:17:06.526+0000] {processor.py:925} INFO - DAG(s) 'example_external_task_marker_child', 'example_external_task_marker_parent' retrieved from /home/airflow/.local/lib/python3.12/site-packages/airflow/example_dags/example_external_task_marker_dag.py
[2025-04-06T07:17:06.558+0000] {logging_mixin.py:190} INFO - [2025-04-06T07:17:06.557+0000] {dag.py:3239} INFO - Sync 2 DAGs
[2025-04-06T07:17:06.577+0000] {logging_mixin.py:190} INFO - [2025-04-06T07:17:06.576+0000] {dag.py:4180} INFO - Setting next_dagrun for example_external_task_marker_child to None, run_after=None
[2025-04-06T07:17:06.581+0000] {logging_mixin.py:190} INFO - [2025-04-06T07:17:06.581+0000] {dag.py:4180} INFO - Setting next_dagrun for example_external_task_marker_parent to None, run_after=None
[2025-04-06T07:17:06.604+0000] {processor.py:208} INFO - Processing /home/airflow/.local/lib/python3.12/site-packages/airflow/example_dags/example_external_task_marker_dag.py took 0.115 seconds
[2025-04-06T07:17:36.934+0000] {processor.py:186} INFO - Started process (PID=434) to work on /home/airflow/.local/lib/python3.12/site-packages/airflow/example_dags/example_external_task_marker_dag.py
[2025-04-06T07:17:36.936+0000] {processor.py:914} INFO - Processing file /home/airflow/.local/lib/python3.12/site-packages/airflow/example_dags/example_external_task_marker_dag.py for tasks to queue
[2025-04-06T07:17:36.939+0000] {logging_mixin.py:190} INFO - [2025-04-06T07:17:36.939+0000] {dagbag.py:588} INFO - Filling up the DagBag from /home/airflow/.local/lib/python3.12/site-packages/airflow/example_dags/example_external_task_marker_dag.py
[2025-04-06T07:17:36.948+0000] {processor.py:925} INFO - DAG(s) 'example_external_task_marker_parent', 'example_external_task_marker_child' retrieved from /home/airflow/.local/lib/python3.12/site-packages/airflow/example_dags/example_external_task_marker_dag.py
[2025-04-06T07:17:36.977+0000] {logging_mixin.py:190} INFO - [2025-04-06T07:17:36.976+0000] {dag.py:3239} INFO - Sync 2 DAGs
[2025-04-06T07:17:36.998+0000] {logging_mixin.py:190} INFO - [2025-04-06T07:17:36.998+0000] {dag.py:4180} INFO - Setting next_dagrun for example_external_task_marker_child to None, run_after=None
[2025-04-06T07:17:37.004+0000] {logging_mixin.py:190} INFO - [2025-04-06T07:17:37.004+0000] {dag.py:4180} INFO - Setting next_dagrun for example_external_task_marker_parent to None, run_after=None
[2025-04-06T07:17:37.031+0000] {processor.py:208} INFO - Processing /home/airflow/.local/lib/python3.12/site-packages/airflow/example_dags/example_external_task_marker_dag.py took 0.104 seconds
[2025-04-06T07:18:07.127+0000] {processor.py:186} INFO - Started process (PID=497) to work on /home/airflow/.local/lib/python3.12/site-packages/airflow/example_dags/example_external_task_marker_dag.py
[2025-04-06T07:18:07.129+0000] {processor.py:914} INFO - Processing file /home/airflow/.local/lib/python3.12/site-packages/airflow/example_dags/example_external_task_marker_dag.py for tasks to queue
[2025-04-06T07:18:07.132+0000] {logging_mixin.py:190} INFO - [2025-04-06T07:18:07.131+0000] {dagbag.py:588} INFO - Filling up the DagBag from /home/airflow/.local/lib/python3.12/site-packages/airflow/example_dags/example_external_task_marker_dag.py
[2025-04-06T07:18:07.144+0000] {processor.py:925} INFO - DAG(s) 'example_external_task_marker_parent', 'example_external_task_marker_child' retrieved from /home/airflow/.local/lib/python3.12/site-packages/airflow/example_dags/example_external_task_marker_dag.py
[2025-04-06T07:18:07.171+0000] {logging_mixin.py:190} INFO - [2025-04-06T07:18:07.170+0000] {dag.py:3239} INFO - Sync 2 DAGs
[2025-04-06T07:18:07.190+0000] {logging_mixin.py:190} INFO - [2025-04-06T07:18:07.190+0000] {dag.py:4180} INFO - Setting next_dagrun for example_external_task_marker_child to None, run_after=None
[2025-04-06T07:18:07.195+0000] {logging_mixin.py:190} INFO - [2025-04-06T07:18:07.195+0000] {dag.py:4180} INFO - Setting next_dagrun for example_external_task_marker_parent to None, run_after=None
[2025-04-06T07:18:07.214+0000] {processor.py:208} INFO - Processing /home/airflow/.local/lib/python3.12/site-packages/airflow/example_dags/example_external_task_marker_dag.py took 0.095 seconds
[2025-04-06T07:18:37.480+0000] {processor.py:186} INFO - Started process (PID=560) to work on /home/airflow/.local/lib/python3.12/site-packages/airflow/example_dags/example_external_task_marker_dag.py
[2025-04-06T07:18:37.481+0000] {processor.py:914} INFO - Processing file /home/airflow/.local/lib/python3.12/site-packages/airflow/example_dags/example_external_task_marker_dag.py for tasks to queue
[2025-04-06T07:18:37.484+0000] {logging_mixin.py:190} INFO - [2025-04-06T07:18:37.484+0000] {dagbag.py:588} INFO - Filling up the DagBag from /home/airflow/.local/lib/python3.12/site-packages/airflow/example_dags/example_external_task_marker_dag.py
[2025-04-06T07:18:37.494+0000] {processor.py:925} INFO - DAG(s) 'example_external_task_marker_parent', 'example_external_task_marker_child' retrieved from /home/airflow/.local/lib/python3.12/site-packages/airflow/example_dags/example_external_task_marker_dag.py
[2025-04-06T07:18:37.523+0000] {logging_mixin.py:190} INFO - [2025-04-06T07:18:37.523+0000] {dag.py:3239} INFO - Sync 2 DAGs
[2025-04-06T07:18:37.543+0000] {logging_mixin.py:190} INFO - [2025-04-06T07:18:37.543+0000] {dag.py:4180} INFO - Setting next_dagrun for example_external_task_marker_child to None, run_after=None
[2025-04-06T07:18:37.550+0000] {logging_mixin.py:190} INFO - [2025-04-06T07:18:37.549+0000] {dag.py:4180} INFO - Setting next_dagrun for example_external_task_marker_parent to None, run_after=None
[2025-04-06T07:18:37.572+0000] {processor.py:208} INFO - Processing /home/airflow/.local/lib/python3.12/site-packages/airflow/example_dags/example_external_task_marker_dag.py took 0.098 seconds
[2025-04-06T07:19:07.722+0000] {processor.py:186} INFO - Started process (PID=623) to work on /home/airflow/.local/lib/python3.12/site-packages/airflow/example_dags/example_external_task_marker_dag.py
[2025-04-06T07:19:07.723+0000] {processor.py:914} INFO - Processing file /home/airflow/.local/lib/python3.12/site-packages/airflow/example_dags/example_external_task_marker_dag.py for tasks to queue
[2025-04-06T07:19:07.726+0000] {logging_mixin.py:190} INFO - [2025-04-06T07:19:07.726+0000] {dagbag.py:588} INFO - Filling up the DagBag from /home/airflow/.local/lib/python3.12/site-packages/airflow/example_dags/example_external_task_marker_dag.py
[2025-04-06T07:19:07.737+0000] {processor.py:925} INFO - DAG(s) 'example_external_task_marker_child', 'example_external_task_marker_parent' retrieved from /home/airflow/.local/lib/python3.12/site-packages/airflow/example_dags/example_external_task_marker_dag.py
[2025-04-06T07:19:07.765+0000] {logging_mixin.py:190} INFO - [2025-04-06T07:19:07.765+0000] {dag.py:3239} INFO - Sync 2 DAGs
[2025-04-06T07:19:07.785+0000] {logging_mixin.py:190} INFO - [2025-04-06T07:19:07.785+0000] {dag.py:4180} INFO - Setting next_dagrun for example_external_task_marker_child to None, run_after=None
[2025-04-06T07:19:07.790+0000] {logging_mixin.py:190} INFO - [2025-04-06T07:19:07.790+0000] {dag.py:4180} INFO - Setting next_dagrun for example_external_task_marker_parent to None, run_after=None
[2025-04-06T07:19:07.812+0000] {processor.py:208} INFO - Processing /home/airflow/.local/lib/python3.12/site-packages/airflow/example_dags/example_external_task_marker_dag.py took 0.097 seconds
[2025-04-06T07:19:38.721+0000] {processor.py:186} INFO - Started process (PID=686) to work on /home/airflow/.local/lib/python3.12/site-packages/airflow/example_dags/example_external_task_marker_dag.py
[2025-04-06T07:19:38.722+0000] {processor.py:914} INFO - Processing file /home/airflow/.local/lib/python3.12/site-packages/airflow/example_dags/example_external_task_marker_dag.py for tasks to queue
[2025-04-06T07:19:38.724+0000] {logging_mixin.py:190} INFO - [2025-04-06T07:19:38.724+0000] {dagbag.py:588} INFO - Filling up the DagBag from /home/airflow/.local/lib/python3.12/site-packages/airflow/example_dags/example_external_task_marker_dag.py
[2025-04-06T07:19:38.733+0000] {processor.py:925} INFO - DAG(s) 'example_external_task_marker_parent', 'example_external_task_marker_child' retrieved from /home/airflow/.local/lib/python3.12/site-packages/airflow/example_dags/example_external_task_marker_dag.py
[2025-04-06T07:19:38.755+0000] {logging_mixin.py:190} INFO - [2025-04-06T07:19:38.755+0000] {dag.py:3239} INFO - Sync 2 DAGs
[2025-04-06T07:19:38.771+0000] {logging_mixin.py:190} INFO - [2025-04-06T07:19:38.771+0000] {dag.py:4180} INFO - Setting next_dagrun for example_external_task_marker_child to None, run_after=None
[2025-04-06T07:19:38.775+0000] {logging_mixin.py:190} INFO - [2025-04-06T07:19:38.775+0000] {dag.py:4180} INFO - Setting next_dagrun for example_external_task_marker_parent to None, run_after=None
[2025-04-06T07:19:38.794+0000] {processor.py:208} INFO - Processing /home/airflow/.local/lib/python3.12/site-packages/airflow/example_dags/example_external_task_marker_dag.py took 0.079 seconds
[2025-04-06T07:20:08.933+0000] {processor.py:186} INFO - Started process (PID=748) to work on /home/airflow/.local/lib/python3.12/site-packages/airflow/example_dags/example_external_task_marker_dag.py
[2025-04-06T07:20:08.940+0000] {processor.py:914} INFO - Processing file /home/airflow/.local/lib/python3.12/site-packages/airflow/example_dags/example_external_task_marker_dag.py for tasks to queue
[2025-04-06T07:20:08.956+0000] {logging_mixin.py:190} INFO - [2025-04-06T07:20:08.955+0000] {dagbag.py:588} INFO - Filling up the DagBag from /home/airflow/.local/lib/python3.12/site-packages/airflow/example_dags/example_external_task_marker_dag.py
[2025-04-06T07:20:09.016+0000] {processor.py:925} INFO - DAG(s) 'example_external_task_marker_child', 'example_external_task_marker_parent' retrieved from /home/airflow/.local/lib/python3.12/site-packages/airflow/example_dags/example_external_task_marker_dag.py
[2025-04-06T07:20:09.068+0000] {logging_mixin.py:190} INFO - [2025-04-06T07:20:09.067+0000] {dag.py:3239} INFO - Sync 2 DAGs
[2025-04-06T07:20:09.102+0000] {logging_mixin.py:190} INFO - [2025-04-06T07:20:09.101+0000] {dag.py:4180} INFO - Setting next_dagrun for example_external_task_marker_child to None, run_after=None
[2025-04-06T07:20:09.109+0000] {logging_mixin.py:190} INFO - [2025-04-06T07:20:09.109+0000] {dag.py:4180} INFO - Setting next_dagrun for example_external_task_marker_parent to None, run_after=None
[2025-04-06T07:20:09.135+0000] {processor.py:208} INFO - Processing /home/airflow/.local/lib/python3.12/site-packages/airflow/example_dags/example_external_task_marker_dag.py took 0.213 seconds
[2025-04-06T07:20:40.026+0000] {processor.py:186} INFO - Started process (PID=811) to work on /home/airflow/.local/lib/python3.12/site-packages/airflow/example_dags/example_external_task_marker_dag.py
[2025-04-06T07:20:40.028+0000] {processor.py:914} INFO - Processing file /home/airflow/.local/lib/python3.12/site-packages/airflow/example_dags/example_external_task_marker_dag.py for tasks to queue
[2025-04-06T07:20:40.040+0000] {logging_mixin.py:190} INFO - [2025-04-06T07:20:40.039+0000] {dagbag.py:588} INFO - Filling up the DagBag from /home/airflow/.local/lib/python3.12/site-packages/airflow/example_dags/example_external_task_marker_dag.py
[2025-04-06T07:20:40.057+0000] {processor.py:925} INFO - DAG(s) 'example_external_task_marker_child', 'example_external_task_marker_parent' retrieved from /home/airflow/.local/lib/python3.12/site-packages/airflow/example_dags/example_external_task_marker_dag.py
[2025-04-06T07:20:40.104+0000] {logging_mixin.py:190} INFO - [2025-04-06T07:20:40.104+0000] {dag.py:3239} INFO - Sync 2 DAGs
[2025-04-06T07:20:40.131+0000] {logging_mixin.py:190} INFO - [2025-04-06T07:20:40.130+0000] {dag.py:4180} INFO - Setting next_dagrun for example_external_task_marker_child to None, run_after=None
[2025-04-06T07:20:40.137+0000] {logging_mixin.py:190} INFO - [2025-04-06T07:20:40.136+0000] {dag.py:4180} INFO - Setting next_dagrun for example_external_task_marker_parent to None, run_after=None
[2025-04-06T07:20:40.166+0000] {processor.py:208} INFO - Processing /home/airflow/.local/lib/python3.12/site-packages/airflow/example_dags/example_external_task_marker_dag.py took 0.151 seconds
[2025-04-06T07:21:10.557+0000] {processor.py:186} INFO - Started process (PID=874) to work on /home/airflow/.local/lib/python3.12/site-packages/airflow/example_dags/example_external_task_marker_dag.py
[2025-04-06T07:21:10.558+0000] {processor.py:914} INFO - Processing file /home/airflow/.local/lib/python3.12/site-packages/airflow/example_dags/example_external_task_marker_dag.py for tasks to queue
[2025-04-06T07:21:10.564+0000] {logging_mixin.py:190} INFO - [2025-04-06T07:21:10.563+0000] {dagbag.py:588} INFO - Filling up the DagBag from /home/airflow/.local/lib/python3.12/site-packages/airflow/example_dags/example_external_task_marker_dag.py
[2025-04-06T07:21:10.573+0000] {processor.py:925} INFO - DAG(s) 'example_external_task_marker_child', 'example_external_task_marker_parent' retrieved from /home/airflow/.local/lib/python3.12/site-packages/airflow/example_dags/example_external_task_marker_dag.py
[2025-04-06T07:21:10.599+0000] {logging_mixin.py:190} INFO - [2025-04-06T07:21:10.599+0000] {dag.py:3239} INFO - Sync 2 DAGs
[2025-04-06T07:21:10.618+0000] {logging_mixin.py:190} INFO - [2025-04-06T07:21:10.617+0000] {dag.py:4180} INFO - Setting next_dagrun for example_external_task_marker_child to None, run_after=None
[2025-04-06T07:21:10.622+0000] {logging_mixin.py:190} INFO - [2025-04-06T07:21:10.622+0000] {dag.py:4180} INFO - Setting next_dagrun for example_external_task_marker_parent to None, run_after=None
[2025-04-06T07:21:10.645+0000] {processor.py:208} INFO - Processing /home/airflow/.local/lib/python3.12/site-packages/airflow/example_dags/example_external_task_marker_dag.py took 0.097 seconds
[2025-04-06T07:21:41.717+0000] {processor.py:186} INFO - Started process (PID=937) to work on /home/airflow/.local/lib/python3.12/site-packages/airflow/example_dags/example_external_task_marker_dag.py
[2025-04-06T07:21:41.718+0000] {processor.py:914} INFO - Processing file /home/airflow/.local/lib/python3.12/site-packages/airflow/example_dags/example_external_task_marker_dag.py for tasks to queue
[2025-04-06T07:21:41.720+0000] {logging_mixin.py:190} INFO - [2025-04-06T07:21:41.720+0000] {dagbag.py:588} INFO - Filling up the DagBag from /home/airflow/.local/lib/python3.12/site-packages/airflow/example_dags/example_external_task_marker_dag.py
[2025-04-06T07:21:41.726+0000] {processor.py:925} INFO - DAG(s) 'example_external_task_marker_parent', 'example_external_task_marker_child' retrieved from /home/airflow/.local/lib/python3.12/site-packages/airflow/example_dags/example_external_task_marker_dag.py
[2025-04-06T07:21:41.745+0000] {logging_mixin.py:190} INFO - [2025-04-06T07:21:41.744+0000] {dag.py:3239} INFO - Sync 2 DAGs
[2025-04-06T07:21:41.756+0000] {logging_mixin.py:190} INFO - [2025-04-06T07:21:41.756+0000] {dag.py:4180} INFO - Setting next_dagrun for example_external_task_marker_child to None, run_after=None
[2025-04-06T07:21:41.760+0000] {logging_mixin.py:190} INFO - [2025-04-06T07:21:41.760+0000] {dag.py:4180} INFO - Setting next_dagrun for example_external_task_marker_parent to None, run_after=None
[2025-04-06T07:21:41.774+0000] {processor.py:208} INFO - Processing /home/airflow/.local/lib/python3.12/site-packages/airflow/example_dags/example_external_task_marker_dag.py took 0.061 seconds
[2025-04-06T07:22:13.279+0000] {processor.py:186} INFO - Started process (PID=1000) to work on /home/airflow/.local/lib/python3.12/site-packages/airflow/example_dags/example_external_task_marker_dag.py
[2025-04-06T07:22:13.280+0000] {processor.py:914} INFO - Processing file /home/airflow/.local/lib/python3.12/site-packages/airflow/example_dags/example_external_task_marker_dag.py for tasks to queue
[2025-04-06T07:22:13.283+0000] {logging_mixin.py:190} INFO - [2025-04-06T07:22:13.282+0000] {dagbag.py:588} INFO - Filling up the DagBag from /home/airflow/.local/lib/python3.12/site-packages/airflow/example_dags/example_external_task_marker_dag.py
[2025-04-06T07:22:13.291+0000] {processor.py:925} INFO - DAG(s) 'example_external_task_marker_parent', 'example_external_task_marker_child' retrieved from /home/airflow/.local/lib/python3.12/site-packages/airflow/example_dags/example_external_task_marker_dag.py
[2025-04-06T07:22:13.312+0000] {logging_mixin.py:190} INFO - [2025-04-06T07:22:13.312+0000] {dag.py:3239} INFO - Sync 2 DAGs
[2025-04-06T07:22:13.325+0000] {logging_mixin.py:190} INFO - [2025-04-06T07:22:13.325+0000] {dag.py:4180} INFO - Setting next_dagrun for example_external_task_marker_child to None, run_after=None
[2025-04-06T07:22:13.330+0000] {logging_mixin.py:190} INFO - [2025-04-06T07:22:13.329+0000] {dag.py:4180} INFO - Setting next_dagrun for example_external_task_marker_parent to None, run_after=None
[2025-04-06T07:22:13.347+0000] {processor.py:208} INFO - Processing /home/airflow/.local/lib/python3.12/site-packages/airflow/example_dags/example_external_task_marker_dag.py took 0.074 seconds
[2025-04-06T07:22:44.583+0000] {processor.py:186} INFO - Started process (PID=1063) to work on /home/airflow/.local/lib/python3.12/site-packages/airflow/example_dags/example_external_task_marker_dag.py
[2025-04-06T07:22:44.584+0000] {processor.py:914} INFO - Processing file /home/airflow/.local/lib/python3.12/site-packages/airflow/example_dags/example_external_task_marker_dag.py for tasks to queue
[2025-04-06T07:22:44.586+0000] {logging_mixin.py:190} INFO - [2025-04-06T07:22:44.586+0000] {dagbag.py:588} INFO - Filling up the DagBag from /home/airflow/.local/lib/python3.12/site-packages/airflow/example_dags/example_external_task_marker_dag.py
[2025-04-06T07:22:44.593+0000] {processor.py:925} INFO - DAG(s) 'example_external_task_marker_parent', 'example_external_task_marker_child' retrieved from /home/airflow/.local/lib/python3.12/site-packages/airflow/example_dags/example_external_task_marker_dag.py
[2025-04-06T07:22:44.611+0000] {logging_mixin.py:190} INFO - [2025-04-06T07:22:44.611+0000] {dag.py:3239} INFO - Sync 2 DAGs
[2025-04-06T07:22:44.623+0000] {logging_mixin.py:190} INFO - [2025-04-06T07:22:44.623+0000] {dag.py:4180} INFO - Setting next_dagrun for example_external_task_marker_child to None, run_after=None
[2025-04-06T07:22:44.627+0000] {logging_mixin.py:190} INFO - [2025-04-06T07:22:44.627+0000] {dag.py:4180} INFO - Setting next_dagrun for example_external_task_marker_parent to None, run_after=None
[2025-04-06T07:22:44.641+0000] {processor.py:208} INFO - Processing /home/airflow/.local/lib/python3.12/site-packages/airflow/example_dags/example_external_task_marker_dag.py took 0.062 seconds
[2025-04-06T07:23:15.403+0000] {processor.py:186} INFO - Started process (PID=1126) to work on /home/airflow/.local/lib/python3.12/site-packages/airflow/example_dags/example_external_task_marker_dag.py
[2025-04-06T07:23:15.404+0000] {processor.py:914} INFO - Processing file /home/airflow/.local/lib/python3.12/site-packages/airflow/example_dags/example_external_task_marker_dag.py for tasks to queue
[2025-04-06T07:23:15.406+0000] {logging_mixin.py:190} INFO - [2025-04-06T07:23:15.406+0000] {dagbag.py:588} INFO - Filling up the DagBag from /home/airflow/.local/lib/python3.12/site-packages/airflow/example_dags/example_external_task_marker_dag.py
[2025-04-06T07:23:15.415+0000] {processor.py:925} INFO - DAG(s) 'example_external_task_marker_child', 'example_external_task_marker_parent' retrieved from /home/airflow/.local/lib/python3.12/site-packages/airflow/example_dags/example_external_task_marker_dag.py
[2025-04-06T07:23:15.437+0000] {logging_mixin.py:190} INFO - [2025-04-06T07:23:15.437+0000] {dag.py:3239} INFO - Sync 2 DAGs
[2025-04-06T07:23:15.453+0000] {logging_mixin.py:190} INFO - [2025-04-06T07:23:15.453+0000] {dag.py:4180} INFO - Setting next_dagrun for example_external_task_marker_child to None, run_after=None
[2025-04-06T07:23:15.458+0000] {logging_mixin.py:190} INFO - [2025-04-06T07:23:15.457+0000] {dag.py:4180} INFO - Setting next_dagrun for example_external_task_marker_parent to None, run_after=None
[2025-04-06T07:23:15.478+0000] {processor.py:208} INFO - Processing /home/airflow/.local/lib/python3.12/site-packages/airflow/example_dags/example_external_task_marker_dag.py took 0.080 seconds
[2025-04-06T07:23:45.690+0000] {processor.py:186} INFO - Started process (PID=1188) to work on /home/airflow/.local/lib/python3.12/site-packages/airflow/example_dags/example_external_task_marker_dag.py
[2025-04-06T07:23:45.692+0000] {processor.py:914} INFO - Processing file /home/airflow/.local/lib/python3.12/site-packages/airflow/example_dags/example_external_task_marker_dag.py for tasks to queue
[2025-04-06T07:23:45.694+0000] {logging_mixin.py:190} INFO - [2025-04-06T07:23:45.694+0000] {dagbag.py:588} INFO - Filling up the DagBag from /home/airflow/.local/lib/python3.12/site-packages/airflow/example_dags/example_external_task_marker_dag.py
[2025-04-06T07:23:45.701+0000] {processor.py:925} INFO - DAG(s) 'example_external_task_marker_child', 'example_external_task_marker_parent' retrieved from /home/airflow/.local/lib/python3.12/site-packages/airflow/example_dags/example_external_task_marker_dag.py
[2025-04-06T07:23:45.723+0000] {logging_mixin.py:190} INFO - [2025-04-06T07:23:45.723+0000] {dag.py:3239} INFO - Sync 2 DAGs
[2025-04-06T07:23:45.741+0000] {logging_mixin.py:190} INFO - [2025-04-06T07:23:45.741+0000] {dag.py:4180} INFO - Setting next_dagrun for example_external_task_marker_child to None, run_after=None
[2025-04-06T07:23:45.745+0000] {logging_mixin.py:190} INFO - [2025-04-06T07:23:45.745+0000] {dag.py:4180} INFO - Setting next_dagrun for example_external_task_marker_parent to None, run_after=None
[2025-04-06T07:23:45.763+0000] {processor.py:208} INFO - Processing /home/airflow/.local/lib/python3.12/site-packages/airflow/example_dags/example_external_task_marker_dag.py took 0.078 seconds
[2025-04-06T07:24:15.876+0000] {processor.py:186} INFO - Started process (PID=1250) to work on /home/airflow/.local/lib/python3.12/site-packages/airflow/example_dags/example_external_task_marker_dag.py
[2025-04-06T07:24:15.877+0000] {processor.py:914} INFO - Processing file /home/airflow/.local/lib/python3.12/site-packages/airflow/example_dags/example_external_task_marker_dag.py for tasks to queue
[2025-04-06T07:24:15.879+0000] {logging_mixin.py:190} INFO - [2025-04-06T07:24:15.879+0000] {dagbag.py:588} INFO - Filling up the DagBag from /home/airflow/.local/lib/python3.12/site-packages/airflow/example_dags/example_external_task_marker_dag.py
[2025-04-06T07:24:15.885+0000] {processor.py:925} INFO - DAG(s) 'example_external_task_marker_parent', 'example_external_task_marker_child' retrieved from /home/airflow/.local/lib/python3.12/site-packages/airflow/example_dags/example_external_task_marker_dag.py
[2025-04-06T07:24:15.902+0000] {logging_mixin.py:190} INFO - [2025-04-06T07:24:15.902+0000] {dag.py:3239} INFO - Sync 2 DAGs
[2025-04-06T07:24:15.914+0000] {logging_mixin.py:190} INFO - [2025-04-06T07:24:15.914+0000] {dag.py:4180} INFO - Setting next_dagrun for example_external_task_marker_child to None, run_after=None
[2025-04-06T07:24:15.917+0000] {logging_mixin.py:190} INFO - [2025-04-06T07:24:15.917+0000] {dag.py:4180} INFO - Setting next_dagrun for example_external_task_marker_parent to None, run_after=None
[2025-04-06T07:24:15.932+0000] {processor.py:208} INFO - Processing /home/airflow/.local/lib/python3.12/site-packages/airflow/example_dags/example_external_task_marker_dag.py took 0.061 seconds
[2025-04-06T07:24:46.231+0000] {processor.py:186} INFO - Started process (PID=1314) to work on /home/airflow/.local/lib/python3.12/site-packages/airflow/example_dags/example_external_task_marker_dag.py
[2025-04-06T07:24:46.232+0000] {processor.py:914} INFO - Processing file /home/airflow/.local/lib/python3.12/site-packages/airflow/example_dags/example_external_task_marker_dag.py for tasks to queue
[2025-04-06T07:24:46.234+0000] {logging_mixin.py:190} INFO - [2025-04-06T07:24:46.233+0000] {dagbag.py:588} INFO - Filling up the DagBag from /home/airflow/.local/lib/python3.12/site-packages/airflow/example_dags/example_external_task_marker_dag.py
[2025-04-06T07:24:46.241+0000] {processor.py:925} INFO - DAG(s) 'example_external_task_marker_child', 'example_external_task_marker_parent' retrieved from /home/airflow/.local/lib/python3.12/site-packages/airflow/example_dags/example_external_task_marker_dag.py
[2025-04-06T07:24:46.260+0000] {logging_mixin.py:190} INFO - [2025-04-06T07:24:46.260+0000] {dag.py:3239} INFO - Sync 2 DAGs
[2025-04-06T07:24:46.274+0000] {logging_mixin.py:190} INFO - [2025-04-06T07:24:46.274+0000] {dag.py:4180} INFO - Setting next_dagrun for example_external_task_marker_child to None, run_after=None
[2025-04-06T07:24:46.277+0000] {logging_mixin.py:190} INFO - [2025-04-06T07:24:46.277+0000] {dag.py:4180} INFO - Setting next_dagrun for example_external_task_marker_parent to None, run_after=None
[2025-04-06T07:24:46.292+0000] {processor.py:208} INFO - Processing /home/airflow/.local/lib/python3.12/site-packages/airflow/example_dags/example_external_task_marker_dag.py took 0.067 seconds
[2025-04-06T07:25:16.442+0000] {processor.py:186} INFO - Started process (PID=1378) to work on /home/airflow/.local/lib/python3.12/site-packages/airflow/example_dags/example_external_task_marker_dag.py
[2025-04-06T07:25:16.443+0000] {processor.py:914} INFO - Processing file /home/airflow/.local/lib/python3.12/site-packages/airflow/example_dags/example_external_task_marker_dag.py for tasks to queue
[2025-04-06T07:25:16.446+0000] {logging_mixin.py:190} INFO - [2025-04-06T07:25:16.445+0000] {dagbag.py:588} INFO - Filling up the DagBag from /home/airflow/.local/lib/python3.12/site-packages/airflow/example_dags/example_external_task_marker_dag.py
[2025-04-06T07:25:16.453+0000] {processor.py:925} INFO - DAG(s) 'example_external_task_marker_child', 'example_external_task_marker_parent' retrieved from /home/airflow/.local/lib/python3.12/site-packages/airflow/example_dags/example_external_task_marker_dag.py
[2025-04-06T07:25:16.476+0000] {logging_mixin.py:190} INFO - [2025-04-06T07:25:16.476+0000] {dag.py:3239} INFO - Sync 2 DAGs
[2025-04-06T07:25:16.492+0000] {logging_mixin.py:190} INFO - [2025-04-06T07:25:16.491+0000] {dag.py:4180} INFO - Setting next_dagrun for example_external_task_marker_child to None, run_after=None
[2025-04-06T07:25:16.496+0000] {logging_mixin.py:190} INFO - [2025-04-06T07:25:16.496+0000] {dag.py:4180} INFO - Setting next_dagrun for example_external_task_marker_parent to None, run_after=None
[2025-04-06T07:25:16.516+0000] {processor.py:208} INFO - Processing /home/airflow/.local/lib/python3.12/site-packages/airflow/example_dags/example_external_task_marker_dag.py took 0.080 seconds
[2025-04-06T07:25:46.914+0000] {processor.py:186} INFO - Started process (PID=1443) to work on /home/airflow/.local/lib/python3.12/site-packages/airflow/example_dags/example_external_task_marker_dag.py
[2025-04-06T07:25:46.915+0000] {processor.py:914} INFO - Processing file /home/airflow/.local/lib/python3.12/site-packages/airflow/example_dags/example_external_task_marker_dag.py for tasks to queue
[2025-04-06T07:25:46.917+0000] {logging_mixin.py:190} INFO - [2025-04-06T07:25:46.917+0000] {dagbag.py:588} INFO - Filling up the DagBag from /home/airflow/.local/lib/python3.12/site-packages/airflow/example_dags/example_external_task_marker_dag.py
[2025-04-06T07:25:46.924+0000] {processor.py:925} INFO - DAG(s) 'example_external_task_marker_parent', 'example_external_task_marker_child' retrieved from /home/airflow/.local/lib/python3.12/site-packages/airflow/example_dags/example_external_task_marker_dag.py
[2025-04-06T07:25:46.943+0000] {logging_mixin.py:190} INFO - [2025-04-06T07:25:46.943+0000] {dag.py:3239} INFO - Sync 2 DAGs
[2025-04-06T07:25:46.957+0000] {logging_mixin.py:190} INFO - [2025-04-06T07:25:46.957+0000] {dag.py:4180} INFO - Setting next_dagrun for example_external_task_marker_child to None, run_after=None
[2025-04-06T07:25:46.963+0000] {logging_mixin.py:190} INFO - [2025-04-06T07:25:46.963+0000] {dag.py:4180} INFO - Setting next_dagrun for example_external_task_marker_parent to None, run_after=None
[2025-04-06T07:25:47.001+0000] {processor.py:208} INFO - Processing /home/airflow/.local/lib/python3.12/site-packages/airflow/example_dags/example_external_task_marker_dag.py took 0.092 seconds
[2025-04-06T07:26:17.454+0000] {processor.py:186} INFO - Started process (PID=1507) to work on /home/airflow/.local/lib/python3.12/site-packages/airflow/example_dags/example_external_task_marker_dag.py
[2025-04-06T07:26:17.455+0000] {processor.py:914} INFO - Processing file /home/airflow/.local/lib/python3.12/site-packages/airflow/example_dags/example_external_task_marker_dag.py for tasks to queue
[2025-04-06T07:26:17.458+0000] {logging_mixin.py:190} INFO - [2025-04-06T07:26:17.458+0000] {dagbag.py:588} INFO - Filling up the DagBag from /home/airflow/.local/lib/python3.12/site-packages/airflow/example_dags/example_external_task_marker_dag.py
[2025-04-06T07:26:17.466+0000] {processor.py:925} INFO - DAG(s) 'example_external_task_marker_child', 'example_external_task_marker_parent' retrieved from /home/airflow/.local/lib/python3.12/site-packages/airflow/example_dags/example_external_task_marker_dag.py
[2025-04-06T07:26:17.489+0000] {logging_mixin.py:190} INFO - [2025-04-06T07:26:17.489+0000] {dag.py:3239} INFO - Sync 2 DAGs
[2025-04-06T07:26:17.503+0000] {logging_mixin.py:190} INFO - [2025-04-06T07:26:17.502+0000] {dag.py:4180} INFO - Setting next_dagrun for example_external_task_marker_child to None, run_after=None
[2025-04-06T07:26:17.507+0000] {logging_mixin.py:190} INFO - [2025-04-06T07:26:17.506+0000] {dag.py:4180} INFO - Setting next_dagrun for example_external_task_marker_parent to None, run_after=None
[2025-04-06T07:26:17.527+0000] {processor.py:208} INFO - Processing /home/airflow/.local/lib/python3.12/site-packages/airflow/example_dags/example_external_task_marker_dag.py took 0.079 seconds
[2025-04-06T07:26:47.782+0000] {processor.py:186} INFO - Started process (PID=1571) to work on /home/airflow/.local/lib/python3.12/site-packages/airflow/example_dags/example_external_task_marker_dag.py
[2025-04-06T07:26:47.783+0000] {processor.py:914} INFO - Processing file /home/airflow/.local/lib/python3.12/site-packages/airflow/example_dags/example_external_task_marker_dag.py for tasks to queue
[2025-04-06T07:26:47.785+0000] {logging_mixin.py:190} INFO - [2025-04-06T07:26:47.785+0000] {dagbag.py:588} INFO - Filling up the DagBag from /home/airflow/.local/lib/python3.12/site-packages/airflow/example_dags/example_external_task_marker_dag.py
[2025-04-06T07:26:47.795+0000] {processor.py:925} INFO - DAG(s) 'example_external_task_marker_parent', 'example_external_task_marker_child' retrieved from /home/airflow/.local/lib/python3.12/site-packages/airflow/example_dags/example_external_task_marker_dag.py
[2025-04-06T07:26:47.815+0000] {logging_mixin.py:190} INFO - [2025-04-06T07:26:47.815+0000] {dag.py:3239} INFO - Sync 2 DAGs
[2025-04-06T07:26:47.830+0000] {logging_mixin.py:190} INFO - [2025-04-06T07:26:47.830+0000] {dag.py:4180} INFO - Setting next_dagrun for example_external_task_marker_child to None, run_after=None
[2025-04-06T07:26:47.834+0000] {logging_mixin.py:190} INFO - [2025-04-06T07:26:47.834+0000] {dag.py:4180} INFO - Setting next_dagrun for example_external_task_marker_parent to None, run_after=None
[2025-04-06T07:26:47.851+0000] {processor.py:208} INFO - Processing /home/airflow/.local/lib/python3.12/site-packages/airflow/example_dags/example_external_task_marker_dag.py took 0.074 seconds
[2025-04-06T07:27:18.634+0000] {processor.py:186} INFO - Started process (PID=1637) to work on /home/airflow/.local/lib/python3.12/site-packages/airflow/example_dags/example_external_task_marker_dag.py
[2025-04-06T07:27:18.635+0000] {processor.py:914} INFO - Processing file /home/airflow/.local/lib/python3.12/site-packages/airflow/example_dags/example_external_task_marker_dag.py for tasks to queue
[2025-04-06T07:27:18.639+0000] {logging_mixin.py:190} INFO - [2025-04-06T07:27:18.639+0000] {dagbag.py:588} INFO - Filling up the DagBag from /home/airflow/.local/lib/python3.12/site-packages/airflow/example_dags/example_external_task_marker_dag.py
[2025-04-06T07:27:18.651+0000] {processor.py:925} INFO - DAG(s) 'example_external_task_marker_child', 'example_external_task_marker_parent' retrieved from /home/airflow/.local/lib/python3.12/site-packages/airflow/example_dags/example_external_task_marker_dag.py
[2025-04-06T07:27:18.680+0000] {logging_mixin.py:190} INFO - [2025-04-06T07:27:18.680+0000] {dag.py:3239} INFO - Sync 2 DAGs
[2025-04-06T07:27:18.709+0000] {logging_mixin.py:190} INFO - [2025-04-06T07:27:18.709+0000] {dag.py:4180} INFO - Setting next_dagrun for example_external_task_marker_child to None, run_after=None
[2025-04-06T07:27:18.715+0000] {logging_mixin.py:190} INFO - [2025-04-06T07:27:18.715+0000] {dag.py:4180} INFO - Setting next_dagrun for example_external_task_marker_parent to None, run_after=None
[2025-04-06T07:27:18.744+0000] {processor.py:208} INFO - Processing /home/airflow/.local/lib/python3.12/site-packages/airflow/example_dags/example_external_task_marker_dag.py took 0.118 seconds
[2025-04-06T07:27:48.851+0000] {processor.py:186} INFO - Started process (PID=1701) to work on /home/airflow/.local/lib/python3.12/site-packages/airflow/example_dags/example_external_task_marker_dag.py
[2025-04-06T07:27:48.854+0000] {processor.py:914} INFO - Processing file /home/airflow/.local/lib/python3.12/site-packages/airflow/example_dags/example_external_task_marker_dag.py for tasks to queue
[2025-04-06T07:27:48.857+0000] {logging_mixin.py:190} INFO - [2025-04-06T07:27:48.857+0000] {dagbag.py:588} INFO - Filling up the DagBag from /home/airflow/.local/lib/python3.12/site-packages/airflow/example_dags/example_external_task_marker_dag.py
[2025-04-06T07:27:48.865+0000] {processor.py:925} INFO - DAG(s) 'example_external_task_marker_parent', 'example_external_task_marker_child' retrieved from /home/airflow/.local/lib/python3.12/site-packages/airflow/example_dags/example_external_task_marker_dag.py
[2025-04-06T07:27:48.890+0000] {logging_mixin.py:190} INFO - [2025-04-06T07:27:48.890+0000] {dag.py:3239} INFO - Sync 2 DAGs
[2025-04-06T07:27:48.904+0000] {logging_mixin.py:190} INFO - [2025-04-06T07:27:48.904+0000] {dag.py:4180} INFO - Setting next_dagrun for example_external_task_marker_child to None, run_after=None
[2025-04-06T07:27:48.908+0000] {logging_mixin.py:190} INFO - [2025-04-06T07:27:48.908+0000] {dag.py:4180} INFO - Setting next_dagrun for example_external_task_marker_parent to None, run_after=None
[2025-04-06T07:27:48.926+0000] {processor.py:208} INFO - Processing /home/airflow/.local/lib/python3.12/site-packages/airflow/example_dags/example_external_task_marker_dag.py took 0.082 seconds
[2025-04-06T07:28:19.070+0000] {processor.py:186} INFO - Started process (PID=1765) to work on /home/airflow/.local/lib/python3.12/site-packages/airflow/example_dags/example_external_task_marker_dag.py
[2025-04-06T07:28:19.071+0000] {processor.py:914} INFO - Processing file /home/airflow/.local/lib/python3.12/site-packages/airflow/example_dags/example_external_task_marker_dag.py for tasks to queue
[2025-04-06T07:28:19.073+0000] {logging_mixin.py:190} INFO - [2025-04-06T07:28:19.073+0000] {dagbag.py:588} INFO - Filling up the DagBag from /home/airflow/.local/lib/python3.12/site-packages/airflow/example_dags/example_external_task_marker_dag.py
[2025-04-06T07:28:19.079+0000] {processor.py:925} INFO - DAG(s) 'example_external_task_marker_child', 'example_external_task_marker_parent' retrieved from /home/airflow/.local/lib/python3.12/site-packages/airflow/example_dags/example_external_task_marker_dag.py
[2025-04-06T07:28:19.096+0000] {logging_mixin.py:190} INFO - [2025-04-06T07:28:19.096+0000] {dag.py:3239} INFO - Sync 2 DAGs
[2025-04-06T07:28:19.110+0000] {logging_mixin.py:190} INFO - [2025-04-06T07:28:19.109+0000] {dag.py:4180} INFO - Setting next_dagrun for example_external_task_marker_child to None, run_after=None
[2025-04-06T07:28:19.113+0000] {logging_mixin.py:190} INFO - [2025-04-06T07:28:19.113+0000] {dag.py:4180} INFO - Setting next_dagrun for example_external_task_marker_parent to None, run_after=None
[2025-04-06T07:28:19.130+0000] {processor.py:208} INFO - Processing /home/airflow/.local/lib/python3.12/site-packages/airflow/example_dags/example_external_task_marker_dag.py took 0.065 seconds
[2025-04-06T07:28:49.374+0000] {processor.py:186} INFO - Started process (PID=1829) to work on /home/airflow/.local/lib/python3.12/site-packages/airflow/example_dags/example_external_task_marker_dag.py
[2025-04-06T07:28:49.375+0000] {processor.py:914} INFO - Processing file /home/airflow/.local/lib/python3.12/site-packages/airflow/example_dags/example_external_task_marker_dag.py for tasks to queue
[2025-04-06T07:28:49.379+0000] {logging_mixin.py:190} INFO - [2025-04-06T07:28:49.378+0000] {dagbag.py:588} INFO - Filling up the DagBag from /home/airflow/.local/lib/python3.12/site-packages/airflow/example_dags/example_external_task_marker_dag.py
[2025-04-06T07:28:49.392+0000] {processor.py:925} INFO - DAG(s) 'example_external_task_marker_child', 'example_external_task_marker_parent' retrieved from /home/airflow/.local/lib/python3.12/site-packages/airflow/example_dags/example_external_task_marker_dag.py
[2025-04-06T07:28:49.422+0000] {logging_mixin.py:190} INFO - [2025-04-06T07:28:49.421+0000] {dag.py:3239} INFO - Sync 2 DAGs
[2025-04-06T07:28:49.460+0000] {logging_mixin.py:190} INFO - [2025-04-06T07:28:49.459+0000] {dag.py:4180} INFO - Setting next_dagrun for example_external_task_marker_child to None, run_after=None
[2025-04-06T07:28:49.465+0000] {logging_mixin.py:190} INFO - [2025-04-06T07:28:49.465+0000] {dag.py:4180} INFO - Setting next_dagrun for example_external_task_marker_parent to None, run_after=None
[2025-04-06T07:28:49.491+0000] {processor.py:208} INFO - Processing /home/airflow/.local/lib/python3.12/site-packages/airflow/example_dags/example_external_task_marker_dag.py took 0.127 seconds
[2025-04-06T07:29:19.606+0000] {processor.py:186} INFO - Started process (PID=1893) to work on /home/airflow/.local/lib/python3.12/site-packages/airflow/example_dags/example_external_task_marker_dag.py
[2025-04-06T07:29:19.607+0000] {processor.py:914} INFO - Processing file /home/airflow/.local/lib/python3.12/site-packages/airflow/example_dags/example_external_task_marker_dag.py for tasks to queue
[2025-04-06T07:29:19.609+0000] {logging_mixin.py:190} INFO - [2025-04-06T07:29:19.609+0000] {dagbag.py:588} INFO - Filling up the DagBag from /home/airflow/.local/lib/python3.12/site-packages/airflow/example_dags/example_external_task_marker_dag.py
[2025-04-06T07:29:19.616+0000] {processor.py:925} INFO - DAG(s) 'example_external_task_marker_parent', 'example_external_task_marker_child' retrieved from /home/airflow/.local/lib/python3.12/site-packages/airflow/example_dags/example_external_task_marker_dag.py
[2025-04-06T07:29:19.633+0000] {logging_mixin.py:190} INFO - [2025-04-06T07:29:19.632+0000] {dag.py:3239} INFO - Sync 2 DAGs
[2025-04-06T07:29:19.643+0000] {logging_mixin.py:190} INFO - [2025-04-06T07:29:19.643+0000] {dag.py:4180} INFO - Setting next_dagrun for example_external_task_marker_child to None, run_after=None
[2025-04-06T07:29:19.646+0000] {logging_mixin.py:190} INFO - [2025-04-06T07:29:19.646+0000] {dag.py:4180} INFO - Setting next_dagrun for example_external_task_marker_parent to None, run_after=None
[2025-04-06T07:29:19.660+0000] {processor.py:208} INFO - Processing /home/airflow/.local/lib/python3.12/site-packages/airflow/example_dags/example_external_task_marker_dag.py took 0.059 seconds
[2025-04-06T07:29:49.904+0000] {processor.py:186} INFO - Started process (PID=1957) to work on /home/airflow/.local/lib/python3.12/site-packages/airflow/example_dags/example_external_task_marker_dag.py
[2025-04-06T07:29:49.905+0000] {processor.py:914} INFO - Processing file /home/airflow/.local/lib/python3.12/site-packages/airflow/example_dags/example_external_task_marker_dag.py for tasks to queue
[2025-04-06T07:29:49.907+0000] {logging_mixin.py:190} INFO - [2025-04-06T07:29:49.906+0000] {dagbag.py:588} INFO - Filling up the DagBag from /home/airflow/.local/lib/python3.12/site-packages/airflow/example_dags/example_external_task_marker_dag.py
[2025-04-06T07:29:49.914+0000] {processor.py:925} INFO - DAG(s) 'example_external_task_marker_child', 'example_external_task_marker_parent' retrieved from /home/airflow/.local/lib/python3.12/site-packages/airflow/example_dags/example_external_task_marker_dag.py
[2025-04-06T07:29:49.930+0000] {logging_mixin.py:190} INFO - [2025-04-06T07:29:49.930+0000] {dag.py:3239} INFO - Sync 2 DAGs
[2025-04-06T07:29:49.941+0000] {logging_mixin.py:190} INFO - [2025-04-06T07:29:49.941+0000] {dag.py:4180} INFO - Setting next_dagrun for example_external_task_marker_child to None, run_after=None
[2025-04-06T07:29:49.944+0000] {logging_mixin.py:190} INFO - [2025-04-06T07:29:49.944+0000] {dag.py:4180} INFO - Setting next_dagrun for example_external_task_marker_parent to None, run_after=None
[2025-04-06T07:29:50.092+0000] {processor.py:208} INFO - Processing /home/airflow/.local/lib/python3.12/site-packages/airflow/example_dags/example_external_task_marker_dag.py took 0.193 seconds
[2025-04-06T07:30:20.174+0000] {processor.py:186} INFO - Started process (PID=2021) to work on /home/airflow/.local/lib/python3.12/site-packages/airflow/example_dags/example_external_task_marker_dag.py
[2025-04-06T07:30:20.175+0000] {processor.py:914} INFO - Processing file /home/airflow/.local/lib/python3.12/site-packages/airflow/example_dags/example_external_task_marker_dag.py for tasks to queue
[2025-04-06T07:30:20.177+0000] {logging_mixin.py:190} INFO - [2025-04-06T07:30:20.177+0000] {dagbag.py:588} INFO - Filling up the DagBag from /home/airflow/.local/lib/python3.12/site-packages/airflow/example_dags/example_external_task_marker_dag.py
[2025-04-06T07:30:20.183+0000] {processor.py:925} INFO - DAG(s) 'example_external_task_marker_parent', 'example_external_task_marker_child' retrieved from /home/airflow/.local/lib/python3.12/site-packages/airflow/example_dags/example_external_task_marker_dag.py
[2025-04-06T07:30:20.200+0000] {logging_mixin.py:190} INFO - [2025-04-06T07:30:20.199+0000] {dag.py:3239} INFO - Sync 2 DAGs
[2025-04-06T07:30:20.210+0000] {logging_mixin.py:190} INFO - [2025-04-06T07:30:20.210+0000] {dag.py:4180} INFO - Setting next_dagrun for example_external_task_marker_child to None, run_after=None
[2025-04-06T07:30:20.214+0000] {logging_mixin.py:190} INFO - [2025-04-06T07:30:20.214+0000] {dag.py:4180} INFO - Setting next_dagrun for example_external_task_marker_parent to None, run_after=None
[2025-04-06T07:30:20.231+0000] {processor.py:208} INFO - Processing /home/airflow/.local/lib/python3.12/site-packages/airflow/example_dags/example_external_task_marker_dag.py took 0.061 seconds
