[2025-04-06T07:14:45.587+0000] {processor.py:186} INFO - Started process (PID=71) to work on /home/airflow/.local/lib/python3.12/site-packages/airflow/example_dags/example_display_name.py
[2025-04-06T07:14:45.601+0000] {processor.py:914} INFO - Processing file /home/airflow/.local/lib/python3.12/site-packages/airflow/example_dags/example_display_name.py for tasks to queue
[2025-04-06T07:14:45.615+0000] {logging_mixin.py:190} INFO - [2025-04-06T07:14:45.614+0000] {dagbag.py:588} INFO - Filling up the DagBag from /home/airflow/.local/lib/python3.12/site-packages/airflow/example_dags/example_display_name.py
[2025-04-06T07:14:45.736+0000] {processor.py:925} INFO - DAG(s) 'example_display_name' retrieved from /home/airflow/.local/lib/python3.12/site-packages/airflow/example_dags/example_display_name.py
[2025-04-06T07:14:46.495+0000] {logging_mixin.py:190} INFO - [2025-04-06T07:14:46.492+0000] {override.py:1912} INFO - Created Permission View: can edit on DAG:example_display_name
[2025-04-06T07:14:46.667+0000] {logging_mixin.py:190} INFO - [2025-04-06T07:14:46.666+0000] {override.py:1912} INFO - Created Permission View: can delete on DAG:example_display_name
[2025-04-06T07:14:47.165+0000] {logging_mixin.py:190} INFO - [2025-04-06T07:14:47.164+0000] {override.py:1912} INFO - Created Permission View: can read on DAG:example_display_name
[2025-04-06T07:14:47.804+0000] {logging_mixin.py:190} INFO - [2025-04-06T07:14:47.803+0000] {override.py:1912} INFO - Created Permission View: can delete on DAG Run:example_display_name
[2025-04-06T07:14:48.116+0000] {logging_mixin.py:190} INFO - [2025-04-06T07:14:48.116+0000] {override.py:1912} INFO - Created Permission View: can create on DAG Run:example_display_name
[2025-04-06T07:14:48.383+0000] {logging_mixin.py:190} INFO - [2025-04-06T07:14:48.383+0000] {override.py:1912} INFO - Created Permission View: can read on DAG Run:example_display_name
[2025-04-06T07:14:48.869+0000] {logging_mixin.py:190} INFO - [2025-04-06T07:14:48.868+0000] {override.py:1912} INFO - Created Permission View: menu access on DAG Run:example_display_name
[2025-04-06T07:14:48.870+0000] {logging_mixin.py:190} INFO - [2025-04-06T07:14:48.870+0000] {dag.py:3239} INFO - Sync 1 DAGs
[2025-04-06T07:14:50.216+0000] {logging_mixin.py:190} INFO - [2025-04-06T07:14:50.215+0000] {dag.py:3262} INFO - Creating ORM DAG for example_display_name
[2025-04-06T07:14:50.217+0000] {logging_mixin.py:190} INFO - [2025-04-06T07:14:50.217+0000] {dag.py:4180} INFO - Setting next_dagrun for example_display_name to None, run_after=None
[2025-04-06T07:14:50.388+0000] {processor.py:208} INFO - Processing /home/airflow/.local/lib/python3.12/site-packages/airflow/example_dags/example_display_name.py took 4.838 seconds
[2025-04-06T07:15:20.743+0000] {processor.py:186} INFO - Started process (PID=134) to work on /home/airflow/.local/lib/python3.12/site-packages/airflow/example_dags/example_display_name.py
[2025-04-06T07:15:20.744+0000] {processor.py:914} INFO - Processing file /home/airflow/.local/lib/python3.12/site-packages/airflow/example_dags/example_display_name.py for tasks to queue
[2025-04-06T07:15:20.745+0000] {logging_mixin.py:190} INFO - [2025-04-06T07:15:20.745+0000] {dagbag.py:588} INFO - Filling up the DagBag from /home/airflow/.local/lib/python3.12/site-packages/airflow/example_dags/example_display_name.py
[2025-04-06T07:15:20.752+0000] {processor.py:925} INFO - DAG(s) 'example_display_name' retrieved from /home/airflow/.local/lib/python3.12/site-packages/airflow/example_dags/example_display_name.py
[2025-04-06T07:15:20.768+0000] {logging_mixin.py:190} INFO - [2025-04-06T07:15:20.768+0000] {dag.py:3239} INFO - Sync 1 DAGs
[2025-04-06T07:15:20.782+0000] {logging_mixin.py:190} INFO - [2025-04-06T07:15:20.782+0000] {dag.py:4180} INFO - Setting next_dagrun for example_display_name to None, run_after=None
[2025-04-06T07:15:20.803+0000] {processor.py:208} INFO - Processing /home/airflow/.local/lib/python3.12/site-packages/airflow/example_dags/example_display_name.py took 0.064 seconds
[2025-04-06T07:15:51.107+0000] {processor.py:186} INFO - Started process (PID=197) to work on /home/airflow/.local/lib/python3.12/site-packages/airflow/example_dags/example_display_name.py
[2025-04-06T07:15:51.109+0000] {processor.py:914} INFO - Processing file /home/airflow/.local/lib/python3.12/site-packages/airflow/example_dags/example_display_name.py for tasks to queue
[2025-04-06T07:15:51.112+0000] {logging_mixin.py:190} INFO - [2025-04-06T07:15:51.112+0000] {dagbag.py:588} INFO - Filling up the DagBag from /home/airflow/.local/lib/python3.12/site-packages/airflow/example_dags/example_display_name.py
[2025-04-06T07:15:51.122+0000] {processor.py:925} INFO - DAG(s) 'example_display_name' retrieved from /home/airflow/.local/lib/python3.12/site-packages/airflow/example_dags/example_display_name.py
[2025-04-06T07:15:51.146+0000] {logging_mixin.py:190} INFO - [2025-04-06T07:15:51.145+0000] {dag.py:3239} INFO - Sync 1 DAGs
[2025-04-06T07:15:51.164+0000] {logging_mixin.py:190} INFO - [2025-04-06T07:15:51.163+0000] {dag.py:4180} INFO - Setting next_dagrun for example_display_name to None, run_after=None
[2025-04-06T07:15:51.193+0000] {processor.py:208} INFO - Processing /home/airflow/.local/lib/python3.12/site-packages/airflow/example_dags/example_display_name.py took 0.093 seconds
[2025-04-06T07:16:21.766+0000] {processor.py:186} INFO - Started process (PID=260) to work on /home/airflow/.local/lib/python3.12/site-packages/airflow/example_dags/example_display_name.py
[2025-04-06T07:16:21.767+0000] {processor.py:914} INFO - Processing file /home/airflow/.local/lib/python3.12/site-packages/airflow/example_dags/example_display_name.py for tasks to queue
[2025-04-06T07:16:21.771+0000] {logging_mixin.py:190} INFO - [2025-04-06T07:16:21.770+0000] {dagbag.py:588} INFO - Filling up the DagBag from /home/airflow/.local/lib/python3.12/site-packages/airflow/example_dags/example_display_name.py
[2025-04-06T07:16:21.781+0000] {processor.py:925} INFO - DAG(s) 'example_display_name' retrieved from /home/airflow/.local/lib/python3.12/site-packages/airflow/example_dags/example_display_name.py
[2025-04-06T07:16:21.807+0000] {logging_mixin.py:190} INFO - [2025-04-06T07:16:21.806+0000] {dag.py:3239} INFO - Sync 1 DAGs
[2025-04-06T07:16:21.826+0000] {logging_mixin.py:190} INFO - [2025-04-06T07:16:21.825+0000] {dag.py:4180} INFO - Setting next_dagrun for example_display_name to None, run_after=None
[2025-04-06T07:16:21.853+0000] {processor.py:208} INFO - Processing /home/airflow/.local/lib/python3.12/site-packages/airflow/example_dags/example_display_name.py took 0.093 seconds
[2025-04-06T07:16:52.660+0000] {processor.py:186} INFO - Started process (PID=323) to work on /home/airflow/.local/lib/python3.12/site-packages/airflow/example_dags/example_display_name.py
[2025-04-06T07:16:52.662+0000] {processor.py:914} INFO - Processing file /home/airflow/.local/lib/python3.12/site-packages/airflow/example_dags/example_display_name.py for tasks to queue
[2025-04-06T07:16:52.665+0000] {logging_mixin.py:190} INFO - [2025-04-06T07:16:52.665+0000] {dagbag.py:588} INFO - Filling up the DagBag from /home/airflow/.local/lib/python3.12/site-packages/airflow/example_dags/example_display_name.py
[2025-04-06T07:16:52.674+0000] {processor.py:925} INFO - DAG(s) 'example_display_name' retrieved from /home/airflow/.local/lib/python3.12/site-packages/airflow/example_dags/example_display_name.py
[2025-04-06T07:16:52.697+0000] {logging_mixin.py:190} INFO - [2025-04-06T07:16:52.697+0000] {dag.py:3239} INFO - Sync 1 DAGs
[2025-04-06T07:16:52.715+0000] {logging_mixin.py:190} INFO - [2025-04-06T07:16:52.715+0000] {dag.py:4180} INFO - Setting next_dagrun for example_display_name to None, run_after=None
[2025-04-06T07:16:52.740+0000] {processor.py:208} INFO - Processing /home/airflow/.local/lib/python3.12/site-packages/airflow/example_dags/example_display_name.py took 0.086 seconds
[2025-04-06T07:17:23.508+0000] {processor.py:186} INFO - Started process (PID=386) to work on /home/airflow/.local/lib/python3.12/site-packages/airflow/example_dags/example_display_name.py
[2025-04-06T07:17:23.509+0000] {processor.py:914} INFO - Processing file /home/airflow/.local/lib/python3.12/site-packages/airflow/example_dags/example_display_name.py for tasks to queue
[2025-04-06T07:17:23.512+0000] {logging_mixin.py:190} INFO - [2025-04-06T07:17:23.512+0000] {dagbag.py:588} INFO - Filling up the DagBag from /home/airflow/.local/lib/python3.12/site-packages/airflow/example_dags/example_display_name.py
[2025-04-06T07:17:23.523+0000] {processor.py:925} INFO - DAG(s) 'example_display_name' retrieved from /home/airflow/.local/lib/python3.12/site-packages/airflow/example_dags/example_display_name.py
[2025-04-06T07:17:23.550+0000] {logging_mixin.py:190} INFO - [2025-04-06T07:17:23.549+0000] {dag.py:3239} INFO - Sync 1 DAGs
[2025-04-06T07:17:23.569+0000] {logging_mixin.py:190} INFO - [2025-04-06T07:17:23.568+0000] {dag.py:4180} INFO - Setting next_dagrun for example_display_name to None, run_after=None
[2025-04-06T07:17:23.598+0000] {processor.py:208} INFO - Processing /home/airflow/.local/lib/python3.12/site-packages/airflow/example_dags/example_display_name.py took 0.099 seconds
[2025-04-06T07:17:54.088+0000] {processor.py:186} INFO - Started process (PID=449) to work on /home/airflow/.local/lib/python3.12/site-packages/airflow/example_dags/example_display_name.py
[2025-04-06T07:17:54.089+0000] {processor.py:914} INFO - Processing file /home/airflow/.local/lib/python3.12/site-packages/airflow/example_dags/example_display_name.py for tasks to queue
[2025-04-06T07:17:54.091+0000] {logging_mixin.py:190} INFO - [2025-04-06T07:17:54.091+0000] {dagbag.py:588} INFO - Filling up the DagBag from /home/airflow/.local/lib/python3.12/site-packages/airflow/example_dags/example_display_name.py
[2025-04-06T07:17:54.099+0000] {processor.py:925} INFO - DAG(s) 'example_display_name' retrieved from /home/airflow/.local/lib/python3.12/site-packages/airflow/example_dags/example_display_name.py
[2025-04-06T07:17:54.117+0000] {logging_mixin.py:190} INFO - [2025-04-06T07:17:54.116+0000] {dag.py:3239} INFO - Sync 1 DAGs
[2025-04-06T07:17:54.131+0000] {logging_mixin.py:190} INFO - [2025-04-06T07:17:54.131+0000] {dag.py:4180} INFO - Setting next_dagrun for example_display_name to None, run_after=None
[2025-04-06T07:17:54.153+0000] {processor.py:208} INFO - Processing /home/airflow/.local/lib/python3.12/site-packages/airflow/example_dags/example_display_name.py took 0.072 seconds
[2025-04-06T07:18:24.364+0000] {processor.py:186} INFO - Started process (PID=512) to work on /home/airflow/.local/lib/python3.12/site-packages/airflow/example_dags/example_display_name.py
[2025-04-06T07:18:24.370+0000] {processor.py:914} INFO - Processing file /home/airflow/.local/lib/python3.12/site-packages/airflow/example_dags/example_display_name.py for tasks to queue
[2025-04-06T07:18:24.376+0000] {logging_mixin.py:190} INFO - [2025-04-06T07:18:24.375+0000] {dagbag.py:588} INFO - Filling up the DagBag from /home/airflow/.local/lib/python3.12/site-packages/airflow/example_dags/example_display_name.py
[2025-04-06T07:18:24.396+0000] {processor.py:925} INFO - DAG(s) 'example_display_name' retrieved from /home/airflow/.local/lib/python3.12/site-packages/airflow/example_dags/example_display_name.py
[2025-04-06T07:18:24.433+0000] {logging_mixin.py:190} INFO - [2025-04-06T07:18:24.433+0000] {dag.py:3239} INFO - Sync 1 DAGs
[2025-04-06T07:18:24.464+0000] {logging_mixin.py:190} INFO - [2025-04-06T07:18:24.463+0000] {dag.py:4180} INFO - Setting next_dagrun for example_display_name to None, run_after=None
[2025-04-06T07:18:24.500+0000] {processor.py:208} INFO - Processing /home/airflow/.local/lib/python3.12/site-packages/airflow/example_dags/example_display_name.py took 0.155 seconds
[2025-04-06T07:18:54.602+0000] {processor.py:186} INFO - Started process (PID=575) to work on /home/airflow/.local/lib/python3.12/site-packages/airflow/example_dags/example_display_name.py
[2025-04-06T07:18:54.603+0000] {processor.py:914} INFO - Processing file /home/airflow/.local/lib/python3.12/site-packages/airflow/example_dags/example_display_name.py for tasks to queue
[2025-04-06T07:18:54.606+0000] {logging_mixin.py:190} INFO - [2025-04-06T07:18:54.606+0000] {dagbag.py:588} INFO - Filling up the DagBag from /home/airflow/.local/lib/python3.12/site-packages/airflow/example_dags/example_display_name.py
[2025-04-06T07:18:54.614+0000] {processor.py:925} INFO - DAG(s) 'example_display_name' retrieved from /home/airflow/.local/lib/python3.12/site-packages/airflow/example_dags/example_display_name.py
[2025-04-06T07:18:54.642+0000] {logging_mixin.py:190} INFO - [2025-04-06T07:18:54.642+0000] {dag.py:3239} INFO - Sync 1 DAGs
[2025-04-06T07:18:54.660+0000] {logging_mixin.py:190} INFO - [2025-04-06T07:18:54.660+0000] {dag.py:4180} INFO - Setting next_dagrun for example_display_name to None, run_after=None
[2025-04-06T07:18:54.687+0000] {processor.py:208} INFO - Processing /home/airflow/.local/lib/python3.12/site-packages/airflow/example_dags/example_display_name.py took 0.093 seconds
[2025-04-06T07:19:25.467+0000] {processor.py:186} INFO - Started process (PID=638) to work on /home/airflow/.local/lib/python3.12/site-packages/airflow/example_dags/example_display_name.py
[2025-04-06T07:19:25.468+0000] {processor.py:914} INFO - Processing file /home/airflow/.local/lib/python3.12/site-packages/airflow/example_dags/example_display_name.py for tasks to queue
[2025-04-06T07:19:25.471+0000] {logging_mixin.py:190} INFO - [2025-04-06T07:19:25.471+0000] {dagbag.py:588} INFO - Filling up the DagBag from /home/airflow/.local/lib/python3.12/site-packages/airflow/example_dags/example_display_name.py
[2025-04-06T07:19:25.479+0000] {processor.py:925} INFO - DAG(s) 'example_display_name' retrieved from /home/airflow/.local/lib/python3.12/site-packages/airflow/example_dags/example_display_name.py
[2025-04-06T07:19:25.505+0000] {logging_mixin.py:190} INFO - [2025-04-06T07:19:25.504+0000] {dag.py:3239} INFO - Sync 1 DAGs
[2025-04-06T07:19:25.524+0000] {logging_mixin.py:190} INFO - [2025-04-06T07:19:25.524+0000] {dag.py:4180} INFO - Setting next_dagrun for example_display_name to None, run_after=None
[2025-04-06T07:19:25.547+0000] {processor.py:208} INFO - Processing /home/airflow/.local/lib/python3.12/site-packages/airflow/example_dags/example_display_name.py took 0.088 seconds
[2025-04-06T07:19:55.729+0000] {processor.py:186} INFO - Started process (PID=701) to work on /home/airflow/.local/lib/python3.12/site-packages/airflow/example_dags/example_display_name.py
[2025-04-06T07:19:55.730+0000] {processor.py:914} INFO - Processing file /home/airflow/.local/lib/python3.12/site-packages/airflow/example_dags/example_display_name.py for tasks to queue
[2025-04-06T07:19:55.732+0000] {logging_mixin.py:190} INFO - [2025-04-06T07:19:55.732+0000] {dagbag.py:588} INFO - Filling up the DagBag from /home/airflow/.local/lib/python3.12/site-packages/airflow/example_dags/example_display_name.py
[2025-04-06T07:19:55.738+0000] {processor.py:925} INFO - DAG(s) 'example_display_name' retrieved from /home/airflow/.local/lib/python3.12/site-packages/airflow/example_dags/example_display_name.py
[2025-04-06T07:19:55.756+0000] {logging_mixin.py:190} INFO - [2025-04-06T07:19:55.755+0000] {dag.py:3239} INFO - Sync 1 DAGs
[2025-04-06T07:19:55.769+0000] {logging_mixin.py:190} INFO - [2025-04-06T07:19:55.769+0000] {dag.py:4180} INFO - Setting next_dagrun for example_display_name to None, run_after=None
[2025-04-06T07:19:55.789+0000] {processor.py:208} INFO - Processing /home/airflow/.local/lib/python3.12/site-packages/airflow/example_dags/example_display_name.py took 0.064 seconds
[2025-04-06T07:20:26.770+0000] {processor.py:186} INFO - Started process (PID=764) to work on /home/airflow/.local/lib/python3.12/site-packages/airflow/example_dags/example_display_name.py
[2025-04-06T07:20:26.771+0000] {processor.py:914} INFO - Processing file /home/airflow/.local/lib/python3.12/site-packages/airflow/example_dags/example_display_name.py for tasks to queue
[2025-04-06T07:20:26.773+0000] {logging_mixin.py:190} INFO - [2025-04-06T07:20:26.772+0000] {dagbag.py:588} INFO - Filling up the DagBag from /home/airflow/.local/lib/python3.12/site-packages/airflow/example_dags/example_display_name.py
[2025-04-06T07:20:26.781+0000] {processor.py:925} INFO - DAG(s) 'example_display_name' retrieved from /home/airflow/.local/lib/python3.12/site-packages/airflow/example_dags/example_display_name.py
[2025-04-06T07:20:26.799+0000] {logging_mixin.py:190} INFO - [2025-04-06T07:20:26.799+0000] {dag.py:3239} INFO - Sync 1 DAGs
[2025-04-06T07:20:26.811+0000] {logging_mixin.py:190} INFO - [2025-04-06T07:20:26.811+0000] {dag.py:4180} INFO - Setting next_dagrun for example_display_name to None, run_after=None
[2025-04-06T07:20:26.833+0000] {processor.py:208} INFO - Processing /home/airflow/.local/lib/python3.12/site-packages/airflow/example_dags/example_display_name.py took 0.068 seconds
[2025-04-06T07:20:56.873+0000] {processor.py:186} INFO - Started process (PID=827) to work on /home/airflow/.local/lib/python3.12/site-packages/airflow/example_dags/example_display_name.py
[2025-04-06T07:20:56.874+0000] {processor.py:914} INFO - Processing file /home/airflow/.local/lib/python3.12/site-packages/airflow/example_dags/example_display_name.py for tasks to queue
[2025-04-06T07:20:56.876+0000] {logging_mixin.py:190} INFO - [2025-04-06T07:20:56.876+0000] {dagbag.py:588} INFO - Filling up the DagBag from /home/airflow/.local/lib/python3.12/site-packages/airflow/example_dags/example_display_name.py
[2025-04-06T07:20:56.882+0000] {processor.py:925} INFO - DAG(s) 'example_display_name' retrieved from /home/airflow/.local/lib/python3.12/site-packages/airflow/example_dags/example_display_name.py
[2025-04-06T07:20:56.897+0000] {logging_mixin.py:190} INFO - [2025-04-06T07:20:56.897+0000] {dag.py:3239} INFO - Sync 1 DAGs
[2025-04-06T07:20:56.908+0000] {logging_mixin.py:190} INFO - [2025-04-06T07:20:56.908+0000] {dag.py:4180} INFO - Setting next_dagrun for example_display_name to None, run_after=None
[2025-04-06T07:20:56.925+0000] {processor.py:208} INFO - Processing /home/airflow/.local/lib/python3.12/site-packages/airflow/example_dags/example_display_name.py took 0.056 seconds
[2025-04-06T07:21:26.982+0000] {processor.py:186} INFO - Started process (PID=890) to work on /home/airflow/.local/lib/python3.12/site-packages/airflow/example_dags/example_display_name.py
[2025-04-06T07:21:26.983+0000] {processor.py:914} INFO - Processing file /home/airflow/.local/lib/python3.12/site-packages/airflow/example_dags/example_display_name.py for tasks to queue
[2025-04-06T07:21:26.985+0000] {logging_mixin.py:190} INFO - [2025-04-06T07:21:26.985+0000] {dagbag.py:588} INFO - Filling up the DagBag from /home/airflow/.local/lib/python3.12/site-packages/airflow/example_dags/example_display_name.py
[2025-04-06T07:21:26.992+0000] {processor.py:925} INFO - DAG(s) 'example_display_name' retrieved from /home/airflow/.local/lib/python3.12/site-packages/airflow/example_dags/example_display_name.py
[2025-04-06T07:21:27.009+0000] {logging_mixin.py:190} INFO - [2025-04-06T07:21:27.009+0000] {dag.py:3239} INFO - Sync 1 DAGs
[2025-04-06T07:21:27.023+0000] {logging_mixin.py:190} INFO - [2025-04-06T07:21:27.022+0000] {dag.py:4180} INFO - Setting next_dagrun for example_display_name to None, run_after=None
[2025-04-06T07:21:27.044+0000] {processor.py:208} INFO - Processing /home/airflow/.local/lib/python3.12/site-packages/airflow/example_dags/example_display_name.py took 0.067 seconds
[2025-04-06T07:21:57.737+0000] {processor.py:186} INFO - Started process (PID=953) to work on /home/airflow/.local/lib/python3.12/site-packages/airflow/example_dags/example_display_name.py
[2025-04-06T07:21:57.737+0000] {processor.py:914} INFO - Processing file /home/airflow/.local/lib/python3.12/site-packages/airflow/example_dags/example_display_name.py for tasks to queue
[2025-04-06T07:21:57.739+0000] {logging_mixin.py:190} INFO - [2025-04-06T07:21:57.739+0000] {dagbag.py:588} INFO - Filling up the DagBag from /home/airflow/.local/lib/python3.12/site-packages/airflow/example_dags/example_display_name.py
[2025-04-06T07:21:57.747+0000] {processor.py:925} INFO - DAG(s) 'example_display_name' retrieved from /home/airflow/.local/lib/python3.12/site-packages/airflow/example_dags/example_display_name.py
[2025-04-06T07:21:57.765+0000] {logging_mixin.py:190} INFO - [2025-04-06T07:21:57.765+0000] {dag.py:3239} INFO - Sync 1 DAGs
[2025-04-06T07:21:57.779+0000] {logging_mixin.py:190} INFO - [2025-04-06T07:21:57.778+0000] {dag.py:4180} INFO - Setting next_dagrun for example_display_name to None, run_after=None
[2025-04-06T07:21:57.801+0000] {processor.py:208} INFO - Processing /home/airflow/.local/lib/python3.12/site-packages/airflow/example_dags/example_display_name.py took 0.069 seconds
[2025-04-06T07:22:28.089+0000] {processor.py:186} INFO - Started process (PID=1016) to work on /home/airflow/.local/lib/python3.12/site-packages/airflow/example_dags/example_display_name.py
[2025-04-06T07:22:28.090+0000] {processor.py:914} INFO - Processing file /home/airflow/.local/lib/python3.12/site-packages/airflow/example_dags/example_display_name.py for tasks to queue
[2025-04-06T07:22:28.092+0000] {logging_mixin.py:190} INFO - [2025-04-06T07:22:28.092+0000] {dagbag.py:588} INFO - Filling up the DagBag from /home/airflow/.local/lib/python3.12/site-packages/airflow/example_dags/example_display_name.py
[2025-04-06T07:22:28.098+0000] {processor.py:925} INFO - DAG(s) 'example_display_name' retrieved from /home/airflow/.local/lib/python3.12/site-packages/airflow/example_dags/example_display_name.py
[2025-04-06T07:22:28.117+0000] {logging_mixin.py:190} INFO - [2025-04-06T07:22:28.116+0000] {dag.py:3239} INFO - Sync 1 DAGs
[2025-04-06T07:22:28.129+0000] {logging_mixin.py:190} INFO - [2025-04-06T07:22:28.129+0000] {dag.py:4180} INFO - Setting next_dagrun for example_display_name to None, run_after=None
[2025-04-06T07:22:28.148+0000] {processor.py:208} INFO - Processing /home/airflow/.local/lib/python3.12/site-packages/airflow/example_dags/example_display_name.py took 0.063 seconds
[2025-04-06T07:22:58.394+0000] {processor.py:186} INFO - Started process (PID=1079) to work on /home/airflow/.local/lib/python3.12/site-packages/airflow/example_dags/example_display_name.py
[2025-04-06T07:22:58.394+0000] {processor.py:914} INFO - Processing file /home/airflow/.local/lib/python3.12/site-packages/airflow/example_dags/example_display_name.py for tasks to queue
[2025-04-06T07:22:58.396+0000] {logging_mixin.py:190} INFO - [2025-04-06T07:22:58.396+0000] {dagbag.py:588} INFO - Filling up the DagBag from /home/airflow/.local/lib/python3.12/site-packages/airflow/example_dags/example_display_name.py
[2025-04-06T07:22:58.401+0000] {processor.py:925} INFO - DAG(s) 'example_display_name' retrieved from /home/airflow/.local/lib/python3.12/site-packages/airflow/example_dags/example_display_name.py
[2025-04-06T07:22:58.416+0000] {logging_mixin.py:190} INFO - [2025-04-06T07:22:58.416+0000] {dag.py:3239} INFO - Sync 1 DAGs
[2025-04-06T07:22:58.427+0000] {logging_mixin.py:190} INFO - [2025-04-06T07:22:58.427+0000] {dag.py:4180} INFO - Setting next_dagrun for example_display_name to None, run_after=None
[2025-04-06T07:22:58.445+0000] {processor.py:208} INFO - Processing /home/airflow/.local/lib/python3.12/site-packages/airflow/example_dags/example_display_name.py took 0.056 seconds
[2025-04-06T07:23:29.076+0000] {processor.py:186} INFO - Started process (PID=1142) to work on /home/airflow/.local/lib/python3.12/site-packages/airflow/example_dags/example_display_name.py
[2025-04-06T07:23:29.080+0000] {processor.py:914} INFO - Processing file /home/airflow/.local/lib/python3.12/site-packages/airflow/example_dags/example_display_name.py for tasks to queue
[2025-04-06T07:23:29.089+0000] {logging_mixin.py:190} INFO - [2025-04-06T07:23:29.089+0000] {dagbag.py:588} INFO - Filling up the DagBag from /home/airflow/.local/lib/python3.12/site-packages/airflow/example_dags/example_display_name.py
[2025-04-06T07:23:29.111+0000] {processor.py:925} INFO - DAG(s) 'example_display_name' retrieved from /home/airflow/.local/lib/python3.12/site-packages/airflow/example_dags/example_display_name.py
[2025-04-06T07:23:29.139+0000] {logging_mixin.py:190} INFO - [2025-04-06T07:23:29.138+0000] {dag.py:3239} INFO - Sync 1 DAGs
[2025-04-06T07:23:29.153+0000] {logging_mixin.py:190} INFO - [2025-04-06T07:23:29.153+0000] {dag.py:4180} INFO - Setting next_dagrun for example_display_name to None, run_after=None
[2025-04-06T07:23:29.179+0000] {processor.py:208} INFO - Processing /home/airflow/.local/lib/python3.12/site-packages/airflow/example_dags/example_display_name.py took 0.113 seconds
[2025-04-06T07:23:59.942+0000] {processor.py:186} INFO - Started process (PID=1205) to work on /home/airflow/.local/lib/python3.12/site-packages/airflow/example_dags/example_display_name.py
[2025-04-06T07:23:59.944+0000] {processor.py:914} INFO - Processing file /home/airflow/.local/lib/python3.12/site-packages/airflow/example_dags/example_display_name.py for tasks to queue
[2025-04-06T07:23:59.946+0000] {logging_mixin.py:190} INFO - [2025-04-06T07:23:59.946+0000] {dagbag.py:588} INFO - Filling up the DagBag from /home/airflow/.local/lib/python3.12/site-packages/airflow/example_dags/example_display_name.py
[2025-04-06T07:23:59.952+0000] {processor.py:925} INFO - DAG(s) 'example_display_name' retrieved from /home/airflow/.local/lib/python3.12/site-packages/airflow/example_dags/example_display_name.py
[2025-04-06T07:23:59.968+0000] {logging_mixin.py:190} INFO - [2025-04-06T07:23:59.968+0000] {dag.py:3239} INFO - Sync 1 DAGs
[2025-04-06T07:23:59.979+0000] {logging_mixin.py:190} INFO - [2025-04-06T07:23:59.978+0000] {dag.py:4180} INFO - Setting next_dagrun for example_display_name to None, run_after=None
[2025-04-06T07:23:59.997+0000] {processor.py:208} INFO - Processing /home/airflow/.local/lib/python3.12/site-packages/airflow/example_dags/example_display_name.py took 0.060 seconds
[2025-04-06T07:24:30.148+0000] {processor.py:186} INFO - Started process (PID=1268) to work on /home/airflow/.local/lib/python3.12/site-packages/airflow/example_dags/example_display_name.py
[2025-04-06T07:24:30.149+0000] {processor.py:914} INFO - Processing file /home/airflow/.local/lib/python3.12/site-packages/airflow/example_dags/example_display_name.py for tasks to queue
[2025-04-06T07:24:30.152+0000] {logging_mixin.py:190} INFO - [2025-04-06T07:24:30.151+0000] {dagbag.py:588} INFO - Filling up the DagBag from /home/airflow/.local/lib/python3.12/site-packages/airflow/example_dags/example_display_name.py
[2025-04-06T07:24:30.160+0000] {processor.py:925} INFO - DAG(s) 'example_display_name' retrieved from /home/airflow/.local/lib/python3.12/site-packages/airflow/example_dags/example_display_name.py
[2025-04-06T07:24:30.183+0000] {logging_mixin.py:190} INFO - [2025-04-06T07:24:30.183+0000] {dag.py:3239} INFO - Sync 1 DAGs
[2025-04-06T07:24:30.200+0000] {logging_mixin.py:190} INFO - [2025-04-06T07:24:30.199+0000] {dag.py:4180} INFO - Setting next_dagrun for example_display_name to None, run_after=None
[2025-04-06T07:24:30.222+0000] {processor.py:208} INFO - Processing /home/airflow/.local/lib/python3.12/site-packages/airflow/example_dags/example_display_name.py took 0.080 seconds
[2025-04-06T07:25:00.550+0000] {processor.py:186} INFO - Started process (PID=1332) to work on /home/airflow/.local/lib/python3.12/site-packages/airflow/example_dags/example_display_name.py
[2025-04-06T07:25:00.551+0000] {processor.py:914} INFO - Processing file /home/airflow/.local/lib/python3.12/site-packages/airflow/example_dags/example_display_name.py for tasks to queue
[2025-04-06T07:25:00.553+0000] {logging_mixin.py:190} INFO - [2025-04-06T07:25:00.553+0000] {dagbag.py:588} INFO - Filling up the DagBag from /home/airflow/.local/lib/python3.12/site-packages/airflow/example_dags/example_display_name.py
[2025-04-06T07:25:00.560+0000] {processor.py:925} INFO - DAG(s) 'example_display_name' retrieved from /home/airflow/.local/lib/python3.12/site-packages/airflow/example_dags/example_display_name.py
[2025-04-06T07:25:00.576+0000] {logging_mixin.py:190} INFO - [2025-04-06T07:25:00.575+0000] {dag.py:3239} INFO - Sync 1 DAGs
[2025-04-06T07:25:00.588+0000] {logging_mixin.py:190} INFO - [2025-04-06T07:25:00.587+0000] {dag.py:4180} INFO - Setting next_dagrun for example_display_name to None, run_after=None
[2025-04-06T07:25:00.608+0000] {processor.py:208} INFO - Processing /home/airflow/.local/lib/python3.12/site-packages/airflow/example_dags/example_display_name.py took 0.063 seconds
[2025-04-06T07:25:31.082+0000] {processor.py:186} INFO - Started process (PID=1396) to work on /home/airflow/.local/lib/python3.12/site-packages/airflow/example_dags/example_display_name.py
[2025-04-06T07:25:31.082+0000] {processor.py:914} INFO - Processing file /home/airflow/.local/lib/python3.12/site-packages/airflow/example_dags/example_display_name.py for tasks to queue
[2025-04-06T07:25:31.084+0000] {logging_mixin.py:190} INFO - [2025-04-06T07:25:31.084+0000] {dagbag.py:588} INFO - Filling up the DagBag from /home/airflow/.local/lib/python3.12/site-packages/airflow/example_dags/example_display_name.py
[2025-04-06T07:25:31.090+0000] {processor.py:925} INFO - DAG(s) 'example_display_name' retrieved from /home/airflow/.local/lib/python3.12/site-packages/airflow/example_dags/example_display_name.py
[2025-04-06T07:25:31.104+0000] {logging_mixin.py:190} INFO - [2025-04-06T07:25:31.104+0000] {dag.py:3239} INFO - Sync 1 DAGs
[2025-04-06T07:25:31.114+0000] {logging_mixin.py:190} INFO - [2025-04-06T07:25:31.114+0000] {dag.py:4180} INFO - Setting next_dagrun for example_display_name to None, run_after=None
[2025-04-06T07:25:31.130+0000] {processor.py:208} INFO - Processing /home/airflow/.local/lib/python3.12/site-packages/airflow/example_dags/example_display_name.py took 0.052 seconds
[2025-04-06T07:26:01.286+0000] {processor.py:186} INFO - Started process (PID=1461) to work on /home/airflow/.local/lib/python3.12/site-packages/airflow/example_dags/example_display_name.py
[2025-04-06T07:26:01.287+0000] {processor.py:914} INFO - Processing file /home/airflow/.local/lib/python3.12/site-packages/airflow/example_dags/example_display_name.py for tasks to queue
[2025-04-06T07:26:01.289+0000] {logging_mixin.py:190} INFO - [2025-04-06T07:26:01.289+0000] {dagbag.py:588} INFO - Filling up the DagBag from /home/airflow/.local/lib/python3.12/site-packages/airflow/example_dags/example_display_name.py
[2025-04-06T07:26:01.294+0000] {processor.py:925} INFO - DAG(s) 'example_display_name' retrieved from /home/airflow/.local/lib/python3.12/site-packages/airflow/example_dags/example_display_name.py
[2025-04-06T07:26:01.309+0000] {logging_mixin.py:190} INFO - [2025-04-06T07:26:01.309+0000] {dag.py:3239} INFO - Sync 1 DAGs
[2025-04-06T07:26:01.321+0000] {logging_mixin.py:190} INFO - [2025-04-06T07:26:01.321+0000] {dag.py:4180} INFO - Setting next_dagrun for example_display_name to None, run_after=None
[2025-04-06T07:26:01.336+0000] {processor.py:208} INFO - Processing /home/airflow/.local/lib/python3.12/site-packages/airflow/example_dags/example_display_name.py took 0.055 seconds
[2025-04-06T07:26:31.784+0000] {processor.py:186} INFO - Started process (PID=1525) to work on /home/airflow/.local/lib/python3.12/site-packages/airflow/example_dags/example_display_name.py
[2025-04-06T07:26:31.785+0000] {processor.py:914} INFO - Processing file /home/airflow/.local/lib/python3.12/site-packages/airflow/example_dags/example_display_name.py for tasks to queue
[2025-04-06T07:26:31.787+0000] {logging_mixin.py:190} INFO - [2025-04-06T07:26:31.787+0000] {dagbag.py:588} INFO - Filling up the DagBag from /home/airflow/.local/lib/python3.12/site-packages/airflow/example_dags/example_display_name.py
[2025-04-06T07:26:31.793+0000] {processor.py:925} INFO - DAG(s) 'example_display_name' retrieved from /home/airflow/.local/lib/python3.12/site-packages/airflow/example_dags/example_display_name.py
[2025-04-06T07:26:31.807+0000] {logging_mixin.py:190} INFO - [2025-04-06T07:26:31.807+0000] {dag.py:3239} INFO - Sync 1 DAGs
[2025-04-06T07:26:31.818+0000] {logging_mixin.py:190} INFO - [2025-04-06T07:26:31.818+0000] {dag.py:4180} INFO - Setting next_dagrun for example_display_name to None, run_after=None
[2025-04-06T07:26:31.853+0000] {processor.py:208} INFO - Processing /home/airflow/.local/lib/python3.12/site-packages/airflow/example_dags/example_display_name.py took 0.073 seconds
[2025-04-06T07:27:02.605+0000] {processor.py:186} INFO - Started process (PID=1598) to work on /home/airflow/.local/lib/python3.12/site-packages/airflow/example_dags/example_display_name.py
[2025-04-06T07:27:02.606+0000] {processor.py:914} INFO - Processing file /home/airflow/.local/lib/python3.12/site-packages/airflow/example_dags/example_display_name.py for tasks to queue
[2025-04-06T07:27:02.608+0000] {logging_mixin.py:190} INFO - [2025-04-06T07:27:02.608+0000] {dagbag.py:588} INFO - Filling up the DagBag from /home/airflow/.local/lib/python3.12/site-packages/airflow/example_dags/example_display_name.py
[2025-04-06T07:27:02.613+0000] {processor.py:925} INFO - DAG(s) 'example_display_name' retrieved from /home/airflow/.local/lib/python3.12/site-packages/airflow/example_dags/example_display_name.py
[2025-04-06T07:27:02.628+0000] {logging_mixin.py:190} INFO - [2025-04-06T07:27:02.628+0000] {dag.py:3239} INFO - Sync 1 DAGs
[2025-04-06T07:27:02.642+0000] {logging_mixin.py:190} INFO - [2025-04-06T07:27:02.642+0000] {dag.py:4180} INFO - Setting next_dagrun for example_display_name to None, run_after=None
[2025-04-06T07:27:02.658+0000] {processor.py:208} INFO - Processing /home/airflow/.local/lib/python3.12/site-packages/airflow/example_dags/example_display_name.py took 0.058 seconds
[2025-04-06T07:27:32.745+0000] {processor.py:186} INFO - Started process (PID=1662) to work on /home/airflow/.local/lib/python3.12/site-packages/airflow/example_dags/example_display_name.py
[2025-04-06T07:27:32.746+0000] {processor.py:914} INFO - Processing file /home/airflow/.local/lib/python3.12/site-packages/airflow/example_dags/example_display_name.py for tasks to queue
[2025-04-06T07:27:32.748+0000] {logging_mixin.py:190} INFO - [2025-04-06T07:27:32.747+0000] {dagbag.py:588} INFO - Filling up the DagBag from /home/airflow/.local/lib/python3.12/site-packages/airflow/example_dags/example_display_name.py
[2025-04-06T07:27:32.753+0000] {processor.py:925} INFO - DAG(s) 'example_display_name' retrieved from /home/airflow/.local/lib/python3.12/site-packages/airflow/example_dags/example_display_name.py
[2025-04-06T07:27:32.768+0000] {logging_mixin.py:190} INFO - [2025-04-06T07:27:32.768+0000] {dag.py:3239} INFO - Sync 1 DAGs
[2025-04-06T07:27:32.779+0000] {logging_mixin.py:190} INFO - [2025-04-06T07:27:32.779+0000] {dag.py:4180} INFO - Setting next_dagrun for example_display_name to None, run_after=None
[2025-04-06T07:27:32.794+0000] {processor.py:208} INFO - Processing /home/airflow/.local/lib/python3.12/site-packages/airflow/example_dags/example_display_name.py took 0.053 seconds
[2025-04-06T07:28:02.865+0000] {processor.py:186} INFO - Started process (PID=1726) to work on /home/airflow/.local/lib/python3.12/site-packages/airflow/example_dags/example_display_name.py
[2025-04-06T07:28:02.866+0000] {processor.py:914} INFO - Processing file /home/airflow/.local/lib/python3.12/site-packages/airflow/example_dags/example_display_name.py for tasks to queue
[2025-04-06T07:28:02.869+0000] {logging_mixin.py:190} INFO - [2025-04-06T07:28:02.868+0000] {dagbag.py:588} INFO - Filling up the DagBag from /home/airflow/.local/lib/python3.12/site-packages/airflow/example_dags/example_display_name.py
[2025-04-06T07:28:02.875+0000] {processor.py:925} INFO - DAG(s) 'example_display_name' retrieved from /home/airflow/.local/lib/python3.12/site-packages/airflow/example_dags/example_display_name.py
[2025-04-06T07:28:02.891+0000] {logging_mixin.py:190} INFO - [2025-04-06T07:28:02.891+0000] {dag.py:3239} INFO - Sync 1 DAGs
[2025-04-06T07:28:02.902+0000] {logging_mixin.py:190} INFO - [2025-04-06T07:28:02.902+0000] {dag.py:4180} INFO - Setting next_dagrun for example_display_name to None, run_after=None
[2025-04-06T07:28:02.923+0000] {processor.py:208} INFO - Processing /home/airflow/.local/lib/python3.12/site-packages/airflow/example_dags/example_display_name.py took 0.062 seconds
[2025-04-06T07:28:33.448+0000] {processor.py:186} INFO - Started process (PID=1790) to work on /home/airflow/.local/lib/python3.12/site-packages/airflow/example_dags/example_display_name.py
[2025-04-06T07:28:33.450+0000] {processor.py:914} INFO - Processing file /home/airflow/.local/lib/python3.12/site-packages/airflow/example_dags/example_display_name.py for tasks to queue
[2025-04-06T07:28:33.452+0000] {logging_mixin.py:190} INFO - [2025-04-06T07:28:33.451+0000] {dagbag.py:588} INFO - Filling up the DagBag from /home/airflow/.local/lib/python3.12/site-packages/airflow/example_dags/example_display_name.py
[2025-04-06T07:28:33.459+0000] {processor.py:925} INFO - DAG(s) 'example_display_name' retrieved from /home/airflow/.local/lib/python3.12/site-packages/airflow/example_dags/example_display_name.py
[2025-04-06T07:28:33.478+0000] {logging_mixin.py:190} INFO - [2025-04-06T07:28:33.478+0000] {dag.py:3239} INFO - Sync 1 DAGs
[2025-04-06T07:28:33.492+0000] {logging_mixin.py:190} INFO - [2025-04-06T07:28:33.492+0000] {dag.py:4180} INFO - Setting next_dagrun for example_display_name to None, run_after=None
[2025-04-06T07:28:33.511+0000] {processor.py:208} INFO - Processing /home/airflow/.local/lib/python3.12/site-packages/airflow/example_dags/example_display_name.py took 0.069 seconds
[2025-04-06T07:29:03.762+0000] {processor.py:186} INFO - Started process (PID=1854) to work on /home/airflow/.local/lib/python3.12/site-packages/airflow/example_dags/example_display_name.py
[2025-04-06T07:29:03.763+0000] {processor.py:914} INFO - Processing file /home/airflow/.local/lib/python3.12/site-packages/airflow/example_dags/example_display_name.py for tasks to queue
[2025-04-06T07:29:03.765+0000] {logging_mixin.py:190} INFO - [2025-04-06T07:29:03.765+0000] {dagbag.py:588} INFO - Filling up the DagBag from /home/airflow/.local/lib/python3.12/site-packages/airflow/example_dags/example_display_name.py
[2025-04-06T07:29:03.772+0000] {processor.py:925} INFO - DAG(s) 'example_display_name' retrieved from /home/airflow/.local/lib/python3.12/site-packages/airflow/example_dags/example_display_name.py
[2025-04-06T07:29:03.787+0000] {logging_mixin.py:190} INFO - [2025-04-06T07:29:03.786+0000] {dag.py:3239} INFO - Sync 1 DAGs
[2025-04-06T07:29:03.797+0000] {logging_mixin.py:190} INFO - [2025-04-06T07:29:03.797+0000] {dag.py:4180} INFO - Setting next_dagrun for example_display_name to None, run_after=None
[2025-04-06T07:29:03.814+0000] {processor.py:208} INFO - Processing /home/airflow/.local/lib/python3.12/site-packages/airflow/example_dags/example_display_name.py took 0.057 seconds
[2025-04-06T07:29:33.972+0000] {processor.py:186} INFO - Started process (PID=1918) to work on /home/airflow/.local/lib/python3.12/site-packages/airflow/example_dags/example_display_name.py
[2025-04-06T07:29:33.974+0000] {processor.py:914} INFO - Processing file /home/airflow/.local/lib/python3.12/site-packages/airflow/example_dags/example_display_name.py for tasks to queue
[2025-04-06T07:29:33.975+0000] {logging_mixin.py:190} INFO - [2025-04-06T07:29:33.975+0000] {dagbag.py:588} INFO - Filling up the DagBag from /home/airflow/.local/lib/python3.12/site-packages/airflow/example_dags/example_display_name.py
[2025-04-06T07:29:33.982+0000] {processor.py:925} INFO - DAG(s) 'example_display_name' retrieved from /home/airflow/.local/lib/python3.12/site-packages/airflow/example_dags/example_display_name.py
[2025-04-06T07:29:33.996+0000] {logging_mixin.py:190} INFO - [2025-04-06T07:29:33.995+0000] {dag.py:3239} INFO - Sync 1 DAGs
[2025-04-06T07:29:34.007+0000] {logging_mixin.py:190} INFO - [2025-04-06T07:29:34.007+0000] {dag.py:4180} INFO - Setting next_dagrun for example_display_name to None, run_after=None
[2025-04-06T07:29:34.026+0000] {processor.py:208} INFO - Processing /home/airflow/.local/lib/python3.12/site-packages/airflow/example_dags/example_display_name.py took 0.057 seconds
[2025-04-06T07:30:04.403+0000] {processor.py:186} INFO - Started process (PID=1982) to work on /home/airflow/.local/lib/python3.12/site-packages/airflow/example_dags/example_display_name.py
[2025-04-06T07:30:04.404+0000] {processor.py:914} INFO - Processing file /home/airflow/.local/lib/python3.12/site-packages/airflow/example_dags/example_display_name.py for tasks to queue
[2025-04-06T07:30:04.405+0000] {logging_mixin.py:190} INFO - [2025-04-06T07:30:04.405+0000] {dagbag.py:588} INFO - Filling up the DagBag from /home/airflow/.local/lib/python3.12/site-packages/airflow/example_dags/example_display_name.py
[2025-04-06T07:30:04.411+0000] {processor.py:925} INFO - DAG(s) 'example_display_name' retrieved from /home/airflow/.local/lib/python3.12/site-packages/airflow/example_dags/example_display_name.py
[2025-04-06T07:30:04.427+0000] {logging_mixin.py:190} INFO - [2025-04-06T07:30:04.427+0000] {dag.py:3239} INFO - Sync 1 DAGs
[2025-04-06T07:30:04.439+0000] {logging_mixin.py:190} INFO - [2025-04-06T07:30:04.439+0000] {dag.py:4180} INFO - Setting next_dagrun for example_display_name to None, run_after=None
[2025-04-06T07:30:04.457+0000] {processor.py:208} INFO - Processing /home/airflow/.local/lib/python3.12/site-packages/airflow/example_dags/example_display_name.py took 0.059 seconds
[2025-04-06T07:30:34.695+0000] {processor.py:186} INFO - Started process (PID=2046) to work on /home/airflow/.local/lib/python3.12/site-packages/airflow/example_dags/example_display_name.py
[2025-04-06T07:30:34.697+0000] {processor.py:914} INFO - Processing file /home/airflow/.local/lib/python3.12/site-packages/airflow/example_dags/example_display_name.py for tasks to queue
[2025-04-06T07:30:34.699+0000] {logging_mixin.py:190} INFO - [2025-04-06T07:30:34.698+0000] {dagbag.py:588} INFO - Filling up the DagBag from /home/airflow/.local/lib/python3.12/site-packages/airflow/example_dags/example_display_name.py
[2025-04-06T07:30:34.705+0000] {processor.py:925} INFO - DAG(s) 'example_display_name' retrieved from /home/airflow/.local/lib/python3.12/site-packages/airflow/example_dags/example_display_name.py
[2025-04-06T07:30:34.721+0000] {logging_mixin.py:190} INFO - [2025-04-06T07:30:34.721+0000] {dag.py:3239} INFO - Sync 1 DAGs
[2025-04-06T07:30:34.733+0000] {logging_mixin.py:190} INFO - [2025-04-06T07:30:34.733+0000] {dag.py:4180} INFO - Setting next_dagrun for example_display_name to None, run_after=None
[2025-04-06T07:30:34.755+0000] {processor.py:208} INFO - Processing /home/airflow/.local/lib/python3.12/site-packages/airflow/example_dags/example_display_name.py took 0.064 seconds
