[2025-04-06T07:14:54.799+0000] {processor.py:186} INFO - Started process (PID=84) to work on /home/airflow/.local/lib/python3.12/site-packages/airflow/example_dags/example_python_operator.py
[2025-04-06T07:14:54.801+0000] {processor.py:914} INFO - Processing file /home/airflow/.local/lib/python3.12/site-packages/airflow/example_dags/example_python_operator.py for tasks to queue
[2025-04-06T07:14:54.804+0000] {logging_mixin.py:190} INFO - [2025-04-06T07:14:54.804+0000] {dagbag.py:588} INFO - Filling up the DagBag from /home/airflow/.local/lib/python3.12/site-packages/airflow/example_dags/example_python_operator.py
[2025-04-06T07:14:54.825+0000] {processor.py:925} INFO - DAG(s) 'example_python_operator' retrieved from /home/airflow/.local/lib/python3.12/site-packages/airflow/example_dags/example_python_operator.py
[2025-04-06T07:14:54.990+0000] {logging_mixin.py:190} INFO - [2025-04-06T07:14:54.989+0000] {override.py:1912} INFO - Created Permission View: can edit on DAG:example_python_operator
[2025-04-06T07:14:55.020+0000] {logging_mixin.py:190} INFO - [2025-04-06T07:14:55.020+0000] {override.py:1912} INFO - Created Permission View: can delete on DAG:example_python_operator
[2025-04-06T07:14:55.033+0000] {logging_mixin.py:190} INFO - [2025-04-06T07:14:55.032+0000] {override.py:1912} INFO - Created Permission View: can read on DAG:example_python_operator
[2025-04-06T07:14:55.048+0000] {logging_mixin.py:190} INFO - [2025-04-06T07:14:55.047+0000] {override.py:1912} INFO - Created Permission View: can delete on DAG Run:example_python_operator
[2025-04-06T07:14:55.058+0000] {logging_mixin.py:190} INFO - [2025-04-06T07:14:55.057+0000] {override.py:1912} INFO - Created Permission View: can create on DAG Run:example_python_operator
[2025-04-06T07:14:55.084+0000] {logging_mixin.py:190} INFO - [2025-04-06T07:14:55.084+0000] {override.py:1912} INFO - Created Permission View: can read on DAG Run:example_python_operator
[2025-04-06T07:14:55.096+0000] {logging_mixin.py:190} INFO - [2025-04-06T07:14:55.095+0000] {override.py:1912} INFO - Created Permission View: menu access on DAG Run:example_python_operator
[2025-04-06T07:14:55.097+0000] {logging_mixin.py:190} INFO - [2025-04-06T07:14:55.096+0000] {dag.py:3239} INFO - Sync 1 DAGs
[2025-04-06T07:14:55.117+0000] {logging_mixin.py:190} INFO - [2025-04-06T07:14:55.116+0000] {dag.py:3262} INFO - Creating ORM DAG for example_python_operator
[2025-04-06T07:14:55.118+0000] {logging_mixin.py:190} INFO - [2025-04-06T07:14:55.118+0000] {dag.py:4180} INFO - Setting next_dagrun for example_python_operator to None, run_after=None
[2025-04-06T07:14:55.143+0000] {processor.py:208} INFO - Processing /home/airflow/.local/lib/python3.12/site-packages/airflow/example_dags/example_python_operator.py took 0.351 seconds
[2025-04-06T07:15:25.904+0000] {processor.py:186} INFO - Started process (PID=147) to work on /home/airflow/.local/lib/python3.12/site-packages/airflow/example_dags/example_python_operator.py
[2025-04-06T07:15:25.905+0000] {processor.py:914} INFO - Processing file /home/airflow/.local/lib/python3.12/site-packages/airflow/example_dags/example_python_operator.py for tasks to queue
[2025-04-06T07:15:25.907+0000] {logging_mixin.py:190} INFO - [2025-04-06T07:15:25.907+0000] {dagbag.py:588} INFO - Filling up the DagBag from /home/airflow/.local/lib/python3.12/site-packages/airflow/example_dags/example_python_operator.py
[2025-04-06T07:15:25.917+0000] {processor.py:925} INFO - DAG(s) 'example_python_operator' retrieved from /home/airflow/.local/lib/python3.12/site-packages/airflow/example_dags/example_python_operator.py
[2025-04-06T07:15:25.936+0000] {logging_mixin.py:190} INFO - [2025-04-06T07:15:25.936+0000] {dag.py:3239} INFO - Sync 1 DAGs
[2025-04-06T07:15:25.949+0000] {logging_mixin.py:190} INFO - [2025-04-06T07:15:25.949+0000] {dag.py:4180} INFO - Setting next_dagrun for example_python_operator to None, run_after=None
[2025-04-06T07:15:25.966+0000] {processor.py:208} INFO - Processing /home/airflow/.local/lib/python3.12/site-packages/airflow/example_dags/example_python_operator.py took 0.066 seconds
[2025-04-06T07:15:56.342+0000] {processor.py:186} INFO - Started process (PID=209) to work on /home/airflow/.local/lib/python3.12/site-packages/airflow/example_dags/example_python_operator.py
[2025-04-06T07:15:56.343+0000] {processor.py:914} INFO - Processing file /home/airflow/.local/lib/python3.12/site-packages/airflow/example_dags/example_python_operator.py for tasks to queue
[2025-04-06T07:15:56.346+0000] {logging_mixin.py:190} INFO - [2025-04-06T07:15:56.345+0000] {dagbag.py:588} INFO - Filling up the DagBag from /home/airflow/.local/lib/python3.12/site-packages/airflow/example_dags/example_python_operator.py
[2025-04-06T07:15:56.358+0000] {processor.py:925} INFO - DAG(s) 'example_python_operator' retrieved from /home/airflow/.local/lib/python3.12/site-packages/airflow/example_dags/example_python_operator.py
[2025-04-06T07:15:56.380+0000] {logging_mixin.py:190} INFO - [2025-04-06T07:15:56.379+0000] {dag.py:3239} INFO - Sync 1 DAGs
[2025-04-06T07:15:56.394+0000] {logging_mixin.py:190} INFO - [2025-04-06T07:15:56.393+0000] {dag.py:4180} INFO - Setting next_dagrun for example_python_operator to None, run_after=None
[2025-04-06T07:15:56.414+0000] {processor.py:208} INFO - Processing /home/airflow/.local/lib/python3.12/site-packages/airflow/example_dags/example_python_operator.py took 0.078 seconds
[2025-04-06T07:16:26.453+0000] {processor.py:186} INFO - Started process (PID=272) to work on /home/airflow/.local/lib/python3.12/site-packages/airflow/example_dags/example_python_operator.py
[2025-04-06T07:16:26.454+0000] {processor.py:914} INFO - Processing file /home/airflow/.local/lib/python3.12/site-packages/airflow/example_dags/example_python_operator.py for tasks to queue
[2025-04-06T07:16:26.456+0000] {logging_mixin.py:190} INFO - [2025-04-06T07:16:26.456+0000] {dagbag.py:588} INFO - Filling up the DagBag from /home/airflow/.local/lib/python3.12/site-packages/airflow/example_dags/example_python_operator.py
[2025-04-06T07:16:26.470+0000] {processor.py:925} INFO - DAG(s) 'example_python_operator' retrieved from /home/airflow/.local/lib/python3.12/site-packages/airflow/example_dags/example_python_operator.py
[2025-04-06T07:16:26.492+0000] {logging_mixin.py:190} INFO - [2025-04-06T07:16:26.491+0000] {dag.py:3239} INFO - Sync 1 DAGs
[2025-04-06T07:16:26.507+0000] {logging_mixin.py:190} INFO - [2025-04-06T07:16:26.507+0000] {dag.py:4180} INFO - Setting next_dagrun for example_python_operator to None, run_after=None
[2025-04-06T07:16:26.528+0000] {processor.py:208} INFO - Processing /home/airflow/.local/lib/python3.12/site-packages/airflow/example_dags/example_python_operator.py took 0.081 seconds
[2025-04-06T07:16:56.850+0000] {processor.py:186} INFO - Started process (PID=334) to work on /home/airflow/.local/lib/python3.12/site-packages/airflow/example_dags/example_python_operator.py
[2025-04-06T07:16:56.851+0000] {processor.py:914} INFO - Processing file /home/airflow/.local/lib/python3.12/site-packages/airflow/example_dags/example_python_operator.py for tasks to queue
[2025-04-06T07:16:56.856+0000] {logging_mixin.py:190} INFO - [2025-04-06T07:16:56.855+0000] {dagbag.py:588} INFO - Filling up the DagBag from /home/airflow/.local/lib/python3.12/site-packages/airflow/example_dags/example_python_operator.py
[2025-04-06T07:16:56.873+0000] {processor.py:925} INFO - DAG(s) 'example_python_operator' retrieved from /home/airflow/.local/lib/python3.12/site-packages/airflow/example_dags/example_python_operator.py
[2025-04-06T07:16:56.901+0000] {logging_mixin.py:190} INFO - [2025-04-06T07:16:56.900+0000] {dag.py:3239} INFO - Sync 1 DAGs
[2025-04-06T07:16:56.919+0000] {logging_mixin.py:190} INFO - [2025-04-06T07:16:56.919+0000] {dag.py:4180} INFO - Setting next_dagrun for example_python_operator to None, run_after=None
[2025-04-06T07:16:56.940+0000] {processor.py:208} INFO - Processing /home/airflow/.local/lib/python3.12/site-packages/airflow/example_dags/example_python_operator.py took 0.096 seconds
[2025-04-06T07:17:27.382+0000] {processor.py:186} INFO - Started process (PID=397) to work on /home/airflow/.local/lib/python3.12/site-packages/airflow/example_dags/example_python_operator.py
[2025-04-06T07:17:27.385+0000] {processor.py:914} INFO - Processing file /home/airflow/.local/lib/python3.12/site-packages/airflow/example_dags/example_python_operator.py for tasks to queue
[2025-04-06T07:17:27.389+0000] {logging_mixin.py:190} INFO - [2025-04-06T07:17:27.389+0000] {dagbag.py:588} INFO - Filling up the DagBag from /home/airflow/.local/lib/python3.12/site-packages/airflow/example_dags/example_python_operator.py
[2025-04-06T07:17:27.418+0000] {processor.py:925} INFO - DAG(s) 'example_python_operator' retrieved from /home/airflow/.local/lib/python3.12/site-packages/airflow/example_dags/example_python_operator.py
[2025-04-06T07:17:27.462+0000] {logging_mixin.py:190} INFO - [2025-04-06T07:17:27.461+0000] {dag.py:3239} INFO - Sync 1 DAGs
[2025-04-06T07:17:27.490+0000] {logging_mixin.py:190} INFO - [2025-04-06T07:17:27.490+0000] {dag.py:4180} INFO - Setting next_dagrun for example_python_operator to None, run_after=None
[2025-04-06T07:17:27.531+0000] {processor.py:208} INFO - Processing /home/airflow/.local/lib/python3.12/site-packages/airflow/example_dags/example_python_operator.py took 0.158 seconds
[2025-04-06T07:17:57.780+0000] {processor.py:186} INFO - Started process (PID=460) to work on /home/airflow/.local/lib/python3.12/site-packages/airflow/example_dags/example_python_operator.py
[2025-04-06T07:17:57.781+0000] {processor.py:914} INFO - Processing file /home/airflow/.local/lib/python3.12/site-packages/airflow/example_dags/example_python_operator.py for tasks to queue
[2025-04-06T07:17:57.785+0000] {logging_mixin.py:190} INFO - [2025-04-06T07:17:57.784+0000] {dagbag.py:588} INFO - Filling up the DagBag from /home/airflow/.local/lib/python3.12/site-packages/airflow/example_dags/example_python_operator.py
[2025-04-06T07:17:57.797+0000] {processor.py:925} INFO - DAG(s) 'example_python_operator' retrieved from /home/airflow/.local/lib/python3.12/site-packages/airflow/example_dags/example_python_operator.py
[2025-04-06T07:17:57.822+0000] {logging_mixin.py:190} INFO - [2025-04-06T07:17:57.822+0000] {dag.py:3239} INFO - Sync 1 DAGs
[2025-04-06T07:17:57.838+0000] {logging_mixin.py:190} INFO - [2025-04-06T07:17:57.837+0000] {dag.py:4180} INFO - Setting next_dagrun for example_python_operator to None, run_after=None
[2025-04-06T07:17:57.860+0000] {processor.py:208} INFO - Processing /home/airflow/.local/lib/python3.12/site-packages/airflow/example_dags/example_python_operator.py took 0.087 seconds
[2025-04-06T07:18:28.246+0000] {processor.py:186} INFO - Started process (PID=523) to work on /home/airflow/.local/lib/python3.12/site-packages/airflow/example_dags/example_python_operator.py
[2025-04-06T07:18:28.248+0000] {processor.py:914} INFO - Processing file /home/airflow/.local/lib/python3.12/site-packages/airflow/example_dags/example_python_operator.py for tasks to queue
[2025-04-06T07:18:28.251+0000] {logging_mixin.py:190} INFO - [2025-04-06T07:18:28.250+0000] {dagbag.py:588} INFO - Filling up the DagBag from /home/airflow/.local/lib/python3.12/site-packages/airflow/example_dags/example_python_operator.py
[2025-04-06T07:18:28.266+0000] {processor.py:925} INFO - DAG(s) 'example_python_operator' retrieved from /home/airflow/.local/lib/python3.12/site-packages/airflow/example_dags/example_python_operator.py
[2025-04-06T07:18:28.292+0000] {logging_mixin.py:190} INFO - [2025-04-06T07:18:28.292+0000] {dag.py:3239} INFO - Sync 1 DAGs
[2025-04-06T07:18:28.309+0000] {logging_mixin.py:190} INFO - [2025-04-06T07:18:28.309+0000] {dag.py:4180} INFO - Setting next_dagrun for example_python_operator to None, run_after=None
[2025-04-06T07:18:28.332+0000] {processor.py:208} INFO - Processing /home/airflow/.local/lib/python3.12/site-packages/airflow/example_dags/example_python_operator.py took 0.092 seconds
[2025-04-06T07:18:58.573+0000] {processor.py:186} INFO - Started process (PID=586) to work on /home/airflow/.local/lib/python3.12/site-packages/airflow/example_dags/example_python_operator.py
[2025-04-06T07:18:58.574+0000] {processor.py:914} INFO - Processing file /home/airflow/.local/lib/python3.12/site-packages/airflow/example_dags/example_python_operator.py for tasks to queue
[2025-04-06T07:18:58.577+0000] {logging_mixin.py:190} INFO - [2025-04-06T07:18:58.576+0000] {dagbag.py:588} INFO - Filling up the DagBag from /home/airflow/.local/lib/python3.12/site-packages/airflow/example_dags/example_python_operator.py
[2025-04-06T07:18:58.591+0000] {processor.py:925} INFO - DAG(s) 'example_python_operator' retrieved from /home/airflow/.local/lib/python3.12/site-packages/airflow/example_dags/example_python_operator.py
[2025-04-06T07:18:58.614+0000] {logging_mixin.py:190} INFO - [2025-04-06T07:18:58.614+0000] {dag.py:3239} INFO - Sync 1 DAGs
[2025-04-06T07:18:58.631+0000] {logging_mixin.py:190} INFO - [2025-04-06T07:18:58.631+0000] {dag.py:4180} INFO - Setting next_dagrun for example_python_operator to None, run_after=None
[2025-04-06T07:18:58.654+0000] {processor.py:208} INFO - Processing /home/airflow/.local/lib/python3.12/site-packages/airflow/example_dags/example_python_operator.py took 0.088 seconds
[2025-04-06T07:19:29.133+0000] {processor.py:186} INFO - Started process (PID=649) to work on /home/airflow/.local/lib/python3.12/site-packages/airflow/example_dags/example_python_operator.py
[2025-04-06T07:19:29.135+0000] {processor.py:914} INFO - Processing file /home/airflow/.local/lib/python3.12/site-packages/airflow/example_dags/example_python_operator.py for tasks to queue
[2025-04-06T07:19:29.137+0000] {logging_mixin.py:190} INFO - [2025-04-06T07:19:29.137+0000] {dagbag.py:588} INFO - Filling up the DagBag from /home/airflow/.local/lib/python3.12/site-packages/airflow/example_dags/example_python_operator.py
[2025-04-06T07:19:29.148+0000] {processor.py:925} INFO - DAG(s) 'example_python_operator' retrieved from /home/airflow/.local/lib/python3.12/site-packages/airflow/example_dags/example_python_operator.py
[2025-04-06T07:19:29.169+0000] {logging_mixin.py:190} INFO - [2025-04-06T07:19:29.169+0000] {dag.py:3239} INFO - Sync 1 DAGs
[2025-04-06T07:19:29.183+0000] {logging_mixin.py:190} INFO - [2025-04-06T07:19:29.182+0000] {dag.py:4180} INFO - Setting next_dagrun for example_python_operator to None, run_after=None
[2025-04-06T07:19:29.202+0000] {processor.py:208} INFO - Processing /home/airflow/.local/lib/python3.12/site-packages/airflow/example_dags/example_python_operator.py took 0.075 seconds
[2025-04-06T07:19:59.423+0000] {processor.py:186} INFO - Started process (PID=712) to work on /home/airflow/.local/lib/python3.12/site-packages/airflow/example_dags/example_python_operator.py
[2025-04-06T07:19:59.424+0000] {processor.py:914} INFO - Processing file /home/airflow/.local/lib/python3.12/site-packages/airflow/example_dags/example_python_operator.py for tasks to queue
[2025-04-06T07:19:59.426+0000] {logging_mixin.py:190} INFO - [2025-04-06T07:19:59.426+0000] {dagbag.py:588} INFO - Filling up the DagBag from /home/airflow/.local/lib/python3.12/site-packages/airflow/example_dags/example_python_operator.py
[2025-04-06T07:19:59.443+0000] {processor.py:925} INFO - DAG(s) 'example_python_operator' retrieved from /home/airflow/.local/lib/python3.12/site-packages/airflow/example_dags/example_python_operator.py
[2025-04-06T07:19:59.473+0000] {logging_mixin.py:190} INFO - [2025-04-06T07:19:59.473+0000] {dag.py:3239} INFO - Sync 1 DAGs
[2025-04-06T07:19:59.496+0000] {logging_mixin.py:190} INFO - [2025-04-06T07:19:59.495+0000] {dag.py:4180} INFO - Setting next_dagrun for example_python_operator to None, run_after=None
[2025-04-06T07:19:59.535+0000] {processor.py:208} INFO - Processing /home/airflow/.local/lib/python3.12/site-packages/airflow/example_dags/example_python_operator.py took 0.118 seconds
[2025-04-06T07:20:29.894+0000] {processor.py:186} INFO - Started process (PID=775) to work on /home/airflow/.local/lib/python3.12/site-packages/airflow/example_dags/example_python_operator.py
[2025-04-06T07:20:29.895+0000] {processor.py:914} INFO - Processing file /home/airflow/.local/lib/python3.12/site-packages/airflow/example_dags/example_python_operator.py for tasks to queue
[2025-04-06T07:20:29.898+0000] {logging_mixin.py:190} INFO - [2025-04-06T07:20:29.898+0000] {dagbag.py:588} INFO - Filling up the DagBag from /home/airflow/.local/lib/python3.12/site-packages/airflow/example_dags/example_python_operator.py
[2025-04-06T07:20:29.915+0000] {processor.py:925} INFO - DAG(s) 'example_python_operator' retrieved from /home/airflow/.local/lib/python3.12/site-packages/airflow/example_dags/example_python_operator.py
[2025-04-06T07:20:29.941+0000] {logging_mixin.py:190} INFO - [2025-04-06T07:20:29.941+0000] {dag.py:3239} INFO - Sync 1 DAGs
[2025-04-06T07:20:29.958+0000] {logging_mixin.py:190} INFO - [2025-04-06T07:20:29.958+0000] {dag.py:4180} INFO - Setting next_dagrun for example_python_operator to None, run_after=None
[2025-04-06T07:20:29.983+0000] {processor.py:208} INFO - Processing /home/airflow/.local/lib/python3.12/site-packages/airflow/example_dags/example_python_operator.py took 0.095 seconds
[2025-04-06T07:21:00.370+0000] {processor.py:186} INFO - Started process (PID=838) to work on /home/airflow/.local/lib/python3.12/site-packages/airflow/example_dags/example_python_operator.py
[2025-04-06T07:21:00.371+0000] {processor.py:914} INFO - Processing file /home/airflow/.local/lib/python3.12/site-packages/airflow/example_dags/example_python_operator.py for tasks to queue
[2025-04-06T07:21:00.373+0000] {logging_mixin.py:190} INFO - [2025-04-06T07:21:00.373+0000] {dagbag.py:588} INFO - Filling up the DagBag from /home/airflow/.local/lib/python3.12/site-packages/airflow/example_dags/example_python_operator.py
[2025-04-06T07:21:00.385+0000] {processor.py:925} INFO - DAG(s) 'example_python_operator' retrieved from /home/airflow/.local/lib/python3.12/site-packages/airflow/example_dags/example_python_operator.py
[2025-04-06T07:21:00.406+0000] {logging_mixin.py:190} INFO - [2025-04-06T07:21:00.406+0000] {dag.py:3239} INFO - Sync 1 DAGs
[2025-04-06T07:21:00.420+0000] {logging_mixin.py:190} INFO - [2025-04-06T07:21:00.420+0000] {dag.py:4180} INFO - Setting next_dagrun for example_python_operator to None, run_after=None
[2025-04-06T07:21:00.439+0000] {processor.py:208} INFO - Processing /home/airflow/.local/lib/python3.12/site-packages/airflow/example_dags/example_python_operator.py took 0.074 seconds
[2025-04-06T07:21:30.682+0000] {processor.py:186} INFO - Started process (PID=901) to work on /home/airflow/.local/lib/python3.12/site-packages/airflow/example_dags/example_python_operator.py
[2025-04-06T07:21:30.682+0000] {processor.py:914} INFO - Processing file /home/airflow/.local/lib/python3.12/site-packages/airflow/example_dags/example_python_operator.py for tasks to queue
[2025-04-06T07:21:30.684+0000] {logging_mixin.py:190} INFO - [2025-04-06T07:21:30.684+0000] {dagbag.py:588} INFO - Filling up the DagBag from /home/airflow/.local/lib/python3.12/site-packages/airflow/example_dags/example_python_operator.py
[2025-04-06T07:21:30.693+0000] {processor.py:925} INFO - DAG(s) 'example_python_operator' retrieved from /home/airflow/.local/lib/python3.12/site-packages/airflow/example_dags/example_python_operator.py
[2025-04-06T07:21:30.710+0000] {logging_mixin.py:190} INFO - [2025-04-06T07:21:30.709+0000] {dag.py:3239} INFO - Sync 1 DAGs
[2025-04-06T07:21:30.721+0000] {logging_mixin.py:190} INFO - [2025-04-06T07:21:30.721+0000] {dag.py:4180} INFO - Setting next_dagrun for example_python_operator to None, run_after=None
[2025-04-06T07:21:30.736+0000] {processor.py:208} INFO - Processing /home/airflow/.local/lib/python3.12/site-packages/airflow/example_dags/example_python_operator.py took 0.059 seconds
[2025-04-06T07:22:01.508+0000] {processor.py:186} INFO - Started process (PID=964) to work on /home/airflow/.local/lib/python3.12/site-packages/airflow/example_dags/example_python_operator.py
[2025-04-06T07:22:01.509+0000] {processor.py:914} INFO - Processing file /home/airflow/.local/lib/python3.12/site-packages/airflow/example_dags/example_python_operator.py for tasks to queue
[2025-04-06T07:22:01.513+0000] {logging_mixin.py:190} INFO - [2025-04-06T07:22:01.512+0000] {dagbag.py:588} INFO - Filling up the DagBag from /home/airflow/.local/lib/python3.12/site-packages/airflow/example_dags/example_python_operator.py
[2025-04-06T07:22:01.528+0000] {processor.py:925} INFO - DAG(s) 'example_python_operator' retrieved from /home/airflow/.local/lib/python3.12/site-packages/airflow/example_dags/example_python_operator.py
[2025-04-06T07:22:01.558+0000] {logging_mixin.py:190} INFO - [2025-04-06T07:22:01.558+0000] {dag.py:3239} INFO - Sync 1 DAGs
[2025-04-06T07:22:01.576+0000] {logging_mixin.py:190} INFO - [2025-04-06T07:22:01.575+0000] {dag.py:4180} INFO - Setting next_dagrun for example_python_operator to None, run_after=None
[2025-04-06T07:22:01.601+0000] {processor.py:208} INFO - Processing /home/airflow/.local/lib/python3.12/site-packages/airflow/example_dags/example_python_operator.py took 0.101 seconds
[2025-04-06T07:22:32.569+0000] {processor.py:186} INFO - Started process (PID=1033) to work on /home/airflow/.local/lib/python3.12/site-packages/airflow/example_dags/example_python_operator.py
[2025-04-06T07:22:32.570+0000] {processor.py:914} INFO - Processing file /home/airflow/.local/lib/python3.12/site-packages/airflow/example_dags/example_python_operator.py for tasks to queue
[2025-04-06T07:22:32.572+0000] {logging_mixin.py:190} INFO - [2025-04-06T07:22:32.572+0000] {dagbag.py:588} INFO - Filling up the DagBag from /home/airflow/.local/lib/python3.12/site-packages/airflow/example_dags/example_python_operator.py
[2025-04-06T07:22:32.582+0000] {processor.py:925} INFO - DAG(s) 'example_python_operator' retrieved from /home/airflow/.local/lib/python3.12/site-packages/airflow/example_dags/example_python_operator.py
[2025-04-06T07:22:32.599+0000] {logging_mixin.py:190} INFO - [2025-04-06T07:22:32.599+0000] {dag.py:3239} INFO - Sync 1 DAGs
[2025-04-06T07:22:32.612+0000] {logging_mixin.py:190} INFO - [2025-04-06T07:22:32.611+0000] {dag.py:4180} INFO - Setting next_dagrun for example_python_operator to None, run_after=None
[2025-04-06T07:22:32.630+0000] {processor.py:208} INFO - Processing /home/airflow/.local/lib/python3.12/site-packages/airflow/example_dags/example_python_operator.py took 0.066 seconds
[2025-04-06T07:23:02.919+0000] {processor.py:186} INFO - Started process (PID=1096) to work on /home/airflow/.local/lib/python3.12/site-packages/airflow/example_dags/example_python_operator.py
[2025-04-06T07:23:02.920+0000] {processor.py:914} INFO - Processing file /home/airflow/.local/lib/python3.12/site-packages/airflow/example_dags/example_python_operator.py for tasks to queue
[2025-04-06T07:23:02.922+0000] {logging_mixin.py:190} INFO - [2025-04-06T07:23:02.921+0000] {dagbag.py:588} INFO - Filling up the DagBag from /home/airflow/.local/lib/python3.12/site-packages/airflow/example_dags/example_python_operator.py
[2025-04-06T07:23:02.932+0000] {processor.py:925} INFO - DAG(s) 'example_python_operator' retrieved from /home/airflow/.local/lib/python3.12/site-packages/airflow/example_dags/example_python_operator.py
[2025-04-06T07:23:02.950+0000] {logging_mixin.py:190} INFO - [2025-04-06T07:23:02.950+0000] {dag.py:3239} INFO - Sync 1 DAGs
[2025-04-06T07:23:02.962+0000] {logging_mixin.py:190} INFO - [2025-04-06T07:23:02.962+0000] {dag.py:4180} INFO - Setting next_dagrun for example_python_operator to None, run_after=None
[2025-04-06T07:23:02.981+0000] {processor.py:208} INFO - Processing /home/airflow/.local/lib/python3.12/site-packages/airflow/example_dags/example_python_operator.py took 0.066 seconds
[2025-04-06T07:23:33.776+0000] {processor.py:186} INFO - Started process (PID=1159) to work on /home/airflow/.local/lib/python3.12/site-packages/airflow/example_dags/example_python_operator.py
[2025-04-06T07:23:33.777+0000] {processor.py:914} INFO - Processing file /home/airflow/.local/lib/python3.12/site-packages/airflow/example_dags/example_python_operator.py for tasks to queue
[2025-04-06T07:23:33.779+0000] {logging_mixin.py:190} INFO - [2025-04-06T07:23:33.779+0000] {dagbag.py:588} INFO - Filling up the DagBag from /home/airflow/.local/lib/python3.12/site-packages/airflow/example_dags/example_python_operator.py
[2025-04-06T07:23:33.790+0000] {processor.py:925} INFO - DAG(s) 'example_python_operator' retrieved from /home/airflow/.local/lib/python3.12/site-packages/airflow/example_dags/example_python_operator.py
[2025-04-06T07:23:33.813+0000] {logging_mixin.py:190} INFO - [2025-04-06T07:23:33.813+0000] {dag.py:3239} INFO - Sync 1 DAGs
[2025-04-06T07:23:33.828+0000] {logging_mixin.py:190} INFO - [2025-04-06T07:23:33.828+0000] {dag.py:4180} INFO - Setting next_dagrun for example_python_operator to None, run_after=None
[2025-04-06T07:23:33.849+0000] {processor.py:208} INFO - Processing /home/airflow/.local/lib/python3.12/site-packages/airflow/example_dags/example_python_operator.py took 0.079 seconds
[2025-04-06T07:24:04.396+0000] {processor.py:186} INFO - Started process (PID=1222) to work on /home/airflow/.local/lib/python3.12/site-packages/airflow/example_dags/example_python_operator.py
[2025-04-06T07:24:04.397+0000] {processor.py:914} INFO - Processing file /home/airflow/.local/lib/python3.12/site-packages/airflow/example_dags/example_python_operator.py for tasks to queue
[2025-04-06T07:24:04.398+0000] {logging_mixin.py:190} INFO - [2025-04-06T07:24:04.398+0000] {dagbag.py:588} INFO - Filling up the DagBag from /home/airflow/.local/lib/python3.12/site-packages/airflow/example_dags/example_python_operator.py
[2025-04-06T07:24:04.408+0000] {processor.py:925} INFO - DAG(s) 'example_python_operator' retrieved from /home/airflow/.local/lib/python3.12/site-packages/airflow/example_dags/example_python_operator.py
[2025-04-06T07:24:04.425+0000] {logging_mixin.py:190} INFO - [2025-04-06T07:24:04.425+0000] {dag.py:3239} INFO - Sync 1 DAGs
[2025-04-06T07:24:04.436+0000] {logging_mixin.py:190} INFO - [2025-04-06T07:24:04.436+0000] {dag.py:4180} INFO - Setting next_dagrun for example_python_operator to None, run_after=None
[2025-04-06T07:24:04.453+0000] {processor.py:208} INFO - Processing /home/airflow/.local/lib/python3.12/site-packages/airflow/example_dags/example_python_operator.py took 0.062 seconds
[2025-04-06T07:24:34.700+0000] {processor.py:186} INFO - Started process (PID=1285) to work on /home/airflow/.local/lib/python3.12/site-packages/airflow/example_dags/example_python_operator.py
[2025-04-06T07:24:34.701+0000] {processor.py:914} INFO - Processing file /home/airflow/.local/lib/python3.12/site-packages/airflow/example_dags/example_python_operator.py for tasks to queue
[2025-04-06T07:24:34.703+0000] {logging_mixin.py:190} INFO - [2025-04-06T07:24:34.703+0000] {dagbag.py:588} INFO - Filling up the DagBag from /home/airflow/.local/lib/python3.12/site-packages/airflow/example_dags/example_python_operator.py
[2025-04-06T07:24:34.712+0000] {processor.py:925} INFO - DAG(s) 'example_python_operator' retrieved from /home/airflow/.local/lib/python3.12/site-packages/airflow/example_dags/example_python_operator.py
[2025-04-06T07:24:34.729+0000] {logging_mixin.py:190} INFO - [2025-04-06T07:24:34.729+0000] {dag.py:3239} INFO - Sync 1 DAGs
[2025-04-06T07:24:34.740+0000] {logging_mixin.py:190} INFO - [2025-04-06T07:24:34.739+0000] {dag.py:4180} INFO - Setting next_dagrun for example_python_operator to None, run_after=None
[2025-04-06T07:24:34.755+0000] {processor.py:208} INFO - Processing /home/airflow/.local/lib/python3.12/site-packages/airflow/example_dags/example_python_operator.py took 0.059 seconds
[2025-04-06T07:25:05.142+0000] {processor.py:186} INFO - Started process (PID=1349) to work on /home/airflow/.local/lib/python3.12/site-packages/airflow/example_dags/example_python_operator.py
[2025-04-06T07:25:05.142+0000] {processor.py:914} INFO - Processing file /home/airflow/.local/lib/python3.12/site-packages/airflow/example_dags/example_python_operator.py for tasks to queue
[2025-04-06T07:25:05.144+0000] {logging_mixin.py:190} INFO - [2025-04-06T07:25:05.144+0000] {dagbag.py:588} INFO - Filling up the DagBag from /home/airflow/.local/lib/python3.12/site-packages/airflow/example_dags/example_python_operator.py
[2025-04-06T07:25:05.153+0000] {processor.py:925} INFO - DAG(s) 'example_python_operator' retrieved from /home/airflow/.local/lib/python3.12/site-packages/airflow/example_dags/example_python_operator.py
[2025-04-06T07:25:05.169+0000] {logging_mixin.py:190} INFO - [2025-04-06T07:25:05.169+0000] {dag.py:3239} INFO - Sync 1 DAGs
[2025-04-06T07:25:05.181+0000] {logging_mixin.py:190} INFO - [2025-04-06T07:25:05.181+0000] {dag.py:4180} INFO - Setting next_dagrun for example_python_operator to None, run_after=None
[2025-04-06T07:25:05.198+0000] {processor.py:208} INFO - Processing /home/airflow/.local/lib/python3.12/site-packages/airflow/example_dags/example_python_operator.py took 0.061 seconds
[2025-04-06T07:25:35.636+0000] {processor.py:186} INFO - Started process (PID=1414) to work on /home/airflow/.local/lib/python3.12/site-packages/airflow/example_dags/example_python_operator.py
[2025-04-06T07:25:35.637+0000] {processor.py:914} INFO - Processing file /home/airflow/.local/lib/python3.12/site-packages/airflow/example_dags/example_python_operator.py for tasks to queue
[2025-04-06T07:25:35.639+0000] {logging_mixin.py:190} INFO - [2025-04-06T07:25:35.639+0000] {dagbag.py:588} INFO - Filling up the DagBag from /home/airflow/.local/lib/python3.12/site-packages/airflow/example_dags/example_python_operator.py
[2025-04-06T07:25:35.649+0000] {processor.py:925} INFO - DAG(s) 'example_python_operator' retrieved from /home/airflow/.local/lib/python3.12/site-packages/airflow/example_dags/example_python_operator.py
[2025-04-06T07:25:35.666+0000] {logging_mixin.py:190} INFO - [2025-04-06T07:25:35.666+0000] {dag.py:3239} INFO - Sync 1 DAGs
[2025-04-06T07:25:35.678+0000] {logging_mixin.py:190} INFO - [2025-04-06T07:25:35.678+0000] {dag.py:4180} INFO - Setting next_dagrun for example_python_operator to None, run_after=None
[2025-04-06T07:25:35.697+0000] {processor.py:208} INFO - Processing /home/airflow/.local/lib/python3.12/site-packages/airflow/example_dags/example_python_operator.py took 0.066 seconds
[2025-04-06T07:26:05.948+0000] {processor.py:186} INFO - Started process (PID=1478) to work on /home/airflow/.local/lib/python3.12/site-packages/airflow/example_dags/example_python_operator.py
[2025-04-06T07:26:05.949+0000] {processor.py:914} INFO - Processing file /home/airflow/.local/lib/python3.12/site-packages/airflow/example_dags/example_python_operator.py for tasks to queue
[2025-04-06T07:26:05.951+0000] {logging_mixin.py:190} INFO - [2025-04-06T07:26:05.951+0000] {dagbag.py:588} INFO - Filling up the DagBag from /home/airflow/.local/lib/python3.12/site-packages/airflow/example_dags/example_python_operator.py
[2025-04-06T07:26:05.961+0000] {processor.py:925} INFO - DAG(s) 'example_python_operator' retrieved from /home/airflow/.local/lib/python3.12/site-packages/airflow/example_dags/example_python_operator.py
[2025-04-06T07:26:05.980+0000] {logging_mixin.py:190} INFO - [2025-04-06T07:26:05.979+0000] {dag.py:3239} INFO - Sync 1 DAGs
[2025-04-06T07:26:05.992+0000] {logging_mixin.py:190} INFO - [2025-04-06T07:26:05.992+0000] {dag.py:4180} INFO - Setting next_dagrun for example_python_operator to None, run_after=None
[2025-04-06T07:26:06.010+0000] {processor.py:208} INFO - Processing /home/airflow/.local/lib/python3.12/site-packages/airflow/example_dags/example_python_operator.py took 0.067 seconds
[2025-04-06T07:26:36.249+0000] {processor.py:186} INFO - Started process (PID=1542) to work on /home/airflow/.local/lib/python3.12/site-packages/airflow/example_dags/example_python_operator.py
[2025-04-06T07:26:36.250+0000] {processor.py:914} INFO - Processing file /home/airflow/.local/lib/python3.12/site-packages/airflow/example_dags/example_python_operator.py for tasks to queue
[2025-04-06T07:26:36.252+0000] {logging_mixin.py:190} INFO - [2025-04-06T07:26:36.252+0000] {dagbag.py:588} INFO - Filling up the DagBag from /home/airflow/.local/lib/python3.12/site-packages/airflow/example_dags/example_python_operator.py
[2025-04-06T07:26:36.261+0000] {processor.py:925} INFO - DAG(s) 'example_python_operator' retrieved from /home/airflow/.local/lib/python3.12/site-packages/airflow/example_dags/example_python_operator.py
[2025-04-06T07:26:36.277+0000] {logging_mixin.py:190} INFO - [2025-04-06T07:26:36.277+0000] {dag.py:3239} INFO - Sync 1 DAGs
[2025-04-06T07:26:36.288+0000] {logging_mixin.py:190} INFO - [2025-04-06T07:26:36.288+0000] {dag.py:4180} INFO - Setting next_dagrun for example_python_operator to None, run_after=None
[2025-04-06T07:26:36.306+0000] {processor.py:208} INFO - Processing /home/airflow/.local/lib/python3.12/site-packages/airflow/example_dags/example_python_operator.py took 0.062 seconds
[2025-04-06T07:27:07.242+0000] {processor.py:186} INFO - Started process (PID=1609) to work on /home/airflow/.local/lib/python3.12/site-packages/airflow/example_dags/example_python_operator.py
[2025-04-06T07:27:07.243+0000] {processor.py:914} INFO - Processing file /home/airflow/.local/lib/python3.12/site-packages/airflow/example_dags/example_python_operator.py for tasks to queue
[2025-04-06T07:27:07.245+0000] {logging_mixin.py:190} INFO - [2025-04-06T07:27:07.245+0000] {dagbag.py:588} INFO - Filling up the DagBag from /home/airflow/.local/lib/python3.12/site-packages/airflow/example_dags/example_python_operator.py
[2025-04-06T07:27:07.256+0000] {processor.py:925} INFO - DAG(s) 'example_python_operator' retrieved from /home/airflow/.local/lib/python3.12/site-packages/airflow/example_dags/example_python_operator.py
[2025-04-06T07:27:07.274+0000] {logging_mixin.py:190} INFO - [2025-04-06T07:27:07.274+0000] {dag.py:3239} INFO - Sync 1 DAGs
[2025-04-06T07:27:07.288+0000] {logging_mixin.py:190} INFO - [2025-04-06T07:27:07.287+0000] {dag.py:4180} INFO - Setting next_dagrun for example_python_operator to None, run_after=None
[2025-04-06T07:27:07.306+0000] {processor.py:208} INFO - Processing /home/airflow/.local/lib/python3.12/site-packages/airflow/example_dags/example_python_operator.py took 0.071 seconds
[2025-04-06T07:27:37.368+0000] {processor.py:186} INFO - Started process (PID=1673) to work on /home/airflow/.local/lib/python3.12/site-packages/airflow/example_dags/example_python_operator.py
[2025-04-06T07:27:37.369+0000] {processor.py:914} INFO - Processing file /home/airflow/.local/lib/python3.12/site-packages/airflow/example_dags/example_python_operator.py for tasks to queue
[2025-04-06T07:27:37.371+0000] {logging_mixin.py:190} INFO - [2025-04-06T07:27:37.371+0000] {dagbag.py:588} INFO - Filling up the DagBag from /home/airflow/.local/lib/python3.12/site-packages/airflow/example_dags/example_python_operator.py
[2025-04-06T07:27:37.381+0000] {processor.py:925} INFO - DAG(s) 'example_python_operator' retrieved from /home/airflow/.local/lib/python3.12/site-packages/airflow/example_dags/example_python_operator.py
[2025-04-06T07:27:37.400+0000] {logging_mixin.py:190} INFO - [2025-04-06T07:27:37.399+0000] {dag.py:3239} INFO - Sync 1 DAGs
[2025-04-06T07:27:37.412+0000] {logging_mixin.py:190} INFO - [2025-04-06T07:27:37.411+0000] {dag.py:4180} INFO - Setting next_dagrun for example_python_operator to None, run_after=None
[2025-04-06T07:27:37.431+0000] {processor.py:208} INFO - Processing /home/airflow/.local/lib/python3.12/site-packages/airflow/example_dags/example_python_operator.py took 0.069 seconds
[2025-04-06T07:28:07.507+0000] {processor.py:186} INFO - Started process (PID=1737) to work on /home/airflow/.local/lib/python3.12/site-packages/airflow/example_dags/example_python_operator.py
[2025-04-06T07:28:07.508+0000] {processor.py:914} INFO - Processing file /home/airflow/.local/lib/python3.12/site-packages/airflow/example_dags/example_python_operator.py for tasks to queue
[2025-04-06T07:28:07.510+0000] {logging_mixin.py:190} INFO - [2025-04-06T07:28:07.509+0000] {dagbag.py:588} INFO - Filling up the DagBag from /home/airflow/.local/lib/python3.12/site-packages/airflow/example_dags/example_python_operator.py
[2025-04-06T07:28:07.520+0000] {processor.py:925} INFO - DAG(s) 'example_python_operator' retrieved from /home/airflow/.local/lib/python3.12/site-packages/airflow/example_dags/example_python_operator.py
[2025-04-06T07:28:07.538+0000] {logging_mixin.py:190} INFO - [2025-04-06T07:28:07.538+0000] {dag.py:3239} INFO - Sync 1 DAGs
[2025-04-06T07:28:07.551+0000] {logging_mixin.py:190} INFO - [2025-04-06T07:28:07.551+0000] {dag.py:4180} INFO - Setting next_dagrun for example_python_operator to None, run_after=None
[2025-04-06T07:28:07.570+0000] {processor.py:208} INFO - Processing /home/airflow/.local/lib/python3.12/site-packages/airflow/example_dags/example_python_operator.py took 0.068 seconds
[2025-04-06T07:28:38.015+0000] {processor.py:186} INFO - Started process (PID=1801) to work on /home/airflow/.local/lib/python3.12/site-packages/airflow/example_dags/example_python_operator.py
[2025-04-06T07:28:38.016+0000] {processor.py:914} INFO - Processing file /home/airflow/.local/lib/python3.12/site-packages/airflow/example_dags/example_python_operator.py for tasks to queue
[2025-04-06T07:28:38.017+0000] {logging_mixin.py:190} INFO - [2025-04-06T07:28:38.017+0000] {dagbag.py:588} INFO - Filling up the DagBag from /home/airflow/.local/lib/python3.12/site-packages/airflow/example_dags/example_python_operator.py
[2025-04-06T07:28:38.026+0000] {processor.py:925} INFO - DAG(s) 'example_python_operator' retrieved from /home/airflow/.local/lib/python3.12/site-packages/airflow/example_dags/example_python_operator.py
[2025-04-06T07:28:38.042+0000] {logging_mixin.py:190} INFO - [2025-04-06T07:28:38.042+0000] {dag.py:3239} INFO - Sync 1 DAGs
[2025-04-06T07:28:38.054+0000] {logging_mixin.py:190} INFO - [2025-04-06T07:28:38.054+0000] {dag.py:4180} INFO - Setting next_dagrun for example_python_operator to None, run_after=None
[2025-04-06T07:28:38.070+0000] {processor.py:208} INFO - Processing /home/airflow/.local/lib/python3.12/site-packages/airflow/example_dags/example_python_operator.py took 0.059 seconds
[2025-04-06T07:29:08.260+0000] {processor.py:186} INFO - Started process (PID=1865) to work on /home/airflow/.local/lib/python3.12/site-packages/airflow/example_dags/example_python_operator.py
[2025-04-06T07:29:08.261+0000] {processor.py:914} INFO - Processing file /home/airflow/.local/lib/python3.12/site-packages/airflow/example_dags/example_python_operator.py for tasks to queue
[2025-04-06T07:29:08.263+0000] {logging_mixin.py:190} INFO - [2025-04-06T07:29:08.263+0000] {dagbag.py:588} INFO - Filling up the DagBag from /home/airflow/.local/lib/python3.12/site-packages/airflow/example_dags/example_python_operator.py
[2025-04-06T07:29:08.272+0000] {processor.py:925} INFO - DAG(s) 'example_python_operator' retrieved from /home/airflow/.local/lib/python3.12/site-packages/airflow/example_dags/example_python_operator.py
[2025-04-06T07:29:08.289+0000] {logging_mixin.py:190} INFO - [2025-04-06T07:29:08.289+0000] {dag.py:3239} INFO - Sync 1 DAGs
[2025-04-06T07:29:08.301+0000] {logging_mixin.py:190} INFO - [2025-04-06T07:29:08.301+0000] {dag.py:4180} INFO - Setting next_dagrun for example_python_operator to None, run_after=None
[2025-04-06T07:29:08.318+0000] {processor.py:208} INFO - Processing /home/airflow/.local/lib/python3.12/site-packages/airflow/example_dags/example_python_operator.py took 0.062 seconds
[2025-04-06T07:29:38.517+0000] {processor.py:186} INFO - Started process (PID=1929) to work on /home/airflow/.local/lib/python3.12/site-packages/airflow/example_dags/example_python_operator.py
[2025-04-06T07:29:38.518+0000] {processor.py:914} INFO - Processing file /home/airflow/.local/lib/python3.12/site-packages/airflow/example_dags/example_python_operator.py for tasks to queue
[2025-04-06T07:29:38.519+0000] {logging_mixin.py:190} INFO - [2025-04-06T07:29:38.519+0000] {dagbag.py:588} INFO - Filling up the DagBag from /home/airflow/.local/lib/python3.12/site-packages/airflow/example_dags/example_python_operator.py
[2025-04-06T07:29:38.529+0000] {processor.py:925} INFO - DAG(s) 'example_python_operator' retrieved from /home/airflow/.local/lib/python3.12/site-packages/airflow/example_dags/example_python_operator.py
[2025-04-06T07:29:38.547+0000] {logging_mixin.py:190} INFO - [2025-04-06T07:29:38.546+0000] {dag.py:3239} INFO - Sync 1 DAGs
[2025-04-06T07:29:38.559+0000] {logging_mixin.py:190} INFO - [2025-04-06T07:29:38.559+0000] {dag.py:4180} INFO - Setting next_dagrun for example_python_operator to None, run_after=None
[2025-04-06T07:29:38.588+0000] {processor.py:208} INFO - Processing /home/airflow/.local/lib/python3.12/site-packages/airflow/example_dags/example_python_operator.py took 0.076 seconds
[2025-04-06T07:30:08.894+0000] {processor.py:186} INFO - Started process (PID=1993) to work on /home/airflow/.local/lib/python3.12/site-packages/airflow/example_dags/example_python_operator.py
[2025-04-06T07:30:08.895+0000] {processor.py:914} INFO - Processing file /home/airflow/.local/lib/python3.12/site-packages/airflow/example_dags/example_python_operator.py for tasks to queue
[2025-04-06T07:30:08.897+0000] {logging_mixin.py:190} INFO - [2025-04-06T07:30:08.896+0000] {dagbag.py:588} INFO - Filling up the DagBag from /home/airflow/.local/lib/python3.12/site-packages/airflow/example_dags/example_python_operator.py
[2025-04-06T07:30:08.905+0000] {processor.py:925} INFO - DAG(s) 'example_python_operator' retrieved from /home/airflow/.local/lib/python3.12/site-packages/airflow/example_dags/example_python_operator.py
[2025-04-06T07:30:08.921+0000] {logging_mixin.py:190} INFO - [2025-04-06T07:30:08.921+0000] {dag.py:3239} INFO - Sync 1 DAGs
[2025-04-06T07:30:08.933+0000] {logging_mixin.py:190} INFO - [2025-04-06T07:30:08.933+0000] {dag.py:4180} INFO - Setting next_dagrun for example_python_operator to None, run_after=None
[2025-04-06T07:30:08.950+0000] {processor.py:208} INFO - Processing /home/airflow/.local/lib/python3.12/site-packages/airflow/example_dags/example_python_operator.py took 0.060 seconds
