[2025-04-06T07:15:00.649+0000] {processor.py:186} INFO - Started process (PID=107) to work on /home/airflow/.local/lib/python3.12/site-packages/airflow/example_dags/example_task_group.py
[2025-04-06T07:15:00.650+0000] {processor.py:914} INFO - Processing file /home/airflow/.local/lib/python3.12/site-packages/airflow/example_dags/example_task_group.py for tasks to queue
[2025-04-06T07:15:00.654+0000] {logging_mixin.py:190} INFO - [2025-04-06T07:15:00.653+0000] {dagbag.py:588} INFO - Filling up the DagBag from /home/airflow/.local/lib/python3.12/site-packages/airflow/example_dags/example_task_group.py
[2025-04-06T07:15:00.667+0000] {processor.py:925} INFO - DAG(s) 'example_task_group' retrieved from /home/airflow/.local/lib/python3.12/site-packages/airflow/example_dags/example_task_group.py
[2025-04-06T07:15:00.818+0000] {logging_mixin.py:190} INFO - [2025-04-06T07:15:00.817+0000] {override.py:1912} INFO - Created Permission View: can edit on DAG:example_task_group
[2025-04-06T07:15:00.835+0000] {logging_mixin.py:190} INFO - [2025-04-06T07:15:00.834+0000] {override.py:1912} INFO - Created Permission View: can delete on DAG:example_task_group
[2025-04-06T07:15:00.845+0000] {logging_mixin.py:190} INFO - [2025-04-06T07:15:00.845+0000] {override.py:1912} INFO - Created Permission View: can read on DAG:example_task_group
[2025-04-06T07:15:00.858+0000] {logging_mixin.py:190} INFO - [2025-04-06T07:15:00.857+0000] {override.py:1912} INFO - Created Permission View: can delete on DAG Run:example_task_group
[2025-04-06T07:15:00.869+0000] {logging_mixin.py:190} INFO - [2025-04-06T07:15:00.868+0000] {override.py:1912} INFO - Created Permission View: can create on DAG Run:example_task_group
[2025-04-06T07:15:00.880+0000] {logging_mixin.py:190} INFO - [2025-04-06T07:15:00.879+0000] {override.py:1912} INFO - Created Permission View: can read on DAG Run:example_task_group
[2025-04-06T07:15:00.892+0000] {logging_mixin.py:190} INFO - [2025-04-06T07:15:00.891+0000] {override.py:1912} INFO - Created Permission View: menu access on DAG Run:example_task_group
[2025-04-06T07:15:00.893+0000] {logging_mixin.py:190} INFO - [2025-04-06T07:15:00.892+0000] {dag.py:3239} INFO - Sync 1 DAGs
[2025-04-06T07:15:00.910+0000] {logging_mixin.py:190} INFO - [2025-04-06T07:15:00.910+0000] {dag.py:3262} INFO - Creating ORM DAG for example_task_group
[2025-04-06T07:15:00.912+0000] {logging_mixin.py:190} INFO - [2025-04-06T07:15:00.911+0000] {dag.py:4180} INFO - Setting next_dagrun for example_task_group to None, run_after=None
[2025-04-06T07:15:00.936+0000] {processor.py:208} INFO - Processing /home/airflow/.local/lib/python3.12/site-packages/airflow/example_dags/example_task_group.py took 0.294 seconds
[2025-04-06T07:15:31.127+0000] {processor.py:186} INFO - Started process (PID=169) to work on /home/airflow/.local/lib/python3.12/site-packages/airflow/example_dags/example_task_group.py
[2025-04-06T07:15:31.128+0000] {processor.py:914} INFO - Processing file /home/airflow/.local/lib/python3.12/site-packages/airflow/example_dags/example_task_group.py for tasks to queue
[2025-04-06T07:15:31.131+0000] {logging_mixin.py:190} INFO - [2025-04-06T07:15:31.130+0000] {dagbag.py:588} INFO - Filling up the DagBag from /home/airflow/.local/lib/python3.12/site-packages/airflow/example_dags/example_task_group.py
[2025-04-06T07:15:31.139+0000] {processor.py:925} INFO - DAG(s) 'example_task_group' retrieved from /home/airflow/.local/lib/python3.12/site-packages/airflow/example_dags/example_task_group.py
[2025-04-06T07:15:31.160+0000] {logging_mixin.py:190} INFO - [2025-04-06T07:15:31.159+0000] {dag.py:3239} INFO - Sync 1 DAGs
[2025-04-06T07:15:31.174+0000] {logging_mixin.py:190} INFO - [2025-04-06T07:15:31.174+0000] {dag.py:4180} INFO - Setting next_dagrun for example_task_group to None, run_after=None
[2025-04-06T07:15:31.194+0000] {processor.py:208} INFO - Processing /home/airflow/.local/lib/python3.12/site-packages/airflow/example_dags/example_task_group.py took 0.072 seconds
[2025-04-06T07:16:01.579+0000] {processor.py:186} INFO - Started process (PID=238) to work on /home/airflow/.local/lib/python3.12/site-packages/airflow/example_dags/example_task_group.py
[2025-04-06T07:16:01.581+0000] {processor.py:914} INFO - Processing file /home/airflow/.local/lib/python3.12/site-packages/airflow/example_dags/example_task_group.py for tasks to queue
[2025-04-06T07:16:01.583+0000] {logging_mixin.py:190} INFO - [2025-04-06T07:16:01.583+0000] {dagbag.py:588} INFO - Filling up the DagBag from /home/airflow/.local/lib/python3.12/site-packages/airflow/example_dags/example_task_group.py
[2025-04-06T07:16:01.592+0000] {processor.py:925} INFO - DAG(s) 'example_task_group' retrieved from /home/airflow/.local/lib/python3.12/site-packages/airflow/example_dags/example_task_group.py
[2025-04-06T07:16:01.613+0000] {logging_mixin.py:190} INFO - [2025-04-06T07:16:01.613+0000] {dag.py:3239} INFO - Sync 1 DAGs
[2025-04-06T07:16:01.628+0000] {logging_mixin.py:190} INFO - [2025-04-06T07:16:01.627+0000] {dag.py:4180} INFO - Setting next_dagrun for example_task_group to None, run_after=None
[2025-04-06T07:16:01.647+0000] {processor.py:208} INFO - Processing /home/airflow/.local/lib/python3.12/site-packages/airflow/example_dags/example_task_group.py took 0.073 seconds
[2025-04-06T07:16:32.041+0000] {processor.py:186} INFO - Started process (PID=301) to work on /home/airflow/.local/lib/python3.12/site-packages/airflow/example_dags/example_task_group.py
[2025-04-06T07:16:32.042+0000] {processor.py:914} INFO - Processing file /home/airflow/.local/lib/python3.12/site-packages/airflow/example_dags/example_task_group.py for tasks to queue
[2025-04-06T07:16:32.045+0000] {logging_mixin.py:190} INFO - [2025-04-06T07:16:32.045+0000] {dagbag.py:588} INFO - Filling up the DagBag from /home/airflow/.local/lib/python3.12/site-packages/airflow/example_dags/example_task_group.py
[2025-04-06T07:16:32.054+0000] {processor.py:925} INFO - DAG(s) 'example_task_group' retrieved from /home/airflow/.local/lib/python3.12/site-packages/airflow/example_dags/example_task_group.py
[2025-04-06T07:16:32.106+0000] {logging_mixin.py:190} INFO - [2025-04-06T07:16:32.106+0000] {dag.py:3239} INFO - Sync 1 DAGs
[2025-04-06T07:16:32.138+0000] {logging_mixin.py:190} INFO - [2025-04-06T07:16:32.138+0000] {dag.py:4180} INFO - Setting next_dagrun for example_task_group to None, run_after=None
[2025-04-06T07:16:32.173+0000] {processor.py:208} INFO - Processing /home/airflow/.local/lib/python3.12/site-packages/airflow/example_dags/example_task_group.py took 0.138 seconds
[2025-04-06T07:17:02.866+0000] {processor.py:186} INFO - Started process (PID=364) to work on /home/airflow/.local/lib/python3.12/site-packages/airflow/example_dags/example_task_group.py
[2025-04-06T07:17:02.867+0000] {processor.py:914} INFO - Processing file /home/airflow/.local/lib/python3.12/site-packages/airflow/example_dags/example_task_group.py for tasks to queue
[2025-04-06T07:17:02.871+0000] {logging_mixin.py:190} INFO - [2025-04-06T07:17:02.870+0000] {dagbag.py:588} INFO - Filling up the DagBag from /home/airflow/.local/lib/python3.12/site-packages/airflow/example_dags/example_task_group.py
[2025-04-06T07:17:02.882+0000] {processor.py:925} INFO - DAG(s) 'example_task_group' retrieved from /home/airflow/.local/lib/python3.12/site-packages/airflow/example_dags/example_task_group.py
[2025-04-06T07:17:02.911+0000] {logging_mixin.py:190} INFO - [2025-04-06T07:17:02.910+0000] {dag.py:3239} INFO - Sync 1 DAGs
[2025-04-06T07:17:02.937+0000] {logging_mixin.py:190} INFO - [2025-04-06T07:17:02.936+0000] {dag.py:4180} INFO - Setting next_dagrun for example_task_group to None, run_after=None
[2025-04-06T07:17:02.977+0000] {processor.py:208} INFO - Processing /home/airflow/.local/lib/python3.12/site-packages/airflow/example_dags/example_task_group.py took 0.119 seconds
[2025-04-06T07:17:33.565+0000] {processor.py:186} INFO - Started process (PID=427) to work on /home/airflow/.local/lib/python3.12/site-packages/airflow/example_dags/example_task_group.py
[2025-04-06T07:17:33.566+0000] {processor.py:914} INFO - Processing file /home/airflow/.local/lib/python3.12/site-packages/airflow/example_dags/example_task_group.py for tasks to queue
[2025-04-06T07:17:33.572+0000] {logging_mixin.py:190} INFO - [2025-04-06T07:17:33.571+0000] {dagbag.py:588} INFO - Filling up the DagBag from /home/airflow/.local/lib/python3.12/site-packages/airflow/example_dags/example_task_group.py
[2025-04-06T07:17:33.583+0000] {processor.py:925} INFO - DAG(s) 'example_task_group' retrieved from /home/airflow/.local/lib/python3.12/site-packages/airflow/example_dags/example_task_group.py
[2025-04-06T07:17:33.609+0000] {logging_mixin.py:190} INFO - [2025-04-06T07:17:33.609+0000] {dag.py:3239} INFO - Sync 1 DAGs
[2025-04-06T07:17:33.626+0000] {logging_mixin.py:190} INFO - [2025-04-06T07:17:33.625+0000] {dag.py:4180} INFO - Setting next_dagrun for example_task_group to None, run_after=None
[2025-04-06T07:17:33.651+0000] {processor.py:208} INFO - Processing /home/airflow/.local/lib/python3.12/site-packages/airflow/example_dags/example_task_group.py took 0.093 seconds
[2025-04-06T07:18:05.212+0000] {processor.py:186} INFO - Started process (PID=490) to work on /home/airflow/.local/lib/python3.12/site-packages/airflow/example_dags/example_task_group.py
[2025-04-06T07:18:05.214+0000] {processor.py:914} INFO - Processing file /home/airflow/.local/lib/python3.12/site-packages/airflow/example_dags/example_task_group.py for tasks to queue
[2025-04-06T07:18:05.218+0000] {logging_mixin.py:190} INFO - [2025-04-06T07:18:05.217+0000] {dagbag.py:588} INFO - Filling up the DagBag from /home/airflow/.local/lib/python3.12/site-packages/airflow/example_dags/example_task_group.py
[2025-04-06T07:18:05.238+0000] {processor.py:925} INFO - DAG(s) 'example_task_group' retrieved from /home/airflow/.local/lib/python3.12/site-packages/airflow/example_dags/example_task_group.py
[2025-04-06T07:18:05.276+0000] {logging_mixin.py:190} INFO - [2025-04-06T07:18:05.275+0000] {dag.py:3239} INFO - Sync 1 DAGs
[2025-04-06T07:18:05.303+0000] {logging_mixin.py:190} INFO - [2025-04-06T07:18:05.303+0000] {dag.py:4180} INFO - Setting next_dagrun for example_task_group to None, run_after=None
[2025-04-06T07:18:05.336+0000] {processor.py:208} INFO - Processing /home/airflow/.local/lib/python3.12/site-packages/airflow/example_dags/example_task_group.py took 0.140 seconds
[2025-04-06T07:18:35.707+0000] {processor.py:186} INFO - Started process (PID=552) to work on /home/airflow/.local/lib/python3.12/site-packages/airflow/example_dags/example_task_group.py
[2025-04-06T07:18:35.709+0000] {processor.py:914} INFO - Processing file /home/airflow/.local/lib/python3.12/site-packages/airflow/example_dags/example_task_group.py for tasks to queue
[2025-04-06T07:18:35.712+0000] {logging_mixin.py:190} INFO - [2025-04-06T07:18:35.711+0000] {dagbag.py:588} INFO - Filling up the DagBag from /home/airflow/.local/lib/python3.12/site-packages/airflow/example_dags/example_task_group.py
[2025-04-06T07:18:35.723+0000] {processor.py:925} INFO - DAG(s) 'example_task_group' retrieved from /home/airflow/.local/lib/python3.12/site-packages/airflow/example_dags/example_task_group.py
[2025-04-06T07:18:35.752+0000] {logging_mixin.py:190} INFO - [2025-04-06T07:18:35.752+0000] {dag.py:3239} INFO - Sync 1 DAGs
[2025-04-06T07:18:35.772+0000] {logging_mixin.py:190} INFO - [2025-04-06T07:18:35.771+0000] {dag.py:4180} INFO - Setting next_dagrun for example_task_group to None, run_after=None
[2025-04-06T07:18:35.797+0000] {processor.py:208} INFO - Processing /home/airflow/.local/lib/python3.12/site-packages/airflow/example_dags/example_task_group.py took 0.099 seconds
[2025-04-06T07:19:06.573+0000] {processor.py:186} INFO - Started process (PID=615) to work on /home/airflow/.local/lib/python3.12/site-packages/airflow/example_dags/example_task_group.py
[2025-04-06T07:19:06.575+0000] {processor.py:914} INFO - Processing file /home/airflow/.local/lib/python3.12/site-packages/airflow/example_dags/example_task_group.py for tasks to queue
[2025-04-06T07:19:06.578+0000] {logging_mixin.py:190} INFO - [2025-04-06T07:19:06.578+0000] {dagbag.py:588} INFO - Filling up the DagBag from /home/airflow/.local/lib/python3.12/site-packages/airflow/example_dags/example_task_group.py
[2025-04-06T07:19:06.588+0000] {processor.py:925} INFO - DAG(s) 'example_task_group' retrieved from /home/airflow/.local/lib/python3.12/site-packages/airflow/example_dags/example_task_group.py
[2025-04-06T07:19:06.613+0000] {logging_mixin.py:190} INFO - [2025-04-06T07:19:06.613+0000] {dag.py:3239} INFO - Sync 1 DAGs
[2025-04-06T07:19:06.633+0000] {logging_mixin.py:190} INFO - [2025-04-06T07:19:06.633+0000] {dag.py:4180} INFO - Setting next_dagrun for example_task_group to None, run_after=None
[2025-04-06T07:19:06.659+0000] {processor.py:208} INFO - Processing /home/airflow/.local/lib/python3.12/site-packages/airflow/example_dags/example_task_group.py took 0.094 seconds
[2025-04-06T07:19:37.195+0000] {processor.py:186} INFO - Started process (PID=678) to work on /home/airflow/.local/lib/python3.12/site-packages/airflow/example_dags/example_task_group.py
[2025-04-06T07:19:37.196+0000] {processor.py:914} INFO - Processing file /home/airflow/.local/lib/python3.12/site-packages/airflow/example_dags/example_task_group.py for tasks to queue
[2025-04-06T07:19:37.200+0000] {logging_mixin.py:190} INFO - [2025-04-06T07:19:37.199+0000] {dagbag.py:588} INFO - Filling up the DagBag from /home/airflow/.local/lib/python3.12/site-packages/airflow/example_dags/example_task_group.py
[2025-04-06T07:19:37.209+0000] {processor.py:925} INFO - DAG(s) 'example_task_group' retrieved from /home/airflow/.local/lib/python3.12/site-packages/airflow/example_dags/example_task_group.py
[2025-04-06T07:19:37.233+0000] {logging_mixin.py:190} INFO - [2025-04-06T07:19:37.233+0000] {dag.py:3239} INFO - Sync 1 DAGs
[2025-04-06T07:19:37.251+0000] {logging_mixin.py:190} INFO - [2025-04-06T07:19:37.250+0000] {dag.py:4180} INFO - Setting next_dagrun for example_task_group to None, run_after=None
[2025-04-06T07:19:37.275+0000] {processor.py:208} INFO - Processing /home/airflow/.local/lib/python3.12/site-packages/airflow/example_dags/example_task_group.py took 0.086 seconds
[2025-04-06T07:20:07.789+0000] {processor.py:186} INFO - Started process (PID=741) to work on /home/airflow/.local/lib/python3.12/site-packages/airflow/example_dags/example_task_group.py
[2025-04-06T07:20:07.790+0000] {processor.py:914} INFO - Processing file /home/airflow/.local/lib/python3.12/site-packages/airflow/example_dags/example_task_group.py for tasks to queue
[2025-04-06T07:20:07.793+0000] {logging_mixin.py:190} INFO - [2025-04-06T07:20:07.793+0000] {dagbag.py:588} INFO - Filling up the DagBag from /home/airflow/.local/lib/python3.12/site-packages/airflow/example_dags/example_task_group.py
[2025-04-06T07:20:07.806+0000] {processor.py:925} INFO - DAG(s) 'example_task_group' retrieved from /home/airflow/.local/lib/python3.12/site-packages/airflow/example_dags/example_task_group.py
[2025-04-06T07:20:07.835+0000] {logging_mixin.py:190} INFO - [2025-04-06T07:20:07.834+0000] {dag.py:3239} INFO - Sync 1 DAGs
[2025-04-06T07:20:07.854+0000] {logging_mixin.py:190} INFO - [2025-04-06T07:20:07.854+0000] {dag.py:4180} INFO - Setting next_dagrun for example_task_group to None, run_after=None
[2025-04-06T07:20:07.879+0000] {processor.py:208} INFO - Processing /home/airflow/.local/lib/python3.12/site-packages/airflow/example_dags/example_task_group.py took 0.100 seconds
[2025-04-06T07:20:38.311+0000] {processor.py:186} INFO - Started process (PID=803) to work on /home/airflow/.local/lib/python3.12/site-packages/airflow/example_dags/example_task_group.py
[2025-04-06T07:20:38.313+0000] {processor.py:914} INFO - Processing file /home/airflow/.local/lib/python3.12/site-packages/airflow/example_dags/example_task_group.py for tasks to queue
[2025-04-06T07:20:38.318+0000] {logging_mixin.py:190} INFO - [2025-04-06T07:20:38.317+0000] {dagbag.py:588} INFO - Filling up the DagBag from /home/airflow/.local/lib/python3.12/site-packages/airflow/example_dags/example_task_group.py
[2025-04-06T07:20:38.335+0000] {processor.py:925} INFO - DAG(s) 'example_task_group' retrieved from /home/airflow/.local/lib/python3.12/site-packages/airflow/example_dags/example_task_group.py
[2025-04-06T07:20:38.369+0000] {logging_mixin.py:190} INFO - [2025-04-06T07:20:38.369+0000] {dag.py:3239} INFO - Sync 1 DAGs
[2025-04-06T07:20:38.391+0000] {logging_mixin.py:190} INFO - [2025-04-06T07:20:38.391+0000] {dag.py:4180} INFO - Setting next_dagrun for example_task_group to None, run_after=None
[2025-04-06T07:20:38.427+0000] {processor.py:208} INFO - Processing /home/airflow/.local/lib/python3.12/site-packages/airflow/example_dags/example_task_group.py took 0.124 seconds
[2025-04-06T07:21:08.494+0000] {processor.py:186} INFO - Started process (PID=865) to work on /home/airflow/.local/lib/python3.12/site-packages/airflow/example_dags/example_task_group.py
[2025-04-06T07:21:08.496+0000] {processor.py:914} INFO - Processing file /home/airflow/.local/lib/python3.12/site-packages/airflow/example_dags/example_task_group.py for tasks to queue
[2025-04-06T07:21:08.499+0000] {logging_mixin.py:190} INFO - [2025-04-06T07:21:08.499+0000] {dagbag.py:588} INFO - Filling up the DagBag from /home/airflow/.local/lib/python3.12/site-packages/airflow/example_dags/example_task_group.py
[2025-04-06T07:21:08.512+0000] {processor.py:925} INFO - DAG(s) 'example_task_group' retrieved from /home/airflow/.local/lib/python3.12/site-packages/airflow/example_dags/example_task_group.py
[2025-04-06T07:21:08.538+0000] {logging_mixin.py:190} INFO - [2025-04-06T07:21:08.538+0000] {dag.py:3239} INFO - Sync 1 DAGs
[2025-04-06T07:21:08.553+0000] {logging_mixin.py:190} INFO - [2025-04-06T07:21:08.553+0000] {dag.py:4180} INFO - Setting next_dagrun for example_task_group to None, run_after=None
[2025-04-06T07:21:08.575+0000] {processor.py:208} INFO - Processing /home/airflow/.local/lib/python3.12/site-packages/airflow/example_dags/example_task_group.py took 0.089 seconds
[2025-04-06T07:21:38.658+0000] {processor.py:186} INFO - Started process (PID=928) to work on /home/airflow/.local/lib/python3.12/site-packages/airflow/example_dags/example_task_group.py
[2025-04-06T07:21:38.659+0000] {processor.py:914} INFO - Processing file /home/airflow/.local/lib/python3.12/site-packages/airflow/example_dags/example_task_group.py for tasks to queue
[2025-04-06T07:21:38.661+0000] {logging_mixin.py:190} INFO - [2025-04-06T07:21:38.661+0000] {dagbag.py:588} INFO - Filling up the DagBag from /home/airflow/.local/lib/python3.12/site-packages/airflow/example_dags/example_task_group.py
[2025-04-06T07:21:38.671+0000] {processor.py:925} INFO - DAG(s) 'example_task_group' retrieved from /home/airflow/.local/lib/python3.12/site-packages/airflow/example_dags/example_task_group.py
[2025-04-06T07:21:38.694+0000] {logging_mixin.py:190} INFO - [2025-04-06T07:21:38.694+0000] {dag.py:3239} INFO - Sync 1 DAGs
[2025-04-06T07:21:38.711+0000] {logging_mixin.py:190} INFO - [2025-04-06T07:21:38.710+0000] {dag.py:4180} INFO - Setting next_dagrun for example_task_group to None, run_after=None
[2025-04-06T07:21:38.730+0000] {processor.py:208} INFO - Processing /home/airflow/.local/lib/python3.12/site-packages/airflow/example_dags/example_task_group.py took 0.080 seconds
[2025-04-06T07:22:10.126+0000] {processor.py:186} INFO - Started process (PID=991) to work on /home/airflow/.local/lib/python3.12/site-packages/airflow/example_dags/example_task_group.py
[2025-04-06T07:22:10.128+0000] {processor.py:914} INFO - Processing file /home/airflow/.local/lib/python3.12/site-packages/airflow/example_dags/example_task_group.py for tasks to queue
[2025-04-06T07:22:10.133+0000] {logging_mixin.py:190} INFO - [2025-04-06T07:22:10.132+0000] {dagbag.py:588} INFO - Filling up the DagBag from /home/airflow/.local/lib/python3.12/site-packages/airflow/example_dags/example_task_group.py
[2025-04-06T07:22:10.145+0000] {processor.py:925} INFO - DAG(s) 'example_task_group' retrieved from /home/airflow/.local/lib/python3.12/site-packages/airflow/example_dags/example_task_group.py
[2025-04-06T07:22:10.178+0000] {logging_mixin.py:190} INFO - [2025-04-06T07:22:10.178+0000] {dag.py:3239} INFO - Sync 1 DAGs
[2025-04-06T07:22:10.203+0000] {logging_mixin.py:190} INFO - [2025-04-06T07:22:10.202+0000] {dag.py:4180} INFO - Setting next_dagrun for example_task_group to None, run_after=None
[2025-04-06T07:22:10.233+0000] {processor.py:208} INFO - Processing /home/airflow/.local/lib/python3.12/site-packages/airflow/example_dags/example_task_group.py took 0.115 seconds
[2025-04-06T07:22:40.612+0000] {processor.py:186} INFO - Started process (PID=1054) to work on /home/airflow/.local/lib/python3.12/site-packages/airflow/example_dags/example_task_group.py
[2025-04-06T07:22:40.613+0000] {processor.py:914} INFO - Processing file /home/airflow/.local/lib/python3.12/site-packages/airflow/example_dags/example_task_group.py for tasks to queue
[2025-04-06T07:22:40.615+0000] {logging_mixin.py:190} INFO - [2025-04-06T07:22:40.614+0000] {dagbag.py:588} INFO - Filling up the DagBag from /home/airflow/.local/lib/python3.12/site-packages/airflow/example_dags/example_task_group.py
[2025-04-06T07:22:40.622+0000] {processor.py:925} INFO - DAG(s) 'example_task_group' retrieved from /home/airflow/.local/lib/python3.12/site-packages/airflow/example_dags/example_task_group.py
[2025-04-06T07:22:40.640+0000] {logging_mixin.py:190} INFO - [2025-04-06T07:22:40.639+0000] {dag.py:3239} INFO - Sync 1 DAGs
[2025-04-06T07:22:40.652+0000] {logging_mixin.py:190} INFO - [2025-04-06T07:22:40.651+0000] {dag.py:4180} INFO - Setting next_dagrun for example_task_group to None, run_after=None
[2025-04-06T07:22:40.669+0000] {processor.py:208} INFO - Processing /home/airflow/.local/lib/python3.12/site-packages/airflow/example_dags/example_task_group.py took 0.063 seconds
[2025-04-06T07:23:11.100+0000] {processor.py:186} INFO - Started process (PID=1117) to work on /home/airflow/.local/lib/python3.12/site-packages/airflow/example_dags/example_task_group.py
[2025-04-06T07:23:11.101+0000] {processor.py:914} INFO - Processing file /home/airflow/.local/lib/python3.12/site-packages/airflow/example_dags/example_task_group.py for tasks to queue
[2025-04-06T07:23:11.104+0000] {logging_mixin.py:190} INFO - [2025-04-06T07:23:11.103+0000] {dagbag.py:588} INFO - Filling up the DagBag from /home/airflow/.local/lib/python3.12/site-packages/airflow/example_dags/example_task_group.py
[2025-04-06T07:23:11.112+0000] {processor.py:925} INFO - DAG(s) 'example_task_group' retrieved from /home/airflow/.local/lib/python3.12/site-packages/airflow/example_dags/example_task_group.py
[2025-04-06T07:23:11.132+0000] {logging_mixin.py:190} INFO - [2025-04-06T07:23:11.131+0000] {dag.py:3239} INFO - Sync 1 DAGs
[2025-04-06T07:23:11.144+0000] {logging_mixin.py:190} INFO - [2025-04-06T07:23:11.143+0000] {dag.py:4180} INFO - Setting next_dagrun for example_task_group to None, run_after=None
[2025-04-06T07:23:11.162+0000] {processor.py:208} INFO - Processing /home/airflow/.local/lib/python3.12/site-packages/airflow/example_dags/example_task_group.py took 0.068 seconds
[2025-04-06T07:23:42.126+0000] {processor.py:186} INFO - Started process (PID=1180) to work on /home/airflow/.local/lib/python3.12/site-packages/airflow/example_dags/example_task_group.py
[2025-04-06T07:23:42.127+0000] {processor.py:914} INFO - Processing file /home/airflow/.local/lib/python3.12/site-packages/airflow/example_dags/example_task_group.py for tasks to queue
[2025-04-06T07:23:42.129+0000] {logging_mixin.py:190} INFO - [2025-04-06T07:23:42.129+0000] {dagbag.py:588} INFO - Filling up the DagBag from /home/airflow/.local/lib/python3.12/site-packages/airflow/example_dags/example_task_group.py
[2025-04-06T07:23:42.138+0000] {processor.py:925} INFO - DAG(s) 'example_task_group' retrieved from /home/airflow/.local/lib/python3.12/site-packages/airflow/example_dags/example_task_group.py
[2025-04-06T07:23:42.158+0000] {logging_mixin.py:190} INFO - [2025-04-06T07:23:42.157+0000] {dag.py:3239} INFO - Sync 1 DAGs
[2025-04-06T07:23:42.171+0000] {logging_mixin.py:190} INFO - [2025-04-06T07:23:42.171+0000] {dag.py:4180} INFO - Setting next_dagrun for example_task_group to None, run_after=None
[2025-04-06T07:23:42.197+0000] {processor.py:208} INFO - Processing /home/airflow/.local/lib/python3.12/site-packages/airflow/example_dags/example_task_group.py took 0.077 seconds
[2025-04-06T07:24:12.503+0000] {processor.py:186} INFO - Started process (PID=1243) to work on /home/airflow/.local/lib/python3.12/site-packages/airflow/example_dags/example_task_group.py
[2025-04-06T07:24:12.504+0000] {processor.py:914} INFO - Processing file /home/airflow/.local/lib/python3.12/site-packages/airflow/example_dags/example_task_group.py for tasks to queue
[2025-04-06T07:24:12.508+0000] {logging_mixin.py:190} INFO - [2025-04-06T07:24:12.507+0000] {dagbag.py:588} INFO - Filling up the DagBag from /home/airflow/.local/lib/python3.12/site-packages/airflow/example_dags/example_task_group.py
[2025-04-06T07:24:12.518+0000] {processor.py:925} INFO - DAG(s) 'example_task_group' retrieved from /home/airflow/.local/lib/python3.12/site-packages/airflow/example_dags/example_task_group.py
[2025-04-06T07:24:12.544+0000] {logging_mixin.py:190} INFO - [2025-04-06T07:24:12.544+0000] {dag.py:3239} INFO - Sync 1 DAGs
[2025-04-06T07:24:12.560+0000] {logging_mixin.py:190} INFO - [2025-04-06T07:24:12.560+0000] {dag.py:4180} INFO - Setting next_dagrun for example_task_group to None, run_after=None
[2025-04-06T07:24:12.585+0000] {processor.py:208} INFO - Processing /home/airflow/.local/lib/python3.12/site-packages/airflow/example_dags/example_task_group.py took 0.090 seconds
[2025-04-06T07:24:42.685+0000] {processor.py:186} INFO - Started process (PID=1306) to work on /home/airflow/.local/lib/python3.12/site-packages/airflow/example_dags/example_task_group.py
[2025-04-06T07:24:42.686+0000] {processor.py:914} INFO - Processing file /home/airflow/.local/lib/python3.12/site-packages/airflow/example_dags/example_task_group.py for tasks to queue
[2025-04-06T07:24:42.688+0000] {logging_mixin.py:190} INFO - [2025-04-06T07:24:42.687+0000] {dagbag.py:588} INFO - Filling up the DagBag from /home/airflow/.local/lib/python3.12/site-packages/airflow/example_dags/example_task_group.py
[2025-04-06T07:24:42.694+0000] {processor.py:925} INFO - DAG(s) 'example_task_group' retrieved from /home/airflow/.local/lib/python3.12/site-packages/airflow/example_dags/example_task_group.py
[2025-04-06T07:24:42.711+0000] {logging_mixin.py:190} INFO - [2025-04-06T07:24:42.711+0000] {dag.py:3239} INFO - Sync 1 DAGs
[2025-04-06T07:24:42.723+0000] {logging_mixin.py:190} INFO - [2025-04-06T07:24:42.723+0000] {dag.py:4180} INFO - Setting next_dagrun for example_task_group to None, run_after=None
[2025-04-06T07:24:42.739+0000] {processor.py:208} INFO - Processing /home/airflow/.local/lib/python3.12/site-packages/airflow/example_dags/example_task_group.py took 0.059 seconds
[2025-04-06T07:25:13.015+0000] {processor.py:186} INFO - Started process (PID=1370) to work on /home/airflow/.local/lib/python3.12/site-packages/airflow/example_dags/example_task_group.py
[2025-04-06T07:25:13.016+0000] {processor.py:914} INFO - Processing file /home/airflow/.local/lib/python3.12/site-packages/airflow/example_dags/example_task_group.py for tasks to queue
[2025-04-06T07:25:13.018+0000] {logging_mixin.py:190} INFO - [2025-04-06T07:25:13.018+0000] {dagbag.py:588} INFO - Filling up the DagBag from /home/airflow/.local/lib/python3.12/site-packages/airflow/example_dags/example_task_group.py
[2025-04-06T07:25:13.025+0000] {processor.py:925} INFO - DAG(s) 'example_task_group' retrieved from /home/airflow/.local/lib/python3.12/site-packages/airflow/example_dags/example_task_group.py
[2025-04-06T07:25:13.042+0000] {logging_mixin.py:190} INFO - [2025-04-06T07:25:13.042+0000] {dag.py:3239} INFO - Sync 1 DAGs
[2025-04-06T07:25:13.053+0000] {logging_mixin.py:190} INFO - [2025-04-06T07:25:13.052+0000] {dag.py:4180} INFO - Setting next_dagrun for example_task_group to None, run_after=None
[2025-04-06T07:25:13.070+0000] {processor.py:208} INFO - Processing /home/airflow/.local/lib/python3.12/site-packages/airflow/example_dags/example_task_group.py took 0.060 seconds
[2025-04-06T07:25:43.506+0000] {processor.py:186} INFO - Started process (PID=1435) to work on /home/airflow/.local/lib/python3.12/site-packages/airflow/example_dags/example_task_group.py
[2025-04-06T07:25:43.507+0000] {processor.py:914} INFO - Processing file /home/airflow/.local/lib/python3.12/site-packages/airflow/example_dags/example_task_group.py for tasks to queue
[2025-04-06T07:25:43.508+0000] {logging_mixin.py:190} INFO - [2025-04-06T07:25:43.508+0000] {dagbag.py:588} INFO - Filling up the DagBag from /home/airflow/.local/lib/python3.12/site-packages/airflow/example_dags/example_task_group.py
[2025-04-06T07:25:43.515+0000] {processor.py:925} INFO - DAG(s) 'example_task_group' retrieved from /home/airflow/.local/lib/python3.12/site-packages/airflow/example_dags/example_task_group.py
[2025-04-06T07:25:43.531+0000] {logging_mixin.py:190} INFO - [2025-04-06T07:25:43.531+0000] {dag.py:3239} INFO - Sync 1 DAGs
[2025-04-06T07:25:43.542+0000] {logging_mixin.py:190} INFO - [2025-04-06T07:25:43.542+0000] {dag.py:4180} INFO - Setting next_dagrun for example_task_group to None, run_after=None
[2025-04-06T07:25:43.558+0000] {processor.py:208} INFO - Processing /home/airflow/.local/lib/python3.12/site-packages/airflow/example_dags/example_task_group.py took 0.057 seconds
[2025-04-06T07:26:13.838+0000] {processor.py:186} INFO - Started process (PID=1499) to work on /home/airflow/.local/lib/python3.12/site-packages/airflow/example_dags/example_task_group.py
[2025-04-06T07:26:13.838+0000] {processor.py:914} INFO - Processing file /home/airflow/.local/lib/python3.12/site-packages/airflow/example_dags/example_task_group.py for tasks to queue
[2025-04-06T07:26:13.840+0000] {logging_mixin.py:190} INFO - [2025-04-06T07:26:13.840+0000] {dagbag.py:588} INFO - Filling up the DagBag from /home/airflow/.local/lib/python3.12/site-packages/airflow/example_dags/example_task_group.py
[2025-04-06T07:26:13.847+0000] {processor.py:925} INFO - DAG(s) 'example_task_group' retrieved from /home/airflow/.local/lib/python3.12/site-packages/airflow/example_dags/example_task_group.py
[2025-04-06T07:26:13.863+0000] {logging_mixin.py:190} INFO - [2025-04-06T07:26:13.863+0000] {dag.py:3239} INFO - Sync 1 DAGs
[2025-04-06T07:26:13.875+0000] {logging_mixin.py:190} INFO - [2025-04-06T07:26:13.875+0000] {dag.py:4180} INFO - Setting next_dagrun for example_task_group to None, run_after=None
[2025-04-06T07:26:13.891+0000] {processor.py:208} INFO - Processing /home/airflow/.local/lib/python3.12/site-packages/airflow/example_dags/example_task_group.py took 0.058 seconds
[2025-04-06T07:26:44.320+0000] {processor.py:186} INFO - Started process (PID=1563) to work on /home/airflow/.local/lib/python3.12/site-packages/airflow/example_dags/example_task_group.py
[2025-04-06T07:26:44.321+0000] {processor.py:914} INFO - Processing file /home/airflow/.local/lib/python3.12/site-packages/airflow/example_dags/example_task_group.py for tasks to queue
[2025-04-06T07:26:44.323+0000] {logging_mixin.py:190} INFO - [2025-04-06T07:26:44.323+0000] {dagbag.py:588} INFO - Filling up the DagBag from /home/airflow/.local/lib/python3.12/site-packages/airflow/example_dags/example_task_group.py
[2025-04-06T07:26:44.330+0000] {processor.py:925} INFO - DAG(s) 'example_task_group' retrieved from /home/airflow/.local/lib/python3.12/site-packages/airflow/example_dags/example_task_group.py
[2025-04-06T07:26:44.347+0000] {logging_mixin.py:190} INFO - [2025-04-06T07:26:44.347+0000] {dag.py:3239} INFO - Sync 1 DAGs
[2025-04-06T07:26:44.359+0000] {logging_mixin.py:190} INFO - [2025-04-06T07:26:44.359+0000] {dag.py:4180} INFO - Setting next_dagrun for example_task_group to None, run_after=None
[2025-04-06T07:26:44.375+0000] {processor.py:208} INFO - Processing /home/airflow/.local/lib/python3.12/site-packages/airflow/example_dags/example_task_group.py took 0.061 seconds
[2025-04-06T07:27:15.057+0000] {processor.py:186} INFO - Started process (PID=1630) to work on /home/airflow/.local/lib/python3.12/site-packages/airflow/example_dags/example_task_group.py
[2025-04-06T07:27:15.061+0000] {processor.py:914} INFO - Processing file /home/airflow/.local/lib/python3.12/site-packages/airflow/example_dags/example_task_group.py for tasks to queue
[2025-04-06T07:27:15.073+0000] {logging_mixin.py:190} INFO - [2025-04-06T07:27:15.072+0000] {dagbag.py:588} INFO - Filling up the DagBag from /home/airflow/.local/lib/python3.12/site-packages/airflow/example_dags/example_task_group.py
[2025-04-06T07:27:15.100+0000] {processor.py:925} INFO - DAG(s) 'example_task_group' retrieved from /home/airflow/.local/lib/python3.12/site-packages/airflow/example_dags/example_task_group.py
[2025-04-06T07:27:15.137+0000] {logging_mixin.py:190} INFO - [2025-04-06T07:27:15.136+0000] {dag.py:3239} INFO - Sync 1 DAGs
[2025-04-06T07:27:15.172+0000] {logging_mixin.py:190} INFO - [2025-04-06T07:27:15.171+0000] {dag.py:4180} INFO - Setting next_dagrun for example_task_group to None, run_after=None
[2025-04-06T07:27:15.204+0000] {processor.py:208} INFO - Processing /home/airflow/.local/lib/python3.12/site-packages/airflow/example_dags/example_task_group.py took 0.174 seconds
[2025-04-06T07:27:45.458+0000] {processor.py:186} INFO - Started process (PID=1694) to work on /home/airflow/.local/lib/python3.12/site-packages/airflow/example_dags/example_task_group.py
[2025-04-06T07:27:45.458+0000] {processor.py:914} INFO - Processing file /home/airflow/.local/lib/python3.12/site-packages/airflow/example_dags/example_task_group.py for tasks to queue
[2025-04-06T07:27:45.460+0000] {logging_mixin.py:190} INFO - [2025-04-06T07:27:45.460+0000] {dagbag.py:588} INFO - Filling up the DagBag from /home/airflow/.local/lib/python3.12/site-packages/airflow/example_dags/example_task_group.py
[2025-04-06T07:27:45.468+0000] {processor.py:925} INFO - DAG(s) 'example_task_group' retrieved from /home/airflow/.local/lib/python3.12/site-packages/airflow/example_dags/example_task_group.py
[2025-04-06T07:27:45.490+0000] {logging_mixin.py:190} INFO - [2025-04-06T07:27:45.490+0000] {dag.py:3239} INFO - Sync 1 DAGs
[2025-04-06T07:27:45.504+0000] {logging_mixin.py:190} INFO - [2025-04-06T07:27:45.504+0000] {dag.py:4180} INFO - Setting next_dagrun for example_task_group to None, run_after=None
[2025-04-06T07:27:45.523+0000] {processor.py:208} INFO - Processing /home/airflow/.local/lib/python3.12/site-packages/airflow/example_dags/example_task_group.py took 0.071 seconds
[2025-04-06T07:28:15.599+0000] {processor.py:186} INFO - Started process (PID=1758) to work on /home/airflow/.local/lib/python3.12/site-packages/airflow/example_dags/example_task_group.py
[2025-04-06T07:28:15.600+0000] {processor.py:914} INFO - Processing file /home/airflow/.local/lib/python3.12/site-packages/airflow/example_dags/example_task_group.py for tasks to queue
[2025-04-06T07:28:15.602+0000] {logging_mixin.py:190} INFO - [2025-04-06T07:28:15.602+0000] {dagbag.py:588} INFO - Filling up the DagBag from /home/airflow/.local/lib/python3.12/site-packages/airflow/example_dags/example_task_group.py
[2025-04-06T07:28:15.610+0000] {processor.py:925} INFO - DAG(s) 'example_task_group' retrieved from /home/airflow/.local/lib/python3.12/site-packages/airflow/example_dags/example_task_group.py
[2025-04-06T07:28:15.628+0000] {logging_mixin.py:190} INFO - [2025-04-06T07:28:15.628+0000] {dag.py:3239} INFO - Sync 1 DAGs
[2025-04-06T07:28:15.641+0000] {logging_mixin.py:190} INFO - [2025-04-06T07:28:15.641+0000] {dag.py:4180} INFO - Setting next_dagrun for example_task_group to None, run_after=None
[2025-04-06T07:28:15.663+0000] {processor.py:208} INFO - Processing /home/airflow/.local/lib/python3.12/site-packages/airflow/example_dags/example_task_group.py took 0.070 seconds
[2025-04-06T07:28:45.810+0000] {processor.py:186} INFO - Started process (PID=1821) to work on /home/airflow/.local/lib/python3.12/site-packages/airflow/example_dags/example_task_group.py
[2025-04-06T07:28:45.811+0000] {processor.py:914} INFO - Processing file /home/airflow/.local/lib/python3.12/site-packages/airflow/example_dags/example_task_group.py for tasks to queue
[2025-04-06T07:28:45.813+0000] {logging_mixin.py:190} INFO - [2025-04-06T07:28:45.813+0000] {dagbag.py:588} INFO - Filling up the DagBag from /home/airflow/.local/lib/python3.12/site-packages/airflow/example_dags/example_task_group.py
[2025-04-06T07:28:45.822+0000] {processor.py:925} INFO - DAG(s) 'example_task_group' retrieved from /home/airflow/.local/lib/python3.12/site-packages/airflow/example_dags/example_task_group.py
[2025-04-06T07:28:45.839+0000] {logging_mixin.py:190} INFO - [2025-04-06T07:28:45.839+0000] {dag.py:3239} INFO - Sync 1 DAGs
[2025-04-06T07:28:45.852+0000] {logging_mixin.py:190} INFO - [2025-04-06T07:28:45.852+0000] {dag.py:4180} INFO - Setting next_dagrun for example_task_group to None, run_after=None
[2025-04-06T07:28:45.868+0000] {processor.py:208} INFO - Processing /home/airflow/.local/lib/python3.12/site-packages/airflow/example_dags/example_task_group.py took 0.062 seconds
[2025-04-06T07:29:16.119+0000] {processor.py:186} INFO - Started process (PID=1885) to work on /home/airflow/.local/lib/python3.12/site-packages/airflow/example_dags/example_task_group.py
[2025-04-06T07:29:16.120+0000] {processor.py:914} INFO - Processing file /home/airflow/.local/lib/python3.12/site-packages/airflow/example_dags/example_task_group.py for tasks to queue
[2025-04-06T07:29:16.123+0000] {logging_mixin.py:190} INFO - [2025-04-06T07:29:16.122+0000] {dagbag.py:588} INFO - Filling up the DagBag from /home/airflow/.local/lib/python3.12/site-packages/airflow/example_dags/example_task_group.py
[2025-04-06T07:29:16.130+0000] {processor.py:925} INFO - DAG(s) 'example_task_group' retrieved from /home/airflow/.local/lib/python3.12/site-packages/airflow/example_dags/example_task_group.py
[2025-04-06T07:29:16.147+0000] {logging_mixin.py:190} INFO - [2025-04-06T07:29:16.146+0000] {dag.py:3239} INFO - Sync 1 DAGs
[2025-04-06T07:29:16.158+0000] {logging_mixin.py:190} INFO - [2025-04-06T07:29:16.158+0000] {dag.py:4180} INFO - Setting next_dagrun for example_task_group to None, run_after=None
[2025-04-06T07:29:16.177+0000] {processor.py:208} INFO - Processing /home/airflow/.local/lib/python3.12/site-packages/airflow/example_dags/example_task_group.py took 0.063 seconds
[2025-04-06T07:29:46.349+0000] {processor.py:186} INFO - Started process (PID=1949) to work on /home/airflow/.local/lib/python3.12/site-packages/airflow/example_dags/example_task_group.py
[2025-04-06T07:29:46.350+0000] {processor.py:914} INFO - Processing file /home/airflow/.local/lib/python3.12/site-packages/airflow/example_dags/example_task_group.py for tasks to queue
[2025-04-06T07:29:46.352+0000] {logging_mixin.py:190} INFO - [2025-04-06T07:29:46.351+0000] {dagbag.py:588} INFO - Filling up the DagBag from /home/airflow/.local/lib/python3.12/site-packages/airflow/example_dags/example_task_group.py
[2025-04-06T07:29:46.361+0000] {processor.py:925} INFO - DAG(s) 'example_task_group' retrieved from /home/airflow/.local/lib/python3.12/site-packages/airflow/example_dags/example_task_group.py
[2025-04-06T07:29:46.380+0000] {logging_mixin.py:190} INFO - [2025-04-06T07:29:46.380+0000] {dag.py:3239} INFO - Sync 1 DAGs
[2025-04-06T07:29:46.394+0000] {logging_mixin.py:190} INFO - [2025-04-06T07:29:46.394+0000] {dag.py:4180} INFO - Setting next_dagrun for example_task_group to None, run_after=None
[2025-04-06T07:29:46.412+0000] {processor.py:208} INFO - Processing /home/airflow/.local/lib/python3.12/site-packages/airflow/example_dags/example_task_group.py took 0.069 seconds
[2025-04-06T07:30:16.816+0000] {processor.py:186} INFO - Started process (PID=2014) to work on /home/airflow/.local/lib/python3.12/site-packages/airflow/example_dags/example_task_group.py
[2025-04-06T07:30:16.817+0000] {processor.py:914} INFO - Processing file /home/airflow/.local/lib/python3.12/site-packages/airflow/example_dags/example_task_group.py for tasks to queue
[2025-04-06T07:30:16.819+0000] {logging_mixin.py:190} INFO - [2025-04-06T07:30:16.818+0000] {dagbag.py:588} INFO - Filling up the DagBag from /home/airflow/.local/lib/python3.12/site-packages/airflow/example_dags/example_task_group.py
[2025-04-06T07:30:16.825+0000] {processor.py:925} INFO - DAG(s) 'example_task_group' retrieved from /home/airflow/.local/lib/python3.12/site-packages/airflow/example_dags/example_task_group.py
[2025-04-06T07:30:16.842+0000] {logging_mixin.py:190} INFO - [2025-04-06T07:30:16.841+0000] {dag.py:3239} INFO - Sync 1 DAGs
[2025-04-06T07:30:16.853+0000] {logging_mixin.py:190} INFO - [2025-04-06T07:30:16.853+0000] {dag.py:4180} INFO - Setting next_dagrun for example_task_group to None, run_after=None
[2025-04-06T07:30:16.873+0000] {processor.py:208} INFO - Processing /home/airflow/.local/lib/python3.12/site-packages/airflow/example_dags/example_task_group.py took 0.061 seconds
