[2025-04-06T07:14:57.349+0000] {processor.py:186} INFO - Started process (PID=95) to work on /home/airflow/.local/lib/python3.12/site-packages/airflow/example_dags/example_complex.py
[2025-04-06T07:14:57.350+0000] {processor.py:914} INFO - Processing file /home/airflow/.local/lib/python3.12/site-packages/airflow/example_dags/example_complex.py for tasks to queue
[2025-04-06T07:14:57.354+0000] {logging_mixin.py:190} INFO - [2025-04-06T07:14:57.353+0000] {dagbag.py:588} INFO - Filling up the DagBag from /home/airflow/.local/lib/python3.12/site-packages/airflow/example_dags/example_complex.py
[2025-04-06T07:14:57.374+0000] {processor.py:925} INFO - DAG(s) 'example_complex' retrieved from /home/airflow/.local/lib/python3.12/site-packages/airflow/example_dags/example_complex.py
[2025-04-06T07:14:57.560+0000] {logging_mixin.py:190} INFO - [2025-04-06T07:14:57.559+0000] {override.py:1912} INFO - Created Permission View: can edit on DAG:example_complex
[2025-04-06T07:14:57.575+0000] {logging_mixin.py:190} INFO - [2025-04-06T07:14:57.574+0000] {override.py:1912} INFO - Created Permission View: can delete on DAG:example_complex
[2025-04-06T07:14:57.586+0000] {logging_mixin.py:190} INFO - [2025-04-06T07:14:57.586+0000] {override.py:1912} INFO - Created Permission View: can read on DAG:example_complex
[2025-04-06T07:14:57.602+0000] {logging_mixin.py:190} INFO - [2025-04-06T07:14:57.601+0000] {override.py:1912} INFO - Created Permission View: can delete on DAG Run:example_complex
[2025-04-06T07:14:57.613+0000] {logging_mixin.py:190} INFO - [2025-04-06T07:14:57.612+0000] {override.py:1912} INFO - Created Permission View: can create on DAG Run:example_complex
[2025-04-06T07:14:57.622+0000] {logging_mixin.py:190} INFO - [2025-04-06T07:14:57.622+0000] {override.py:1912} INFO - Created Permission View: can read on DAG Run:example_complex
[2025-04-06T07:14:57.632+0000] {logging_mixin.py:190} INFO - [2025-04-06T07:14:57.631+0000] {override.py:1912} INFO - Created Permission View: menu access on DAG Run:example_complex
[2025-04-06T07:14:57.633+0000] {logging_mixin.py:190} INFO - [2025-04-06T07:14:57.632+0000] {dag.py:3239} INFO - Sync 1 DAGs
[2025-04-06T07:14:57.654+0000] {logging_mixin.py:190} INFO - [2025-04-06T07:14:57.654+0000] {dag.py:3262} INFO - Creating ORM DAG for example_complex
[2025-04-06T07:14:57.656+0000] {logging_mixin.py:190} INFO - [2025-04-06T07:14:57.656+0000] {dag.py:4180} INFO - Setting next_dagrun for example_complex to None, run_after=None
[2025-04-06T07:14:57.683+0000] {processor.py:208} INFO - Processing /home/airflow/.local/lib/python3.12/site-packages/airflow/example_dags/example_complex.py took 0.343 seconds
[2025-04-06T07:15:28.082+0000] {processor.py:186} INFO - Started process (PID=157) to work on /home/airflow/.local/lib/python3.12/site-packages/airflow/example_dags/example_complex.py
[2025-04-06T07:15:28.083+0000] {processor.py:914} INFO - Processing file /home/airflow/.local/lib/python3.12/site-packages/airflow/example_dags/example_complex.py for tasks to queue
[2025-04-06T07:15:28.084+0000] {logging_mixin.py:190} INFO - [2025-04-06T07:15:28.084+0000] {dagbag.py:588} INFO - Filling up the DagBag from /home/airflow/.local/lib/python3.12/site-packages/airflow/example_dags/example_complex.py
[2025-04-06T07:15:28.095+0000] {processor.py:925} INFO - DAG(s) 'example_complex' retrieved from /home/airflow/.local/lib/python3.12/site-packages/airflow/example_dags/example_complex.py
[2025-04-06T07:15:28.123+0000] {logging_mixin.py:190} INFO - [2025-04-06T07:15:28.122+0000] {dag.py:3239} INFO - Sync 1 DAGs
[2025-04-06T07:15:28.136+0000] {logging_mixin.py:190} INFO - [2025-04-06T07:15:28.136+0000] {dag.py:4180} INFO - Setting next_dagrun for example_complex to None, run_after=None
[2025-04-06T07:15:28.155+0000] {processor.py:208} INFO - Processing /home/airflow/.local/lib/python3.12/site-packages/airflow/example_dags/example_complex.py took 0.079 seconds
[2025-04-06T07:15:58.598+0000] {processor.py:186} INFO - Started process (PID=220) to work on /home/airflow/.local/lib/python3.12/site-packages/airflow/example_dags/example_complex.py
[2025-04-06T07:15:58.599+0000] {processor.py:914} INFO - Processing file /home/airflow/.local/lib/python3.12/site-packages/airflow/example_dags/example_complex.py for tasks to queue
[2025-04-06T07:15:58.601+0000] {logging_mixin.py:190} INFO - [2025-04-06T07:15:58.601+0000] {dagbag.py:588} INFO - Filling up the DagBag from /home/airflow/.local/lib/python3.12/site-packages/airflow/example_dags/example_complex.py
[2025-04-06T07:15:58.614+0000] {processor.py:925} INFO - DAG(s) 'example_complex' retrieved from /home/airflow/.local/lib/python3.12/site-packages/airflow/example_dags/example_complex.py
[2025-04-06T07:15:58.649+0000] {logging_mixin.py:190} INFO - [2025-04-06T07:15:58.649+0000] {dag.py:3239} INFO - Sync 1 DAGs
[2025-04-06T07:15:58.664+0000] {logging_mixin.py:190} INFO - [2025-04-06T07:15:58.664+0000] {dag.py:4180} INFO - Setting next_dagrun for example_complex to None, run_after=None
[2025-04-06T07:15:58.687+0000] {processor.py:208} INFO - Processing /home/airflow/.local/lib/python3.12/site-packages/airflow/example_dags/example_complex.py took 0.095 seconds
[2025-04-06T07:16:29.418+0000] {processor.py:186} INFO - Started process (PID=283) to work on /home/airflow/.local/lib/python3.12/site-packages/airflow/example_dags/example_complex.py
[2025-04-06T07:16:29.419+0000] {processor.py:914} INFO - Processing file /home/airflow/.local/lib/python3.12/site-packages/airflow/example_dags/example_complex.py for tasks to queue
[2025-04-06T07:16:29.423+0000] {logging_mixin.py:190} INFO - [2025-04-06T07:16:29.423+0000] {dagbag.py:588} INFO - Filling up the DagBag from /home/airflow/.local/lib/python3.12/site-packages/airflow/example_dags/example_complex.py
[2025-04-06T07:16:29.441+0000] {processor.py:925} INFO - DAG(s) 'example_complex' retrieved from /home/airflow/.local/lib/python3.12/site-packages/airflow/example_dags/example_complex.py
[2025-04-06T07:16:29.481+0000] {logging_mixin.py:190} INFO - [2025-04-06T07:16:29.481+0000] {dag.py:3239} INFO - Sync 1 DAGs
[2025-04-06T07:16:29.498+0000] {logging_mixin.py:190} INFO - [2025-04-06T07:16:29.498+0000] {dag.py:4180} INFO - Setting next_dagrun for example_complex to None, run_after=None
[2025-04-06T07:16:29.520+0000] {processor.py:208} INFO - Processing /home/airflow/.local/lib/python3.12/site-packages/airflow/example_dags/example_complex.py took 0.111 seconds
[2025-04-06T07:16:59.797+0000] {processor.py:186} INFO - Started process (PID=346) to work on /home/airflow/.local/lib/python3.12/site-packages/airflow/example_dags/example_complex.py
[2025-04-06T07:16:59.799+0000] {processor.py:914} INFO - Processing file /home/airflow/.local/lib/python3.12/site-packages/airflow/example_dags/example_complex.py for tasks to queue
[2025-04-06T07:16:59.801+0000] {logging_mixin.py:190} INFO - [2025-04-06T07:16:59.801+0000] {dagbag.py:588} INFO - Filling up the DagBag from /home/airflow/.local/lib/python3.12/site-packages/airflow/example_dags/example_complex.py
[2025-04-06T07:16:59.817+0000] {processor.py:925} INFO - DAG(s) 'example_complex' retrieved from /home/airflow/.local/lib/python3.12/site-packages/airflow/example_dags/example_complex.py
[2025-04-06T07:16:59.852+0000] {logging_mixin.py:190} INFO - [2025-04-06T07:16:59.852+0000] {dag.py:3239} INFO - Sync 1 DAGs
[2025-04-06T07:16:59.883+0000] {logging_mixin.py:190} INFO - [2025-04-06T07:16:59.882+0000] {dag.py:4180} INFO - Setting next_dagrun for example_complex to None, run_after=None
[2025-04-06T07:16:59.914+0000] {processor.py:208} INFO - Processing /home/airflow/.local/lib/python3.12/site-packages/airflow/example_dags/example_complex.py took 0.125 seconds
[2025-04-06T07:17:30.987+0000] {processor.py:186} INFO - Started process (PID=409) to work on /home/airflow/.local/lib/python3.12/site-packages/airflow/example_dags/example_complex.py
[2025-04-06T07:17:30.988+0000] {processor.py:914} INFO - Processing file /home/airflow/.local/lib/python3.12/site-packages/airflow/example_dags/example_complex.py for tasks to queue
[2025-04-06T07:17:30.991+0000] {logging_mixin.py:190} INFO - [2025-04-06T07:17:30.991+0000] {dagbag.py:588} INFO - Filling up the DagBag from /home/airflow/.local/lib/python3.12/site-packages/airflow/example_dags/example_complex.py
[2025-04-06T07:17:31.009+0000] {processor.py:925} INFO - DAG(s) 'example_complex' retrieved from /home/airflow/.local/lib/python3.12/site-packages/airflow/example_dags/example_complex.py
[2025-04-06T07:17:31.060+0000] {logging_mixin.py:190} INFO - [2025-04-06T07:17:31.059+0000] {dag.py:3239} INFO - Sync 1 DAGs
[2025-04-06T07:17:31.080+0000] {logging_mixin.py:190} INFO - [2025-04-06T07:17:31.079+0000] {dag.py:4180} INFO - Setting next_dagrun for example_complex to None, run_after=None
[2025-04-06T07:17:31.113+0000] {processor.py:208} INFO - Processing /home/airflow/.local/lib/python3.12/site-packages/airflow/example_dags/example_complex.py took 0.136 seconds
[2025-04-06T07:18:03.288+0000] {processor.py:186} INFO - Started process (PID=478) to work on /home/airflow/.local/lib/python3.12/site-packages/airflow/example_dags/example_complex.py
[2025-04-06T07:18:03.296+0000] {processor.py:914} INFO - Processing file /home/airflow/.local/lib/python3.12/site-packages/airflow/example_dags/example_complex.py for tasks to queue
[2025-04-06T07:18:03.300+0000] {logging_mixin.py:190} INFO - [2025-04-06T07:18:03.299+0000] {dagbag.py:588} INFO - Filling up the DagBag from /home/airflow/.local/lib/python3.12/site-packages/airflow/example_dags/example_complex.py
[2025-04-06T07:18:03.325+0000] {processor.py:925} INFO - DAG(s) 'example_complex' retrieved from /home/airflow/.local/lib/python3.12/site-packages/airflow/example_dags/example_complex.py
[2025-04-06T07:18:03.381+0000] {logging_mixin.py:190} INFO - [2025-04-06T07:18:03.380+0000] {dag.py:3239} INFO - Sync 1 DAGs
[2025-04-06T07:18:03.408+0000] {logging_mixin.py:190} INFO - [2025-04-06T07:18:03.408+0000] {dag.py:4180} INFO - Setting next_dagrun for example_complex to None, run_after=None
[2025-04-06T07:18:03.441+0000] {processor.py:208} INFO - Processing /home/airflow/.local/lib/python3.12/site-packages/airflow/example_dags/example_complex.py took 0.164 seconds
[2025-04-06T07:18:34.161+0000] {processor.py:186} INFO - Started process (PID=540) to work on /home/airflow/.local/lib/python3.12/site-packages/airflow/example_dags/example_complex.py
[2025-04-06T07:18:34.162+0000] {processor.py:914} INFO - Processing file /home/airflow/.local/lib/python3.12/site-packages/airflow/example_dags/example_complex.py for tasks to queue
[2025-04-06T07:18:34.165+0000] {logging_mixin.py:190} INFO - [2025-04-06T07:18:34.164+0000] {dagbag.py:588} INFO - Filling up the DagBag from /home/airflow/.local/lib/python3.12/site-packages/airflow/example_dags/example_complex.py
[2025-04-06T07:18:34.179+0000] {processor.py:925} INFO - DAG(s) 'example_complex' retrieved from /home/airflow/.local/lib/python3.12/site-packages/airflow/example_dags/example_complex.py
[2025-04-06T07:18:34.215+0000] {logging_mixin.py:190} INFO - [2025-04-06T07:18:34.214+0000] {dag.py:3239} INFO - Sync 1 DAGs
[2025-04-06T07:18:34.235+0000] {logging_mixin.py:190} INFO - [2025-04-06T07:18:34.234+0000] {dag.py:4180} INFO - Setting next_dagrun for example_complex to None, run_after=None
[2025-04-06T07:18:34.257+0000] {processor.py:208} INFO - Processing /home/airflow/.local/lib/python3.12/site-packages/airflow/example_dags/example_complex.py took 0.103 seconds
[2025-04-06T07:19:05.146+0000] {processor.py:186} INFO - Started process (PID=603) to work on /home/airflow/.local/lib/python3.12/site-packages/airflow/example_dags/example_complex.py
[2025-04-06T07:19:05.148+0000] {processor.py:914} INFO - Processing file /home/airflow/.local/lib/python3.12/site-packages/airflow/example_dags/example_complex.py for tasks to queue
[2025-04-06T07:19:05.151+0000] {logging_mixin.py:190} INFO - [2025-04-06T07:19:05.150+0000] {dagbag.py:588} INFO - Filling up the DagBag from /home/airflow/.local/lib/python3.12/site-packages/airflow/example_dags/example_complex.py
[2025-04-06T07:19:05.162+0000] {processor.py:925} INFO - DAG(s) 'example_complex' retrieved from /home/airflow/.local/lib/python3.12/site-packages/airflow/example_dags/example_complex.py
[2025-04-06T07:19:05.193+0000] {logging_mixin.py:190} INFO - [2025-04-06T07:19:05.193+0000] {dag.py:3239} INFO - Sync 1 DAGs
[2025-04-06T07:19:05.208+0000] {logging_mixin.py:190} INFO - [2025-04-06T07:19:05.208+0000] {dag.py:4180} INFO - Setting next_dagrun for example_complex to None, run_after=None
[2025-04-06T07:19:05.228+0000] {processor.py:208} INFO - Processing /home/airflow/.local/lib/python3.12/site-packages/airflow/example_dags/example_complex.py took 0.088 seconds
[2025-04-06T07:19:35.573+0000] {processor.py:186} INFO - Started process (PID=665) to work on /home/airflow/.local/lib/python3.12/site-packages/airflow/example_dags/example_complex.py
[2025-04-06T07:19:35.574+0000] {processor.py:914} INFO - Processing file /home/airflow/.local/lib/python3.12/site-packages/airflow/example_dags/example_complex.py for tasks to queue
[2025-04-06T07:19:35.576+0000] {logging_mixin.py:190} INFO - [2025-04-06T07:19:35.575+0000] {dagbag.py:588} INFO - Filling up the DagBag from /home/airflow/.local/lib/python3.12/site-packages/airflow/example_dags/example_complex.py
[2025-04-06T07:19:35.587+0000] {processor.py:925} INFO - DAG(s) 'example_complex' retrieved from /home/airflow/.local/lib/python3.12/site-packages/airflow/example_dags/example_complex.py
[2025-04-06T07:19:35.613+0000] {logging_mixin.py:190} INFO - [2025-04-06T07:19:35.613+0000] {dag.py:3239} INFO - Sync 1 DAGs
[2025-04-06T07:19:35.628+0000] {logging_mixin.py:190} INFO - [2025-04-06T07:19:35.627+0000] {dag.py:4180} INFO - Setting next_dagrun for example_complex to None, run_after=None
[2025-04-06T07:19:35.647+0000] {processor.py:208} INFO - Processing /home/airflow/.local/lib/python3.12/site-packages/airflow/example_dags/example_complex.py took 0.079 seconds
[2025-04-06T07:20:06.150+0000] {processor.py:186} INFO - Started process (PID=728) to work on /home/airflow/.local/lib/python3.12/site-packages/airflow/example_dags/example_complex.py
[2025-04-06T07:20:06.151+0000] {processor.py:914} INFO - Processing file /home/airflow/.local/lib/python3.12/site-packages/airflow/example_dags/example_complex.py for tasks to queue
[2025-04-06T07:20:06.153+0000] {logging_mixin.py:190} INFO - [2025-04-06T07:20:06.153+0000] {dagbag.py:588} INFO - Filling up the DagBag from /home/airflow/.local/lib/python3.12/site-packages/airflow/example_dags/example_complex.py
[2025-04-06T07:20:06.168+0000] {processor.py:925} INFO - DAG(s) 'example_complex' retrieved from /home/airflow/.local/lib/python3.12/site-packages/airflow/example_dags/example_complex.py
[2025-04-06T07:20:06.207+0000] {logging_mixin.py:190} INFO - [2025-04-06T07:20:06.207+0000] {dag.py:3239} INFO - Sync 1 DAGs
[2025-04-06T07:20:06.226+0000] {logging_mixin.py:190} INFO - [2025-04-06T07:20:06.225+0000] {dag.py:4180} INFO - Setting next_dagrun for example_complex to None, run_after=None
[2025-04-06T07:20:06.251+0000] {processor.py:208} INFO - Processing /home/airflow/.local/lib/python3.12/site-packages/airflow/example_dags/example_complex.py took 0.109 seconds
[2025-04-06T07:20:36.515+0000] {processor.py:186} INFO - Started process (PID=791) to work on /home/airflow/.local/lib/python3.12/site-packages/airflow/example_dags/example_complex.py
[2025-04-06T07:20:36.517+0000] {processor.py:914} INFO - Processing file /home/airflow/.local/lib/python3.12/site-packages/airflow/example_dags/example_complex.py for tasks to queue
[2025-04-06T07:20:36.525+0000] {logging_mixin.py:190} INFO - [2025-04-06T07:20:36.524+0000] {dagbag.py:588} INFO - Filling up the DagBag from /home/airflow/.local/lib/python3.12/site-packages/airflow/example_dags/example_complex.py
[2025-04-06T07:20:36.552+0000] {processor.py:925} INFO - DAG(s) 'example_complex' retrieved from /home/airflow/.local/lib/python3.12/site-packages/airflow/example_dags/example_complex.py
[2025-04-06T07:20:36.606+0000] {logging_mixin.py:190} INFO - [2025-04-06T07:20:36.605+0000] {dag.py:3239} INFO - Sync 1 DAGs
[2025-04-06T07:20:36.632+0000] {logging_mixin.py:190} INFO - [2025-04-06T07:20:36.631+0000] {dag.py:4180} INFO - Setting next_dagrun for example_complex to None, run_after=None
[2025-04-06T07:20:36.693+0000] {processor.py:208} INFO - Processing /home/airflow/.local/lib/python3.12/site-packages/airflow/example_dags/example_complex.py took 0.189 seconds
[2025-04-06T07:21:06.804+0000] {processor.py:186} INFO - Started process (PID=854) to work on /home/airflow/.local/lib/python3.12/site-packages/airflow/example_dags/example_complex.py
[2025-04-06T07:21:06.805+0000] {processor.py:914} INFO - Processing file /home/airflow/.local/lib/python3.12/site-packages/airflow/example_dags/example_complex.py for tasks to queue
[2025-04-06T07:21:06.806+0000] {logging_mixin.py:190} INFO - [2025-04-06T07:21:06.806+0000] {dagbag.py:588} INFO - Filling up the DagBag from /home/airflow/.local/lib/python3.12/site-packages/airflow/example_dags/example_complex.py
[2025-04-06T07:21:06.817+0000] {processor.py:925} INFO - DAG(s) 'example_complex' retrieved from /home/airflow/.local/lib/python3.12/site-packages/airflow/example_dags/example_complex.py
[2025-04-06T07:21:06.841+0000] {logging_mixin.py:190} INFO - [2025-04-06T07:21:06.841+0000] {dag.py:3239} INFO - Sync 1 DAGs
[2025-04-06T07:21:06.853+0000] {logging_mixin.py:190} INFO - [2025-04-06T07:21:06.853+0000] {dag.py:4180} INFO - Setting next_dagrun for example_complex to None, run_after=None
[2025-04-06T07:21:06.872+0000] {processor.py:208} INFO - Processing /home/airflow/.local/lib/python3.12/site-packages/airflow/example_dags/example_complex.py took 0.074 seconds
[2025-04-06T07:21:37.038+0000] {processor.py:186} INFO - Started process (PID=917) to work on /home/airflow/.local/lib/python3.12/site-packages/airflow/example_dags/example_complex.py
[2025-04-06T07:21:37.039+0000] {processor.py:914} INFO - Processing file /home/airflow/.local/lib/python3.12/site-packages/airflow/example_dags/example_complex.py for tasks to queue
[2025-04-06T07:21:37.040+0000] {logging_mixin.py:190} INFO - [2025-04-06T07:21:37.040+0000] {dagbag.py:588} INFO - Filling up the DagBag from /home/airflow/.local/lib/python3.12/site-packages/airflow/example_dags/example_complex.py
[2025-04-06T07:21:37.050+0000] {processor.py:925} INFO - DAG(s) 'example_complex' retrieved from /home/airflow/.local/lib/python3.12/site-packages/airflow/example_dags/example_complex.py
[2025-04-06T07:21:37.073+0000] {logging_mixin.py:190} INFO - [2025-04-06T07:21:37.073+0000] {dag.py:3239} INFO - Sync 1 DAGs
[2025-04-06T07:21:37.085+0000] {logging_mixin.py:190} INFO - [2025-04-06T07:21:37.085+0000] {dag.py:4180} INFO - Setting next_dagrun for example_complex to None, run_after=None
[2025-04-06T07:21:37.104+0000] {processor.py:208} INFO - Processing /home/airflow/.local/lib/python3.12/site-packages/airflow/example_dags/example_complex.py took 0.070 seconds
[2025-04-06T07:22:08.002+0000] {processor.py:186} INFO - Started process (PID=980) to work on /home/airflow/.local/lib/python3.12/site-packages/airflow/example_dags/example_complex.py
[2025-04-06T07:22:08.003+0000] {processor.py:914} INFO - Processing file /home/airflow/.local/lib/python3.12/site-packages/airflow/example_dags/example_complex.py for tasks to queue
[2025-04-06T07:22:08.005+0000] {logging_mixin.py:190} INFO - [2025-04-06T07:22:08.005+0000] {dagbag.py:588} INFO - Filling up the DagBag from /home/airflow/.local/lib/python3.12/site-packages/airflow/example_dags/example_complex.py
[2025-04-06T07:22:08.015+0000] {processor.py:925} INFO - DAG(s) 'example_complex' retrieved from /home/airflow/.local/lib/python3.12/site-packages/airflow/example_dags/example_complex.py
[2025-04-06T07:22:08.039+0000] {logging_mixin.py:190} INFO - [2025-04-06T07:22:08.039+0000] {dag.py:3239} INFO - Sync 1 DAGs
[2025-04-06T07:22:08.054+0000] {logging_mixin.py:190} INFO - [2025-04-06T07:22:08.053+0000] {dag.py:4180} INFO - Setting next_dagrun for example_complex to None, run_after=None
[2025-04-06T07:22:08.074+0000] {processor.py:208} INFO - Processing /home/airflow/.local/lib/python3.12/site-packages/airflow/example_dags/example_complex.py took 0.076 seconds
[2025-04-06T07:22:38.921+0000] {processor.py:186} INFO - Started process (PID=1043) to work on /home/airflow/.local/lib/python3.12/site-packages/airflow/example_dags/example_complex.py
[2025-04-06T07:22:38.922+0000] {processor.py:914} INFO - Processing file /home/airflow/.local/lib/python3.12/site-packages/airflow/example_dags/example_complex.py for tasks to queue
[2025-04-06T07:22:38.924+0000] {logging_mixin.py:190} INFO - [2025-04-06T07:22:38.924+0000] {dagbag.py:588} INFO - Filling up the DagBag from /home/airflow/.local/lib/python3.12/site-packages/airflow/example_dags/example_complex.py
[2025-04-06T07:22:38.934+0000] {processor.py:925} INFO - DAG(s) 'example_complex' retrieved from /home/airflow/.local/lib/python3.12/site-packages/airflow/example_dags/example_complex.py
[2025-04-06T07:22:38.957+0000] {logging_mixin.py:190} INFO - [2025-04-06T07:22:38.957+0000] {dag.py:3239} INFO - Sync 1 DAGs
[2025-04-06T07:22:38.969+0000] {logging_mixin.py:190} INFO - [2025-04-06T07:22:38.968+0000] {dag.py:4180} INFO - Setting next_dagrun for example_complex to None, run_after=None
[2025-04-06T07:22:38.986+0000] {processor.py:208} INFO - Processing /home/airflow/.local/lib/python3.12/site-packages/airflow/example_dags/example_complex.py took 0.069 seconds
[2025-04-06T07:23:09.292+0000] {processor.py:186} INFO - Started process (PID=1106) to work on /home/airflow/.local/lib/python3.12/site-packages/airflow/example_dags/example_complex.py
[2025-04-06T07:23:09.294+0000] {processor.py:914} INFO - Processing file /home/airflow/.local/lib/python3.12/site-packages/airflow/example_dags/example_complex.py for tasks to queue
[2025-04-06T07:23:09.298+0000] {logging_mixin.py:190} INFO - [2025-04-06T07:23:09.297+0000] {dagbag.py:588} INFO - Filling up the DagBag from /home/airflow/.local/lib/python3.12/site-packages/airflow/example_dags/example_complex.py
[2025-04-06T07:23:09.315+0000] {processor.py:925} INFO - DAG(s) 'example_complex' retrieved from /home/airflow/.local/lib/python3.12/site-packages/airflow/example_dags/example_complex.py
[2025-04-06T07:23:09.355+0000] {logging_mixin.py:190} INFO - [2025-04-06T07:23:09.355+0000] {dag.py:3239} INFO - Sync 1 DAGs
[2025-04-06T07:23:09.377+0000] {logging_mixin.py:190} INFO - [2025-04-06T07:23:09.377+0000] {dag.py:4180} INFO - Setting next_dagrun for example_complex to None, run_after=None
[2025-04-06T07:23:09.401+0000] {processor.py:208} INFO - Processing /home/airflow/.local/lib/python3.12/site-packages/airflow/example_dags/example_complex.py took 0.118 seconds
[2025-04-06T07:23:40.306+0000] {processor.py:186} INFO - Started process (PID=1169) to work on /home/airflow/.local/lib/python3.12/site-packages/airflow/example_dags/example_complex.py
[2025-04-06T07:23:40.307+0000] {processor.py:914} INFO - Processing file /home/airflow/.local/lib/python3.12/site-packages/airflow/example_dags/example_complex.py for tasks to queue
[2025-04-06T07:23:40.309+0000] {logging_mixin.py:190} INFO - [2025-04-06T07:23:40.309+0000] {dagbag.py:588} INFO - Filling up the DagBag from /home/airflow/.local/lib/python3.12/site-packages/airflow/example_dags/example_complex.py
[2025-04-06T07:23:40.323+0000] {processor.py:925} INFO - DAG(s) 'example_complex' retrieved from /home/airflow/.local/lib/python3.12/site-packages/airflow/example_dags/example_complex.py
[2025-04-06T07:23:40.358+0000] {logging_mixin.py:190} INFO - [2025-04-06T07:23:40.358+0000] {dag.py:3239} INFO - Sync 1 DAGs
[2025-04-06T07:23:40.374+0000] {logging_mixin.py:190} INFO - [2025-04-06T07:23:40.374+0000] {dag.py:4180} INFO - Setting next_dagrun for example_complex to None, run_after=None
[2025-04-06T07:23:40.395+0000] {processor.py:208} INFO - Processing /home/airflow/.local/lib/python3.12/site-packages/airflow/example_dags/example_complex.py took 0.095 seconds
[2025-04-06T07:24:10.785+0000] {processor.py:186} INFO - Started process (PID=1232) to work on /home/airflow/.local/lib/python3.12/site-packages/airflow/example_dags/example_complex.py
[2025-04-06T07:24:10.786+0000] {processor.py:914} INFO - Processing file /home/airflow/.local/lib/python3.12/site-packages/airflow/example_dags/example_complex.py for tasks to queue
[2025-04-06T07:24:10.788+0000] {logging_mixin.py:190} INFO - [2025-04-06T07:24:10.788+0000] {dagbag.py:588} INFO - Filling up the DagBag from /home/airflow/.local/lib/python3.12/site-packages/airflow/example_dags/example_complex.py
[2025-04-06T07:24:10.799+0000] {processor.py:925} INFO - DAG(s) 'example_complex' retrieved from /home/airflow/.local/lib/python3.12/site-packages/airflow/example_dags/example_complex.py
[2025-04-06T07:24:10.825+0000] {logging_mixin.py:190} INFO - [2025-04-06T07:24:10.824+0000] {dag.py:3239} INFO - Sync 1 DAGs
[2025-04-06T07:24:10.839+0000] {logging_mixin.py:190} INFO - [2025-04-06T07:24:10.838+0000] {dag.py:4180} INFO - Setting next_dagrun for example_complex to None, run_after=None
[2025-04-06T07:24:10.858+0000] {processor.py:208} INFO - Processing /home/airflow/.local/lib/python3.12/site-packages/airflow/example_dags/example_complex.py took 0.080 seconds
[2025-04-06T07:24:41.080+0000] {processor.py:186} INFO - Started process (PID=1295) to work on /home/airflow/.local/lib/python3.12/site-packages/airflow/example_dags/example_complex.py
[2025-04-06T07:24:41.080+0000] {processor.py:914} INFO - Processing file /home/airflow/.local/lib/python3.12/site-packages/airflow/example_dags/example_complex.py for tasks to queue
[2025-04-06T07:24:41.082+0000] {logging_mixin.py:190} INFO - [2025-04-06T07:24:41.082+0000] {dagbag.py:588} INFO - Filling up the DagBag from /home/airflow/.local/lib/python3.12/site-packages/airflow/example_dags/example_complex.py
[2025-04-06T07:24:41.090+0000] {processor.py:925} INFO - DAG(s) 'example_complex' retrieved from /home/airflow/.local/lib/python3.12/site-packages/airflow/example_dags/example_complex.py
[2025-04-06T07:24:41.112+0000] {logging_mixin.py:190} INFO - [2025-04-06T07:24:41.112+0000] {dag.py:3239} INFO - Sync 1 DAGs
[2025-04-06T07:24:41.123+0000] {logging_mixin.py:190} INFO - [2025-04-06T07:24:41.123+0000] {dag.py:4180} INFO - Setting next_dagrun for example_complex to None, run_after=None
[2025-04-06T07:24:41.142+0000] {processor.py:208} INFO - Processing /home/airflow/.local/lib/python3.12/site-packages/airflow/example_dags/example_complex.py took 0.066 seconds
[2025-04-06T07:25:11.455+0000] {processor.py:186} INFO - Started process (PID=1359) to work on /home/airflow/.local/lib/python3.12/site-packages/airflow/example_dags/example_complex.py
[2025-04-06T07:25:11.456+0000] {processor.py:914} INFO - Processing file /home/airflow/.local/lib/python3.12/site-packages/airflow/example_dags/example_complex.py for tasks to queue
[2025-04-06T07:25:11.458+0000] {logging_mixin.py:190} INFO - [2025-04-06T07:25:11.457+0000] {dagbag.py:588} INFO - Filling up the DagBag from /home/airflow/.local/lib/python3.12/site-packages/airflow/example_dags/example_complex.py
[2025-04-06T07:25:11.466+0000] {processor.py:925} INFO - DAG(s) 'example_complex' retrieved from /home/airflow/.local/lib/python3.12/site-packages/airflow/example_dags/example_complex.py
[2025-04-06T07:25:11.488+0000] {logging_mixin.py:190} INFO - [2025-04-06T07:25:11.488+0000] {dag.py:3239} INFO - Sync 1 DAGs
[2025-04-06T07:25:11.500+0000] {logging_mixin.py:190} INFO - [2025-04-06T07:25:11.499+0000] {dag.py:4180} INFO - Setting next_dagrun for example_complex to None, run_after=None
[2025-04-06T07:25:11.517+0000] {processor.py:208} INFO - Processing /home/airflow/.local/lib/python3.12/site-packages/airflow/example_dags/example_complex.py took 0.066 seconds
[2025-04-06T07:25:41.952+0000] {processor.py:186} INFO - Started process (PID=1424) to work on /home/airflow/.local/lib/python3.12/site-packages/airflow/example_dags/example_complex.py
[2025-04-06T07:25:41.953+0000] {processor.py:914} INFO - Processing file /home/airflow/.local/lib/python3.12/site-packages/airflow/example_dags/example_complex.py for tasks to queue
[2025-04-06T07:25:41.955+0000] {logging_mixin.py:190} INFO - [2025-04-06T07:25:41.954+0000] {dagbag.py:588} INFO - Filling up the DagBag from /home/airflow/.local/lib/python3.12/site-packages/airflow/example_dags/example_complex.py
[2025-04-06T07:25:41.963+0000] {processor.py:925} INFO - DAG(s) 'example_complex' retrieved from /home/airflow/.local/lib/python3.12/site-packages/airflow/example_dags/example_complex.py
[2025-04-06T07:25:41.985+0000] {logging_mixin.py:190} INFO - [2025-04-06T07:25:41.984+0000] {dag.py:3239} INFO - Sync 1 DAGs
[2025-04-06T07:25:41.996+0000] {logging_mixin.py:190} INFO - [2025-04-06T07:25:41.996+0000] {dag.py:4180} INFO - Setting next_dagrun for example_complex to None, run_after=None
[2025-04-06T07:25:42.013+0000] {processor.py:208} INFO - Processing /home/airflow/.local/lib/python3.12/site-packages/airflow/example_dags/example_complex.py took 0.065 seconds
[2025-04-06T07:26:12.289+0000] {processor.py:186} INFO - Started process (PID=1488) to work on /home/airflow/.local/lib/python3.12/site-packages/airflow/example_dags/example_complex.py
[2025-04-06T07:26:12.290+0000] {processor.py:914} INFO - Processing file /home/airflow/.local/lib/python3.12/site-packages/airflow/example_dags/example_complex.py for tasks to queue
[2025-04-06T07:26:12.291+0000] {logging_mixin.py:190} INFO - [2025-04-06T07:26:12.291+0000] {dagbag.py:588} INFO - Filling up the DagBag from /home/airflow/.local/lib/python3.12/site-packages/airflow/example_dags/example_complex.py
[2025-04-06T07:26:12.300+0000] {processor.py:925} INFO - DAG(s) 'example_complex' retrieved from /home/airflow/.local/lib/python3.12/site-packages/airflow/example_dags/example_complex.py
[2025-04-06T07:26:12.324+0000] {logging_mixin.py:190} INFO - [2025-04-06T07:26:12.324+0000] {dag.py:3239} INFO - Sync 1 DAGs
[2025-04-06T07:26:12.334+0000] {logging_mixin.py:190} INFO - [2025-04-06T07:26:12.334+0000] {dag.py:4180} INFO - Setting next_dagrun for example_complex to None, run_after=None
[2025-04-06T07:26:12.354+0000] {processor.py:208} INFO - Processing /home/airflow/.local/lib/python3.12/site-packages/airflow/example_dags/example_complex.py took 0.070 seconds
[2025-04-06T07:26:42.601+0000] {processor.py:186} INFO - Started process (PID=1552) to work on /home/airflow/.local/lib/python3.12/site-packages/airflow/example_dags/example_complex.py
[2025-04-06T07:26:42.603+0000] {processor.py:914} INFO - Processing file /home/airflow/.local/lib/python3.12/site-packages/airflow/example_dags/example_complex.py for tasks to queue
[2025-04-06T07:26:42.606+0000] {logging_mixin.py:190} INFO - [2025-04-06T07:26:42.605+0000] {dagbag.py:588} INFO - Filling up the DagBag from /home/airflow/.local/lib/python3.12/site-packages/airflow/example_dags/example_complex.py
[2025-04-06T07:26:42.615+0000] {processor.py:925} INFO - DAG(s) 'example_complex' retrieved from /home/airflow/.local/lib/python3.12/site-packages/airflow/example_dags/example_complex.py
[2025-04-06T07:26:42.646+0000] {logging_mixin.py:190} INFO - [2025-04-06T07:26:42.645+0000] {dag.py:3239} INFO - Sync 1 DAGs
[2025-04-06T07:26:42.658+0000] {logging_mixin.py:190} INFO - [2025-04-06T07:26:42.658+0000] {dag.py:4180} INFO - Setting next_dagrun for example_complex to None, run_after=None
[2025-04-06T07:26:42.677+0000] {processor.py:208} INFO - Processing /home/airflow/.local/lib/python3.12/site-packages/airflow/example_dags/example_complex.py took 0.081 seconds
[2025-04-06T07:27:12.758+0000] {processor.py:186} INFO - Started process (PID=1619) to work on /home/airflow/.local/lib/python3.12/site-packages/airflow/example_dags/example_complex.py
[2025-04-06T07:27:12.759+0000] {processor.py:914} INFO - Processing file /home/airflow/.local/lib/python3.12/site-packages/airflow/example_dags/example_complex.py for tasks to queue
[2025-04-06T07:27:12.761+0000] {logging_mixin.py:190} INFO - [2025-04-06T07:27:12.761+0000] {dagbag.py:588} INFO - Filling up the DagBag from /home/airflow/.local/lib/python3.12/site-packages/airflow/example_dags/example_complex.py
[2025-04-06T07:27:12.775+0000] {processor.py:925} INFO - DAG(s) 'example_complex' retrieved from /home/airflow/.local/lib/python3.12/site-packages/airflow/example_dags/example_complex.py
[2025-04-06T07:27:12.809+0000] {logging_mixin.py:190} INFO - [2025-04-06T07:27:12.808+0000] {dag.py:3239} INFO - Sync 1 DAGs
[2025-04-06T07:27:12.827+0000] {logging_mixin.py:190} INFO - [2025-04-06T07:27:12.827+0000] {dag.py:4180} INFO - Setting next_dagrun for example_complex to None, run_after=None
[2025-04-06T07:27:12.852+0000] {processor.py:208} INFO - Processing /home/airflow/.local/lib/python3.12/site-packages/airflow/example_dags/example_complex.py took 0.100 seconds
[2025-04-06T07:27:43.818+0000] {processor.py:186} INFO - Started process (PID=1683) to work on /home/airflow/.local/lib/python3.12/site-packages/airflow/example_dags/example_complex.py
[2025-04-06T07:27:43.819+0000] {processor.py:914} INFO - Processing file /home/airflow/.local/lib/python3.12/site-packages/airflow/example_dags/example_complex.py for tasks to queue
[2025-04-06T07:27:43.821+0000] {logging_mixin.py:190} INFO - [2025-04-06T07:27:43.820+0000] {dagbag.py:588} INFO - Filling up the DagBag from /home/airflow/.local/lib/python3.12/site-packages/airflow/example_dags/example_complex.py
[2025-04-06T07:27:43.830+0000] {processor.py:925} INFO - DAG(s) 'example_complex' retrieved from /home/airflow/.local/lib/python3.12/site-packages/airflow/example_dags/example_complex.py
[2025-04-06T07:27:43.860+0000] {logging_mixin.py:190} INFO - [2025-04-06T07:27:43.859+0000] {dag.py:3239} INFO - Sync 1 DAGs
[2025-04-06T07:27:43.873+0000] {logging_mixin.py:190} INFO - [2025-04-06T07:27:43.873+0000] {dag.py:4180} INFO - Setting next_dagrun for example_complex to None, run_after=None
[2025-04-06T07:27:43.894+0000] {processor.py:208} INFO - Processing /home/airflow/.local/lib/python3.12/site-packages/airflow/example_dags/example_complex.py took 0.081 seconds
[2025-04-06T07:28:13.997+0000] {processor.py:186} INFO - Started process (PID=1747) to work on /home/airflow/.local/lib/python3.12/site-packages/airflow/example_dags/example_complex.py
[2025-04-06T07:28:13.998+0000] {processor.py:914} INFO - Processing file /home/airflow/.local/lib/python3.12/site-packages/airflow/example_dags/example_complex.py for tasks to queue
[2025-04-06T07:28:14.000+0000] {logging_mixin.py:190} INFO - [2025-04-06T07:28:14.000+0000] {dagbag.py:588} INFO - Filling up the DagBag from /home/airflow/.local/lib/python3.12/site-packages/airflow/example_dags/example_complex.py
[2025-04-06T07:28:14.008+0000] {processor.py:925} INFO - DAG(s) 'example_complex' retrieved from /home/airflow/.local/lib/python3.12/site-packages/airflow/example_dags/example_complex.py
[2025-04-06T07:28:14.033+0000] {logging_mixin.py:190} INFO - [2025-04-06T07:28:14.033+0000] {dag.py:3239} INFO - Sync 1 DAGs
[2025-04-06T07:28:14.044+0000] {logging_mixin.py:190} INFO - [2025-04-06T07:28:14.044+0000] {dag.py:4180} INFO - Setting next_dagrun for example_complex to None, run_after=None
[2025-04-06T07:28:14.061+0000] {processor.py:208} INFO - Processing /home/airflow/.local/lib/python3.12/site-packages/airflow/example_dags/example_complex.py took 0.067 seconds
[2025-04-06T07:28:44.353+0000] {processor.py:186} INFO - Started process (PID=1811) to work on /home/airflow/.local/lib/python3.12/site-packages/airflow/example_dags/example_complex.py
[2025-04-06T07:28:44.354+0000] {processor.py:914} INFO - Processing file /home/airflow/.local/lib/python3.12/site-packages/airflow/example_dags/example_complex.py for tasks to queue
[2025-04-06T07:28:44.355+0000] {logging_mixin.py:190} INFO - [2025-04-06T07:28:44.355+0000] {dagbag.py:588} INFO - Filling up the DagBag from /home/airflow/.local/lib/python3.12/site-packages/airflow/example_dags/example_complex.py
[2025-04-06T07:28:44.364+0000] {processor.py:925} INFO - DAG(s) 'example_complex' retrieved from /home/airflow/.local/lib/python3.12/site-packages/airflow/example_dags/example_complex.py
[2025-04-06T07:28:44.387+0000] {logging_mixin.py:190} INFO - [2025-04-06T07:28:44.387+0000] {dag.py:3239} INFO - Sync 1 DAGs
[2025-04-06T07:28:44.398+0000] {logging_mixin.py:190} INFO - [2025-04-06T07:28:44.397+0000] {dag.py:4180} INFO - Setting next_dagrun for example_complex to None, run_after=None
[2025-04-06T07:28:44.414+0000] {processor.py:208} INFO - Processing /home/airflow/.local/lib/python3.12/site-packages/airflow/example_dags/example_complex.py took 0.066 seconds
[2025-04-06T07:29:14.672+0000] {processor.py:186} INFO - Started process (PID=1875) to work on /home/airflow/.local/lib/python3.12/site-packages/airflow/example_dags/example_complex.py
[2025-04-06T07:29:14.672+0000] {processor.py:914} INFO - Processing file /home/airflow/.local/lib/python3.12/site-packages/airflow/example_dags/example_complex.py for tasks to queue
[2025-04-06T07:29:14.674+0000] {logging_mixin.py:190} INFO - [2025-04-06T07:29:14.674+0000] {dagbag.py:588} INFO - Filling up the DagBag from /home/airflow/.local/lib/python3.12/site-packages/airflow/example_dags/example_complex.py
[2025-04-06T07:29:14.683+0000] {processor.py:925} INFO - DAG(s) 'example_complex' retrieved from /home/airflow/.local/lib/python3.12/site-packages/airflow/example_dags/example_complex.py
[2025-04-06T07:29:14.706+0000] {logging_mixin.py:190} INFO - [2025-04-06T07:29:14.706+0000] {dag.py:3239} INFO - Sync 1 DAGs
[2025-04-06T07:29:14.717+0000] {logging_mixin.py:190} INFO - [2025-04-06T07:29:14.717+0000] {dag.py:4180} INFO - Setting next_dagrun for example_complex to None, run_after=None
[2025-04-06T07:29:14.734+0000] {processor.py:208} INFO - Processing /home/airflow/.local/lib/python3.12/site-packages/airflow/example_dags/example_complex.py took 0.067 seconds
[2025-04-06T07:29:44.857+0000] {processor.py:186} INFO - Started process (PID=1939) to work on /home/airflow/.local/lib/python3.12/site-packages/airflow/example_dags/example_complex.py
[2025-04-06T07:29:44.858+0000] {processor.py:914} INFO - Processing file /home/airflow/.local/lib/python3.12/site-packages/airflow/example_dags/example_complex.py for tasks to queue
[2025-04-06T07:29:44.860+0000] {logging_mixin.py:190} INFO - [2025-04-06T07:29:44.859+0000] {dagbag.py:588} INFO - Filling up the DagBag from /home/airflow/.local/lib/python3.12/site-packages/airflow/example_dags/example_complex.py
[2025-04-06T07:29:44.868+0000] {processor.py:925} INFO - DAG(s) 'example_complex' retrieved from /home/airflow/.local/lib/python3.12/site-packages/airflow/example_dags/example_complex.py
[2025-04-06T07:29:44.892+0000] {logging_mixin.py:190} INFO - [2025-04-06T07:29:44.891+0000] {dag.py:3239} INFO - Sync 1 DAGs
[2025-04-06T07:29:44.903+0000] {logging_mixin.py:190} INFO - [2025-04-06T07:29:44.903+0000] {dag.py:4180} INFO - Setting next_dagrun for example_complex to None, run_after=None
[2025-04-06T07:29:44.920+0000] {processor.py:208} INFO - Processing /home/airflow/.local/lib/python3.12/site-packages/airflow/example_dags/example_complex.py took 0.067 seconds
[2025-04-06T07:30:15.286+0000] {processor.py:186} INFO - Started process (PID=2003) to work on /home/airflow/.local/lib/python3.12/site-packages/airflow/example_dags/example_complex.py
[2025-04-06T07:30:15.287+0000] {processor.py:914} INFO - Processing file /home/airflow/.local/lib/python3.12/site-packages/airflow/example_dags/example_complex.py for tasks to queue
[2025-04-06T07:30:15.288+0000] {logging_mixin.py:190} INFO - [2025-04-06T07:30:15.288+0000] {dagbag.py:588} INFO - Filling up the DagBag from /home/airflow/.local/lib/python3.12/site-packages/airflow/example_dags/example_complex.py
[2025-04-06T07:30:15.296+0000] {processor.py:925} INFO - DAG(s) 'example_complex' retrieved from /home/airflow/.local/lib/python3.12/site-packages/airflow/example_dags/example_complex.py
[2025-04-06T07:30:15.318+0000] {logging_mixin.py:190} INFO - [2025-04-06T07:30:15.318+0000] {dag.py:3239} INFO - Sync 1 DAGs
[2025-04-06T07:30:15.329+0000] {logging_mixin.py:190} INFO - [2025-04-06T07:30:15.329+0000] {dag.py:4180} INFO - Setting next_dagrun for example_complex to None, run_after=None
[2025-04-06T07:30:15.348+0000] {processor.py:208} INFO - Processing /home/airflow/.local/lib/python3.12/site-packages/airflow/example_dags/example_complex.py took 0.066 seconds
