[2025-04-06T07:14:55.653+0000] {processor.py:186} INFO - Started process (PID=87) to work on /home/airflow/.local/lib/python3.12/site-packages/airflow/example_dags/example_sensors.py
[2025-04-06T07:14:55.654+0000] {processor.py:914} INFO - Processing file /home/airflow/.local/lib/python3.12/site-packages/airflow/example_dags/example_sensors.py for tasks to queue
[2025-04-06T07:14:55.657+0000] {logging_mixin.py:190} INFO - [2025-04-06T07:14:55.657+0000] {dagbag.py:588} INFO - Filling up the DagBag from /home/airflow/.local/lib/python3.12/site-packages/airflow/example_dags/example_sensors.py
[2025-04-06T07:14:55.675+0000] {processor.py:925} INFO - DAG(s) 'example_sensors' retrieved from /home/airflow/.local/lib/python3.12/site-packages/airflow/example_dags/example_sensors.py
[2025-04-06T07:14:55.848+0000] {logging_mixin.py:190} INFO - [2025-04-06T07:14:55.847+0000] {override.py:1912} INFO - Created Permission View: can edit on DAG:example_sensors
[2025-04-06T07:14:55.864+0000] {logging_mixin.py:190} INFO - [2025-04-06T07:14:55.863+0000] {override.py:1912} INFO - Created Permission View: can delete on DAG:example_sensors
[2025-04-06T07:14:55.874+0000] {logging_mixin.py:190} INFO - [2025-04-06T07:14:55.873+0000] {override.py:1912} INFO - Created Permission View: can read on DAG:example_sensors
[2025-04-06T07:14:55.888+0000] {logging_mixin.py:190} INFO - [2025-04-06T07:14:55.887+0000] {override.py:1912} INFO - Created Permission View: can delete on DAG Run:example_sensors
[2025-04-06T07:14:55.898+0000] {logging_mixin.py:190} INFO - [2025-04-06T07:14:55.898+0000] {override.py:1912} INFO - Created Permission View: can create on DAG Run:example_sensors
[2025-04-06T07:14:55.910+0000] {logging_mixin.py:190} INFO - [2025-04-06T07:14:55.909+0000] {override.py:1912} INFO - Created Permission View: can read on DAG Run:example_sensors
[2025-04-06T07:14:55.920+0000] {logging_mixin.py:190} INFO - [2025-04-06T07:14:55.920+0000] {override.py:1912} INFO - Created Permission View: menu access on DAG Run:example_sensors
[2025-04-06T07:14:55.921+0000] {logging_mixin.py:190} INFO - [2025-04-06T07:14:55.921+0000] {dag.py:3239} INFO - Sync 1 DAGs
[2025-04-06T07:14:55.940+0000] {logging_mixin.py:190} INFO - [2025-04-06T07:14:55.940+0000] {dag.py:3262} INFO - Creating ORM DAG for example_sensors
[2025-04-06T07:14:55.941+0000] {logging_mixin.py:190} INFO - [2025-04-06T07:14:55.941+0000] {dag.py:4180} INFO - Setting next_dagrun for example_sensors to None, run_after=None
[2025-04-06T07:14:55.961+0000] {processor.py:208} INFO - Processing /home/airflow/.local/lib/python3.12/site-packages/airflow/example_dags/example_sensors.py took 0.318 seconds
[2025-04-06T07:15:26.614+0000] {processor.py:186} INFO - Started process (PID=150) to work on /home/airflow/.local/lib/python3.12/site-packages/airflow/example_dags/example_sensors.py
[2025-04-06T07:15:26.615+0000] {processor.py:914} INFO - Processing file /home/airflow/.local/lib/python3.12/site-packages/airflow/example_dags/example_sensors.py for tasks to queue
[2025-04-06T07:15:26.617+0000] {logging_mixin.py:190} INFO - [2025-04-06T07:15:26.617+0000] {dagbag.py:588} INFO - Filling up the DagBag from /home/airflow/.local/lib/python3.12/site-packages/airflow/example_dags/example_sensors.py
[2025-04-06T07:15:26.629+0000] {processor.py:925} INFO - DAG(s) 'example_sensors' retrieved from /home/airflow/.local/lib/python3.12/site-packages/airflow/example_dags/example_sensors.py
[2025-04-06T07:15:26.654+0000] {logging_mixin.py:190} INFO - [2025-04-06T07:15:26.654+0000] {dag.py:3239} INFO - Sync 1 DAGs
[2025-04-06T07:15:26.666+0000] {logging_mixin.py:190} INFO - [2025-04-06T07:15:26.666+0000] {dag.py:4180} INFO - Setting next_dagrun for example_sensors to None, run_after=None
[2025-04-06T07:15:26.689+0000] {processor.py:208} INFO - Processing /home/airflow/.local/lib/python3.12/site-packages/airflow/example_dags/example_sensors.py took 0.080 seconds
[2025-04-06T07:15:57.653+0000] {processor.py:186} INFO - Started process (PID=213) to work on /home/airflow/.local/lib/python3.12/site-packages/airflow/example_dags/example_sensors.py
[2025-04-06T07:15:57.654+0000] {processor.py:914} INFO - Processing file /home/airflow/.local/lib/python3.12/site-packages/airflow/example_dags/example_sensors.py for tasks to queue
[2025-04-06T07:15:57.657+0000] {logging_mixin.py:190} INFO - [2025-04-06T07:15:57.656+0000] {dagbag.py:588} INFO - Filling up the DagBag from /home/airflow/.local/lib/python3.12/site-packages/airflow/example_dags/example_sensors.py
[2025-04-06T07:15:57.670+0000] {processor.py:925} INFO - DAG(s) 'example_sensors' retrieved from /home/airflow/.local/lib/python3.12/site-packages/airflow/example_dags/example_sensors.py
[2025-04-06T07:15:57.704+0000] {logging_mixin.py:190} INFO - [2025-04-06T07:15:57.703+0000] {dag.py:3239} INFO - Sync 1 DAGs
[2025-04-06T07:15:57.725+0000] {logging_mixin.py:190} INFO - [2025-04-06T07:15:57.724+0000] {dag.py:4180} INFO - Setting next_dagrun for example_sensors to None, run_after=None
[2025-04-06T07:15:57.756+0000] {processor.py:208} INFO - Processing /home/airflow/.local/lib/python3.12/site-packages/airflow/example_dags/example_sensors.py took 0.110 seconds
[2025-04-06T07:16:28.666+0000] {processor.py:186} INFO - Started process (PID=276) to work on /home/airflow/.local/lib/python3.12/site-packages/airflow/example_dags/example_sensors.py
[2025-04-06T07:16:28.667+0000] {processor.py:914} INFO - Processing file /home/airflow/.local/lib/python3.12/site-packages/airflow/example_dags/example_sensors.py for tasks to queue
[2025-04-06T07:16:28.669+0000] {logging_mixin.py:190} INFO - [2025-04-06T07:16:28.669+0000] {dagbag.py:588} INFO - Filling up the DagBag from /home/airflow/.local/lib/python3.12/site-packages/airflow/example_dags/example_sensors.py
[2025-04-06T07:16:28.679+0000] {processor.py:925} INFO - DAG(s) 'example_sensors' retrieved from /home/airflow/.local/lib/python3.12/site-packages/airflow/example_dags/example_sensors.py
[2025-04-06T07:16:28.701+0000] {logging_mixin.py:190} INFO - [2025-04-06T07:16:28.701+0000] {dag.py:3239} INFO - Sync 1 DAGs
[2025-04-06T07:16:28.712+0000] {logging_mixin.py:190} INFO - [2025-04-06T07:16:28.712+0000] {dag.py:4180} INFO - Setting next_dagrun for example_sensors to None, run_after=None
[2025-04-06T07:16:28.737+0000] {processor.py:208} INFO - Processing /home/airflow/.local/lib/python3.12/site-packages/airflow/example_dags/example_sensors.py took 0.076 seconds
[2025-04-06T07:16:58.926+0000] {processor.py:186} INFO - Started process (PID=338) to work on /home/airflow/.local/lib/python3.12/site-packages/airflow/example_dags/example_sensors.py
[2025-04-06T07:16:58.927+0000] {processor.py:914} INFO - Processing file /home/airflow/.local/lib/python3.12/site-packages/airflow/example_dags/example_sensors.py for tasks to queue
[2025-04-06T07:16:58.929+0000] {logging_mixin.py:190} INFO - [2025-04-06T07:16:58.929+0000] {dagbag.py:588} INFO - Filling up the DagBag from /home/airflow/.local/lib/python3.12/site-packages/airflow/example_dags/example_sensors.py
[2025-04-06T07:16:58.944+0000] {processor.py:925} INFO - DAG(s) 'example_sensors' retrieved from /home/airflow/.local/lib/python3.12/site-packages/airflow/example_dags/example_sensors.py
[2025-04-06T07:16:58.978+0000] {logging_mixin.py:190} INFO - [2025-04-06T07:16:58.978+0000] {dag.py:3239} INFO - Sync 1 DAGs
[2025-04-06T07:16:58.998+0000] {logging_mixin.py:190} INFO - [2025-04-06T07:16:58.998+0000] {dag.py:4180} INFO - Setting next_dagrun for example_sensors to None, run_after=None
[2025-04-06T07:16:59.032+0000] {processor.py:208} INFO - Processing /home/airflow/.local/lib/python3.12/site-packages/airflow/example_dags/example_sensors.py took 0.115 seconds
[2025-04-06T07:17:29.599+0000] {processor.py:186} INFO - Started process (PID=401) to work on /home/airflow/.local/lib/python3.12/site-packages/airflow/example_dags/example_sensors.py
[2025-04-06T07:17:29.601+0000] {processor.py:914} INFO - Processing file /home/airflow/.local/lib/python3.12/site-packages/airflow/example_dags/example_sensors.py for tasks to queue
[2025-04-06T07:17:29.604+0000] {logging_mixin.py:190} INFO - [2025-04-06T07:17:29.603+0000] {dagbag.py:588} INFO - Filling up the DagBag from /home/airflow/.local/lib/python3.12/site-packages/airflow/example_dags/example_sensors.py
[2025-04-06T07:17:29.620+0000] {processor.py:925} INFO - DAG(s) 'example_sensors' retrieved from /home/airflow/.local/lib/python3.12/site-packages/airflow/example_dags/example_sensors.py
[2025-04-06T07:17:29.657+0000] {logging_mixin.py:190} INFO - [2025-04-06T07:17:29.657+0000] {dag.py:3239} INFO - Sync 1 DAGs
[2025-04-06T07:17:29.679+0000] {logging_mixin.py:190} INFO - [2025-04-06T07:17:29.679+0000] {dag.py:4180} INFO - Setting next_dagrun for example_sensors to None, run_after=None
[2025-04-06T07:17:29.715+0000] {processor.py:208} INFO - Processing /home/airflow/.local/lib/python3.12/site-packages/airflow/example_dags/example_sensors.py took 0.123 seconds
[2025-04-06T07:17:59.907+0000] {processor.py:186} INFO - Started process (PID=463) to work on /home/airflow/.local/lib/python3.12/site-packages/airflow/example_dags/example_sensors.py
[2025-04-06T07:17:59.908+0000] {processor.py:914} INFO - Processing file /home/airflow/.local/lib/python3.12/site-packages/airflow/example_dags/example_sensors.py for tasks to queue
[2025-04-06T07:17:59.910+0000] {logging_mixin.py:190} INFO - [2025-04-06T07:17:59.909+0000] {dagbag.py:588} INFO - Filling up the DagBag from /home/airflow/.local/lib/python3.12/site-packages/airflow/example_dags/example_sensors.py
[2025-04-06T07:17:59.921+0000] {processor.py:925} INFO - DAG(s) 'example_sensors' retrieved from /home/airflow/.local/lib/python3.12/site-packages/airflow/example_dags/example_sensors.py
[2025-04-06T07:17:59.944+0000] {logging_mixin.py:190} INFO - [2025-04-06T07:17:59.944+0000] {dag.py:3239} INFO - Sync 1 DAGs
[2025-04-06T07:17:59.958+0000] {logging_mixin.py:190} INFO - [2025-04-06T07:17:59.958+0000] {dag.py:4180} INFO - Setting next_dagrun for example_sensors to None, run_after=None
[2025-04-06T07:17:59.977+0000] {processor.py:208} INFO - Processing /home/airflow/.local/lib/python3.12/site-packages/airflow/example_dags/example_sensors.py took 0.075 seconds
[2025-04-06T07:18:30.391+0000] {processor.py:186} INFO - Started process (PID=526) to work on /home/airflow/.local/lib/python3.12/site-packages/airflow/example_dags/example_sensors.py
[2025-04-06T07:18:30.392+0000] {processor.py:914} INFO - Processing file /home/airflow/.local/lib/python3.12/site-packages/airflow/example_dags/example_sensors.py for tasks to queue
[2025-04-06T07:18:30.394+0000] {logging_mixin.py:190} INFO - [2025-04-06T07:18:30.394+0000] {dagbag.py:588} INFO - Filling up the DagBag from /home/airflow/.local/lib/python3.12/site-packages/airflow/example_dags/example_sensors.py
[2025-04-06T07:18:30.407+0000] {processor.py:925} INFO - DAG(s) 'example_sensors' retrieved from /home/airflow/.local/lib/python3.12/site-packages/airflow/example_dags/example_sensors.py
[2025-04-06T07:18:30.436+0000] {logging_mixin.py:190} INFO - [2025-04-06T07:18:30.436+0000] {dag.py:3239} INFO - Sync 1 DAGs
[2025-04-06T07:18:30.453+0000] {logging_mixin.py:190} INFO - [2025-04-06T07:18:30.452+0000] {dag.py:4180} INFO - Setting next_dagrun for example_sensors to None, run_after=None
[2025-04-06T07:18:30.478+0000] {processor.py:208} INFO - Processing /home/airflow/.local/lib/python3.12/site-packages/airflow/example_dags/example_sensors.py took 0.095 seconds
[2025-04-06T07:19:00.603+0000] {processor.py:186} INFO - Started process (PID=589) to work on /home/airflow/.local/lib/python3.12/site-packages/airflow/example_dags/example_sensors.py
[2025-04-06T07:19:00.604+0000] {processor.py:914} INFO - Processing file /home/airflow/.local/lib/python3.12/site-packages/airflow/example_dags/example_sensors.py for tasks to queue
[2025-04-06T07:19:00.606+0000] {logging_mixin.py:190} INFO - [2025-04-06T07:19:00.606+0000] {dagbag.py:588} INFO - Filling up the DagBag from /home/airflow/.local/lib/python3.12/site-packages/airflow/example_dags/example_sensors.py
[2025-04-06T07:19:00.617+0000] {processor.py:925} INFO - DAG(s) 'example_sensors' retrieved from /home/airflow/.local/lib/python3.12/site-packages/airflow/example_dags/example_sensors.py
[2025-04-06T07:19:00.641+0000] {logging_mixin.py:190} INFO - [2025-04-06T07:19:00.640+0000] {dag.py:3239} INFO - Sync 1 DAGs
[2025-04-06T07:19:00.656+0000] {logging_mixin.py:190} INFO - [2025-04-06T07:19:00.656+0000] {dag.py:4180} INFO - Setting next_dagrun for example_sensors to None, run_after=None
[2025-04-06T07:19:00.677+0000] {processor.py:208} INFO - Processing /home/airflow/.local/lib/python3.12/site-packages/airflow/example_dags/example_sensors.py took 0.080 seconds
[2025-04-06T07:19:31.263+0000] {processor.py:186} INFO - Started process (PID=652) to work on /home/airflow/.local/lib/python3.12/site-packages/airflow/example_dags/example_sensors.py
[2025-04-06T07:19:31.264+0000] {processor.py:914} INFO - Processing file /home/airflow/.local/lib/python3.12/site-packages/airflow/example_dags/example_sensors.py for tasks to queue
[2025-04-06T07:19:31.267+0000] {logging_mixin.py:190} INFO - [2025-04-06T07:19:31.266+0000] {dagbag.py:588} INFO - Filling up the DagBag from /home/airflow/.local/lib/python3.12/site-packages/airflow/example_dags/example_sensors.py
[2025-04-06T07:19:31.279+0000] {processor.py:925} INFO - DAG(s) 'example_sensors' retrieved from /home/airflow/.local/lib/python3.12/site-packages/airflow/example_dags/example_sensors.py
[2025-04-06T07:19:31.305+0000] {logging_mixin.py:190} INFO - [2025-04-06T07:19:31.304+0000] {dag.py:3239} INFO - Sync 1 DAGs
[2025-04-06T07:19:31.319+0000] {logging_mixin.py:190} INFO - [2025-04-06T07:19:31.319+0000] {dag.py:4180} INFO - Setting next_dagrun for example_sensors to None, run_after=None
[2025-04-06T07:19:31.342+0000] {processor.py:208} INFO - Processing /home/airflow/.local/lib/python3.12/site-packages/airflow/example_dags/example_sensors.py took 0.085 seconds
[2025-04-06T07:20:01.584+0000] {processor.py:186} INFO - Started process (PID=715) to work on /home/airflow/.local/lib/python3.12/site-packages/airflow/example_dags/example_sensors.py
[2025-04-06T07:20:01.585+0000] {processor.py:914} INFO - Processing file /home/airflow/.local/lib/python3.12/site-packages/airflow/example_dags/example_sensors.py for tasks to queue
[2025-04-06T07:20:01.587+0000] {logging_mixin.py:190} INFO - [2025-04-06T07:20:01.587+0000] {dagbag.py:588} INFO - Filling up the DagBag from /home/airflow/.local/lib/python3.12/site-packages/airflow/example_dags/example_sensors.py
[2025-04-06T07:20:01.599+0000] {processor.py:925} INFO - DAG(s) 'example_sensors' retrieved from /home/airflow/.local/lib/python3.12/site-packages/airflow/example_dags/example_sensors.py
[2025-04-06T07:20:01.621+0000] {logging_mixin.py:190} INFO - [2025-04-06T07:20:01.621+0000] {dag.py:3239} INFO - Sync 1 DAGs
[2025-04-06T07:20:01.635+0000] {logging_mixin.py:190} INFO - [2025-04-06T07:20:01.634+0000] {dag.py:4180} INFO - Setting next_dagrun for example_sensors to None, run_after=None
[2025-04-06T07:20:01.652+0000] {processor.py:208} INFO - Processing /home/airflow/.local/lib/python3.12/site-packages/airflow/example_dags/example_sensors.py took 0.073 seconds
[2025-04-06T07:20:31.919+0000] {processor.py:186} INFO - Started process (PID=778) to work on /home/airflow/.local/lib/python3.12/site-packages/airflow/example_dags/example_sensors.py
[2025-04-06T07:20:31.920+0000] {processor.py:914} INFO - Processing file /home/airflow/.local/lib/python3.12/site-packages/airflow/example_dags/example_sensors.py for tasks to queue
[2025-04-06T07:20:31.922+0000] {logging_mixin.py:190} INFO - [2025-04-06T07:20:31.922+0000] {dagbag.py:588} INFO - Filling up the DagBag from /home/airflow/.local/lib/python3.12/site-packages/airflow/example_dags/example_sensors.py
[2025-04-06T07:20:31.931+0000] {processor.py:925} INFO - DAG(s) 'example_sensors' retrieved from /home/airflow/.local/lib/python3.12/site-packages/airflow/example_dags/example_sensors.py
[2025-04-06T07:20:31.953+0000] {logging_mixin.py:190} INFO - [2025-04-06T07:20:31.953+0000] {dag.py:3239} INFO - Sync 1 DAGs
[2025-04-06T07:20:31.966+0000] {logging_mixin.py:190} INFO - [2025-04-06T07:20:31.966+0000] {dag.py:4180} INFO - Setting next_dagrun for example_sensors to None, run_after=None
[2025-04-06T07:20:31.988+0000] {processor.py:208} INFO - Processing /home/airflow/.local/lib/python3.12/site-packages/airflow/example_dags/example_sensors.py took 0.074 seconds
[2025-04-06T07:21:02.487+0000] {processor.py:186} INFO - Started process (PID=847) to work on /home/airflow/.local/lib/python3.12/site-packages/airflow/example_dags/example_sensors.py
[2025-04-06T07:21:02.487+0000] {processor.py:914} INFO - Processing file /home/airflow/.local/lib/python3.12/site-packages/airflow/example_dags/example_sensors.py for tasks to queue
[2025-04-06T07:21:02.489+0000] {logging_mixin.py:190} INFO - [2025-04-06T07:21:02.489+0000] {dagbag.py:588} INFO - Filling up the DagBag from /home/airflow/.local/lib/python3.12/site-packages/airflow/example_dags/example_sensors.py
[2025-04-06T07:21:02.497+0000] {processor.py:925} INFO - DAG(s) 'example_sensors' retrieved from /home/airflow/.local/lib/python3.12/site-packages/airflow/example_dags/example_sensors.py
[2025-04-06T07:21:02.518+0000] {logging_mixin.py:190} INFO - [2025-04-06T07:21:02.517+0000] {dag.py:3239} INFO - Sync 1 DAGs
[2025-04-06T07:21:02.528+0000] {logging_mixin.py:190} INFO - [2025-04-06T07:21:02.528+0000] {dag.py:4180} INFO - Setting next_dagrun for example_sensors to None, run_after=None
[2025-04-06T07:21:02.544+0000] {processor.py:208} INFO - Processing /home/airflow/.local/lib/python3.12/site-packages/airflow/example_dags/example_sensors.py took 0.063 seconds
[2025-04-06T07:21:32.778+0000] {processor.py:186} INFO - Started process (PID=910) to work on /home/airflow/.local/lib/python3.12/site-packages/airflow/example_dags/example_sensors.py
[2025-04-06T07:21:32.779+0000] {processor.py:914} INFO - Processing file /home/airflow/.local/lib/python3.12/site-packages/airflow/example_dags/example_sensors.py for tasks to queue
[2025-04-06T07:21:32.781+0000] {logging_mixin.py:190} INFO - [2025-04-06T07:21:32.781+0000] {dagbag.py:588} INFO - Filling up the DagBag from /home/airflow/.local/lib/python3.12/site-packages/airflow/example_dags/example_sensors.py
[2025-04-06T07:21:32.789+0000] {processor.py:925} INFO - DAG(s) 'example_sensors' retrieved from /home/airflow/.local/lib/python3.12/site-packages/airflow/example_dags/example_sensors.py
[2025-04-06T07:21:32.808+0000] {logging_mixin.py:190} INFO - [2025-04-06T07:21:32.808+0000] {dag.py:3239} INFO - Sync 1 DAGs
[2025-04-06T07:21:32.819+0000] {logging_mixin.py:190} INFO - [2025-04-06T07:21:32.818+0000] {dag.py:4180} INFO - Setting next_dagrun for example_sensors to None, run_after=None
[2025-04-06T07:21:32.837+0000] {processor.py:208} INFO - Processing /home/airflow/.local/lib/python3.12/site-packages/airflow/example_dags/example_sensors.py took 0.062 seconds
[2025-04-06T07:22:03.652+0000] {processor.py:186} INFO - Started process (PID=973) to work on /home/airflow/.local/lib/python3.12/site-packages/airflow/example_dags/example_sensors.py
[2025-04-06T07:22:03.653+0000] {processor.py:914} INFO - Processing file /home/airflow/.local/lib/python3.12/site-packages/airflow/example_dags/example_sensors.py for tasks to queue
[2025-04-06T07:22:03.656+0000] {logging_mixin.py:190} INFO - [2025-04-06T07:22:03.656+0000] {dagbag.py:588} INFO - Filling up the DagBag from /home/airflow/.local/lib/python3.12/site-packages/airflow/example_dags/example_sensors.py
[2025-04-06T07:22:03.669+0000] {processor.py:925} INFO - DAG(s) 'example_sensors' retrieved from /home/airflow/.local/lib/python3.12/site-packages/airflow/example_dags/example_sensors.py
[2025-04-06T07:22:03.711+0000] {logging_mixin.py:190} INFO - [2025-04-06T07:22:03.709+0000] {dag.py:3239} INFO - Sync 1 DAGs
[2025-04-06T07:22:03.739+0000] {logging_mixin.py:190} INFO - [2025-04-06T07:22:03.739+0000] {dag.py:4180} INFO - Setting next_dagrun for example_sensors to None, run_after=None
[2025-04-06T07:22:03.764+0000] {processor.py:208} INFO - Processing /home/airflow/.local/lib/python3.12/site-packages/airflow/example_dags/example_sensors.py took 0.119 seconds
[2025-04-06T07:22:34.670+0000] {processor.py:186} INFO - Started process (PID=1036) to work on /home/airflow/.local/lib/python3.12/site-packages/airflow/example_dags/example_sensors.py
[2025-04-06T07:22:34.671+0000] {processor.py:914} INFO - Processing file /home/airflow/.local/lib/python3.12/site-packages/airflow/example_dags/example_sensors.py for tasks to queue
[2025-04-06T07:22:34.673+0000] {logging_mixin.py:190} INFO - [2025-04-06T07:22:34.673+0000] {dagbag.py:588} INFO - Filling up the DagBag from /home/airflow/.local/lib/python3.12/site-packages/airflow/example_dags/example_sensors.py
[2025-04-06T07:22:34.683+0000] {processor.py:925} INFO - DAG(s) 'example_sensors' retrieved from /home/airflow/.local/lib/python3.12/site-packages/airflow/example_dags/example_sensors.py
[2025-04-06T07:22:34.705+0000] {logging_mixin.py:190} INFO - [2025-04-06T07:22:34.705+0000] {dag.py:3239} INFO - Sync 1 DAGs
[2025-04-06T07:22:34.721+0000] {logging_mixin.py:190} INFO - [2025-04-06T07:22:34.721+0000] {dag.py:4180} INFO - Setting next_dagrun for example_sensors to None, run_after=None
[2025-04-06T07:22:34.743+0000] {processor.py:208} INFO - Processing /home/airflow/.local/lib/python3.12/site-packages/airflow/example_dags/example_sensors.py took 0.077 seconds
[2025-04-06T07:23:04.946+0000] {processor.py:186} INFO - Started process (PID=1099) to work on /home/airflow/.local/lib/python3.12/site-packages/airflow/example_dags/example_sensors.py
[2025-04-06T07:23:04.947+0000] {processor.py:914} INFO - Processing file /home/airflow/.local/lib/python3.12/site-packages/airflow/example_dags/example_sensors.py for tasks to queue
[2025-04-06T07:23:04.950+0000] {logging_mixin.py:190} INFO - [2025-04-06T07:23:04.950+0000] {dagbag.py:588} INFO - Filling up the DagBag from /home/airflow/.local/lib/python3.12/site-packages/airflow/example_dags/example_sensors.py
[2025-04-06T07:23:04.962+0000] {processor.py:925} INFO - DAG(s) 'example_sensors' retrieved from /home/airflow/.local/lib/python3.12/site-packages/airflow/example_dags/example_sensors.py
[2025-04-06T07:23:04.987+0000] {logging_mixin.py:190} INFO - [2025-04-06T07:23:04.987+0000] {dag.py:3239} INFO - Sync 1 DAGs
[2025-04-06T07:23:05.001+0000] {logging_mixin.py:190} INFO - [2025-04-06T07:23:05.001+0000] {dag.py:4180} INFO - Setting next_dagrun for example_sensors to None, run_after=None
[2025-04-06T07:23:05.024+0000] {processor.py:208} INFO - Processing /home/airflow/.local/lib/python3.12/site-packages/airflow/example_dags/example_sensors.py took 0.086 seconds
[2025-04-06T07:23:35.916+0000] {processor.py:186} INFO - Started process (PID=1162) to work on /home/airflow/.local/lib/python3.12/site-packages/airflow/example_dags/example_sensors.py
[2025-04-06T07:23:35.917+0000] {processor.py:914} INFO - Processing file /home/airflow/.local/lib/python3.12/site-packages/airflow/example_dags/example_sensors.py for tasks to queue
[2025-04-06T07:23:35.919+0000] {logging_mixin.py:190} INFO - [2025-04-06T07:23:35.919+0000] {dagbag.py:588} INFO - Filling up the DagBag from /home/airflow/.local/lib/python3.12/site-packages/airflow/example_dags/example_sensors.py
[2025-04-06T07:23:35.930+0000] {processor.py:925} INFO - DAG(s) 'example_sensors' retrieved from /home/airflow/.local/lib/python3.12/site-packages/airflow/example_dags/example_sensors.py
[2025-04-06T07:23:35.957+0000] {logging_mixin.py:190} INFO - [2025-04-06T07:23:35.957+0000] {dag.py:3239} INFO - Sync 1 DAGs
[2025-04-06T07:23:35.975+0000] {logging_mixin.py:190} INFO - [2025-04-06T07:23:35.974+0000] {dag.py:4180} INFO - Setting next_dagrun for example_sensors to None, run_after=None
[2025-04-06T07:23:35.999+0000] {processor.py:208} INFO - Processing /home/airflow/.local/lib/python3.12/site-packages/airflow/example_dags/example_sensors.py took 0.089 seconds
[2025-04-06T07:24:06.519+0000] {processor.py:186} INFO - Started process (PID=1225) to work on /home/airflow/.local/lib/python3.12/site-packages/airflow/example_dags/example_sensors.py
[2025-04-06T07:24:06.520+0000] {processor.py:914} INFO - Processing file /home/airflow/.local/lib/python3.12/site-packages/airflow/example_dags/example_sensors.py for tasks to queue
[2025-04-06T07:24:06.523+0000] {logging_mixin.py:190} INFO - [2025-04-06T07:24:06.522+0000] {dagbag.py:588} INFO - Filling up the DagBag from /home/airflow/.local/lib/python3.12/site-packages/airflow/example_dags/example_sensors.py
[2025-04-06T07:24:06.537+0000] {processor.py:925} INFO - DAG(s) 'example_sensors' retrieved from /home/airflow/.local/lib/python3.12/site-packages/airflow/example_dags/example_sensors.py
[2025-04-06T07:24:06.567+0000] {logging_mixin.py:190} INFO - [2025-04-06T07:24:06.567+0000] {dag.py:3239} INFO - Sync 1 DAGs
[2025-04-06T07:24:06.579+0000] {logging_mixin.py:190} INFO - [2025-04-06T07:24:06.579+0000] {dag.py:4180} INFO - Setting next_dagrun for example_sensors to None, run_after=None
[2025-04-06T07:24:06.595+0000] {processor.py:208} INFO - Processing /home/airflow/.local/lib/python3.12/site-packages/airflow/example_dags/example_sensors.py took 0.084 seconds
[2025-04-06T07:24:36.799+0000] {processor.py:186} INFO - Started process (PID=1288) to work on /home/airflow/.local/lib/python3.12/site-packages/airflow/example_dags/example_sensors.py
[2025-04-06T07:24:36.799+0000] {processor.py:914} INFO - Processing file /home/airflow/.local/lib/python3.12/site-packages/airflow/example_dags/example_sensors.py for tasks to queue
[2025-04-06T07:24:36.801+0000] {logging_mixin.py:190} INFO - [2025-04-06T07:24:36.801+0000] {dagbag.py:588} INFO - Filling up the DagBag from /home/airflow/.local/lib/python3.12/site-packages/airflow/example_dags/example_sensors.py
[2025-04-06T07:24:36.809+0000] {processor.py:925} INFO - DAG(s) 'example_sensors' retrieved from /home/airflow/.local/lib/python3.12/site-packages/airflow/example_dags/example_sensors.py
[2025-04-06T07:24:36.829+0000] {logging_mixin.py:190} INFO - [2025-04-06T07:24:36.829+0000] {dag.py:3239} INFO - Sync 1 DAGs
[2025-04-06T07:24:36.839+0000] {logging_mixin.py:190} INFO - [2025-04-06T07:24:36.839+0000] {dag.py:4180} INFO - Setting next_dagrun for example_sensors to None, run_after=None
[2025-04-06T07:24:36.859+0000] {processor.py:208} INFO - Processing /home/airflow/.local/lib/python3.12/site-packages/airflow/example_dags/example_sensors.py took 0.064 seconds
[2025-04-06T07:25:07.237+0000] {processor.py:186} INFO - Started process (PID=1352) to work on /home/airflow/.local/lib/python3.12/site-packages/airflow/example_dags/example_sensors.py
[2025-04-06T07:25:07.238+0000] {processor.py:914} INFO - Processing file /home/airflow/.local/lib/python3.12/site-packages/airflow/example_dags/example_sensors.py for tasks to queue
[2025-04-06T07:25:07.240+0000] {logging_mixin.py:190} INFO - [2025-04-06T07:25:07.239+0000] {dagbag.py:588} INFO - Filling up the DagBag from /home/airflow/.local/lib/python3.12/site-packages/airflow/example_dags/example_sensors.py
[2025-04-06T07:25:07.248+0000] {processor.py:925} INFO - DAG(s) 'example_sensors' retrieved from /home/airflow/.local/lib/python3.12/site-packages/airflow/example_dags/example_sensors.py
[2025-04-06T07:25:07.267+0000] {logging_mixin.py:190} INFO - [2025-04-06T07:25:07.266+0000] {dag.py:3239} INFO - Sync 1 DAGs
[2025-04-06T07:25:07.277+0000] {logging_mixin.py:190} INFO - [2025-04-06T07:25:07.277+0000] {dag.py:4180} INFO - Setting next_dagrun for example_sensors to None, run_after=None
[2025-04-06T07:25:07.293+0000] {processor.py:208} INFO - Processing /home/airflow/.local/lib/python3.12/site-packages/airflow/example_dags/example_sensors.py took 0.060 seconds
[2025-04-06T07:25:37.660+0000] {processor.py:186} INFO - Started process (PID=1417) to work on /home/airflow/.local/lib/python3.12/site-packages/airflow/example_dags/example_sensors.py
[2025-04-06T07:25:37.661+0000] {processor.py:914} INFO - Processing file /home/airflow/.local/lib/python3.12/site-packages/airflow/example_dags/example_sensors.py for tasks to queue
[2025-04-06T07:25:37.663+0000] {logging_mixin.py:190} INFO - [2025-04-06T07:25:37.662+0000] {dagbag.py:588} INFO - Filling up the DagBag from /home/airflow/.local/lib/python3.12/site-packages/airflow/example_dags/example_sensors.py
[2025-04-06T07:25:37.670+0000] {processor.py:925} INFO - DAG(s) 'example_sensors' retrieved from /home/airflow/.local/lib/python3.12/site-packages/airflow/example_dags/example_sensors.py
[2025-04-06T07:25:37.689+0000] {logging_mixin.py:190} INFO - [2025-04-06T07:25:37.689+0000] {dag.py:3239} INFO - Sync 1 DAGs
[2025-04-06T07:25:37.699+0000] {logging_mixin.py:190} INFO - [2025-04-06T07:25:37.699+0000] {dag.py:4180} INFO - Setting next_dagrun for example_sensors to None, run_after=None
[2025-04-06T07:25:37.716+0000] {processor.py:208} INFO - Processing /home/airflow/.local/lib/python3.12/site-packages/airflow/example_dags/example_sensors.py took 0.060 seconds
[2025-04-06T07:26:08.051+0000] {processor.py:186} INFO - Started process (PID=1481) to work on /home/airflow/.local/lib/python3.12/site-packages/airflow/example_dags/example_sensors.py
[2025-04-06T07:26:08.052+0000] {processor.py:914} INFO - Processing file /home/airflow/.local/lib/python3.12/site-packages/airflow/example_dags/example_sensors.py for tasks to queue
[2025-04-06T07:26:08.053+0000] {logging_mixin.py:190} INFO - [2025-04-06T07:26:08.053+0000] {dagbag.py:588} INFO - Filling up the DagBag from /home/airflow/.local/lib/python3.12/site-packages/airflow/example_dags/example_sensors.py
[2025-04-06T07:26:08.061+0000] {processor.py:925} INFO - DAG(s) 'example_sensors' retrieved from /home/airflow/.local/lib/python3.12/site-packages/airflow/example_dags/example_sensors.py
[2025-04-06T07:26:08.078+0000] {logging_mixin.py:190} INFO - [2025-04-06T07:26:08.078+0000] {dag.py:3239} INFO - Sync 1 DAGs
[2025-04-06T07:26:08.088+0000] {logging_mixin.py:190} INFO - [2025-04-06T07:26:08.088+0000] {dag.py:4180} INFO - Setting next_dagrun for example_sensors to None, run_after=None
[2025-04-06T07:26:08.107+0000] {processor.py:208} INFO - Processing /home/airflow/.local/lib/python3.12/site-packages/airflow/example_dags/example_sensors.py took 0.060 seconds
[2025-04-06T07:26:38.353+0000] {processor.py:186} INFO - Started process (PID=1545) to work on /home/airflow/.local/lib/python3.12/site-packages/airflow/example_dags/example_sensors.py
[2025-04-06T07:26:38.354+0000] {processor.py:914} INFO - Processing file /home/airflow/.local/lib/python3.12/site-packages/airflow/example_dags/example_sensors.py for tasks to queue
[2025-04-06T07:26:38.357+0000] {logging_mixin.py:190} INFO - [2025-04-06T07:26:38.356+0000] {dagbag.py:588} INFO - Filling up the DagBag from /home/airflow/.local/lib/python3.12/site-packages/airflow/example_dags/example_sensors.py
[2025-04-06T07:26:38.365+0000] {processor.py:925} INFO - DAG(s) 'example_sensors' retrieved from /home/airflow/.local/lib/python3.12/site-packages/airflow/example_dags/example_sensors.py
[2025-04-06T07:26:38.389+0000] {logging_mixin.py:190} INFO - [2025-04-06T07:26:38.388+0000] {dag.py:3239} INFO - Sync 1 DAGs
[2025-04-06T07:26:38.402+0000] {logging_mixin.py:190} INFO - [2025-04-06T07:26:38.402+0000] {dag.py:4180} INFO - Setting next_dagrun for example_sensors to None, run_after=None
[2025-04-06T07:26:38.423+0000] {processor.py:208} INFO - Processing /home/airflow/.local/lib/python3.12/site-packages/airflow/example_dags/example_sensors.py took 0.075 seconds
[2025-04-06T07:27:09.283+0000] {processor.py:186} INFO - Started process (PID=1612) to work on /home/airflow/.local/lib/python3.12/site-packages/airflow/example_dags/example_sensors.py
[2025-04-06T07:27:09.284+0000] {processor.py:914} INFO - Processing file /home/airflow/.local/lib/python3.12/site-packages/airflow/example_dags/example_sensors.py for tasks to queue
[2025-04-06T07:27:09.287+0000] {logging_mixin.py:190} INFO - [2025-04-06T07:27:09.287+0000] {dagbag.py:588} INFO - Filling up the DagBag from /home/airflow/.local/lib/python3.12/site-packages/airflow/example_dags/example_sensors.py
[2025-04-06T07:27:09.297+0000] {processor.py:925} INFO - DAG(s) 'example_sensors' retrieved from /home/airflow/.local/lib/python3.12/site-packages/airflow/example_dags/example_sensors.py
[2025-04-06T07:27:09.321+0000] {logging_mixin.py:190} INFO - [2025-04-06T07:27:09.320+0000] {dag.py:3239} INFO - Sync 1 DAGs
[2025-04-06T07:27:09.333+0000] {logging_mixin.py:190} INFO - [2025-04-06T07:27:09.333+0000] {dag.py:4180} INFO - Setting next_dagrun for example_sensors to None, run_after=None
[2025-04-06T07:27:09.350+0000] {processor.py:208} INFO - Processing /home/airflow/.local/lib/python3.12/site-packages/airflow/example_dags/example_sensors.py took 0.074 seconds
[2025-04-06T07:27:39.387+0000] {processor.py:186} INFO - Started process (PID=1676) to work on /home/airflow/.local/lib/python3.12/site-packages/airflow/example_dags/example_sensors.py
[2025-04-06T07:27:39.389+0000] {processor.py:914} INFO - Processing file /home/airflow/.local/lib/python3.12/site-packages/airflow/example_dags/example_sensors.py for tasks to queue
[2025-04-06T07:27:39.391+0000] {logging_mixin.py:190} INFO - [2025-04-06T07:27:39.390+0000] {dagbag.py:588} INFO - Filling up the DagBag from /home/airflow/.local/lib/python3.12/site-packages/airflow/example_dags/example_sensors.py
[2025-04-06T07:27:39.399+0000] {processor.py:925} INFO - DAG(s) 'example_sensors' retrieved from /home/airflow/.local/lib/python3.12/site-packages/airflow/example_dags/example_sensors.py
[2025-04-06T07:27:39.418+0000] {logging_mixin.py:190} INFO - [2025-04-06T07:27:39.417+0000] {dag.py:3239} INFO - Sync 1 DAGs
[2025-04-06T07:27:39.430+0000] {logging_mixin.py:190} INFO - [2025-04-06T07:27:39.430+0000] {dag.py:4180} INFO - Setting next_dagrun for example_sensors to None, run_after=None
[2025-04-06T07:27:39.447+0000] {processor.py:208} INFO - Processing /home/airflow/.local/lib/python3.12/site-packages/airflow/example_dags/example_sensors.py took 0.065 seconds
[2025-04-06T07:28:09.604+0000] {processor.py:186} INFO - Started process (PID=1740) to work on /home/airflow/.local/lib/python3.12/site-packages/airflow/example_dags/example_sensors.py
[2025-04-06T07:28:09.604+0000] {processor.py:914} INFO - Processing file /home/airflow/.local/lib/python3.12/site-packages/airflow/example_dags/example_sensors.py for tasks to queue
[2025-04-06T07:28:09.606+0000] {logging_mixin.py:190} INFO - [2025-04-06T07:28:09.606+0000] {dagbag.py:588} INFO - Filling up the DagBag from /home/airflow/.local/lib/python3.12/site-packages/airflow/example_dags/example_sensors.py
[2025-04-06T07:28:09.614+0000] {processor.py:925} INFO - DAG(s) 'example_sensors' retrieved from /home/airflow/.local/lib/python3.12/site-packages/airflow/example_dags/example_sensors.py
[2025-04-06T07:28:09.632+0000] {logging_mixin.py:190} INFO - [2025-04-06T07:28:09.632+0000] {dag.py:3239} INFO - Sync 1 DAGs
[2025-04-06T07:28:09.643+0000] {logging_mixin.py:190} INFO - [2025-04-06T07:28:09.642+0000] {dag.py:4180} INFO - Setting next_dagrun for example_sensors to None, run_after=None
[2025-04-06T07:28:09.657+0000] {processor.py:208} INFO - Processing /home/airflow/.local/lib/python3.12/site-packages/airflow/example_dags/example_sensors.py took 0.058 seconds
[2025-04-06T07:28:40.104+0000] {processor.py:186} INFO - Started process (PID=1804) to work on /home/airflow/.local/lib/python3.12/site-packages/airflow/example_dags/example_sensors.py
[2025-04-06T07:28:40.104+0000] {processor.py:914} INFO - Processing file /home/airflow/.local/lib/python3.12/site-packages/airflow/example_dags/example_sensors.py for tasks to queue
[2025-04-06T07:28:40.106+0000] {logging_mixin.py:190} INFO - [2025-04-06T07:28:40.106+0000] {dagbag.py:588} INFO - Filling up the DagBag from /home/airflow/.local/lib/python3.12/site-packages/airflow/example_dags/example_sensors.py
[2025-04-06T07:28:40.113+0000] {processor.py:925} INFO - DAG(s) 'example_sensors' retrieved from /home/airflow/.local/lib/python3.12/site-packages/airflow/example_dags/example_sensors.py
[2025-04-06T07:28:40.131+0000] {logging_mixin.py:190} INFO - [2025-04-06T07:28:40.131+0000] {dag.py:3239} INFO - Sync 1 DAGs
[2025-04-06T07:28:40.143+0000] {logging_mixin.py:190} INFO - [2025-04-06T07:28:40.142+0000] {dag.py:4180} INFO - Setting next_dagrun for example_sensors to None, run_after=None
[2025-04-06T07:28:40.159+0000] {processor.py:208} INFO - Processing /home/airflow/.local/lib/python3.12/site-packages/airflow/example_dags/example_sensors.py took 0.059 seconds
[2025-04-06T07:29:10.367+0000] {processor.py:186} INFO - Started process (PID=1868) to work on /home/airflow/.local/lib/python3.12/site-packages/airflow/example_dags/example_sensors.py
[2025-04-06T07:29:10.368+0000] {processor.py:914} INFO - Processing file /home/airflow/.local/lib/python3.12/site-packages/airflow/example_dags/example_sensors.py for tasks to queue
[2025-04-06T07:29:10.370+0000] {logging_mixin.py:190} INFO - [2025-04-06T07:29:10.370+0000] {dagbag.py:588} INFO - Filling up the DagBag from /home/airflow/.local/lib/python3.12/site-packages/airflow/example_dags/example_sensors.py
[2025-04-06T07:29:10.379+0000] {processor.py:925} INFO - DAG(s) 'example_sensors' retrieved from /home/airflow/.local/lib/python3.12/site-packages/airflow/example_dags/example_sensors.py
[2025-04-06T07:29:10.399+0000] {logging_mixin.py:190} INFO - [2025-04-06T07:29:10.399+0000] {dag.py:3239} INFO - Sync 1 DAGs
[2025-04-06T07:29:10.411+0000] {logging_mixin.py:190} INFO - [2025-04-06T07:29:10.411+0000] {dag.py:4180} INFO - Setting next_dagrun for example_sensors to None, run_after=None
[2025-04-06T07:29:10.429+0000] {processor.py:208} INFO - Processing /home/airflow/.local/lib/python3.12/site-packages/airflow/example_dags/example_sensors.py took 0.066 seconds
[2025-04-06T07:29:40.553+0000] {processor.py:186} INFO - Started process (PID=1932) to work on /home/airflow/.local/lib/python3.12/site-packages/airflow/example_dags/example_sensors.py
[2025-04-06T07:29:40.554+0000] {processor.py:914} INFO - Processing file /home/airflow/.local/lib/python3.12/site-packages/airflow/example_dags/example_sensors.py for tasks to queue
[2025-04-06T07:29:40.556+0000] {logging_mixin.py:190} INFO - [2025-04-06T07:29:40.556+0000] {dagbag.py:588} INFO - Filling up the DagBag from /home/airflow/.local/lib/python3.12/site-packages/airflow/example_dags/example_sensors.py
[2025-04-06T07:29:40.564+0000] {processor.py:925} INFO - DAG(s) 'example_sensors' retrieved from /home/airflow/.local/lib/python3.12/site-packages/airflow/example_dags/example_sensors.py
[2025-04-06T07:29:40.584+0000] {logging_mixin.py:190} INFO - [2025-04-06T07:29:40.584+0000] {dag.py:3239} INFO - Sync 1 DAGs
[2025-04-06T07:29:40.595+0000] {logging_mixin.py:190} INFO - [2025-04-06T07:29:40.595+0000] {dag.py:4180} INFO - Setting next_dagrun for example_sensors to None, run_after=None
[2025-04-06T07:29:40.612+0000] {processor.py:208} INFO - Processing /home/airflow/.local/lib/python3.12/site-packages/airflow/example_dags/example_sensors.py took 0.065 seconds
[2025-04-06T07:30:11.002+0000] {processor.py:186} INFO - Started process (PID=1996) to work on /home/airflow/.local/lib/python3.12/site-packages/airflow/example_dags/example_sensors.py
[2025-04-06T07:30:11.002+0000] {processor.py:914} INFO - Processing file /home/airflow/.local/lib/python3.12/site-packages/airflow/example_dags/example_sensors.py for tasks to queue
[2025-04-06T07:30:11.004+0000] {logging_mixin.py:190} INFO - [2025-04-06T07:30:11.004+0000] {dagbag.py:588} INFO - Filling up the DagBag from /home/airflow/.local/lib/python3.12/site-packages/airflow/example_dags/example_sensors.py
[2025-04-06T07:30:11.013+0000] {processor.py:925} INFO - DAG(s) 'example_sensors' retrieved from /home/airflow/.local/lib/python3.12/site-packages/airflow/example_dags/example_sensors.py
[2025-04-06T07:30:11.032+0000] {logging_mixin.py:190} INFO - [2025-04-06T07:30:11.032+0000] {dag.py:3239} INFO - Sync 1 DAGs
[2025-04-06T07:30:11.044+0000] {logging_mixin.py:190} INFO - [2025-04-06T07:30:11.043+0000] {dag.py:4180} INFO - Setting next_dagrun for example_sensors to None, run_after=None
[2025-04-06T07:30:11.061+0000] {processor.py:208} INFO - Processing /home/airflow/.local/lib/python3.12/site-packages/airflow/example_dags/example_sensors.py took 0.064 seconds
