[2025-04-06T07:14:51.818+0000] {processor.py:186} INFO - Started process (PID=75) to work on /home/airflow/.local/lib/python3.12/site-packages/airflow/example_dags/example_subdag_operator.py
[2025-04-06T07:14:51.820+0000] {processor.py:914} INFO - Processing file /home/airflow/.local/lib/python3.12/site-packages/airflow/example_dags/example_subdag_operator.py for tasks to queue
[2025-04-06T07:14:51.824+0000] {logging_mixin.py:190} INFO - [2025-04-06T07:14:51.823+0000] {dagbag.py:588} INFO - Filling up the DagBag from /home/airflow/.local/lib/python3.12/site-packages/airflow/example_dags/example_subdag_operator.py
[2025-04-06T07:14:51.883+0000] {processor.py:925} INFO - DAG(s) 'example_subdag_operator.section-1', 'example_subdag_operator.section-2', 'example_subdag_operator' retrieved from /home/airflow/.local/lib/python3.12/site-packages/airflow/example_dags/example_subdag_operator.py
[2025-04-06T07:14:52.086+0000] {logging_mixin.py:190} INFO - [2025-04-06T07:14:52.085+0000] {override.py:1912} INFO - Created Permission View: can edit on DAG:example_subdag_operator
[2025-04-06T07:14:52.101+0000] {logging_mixin.py:190} INFO - [2025-04-06T07:14:52.100+0000] {override.py:1912} INFO - Created Permission View: can delete on DAG:example_subdag_operator
[2025-04-06T07:14:52.113+0000] {logging_mixin.py:190} INFO - [2025-04-06T07:14:52.113+0000] {override.py:1912} INFO - Created Permission View: can read on DAG:example_subdag_operator
[2025-04-06T07:14:52.146+0000] {logging_mixin.py:190} INFO - [2025-04-06T07:14:52.145+0000] {override.py:1912} INFO - Created Permission View: can delete on DAG Run:example_subdag_operator
[2025-04-06T07:14:52.162+0000] {logging_mixin.py:190} INFO - [2025-04-06T07:14:52.161+0000] {override.py:1912} INFO - Created Permission View: can create on DAG Run:example_subdag_operator
[2025-04-06T07:14:52.175+0000] {logging_mixin.py:190} INFO - [2025-04-06T07:14:52.174+0000] {override.py:1912} INFO - Created Permission View: can read on DAG Run:example_subdag_operator
[2025-04-06T07:14:52.189+0000] {logging_mixin.py:190} INFO - [2025-04-06T07:14:52.188+0000] {override.py:1912} INFO - Created Permission View: menu access on DAG Run:example_subdag_operator
[2025-04-06T07:14:52.190+0000] {logging_mixin.py:190} INFO - [2025-04-06T07:14:52.189+0000] {dag.py:3239} INFO - Sync 3 DAGs
[2025-04-06T07:14:52.208+0000] {logging_mixin.py:190} INFO - [2025-04-06T07:14:52.208+0000] {dag.py:3262} INFO - Creating ORM DAG for example_subdag_operator.section-1
[2025-04-06T07:14:52.209+0000] {logging_mixin.py:190} INFO - [2025-04-06T07:14:52.209+0000] {dag.py:3262} INFO - Creating ORM DAG for example_subdag_operator
[2025-04-06T07:14:52.211+0000] {logging_mixin.py:190} INFO - [2025-04-06T07:14:52.210+0000] {dag.py:3262} INFO - Creating ORM DAG for example_subdag_operator.section-2
[2025-04-06T07:14:52.226+0000] {logging_mixin.py:190} INFO - [2025-04-06T07:14:52.226+0000] {dag.py:4180} INFO - Setting next_dagrun for example_subdag_operator to 2022-01-01 00:00:00+00:00, run_after=2022-01-01 00:00:00+00:00
[2025-04-06T07:14:52.228+0000] {logging_mixin.py:190} INFO - [2025-04-06T07:14:52.227+0000] {dag.py:4180} INFO - Setting next_dagrun for example_subdag_operator.section-1 to None, run_after=None
[2025-04-06T07:14:52.229+0000] {logging_mixin.py:190} INFO - [2025-04-06T07:14:52.228+0000] {dag.py:4180} INFO - Setting next_dagrun for example_subdag_operator.section-2 to None, run_after=None
[2025-04-06T07:14:52.245+0000] {logging_mixin.py:190} INFO - [2025-04-06T07:14:52.244+0000] {dag.py:3239} INFO - Sync 2 DAGs
[2025-04-06T07:14:52.254+0000] {logging_mixin.py:190} INFO - [2025-04-06T07:14:52.253+0000] {dag.py:4180} INFO - Setting next_dagrun for example_subdag_operator.section-1 to None, run_after=None
[2025-04-06T07:14:52.259+0000] {logging_mixin.py:190} INFO - [2025-04-06T07:14:52.259+0000] {dag.py:4180} INFO - Setting next_dagrun for example_subdag_operator.section-2 to None, run_after=None
[2025-04-06T07:14:52.295+0000] {processor.py:208} INFO - Processing /home/airflow/.local/lib/python3.12/site-packages/airflow/example_dags/example_subdag_operator.py took 0.487 seconds
[2025-04-06T07:15:22.950+0000] {processor.py:186} INFO - Started process (PID=137) to work on /home/airflow/.local/lib/python3.12/site-packages/airflow/example_dags/example_subdag_operator.py
[2025-04-06T07:15:22.951+0000] {processor.py:914} INFO - Processing file /home/airflow/.local/lib/python3.12/site-packages/airflow/example_dags/example_subdag_operator.py for tasks to queue
[2025-04-06T07:15:22.953+0000] {logging_mixin.py:190} INFO - [2025-04-06T07:15:22.952+0000] {dagbag.py:588} INFO - Filling up the DagBag from /home/airflow/.local/lib/python3.12/site-packages/airflow/example_dags/example_subdag_operator.py
[2025-04-06T07:15:22.973+0000] {processor.py:925} INFO - DAG(s) 'example_subdag_operator.section-1', 'example_subdag_operator.section-2', 'example_subdag_operator' retrieved from /home/airflow/.local/lib/python3.12/site-packages/airflow/example_dags/example_subdag_operator.py
[2025-04-06T07:15:22.985+0000] {logging_mixin.py:190} INFO - [2025-04-06T07:15:22.985+0000] {dag.py:3239} INFO - Sync 3 DAGs
[2025-04-06T07:15:23.016+0000] {logging_mixin.py:190} INFO - [2025-04-06T07:15:23.015+0000] {dag.py:4180} INFO - Setting next_dagrun for example_subdag_operator to 2022-01-01 00:00:00+00:00, run_after=2022-01-01 00:00:00+00:00
[2025-04-06T07:15:23.022+0000] {logging_mixin.py:190} INFO - [2025-04-06T07:15:23.022+0000] {dag.py:4180} INFO - Setting next_dagrun for example_subdag_operator.section-1 to None, run_after=None
[2025-04-06T07:15:23.024+0000] {logging_mixin.py:190} INFO - [2025-04-06T07:15:23.023+0000] {dag.py:4180} INFO - Setting next_dagrun for example_subdag_operator.section-2 to None, run_after=None
[2025-04-06T07:15:23.031+0000] {logging_mixin.py:190} INFO - [2025-04-06T07:15:23.030+0000] {dag.py:3239} INFO - Sync 2 DAGs
[2025-04-06T07:15:23.036+0000] {logging_mixin.py:190} INFO - [2025-04-06T07:15:23.036+0000] {dag.py:4180} INFO - Setting next_dagrun for example_subdag_operator.section-1 to None, run_after=None
[2025-04-06T07:15:23.036+0000] {logging_mixin.py:190} INFO - [2025-04-06T07:15:23.036+0000] {dag.py:4180} INFO - Setting next_dagrun for example_subdag_operator.section-2 to None, run_after=None
[2025-04-06T07:15:23.055+0000] {processor.py:208} INFO - Processing /home/airflow/.local/lib/python3.12/site-packages/airflow/example_dags/example_subdag_operator.py took 0.111 seconds
[2025-04-06T07:15:53.401+0000] {processor.py:186} INFO - Started process (PID=200) to work on /home/airflow/.local/lib/python3.12/site-packages/airflow/example_dags/example_subdag_operator.py
[2025-04-06T07:15:53.403+0000] {processor.py:914} INFO - Processing file /home/airflow/.local/lib/python3.12/site-packages/airflow/example_dags/example_subdag_operator.py for tasks to queue
[2025-04-06T07:15:53.405+0000] {logging_mixin.py:190} INFO - [2025-04-06T07:15:53.405+0000] {dagbag.py:588} INFO - Filling up the DagBag from /home/airflow/.local/lib/python3.12/site-packages/airflow/example_dags/example_subdag_operator.py
[2025-04-06T07:15:53.436+0000] {processor.py:925} INFO - DAG(s) 'example_subdag_operator.section-1', 'example_subdag_operator.section-2', 'example_subdag_operator' retrieved from /home/airflow/.local/lib/python3.12/site-packages/airflow/example_dags/example_subdag_operator.py
[2025-04-06T07:15:53.460+0000] {logging_mixin.py:190} INFO - [2025-04-06T07:15:53.460+0000] {dag.py:3239} INFO - Sync 3 DAGs
[2025-04-06T07:15:53.501+0000] {logging_mixin.py:190} INFO - [2025-04-06T07:15:53.500+0000] {dag.py:4180} INFO - Setting next_dagrun for example_subdag_operator to 2022-01-01 00:00:00+00:00, run_after=2022-01-01 00:00:00+00:00
[2025-04-06T07:15:53.507+0000] {logging_mixin.py:190} INFO - [2025-04-06T07:15:53.506+0000] {dag.py:4180} INFO - Setting next_dagrun for example_subdag_operator.section-1 to None, run_after=None
[2025-04-06T07:15:53.509+0000] {logging_mixin.py:190} INFO - [2025-04-06T07:15:53.509+0000] {dag.py:4180} INFO - Setting next_dagrun for example_subdag_operator.section-2 to None, run_after=None
[2025-04-06T07:15:53.520+0000] {logging_mixin.py:190} INFO - [2025-04-06T07:15:53.519+0000] {dag.py:3239} INFO - Sync 2 DAGs
[2025-04-06T07:15:53.530+0000] {logging_mixin.py:190} INFO - [2025-04-06T07:15:53.529+0000] {dag.py:4180} INFO - Setting next_dagrun for example_subdag_operator.section-1 to None, run_after=None
[2025-04-06T07:15:53.530+0000] {logging_mixin.py:190} INFO - [2025-04-06T07:15:53.530+0000] {dag.py:4180} INFO - Setting next_dagrun for example_subdag_operator.section-2 to None, run_after=None
[2025-04-06T07:15:53.548+0000] {processor.py:208} INFO - Processing /home/airflow/.local/lib/python3.12/site-packages/airflow/example_dags/example_subdag_operator.py took 0.155 seconds
[2025-04-06T07:16:24.013+0000] {processor.py:186} INFO - Started process (PID=263) to work on /home/airflow/.local/lib/python3.12/site-packages/airflow/example_dags/example_subdag_operator.py
[2025-04-06T07:16:24.015+0000] {processor.py:914} INFO - Processing file /home/airflow/.local/lib/python3.12/site-packages/airflow/example_dags/example_subdag_operator.py for tasks to queue
[2025-04-06T07:16:24.017+0000] {logging_mixin.py:190} INFO - [2025-04-06T07:16:24.017+0000] {dagbag.py:588} INFO - Filling up the DagBag from /home/airflow/.local/lib/python3.12/site-packages/airflow/example_dags/example_subdag_operator.py
[2025-04-06T07:16:24.042+0000] {processor.py:925} INFO - DAG(s) 'example_subdag_operator.section-1', 'example_subdag_operator.section-2', 'example_subdag_operator' retrieved from /home/airflow/.local/lib/python3.12/site-packages/airflow/example_dags/example_subdag_operator.py
[2025-04-06T07:16:24.059+0000] {logging_mixin.py:190} INFO - [2025-04-06T07:16:24.058+0000] {dag.py:3239} INFO - Sync 3 DAGs
[2025-04-06T07:16:24.081+0000] {logging_mixin.py:190} INFO - [2025-04-06T07:16:24.081+0000] {dag.py:4180} INFO - Setting next_dagrun for example_subdag_operator to 2022-01-01 00:00:00+00:00, run_after=2022-01-01 00:00:00+00:00
[2025-04-06T07:16:24.085+0000] {logging_mixin.py:190} INFO - [2025-04-06T07:16:24.085+0000] {dag.py:4180} INFO - Setting next_dagrun for example_subdag_operator.section-1 to None, run_after=None
[2025-04-06T07:16:24.087+0000] {logging_mixin.py:190} INFO - [2025-04-06T07:16:24.087+0000] {dag.py:4180} INFO - Setting next_dagrun for example_subdag_operator.section-2 to None, run_after=None
[2025-04-06T07:16:24.094+0000] {logging_mixin.py:190} INFO - [2025-04-06T07:16:24.094+0000] {dag.py:3239} INFO - Sync 2 DAGs
[2025-04-06T07:16:24.101+0000] {logging_mixin.py:190} INFO - [2025-04-06T07:16:24.101+0000] {dag.py:4180} INFO - Setting next_dagrun for example_subdag_operator.section-1 to None, run_after=None
[2025-04-06T07:16:24.101+0000] {logging_mixin.py:190} INFO - [2025-04-06T07:16:24.101+0000] {dag.py:4180} INFO - Setting next_dagrun for example_subdag_operator.section-2 to None, run_after=None
[2025-04-06T07:16:24.114+0000] {processor.py:208} INFO - Processing /home/airflow/.local/lib/python3.12/site-packages/airflow/example_dags/example_subdag_operator.py took 0.107 seconds
[2025-04-06T07:16:54.322+0000] {processor.py:186} INFO - Started process (PID=327) to work on /home/airflow/.local/lib/python3.12/site-packages/airflow/example_dags/example_subdag_operator.py
[2025-04-06T07:16:54.324+0000] {processor.py:914} INFO - Processing file /home/airflow/.local/lib/python3.12/site-packages/airflow/example_dags/example_subdag_operator.py for tasks to queue
[2025-04-06T07:16:54.328+0000] {logging_mixin.py:190} INFO - [2025-04-06T07:16:54.327+0000] {dagbag.py:588} INFO - Filling up the DagBag from /home/airflow/.local/lib/python3.12/site-packages/airflow/example_dags/example_subdag_operator.py
[2025-04-06T07:16:54.373+0000] {processor.py:925} INFO - DAG(s) 'example_subdag_operator.section-1', 'example_subdag_operator.section-2', 'example_subdag_operator' retrieved from /home/airflow/.local/lib/python3.12/site-packages/airflow/example_dags/example_subdag_operator.py
[2025-04-06T07:16:54.411+0000] {logging_mixin.py:190} INFO - [2025-04-06T07:16:54.410+0000] {dag.py:3239} INFO - Sync 3 DAGs
[2025-04-06T07:16:54.458+0000] {logging_mixin.py:190} INFO - [2025-04-06T07:16:54.455+0000] {dag.py:4180} INFO - Setting next_dagrun for example_subdag_operator to 2022-01-01 00:00:00+00:00, run_after=2022-01-01 00:00:00+00:00
[2025-04-06T07:16:54.487+0000] {logging_mixin.py:190} INFO - [2025-04-06T07:16:54.486+0000] {dag.py:4180} INFO - Setting next_dagrun for example_subdag_operator.section-1 to None, run_after=None
[2025-04-06T07:16:54.496+0000] {logging_mixin.py:190} INFO - [2025-04-06T07:16:54.495+0000] {dag.py:4180} INFO - Setting next_dagrun for example_subdag_operator.section-2 to None, run_after=None
[2025-04-06T07:16:54.521+0000] {logging_mixin.py:190} INFO - [2025-04-06T07:16:54.520+0000] {dag.py:3239} INFO - Sync 2 DAGs
[2025-04-06T07:16:54.538+0000] {logging_mixin.py:190} INFO - [2025-04-06T07:16:54.535+0000] {dag.py:4180} INFO - Setting next_dagrun for example_subdag_operator.section-1 to None, run_after=None
[2025-04-06T07:16:54.542+0000] {logging_mixin.py:190} INFO - [2025-04-06T07:16:54.540+0000] {dag.py:4180} INFO - Setting next_dagrun for example_subdag_operator.section-2 to None, run_after=None
[2025-04-06T07:16:54.581+0000] {processor.py:208} INFO - Processing /home/airflow/.local/lib/python3.12/site-packages/airflow/example_dags/example_subdag_operator.py took 0.273 seconds
[2025-04-06T07:17:24.821+0000] {processor.py:186} INFO - Started process (PID=389) to work on /home/airflow/.local/lib/python3.12/site-packages/airflow/example_dags/example_subdag_operator.py
[2025-04-06T07:17:24.823+0000] {processor.py:914} INFO - Processing file /home/airflow/.local/lib/python3.12/site-packages/airflow/example_dags/example_subdag_operator.py for tasks to queue
[2025-04-06T07:17:24.826+0000] {logging_mixin.py:190} INFO - [2025-04-06T07:17:24.825+0000] {dagbag.py:588} INFO - Filling up the DagBag from /home/airflow/.local/lib/python3.12/site-packages/airflow/example_dags/example_subdag_operator.py
[2025-04-06T07:17:24.866+0000] {processor.py:925} INFO - DAG(s) 'example_subdag_operator.section-1', 'example_subdag_operator.section-2', 'example_subdag_operator' retrieved from /home/airflow/.local/lib/python3.12/site-packages/airflow/example_dags/example_subdag_operator.py
[2025-04-06T07:17:24.892+0000] {logging_mixin.py:190} INFO - [2025-04-06T07:17:24.892+0000] {dag.py:3239} INFO - Sync 3 DAGs
[2025-04-06T07:17:24.933+0000] {logging_mixin.py:190} INFO - [2025-04-06T07:17:24.932+0000] {dag.py:4180} INFO - Setting next_dagrun for example_subdag_operator to 2022-01-01 00:00:00+00:00, run_after=2022-01-01 00:00:00+00:00
[2025-04-06T07:17:24.939+0000] {logging_mixin.py:190} INFO - [2025-04-06T07:17:24.939+0000] {dag.py:4180} INFO - Setting next_dagrun for example_subdag_operator.section-1 to None, run_after=None
[2025-04-06T07:17:24.942+0000] {logging_mixin.py:190} INFO - [2025-04-06T07:17:24.941+0000] {dag.py:4180} INFO - Setting next_dagrun for example_subdag_operator.section-2 to None, run_after=None
[2025-04-06T07:17:24.953+0000] {logging_mixin.py:190} INFO - [2025-04-06T07:17:24.953+0000] {dag.py:3239} INFO - Sync 2 DAGs
[2025-04-06T07:17:24.964+0000] {logging_mixin.py:190} INFO - [2025-04-06T07:17:24.964+0000] {dag.py:4180} INFO - Setting next_dagrun for example_subdag_operator.section-1 to None, run_after=None
[2025-04-06T07:17:24.965+0000] {logging_mixin.py:190} INFO - [2025-04-06T07:17:24.965+0000] {dag.py:4180} INFO - Setting next_dagrun for example_subdag_operator.section-2 to None, run_after=None
[2025-04-06T07:17:24.984+0000] {processor.py:208} INFO - Processing /home/airflow/.local/lib/python3.12/site-packages/airflow/example_dags/example_subdag_operator.py took 0.176 seconds
[2025-04-06T07:17:55.292+0000] {processor.py:186} INFO - Started process (PID=452) to work on /home/airflow/.local/lib/python3.12/site-packages/airflow/example_dags/example_subdag_operator.py
[2025-04-06T07:17:55.293+0000] {processor.py:914} INFO - Processing file /home/airflow/.local/lib/python3.12/site-packages/airflow/example_dags/example_subdag_operator.py for tasks to queue
[2025-04-06T07:17:55.296+0000] {logging_mixin.py:190} INFO - [2025-04-06T07:17:55.295+0000] {dagbag.py:588} INFO - Filling up the DagBag from /home/airflow/.local/lib/python3.12/site-packages/airflow/example_dags/example_subdag_operator.py
[2025-04-06T07:17:55.322+0000] {processor.py:925} INFO - DAG(s) 'example_subdag_operator.section-1', 'example_subdag_operator.section-2', 'example_subdag_operator' retrieved from /home/airflow/.local/lib/python3.12/site-packages/airflow/example_dags/example_subdag_operator.py
[2025-04-06T07:17:55.340+0000] {logging_mixin.py:190} INFO - [2025-04-06T07:17:55.340+0000] {dag.py:3239} INFO - Sync 3 DAGs
[2025-04-06T07:17:55.365+0000] {logging_mixin.py:190} INFO - [2025-04-06T07:17:55.364+0000] {dag.py:4180} INFO - Setting next_dagrun for example_subdag_operator to 2022-01-01 00:00:00+00:00, run_after=2022-01-01 00:00:00+00:00
[2025-04-06T07:17:55.369+0000] {logging_mixin.py:190} INFO - [2025-04-06T07:17:55.368+0000] {dag.py:4180} INFO - Setting next_dagrun for example_subdag_operator.section-1 to None, run_after=None
[2025-04-06T07:17:55.370+0000] {logging_mixin.py:190} INFO - [2025-04-06T07:17:55.370+0000] {dag.py:4180} INFO - Setting next_dagrun for example_subdag_operator.section-2 to None, run_after=None
[2025-04-06T07:17:55.378+0000] {logging_mixin.py:190} INFO - [2025-04-06T07:17:55.378+0000] {dag.py:3239} INFO - Sync 2 DAGs
[2025-04-06T07:17:55.384+0000] {logging_mixin.py:190} INFO - [2025-04-06T07:17:55.384+0000] {dag.py:4180} INFO - Setting next_dagrun for example_subdag_operator.section-1 to None, run_after=None
[2025-04-06T07:17:55.385+0000] {logging_mixin.py:190} INFO - [2025-04-06T07:17:55.384+0000] {dag.py:4180} INFO - Setting next_dagrun for example_subdag_operator.section-2 to None, run_after=None
[2025-04-06T07:17:55.398+0000] {processor.py:208} INFO - Processing /home/airflow/.local/lib/python3.12/site-packages/airflow/example_dags/example_subdag_operator.py took 0.113 seconds
[2025-04-06T07:18:25.755+0000] {processor.py:186} INFO - Started process (PID=515) to work on /home/airflow/.local/lib/python3.12/site-packages/airflow/example_dags/example_subdag_operator.py
[2025-04-06T07:18:25.757+0000] {processor.py:914} INFO - Processing file /home/airflow/.local/lib/python3.12/site-packages/airflow/example_dags/example_subdag_operator.py for tasks to queue
[2025-04-06T07:18:25.761+0000] {logging_mixin.py:190} INFO - [2025-04-06T07:18:25.760+0000] {dagbag.py:588} INFO - Filling up the DagBag from /home/airflow/.local/lib/python3.12/site-packages/airflow/example_dags/example_subdag_operator.py
[2025-04-06T07:18:25.811+0000] {processor.py:925} INFO - DAG(s) 'example_subdag_operator.section-1', 'example_subdag_operator.section-2', 'example_subdag_operator' retrieved from /home/airflow/.local/lib/python3.12/site-packages/airflow/example_dags/example_subdag_operator.py
[2025-04-06T07:18:25.842+0000] {logging_mixin.py:190} INFO - [2025-04-06T07:18:25.841+0000] {dag.py:3239} INFO - Sync 3 DAGs
[2025-04-06T07:18:25.879+0000] {logging_mixin.py:190} INFO - [2025-04-06T07:18:25.878+0000] {dag.py:4180} INFO - Setting next_dagrun for example_subdag_operator to 2022-01-01 00:00:00+00:00, run_after=2022-01-01 00:00:00+00:00
[2025-04-06T07:18:25.888+0000] {logging_mixin.py:190} INFO - [2025-04-06T07:18:25.887+0000] {dag.py:4180} INFO - Setting next_dagrun for example_subdag_operator.section-1 to None, run_after=None
[2025-04-06T07:18:25.891+0000] {logging_mixin.py:190} INFO - [2025-04-06T07:18:25.890+0000] {dag.py:4180} INFO - Setting next_dagrun for example_subdag_operator.section-2 to None, run_after=None
[2025-04-06T07:18:25.905+0000] {logging_mixin.py:190} INFO - [2025-04-06T07:18:25.904+0000] {dag.py:3239} INFO - Sync 2 DAGs
[2025-04-06T07:18:25.914+0000] {logging_mixin.py:190} INFO - [2025-04-06T07:18:25.913+0000] {dag.py:4180} INFO - Setting next_dagrun for example_subdag_operator.section-1 to None, run_after=None
[2025-04-06T07:18:25.915+0000] {logging_mixin.py:190} INFO - [2025-04-06T07:18:25.914+0000] {dag.py:4180} INFO - Setting next_dagrun for example_subdag_operator.section-2 to None, run_after=None
[2025-04-06T07:18:25.935+0000] {processor.py:208} INFO - Processing /home/airflow/.local/lib/python3.12/site-packages/airflow/example_dags/example_subdag_operator.py took 0.194 seconds
[2025-04-06T07:18:56.013+0000] {processor.py:186} INFO - Started process (PID=578) to work on /home/airflow/.local/lib/python3.12/site-packages/airflow/example_dags/example_subdag_operator.py
[2025-04-06T07:18:56.015+0000] {processor.py:914} INFO - Processing file /home/airflow/.local/lib/python3.12/site-packages/airflow/example_dags/example_subdag_operator.py for tasks to queue
[2025-04-06T07:18:56.017+0000] {logging_mixin.py:190} INFO - [2025-04-06T07:18:56.017+0000] {dagbag.py:588} INFO - Filling up the DagBag from /home/airflow/.local/lib/python3.12/site-packages/airflow/example_dags/example_subdag_operator.py
[2025-04-06T07:18:56.047+0000] {processor.py:925} INFO - DAG(s) 'example_subdag_operator.section-1', 'example_subdag_operator.section-2', 'example_subdag_operator' retrieved from /home/airflow/.local/lib/python3.12/site-packages/airflow/example_dags/example_subdag_operator.py
[2025-04-06T07:18:56.062+0000] {logging_mixin.py:190} INFO - [2025-04-06T07:18:56.062+0000] {dag.py:3239} INFO - Sync 3 DAGs
[2025-04-06T07:18:56.087+0000] {logging_mixin.py:190} INFO - [2025-04-06T07:18:56.087+0000] {dag.py:4180} INFO - Setting next_dagrun for example_subdag_operator to 2022-01-01 00:00:00+00:00, run_after=2022-01-01 00:00:00+00:00
[2025-04-06T07:18:56.092+0000] {logging_mixin.py:190} INFO - [2025-04-06T07:18:56.091+0000] {dag.py:4180} INFO - Setting next_dagrun for example_subdag_operator.section-1 to None, run_after=None
[2025-04-06T07:18:56.093+0000] {logging_mixin.py:190} INFO - [2025-04-06T07:18:56.093+0000] {dag.py:4180} INFO - Setting next_dagrun for example_subdag_operator.section-2 to None, run_after=None
[2025-04-06T07:18:56.102+0000] {logging_mixin.py:190} INFO - [2025-04-06T07:18:56.102+0000] {dag.py:3239} INFO - Sync 2 DAGs
[2025-04-06T07:18:56.109+0000] {logging_mixin.py:190} INFO - [2025-04-06T07:18:56.109+0000] {dag.py:4180} INFO - Setting next_dagrun for example_subdag_operator.section-1 to None, run_after=None
[2025-04-06T07:18:56.110+0000] {logging_mixin.py:190} INFO - [2025-04-06T07:18:56.110+0000] {dag.py:4180} INFO - Setting next_dagrun for example_subdag_operator.section-2 to None, run_after=None
[2025-04-06T07:18:56.123+0000] {processor.py:208} INFO - Processing /home/airflow/.local/lib/python3.12/site-packages/airflow/example_dags/example_subdag_operator.py took 0.117 seconds
[2025-04-06T07:19:26.694+0000] {processor.py:186} INFO - Started process (PID=641) to work on /home/airflow/.local/lib/python3.12/site-packages/airflow/example_dags/example_subdag_operator.py
[2025-04-06T07:19:26.695+0000] {processor.py:914} INFO - Processing file /home/airflow/.local/lib/python3.12/site-packages/airflow/example_dags/example_subdag_operator.py for tasks to queue
[2025-04-06T07:19:26.698+0000] {logging_mixin.py:190} INFO - [2025-04-06T07:19:26.697+0000] {dagbag.py:588} INFO - Filling up the DagBag from /home/airflow/.local/lib/python3.12/site-packages/airflow/example_dags/example_subdag_operator.py
[2025-04-06T07:19:26.726+0000] {processor.py:925} INFO - DAG(s) 'example_subdag_operator.section-1', 'example_subdag_operator.section-2', 'example_subdag_operator' retrieved from /home/airflow/.local/lib/python3.12/site-packages/airflow/example_dags/example_subdag_operator.py
[2025-04-06T07:19:26.743+0000] {logging_mixin.py:190} INFO - [2025-04-06T07:19:26.743+0000] {dag.py:3239} INFO - Sync 3 DAGs
[2025-04-06T07:19:26.774+0000] {logging_mixin.py:190} INFO - [2025-04-06T07:19:26.773+0000] {dag.py:4180} INFO - Setting next_dagrun for example_subdag_operator to 2022-01-01 00:00:00+00:00, run_after=2022-01-01 00:00:00+00:00
[2025-04-06T07:19:26.778+0000] {logging_mixin.py:190} INFO - [2025-04-06T07:19:26.778+0000] {dag.py:4180} INFO - Setting next_dagrun for example_subdag_operator.section-1 to None, run_after=None
[2025-04-06T07:19:26.781+0000] {logging_mixin.py:190} INFO - [2025-04-06T07:19:26.781+0000] {dag.py:4180} INFO - Setting next_dagrun for example_subdag_operator.section-2 to None, run_after=None
[2025-04-06T07:19:26.793+0000] {logging_mixin.py:190} INFO - [2025-04-06T07:19:26.792+0000] {dag.py:3239} INFO - Sync 2 DAGs
[2025-04-06T07:19:26.801+0000] {logging_mixin.py:190} INFO - [2025-04-06T07:19:26.800+0000] {dag.py:4180} INFO - Setting next_dagrun for example_subdag_operator.section-1 to None, run_after=None
[2025-04-06T07:19:26.802+0000] {logging_mixin.py:190} INFO - [2025-04-06T07:19:26.801+0000] {dag.py:4180} INFO - Setting next_dagrun for example_subdag_operator.section-2 to None, run_after=None
[2025-04-06T07:19:26.815+0000] {processor.py:208} INFO - Processing /home/airflow/.local/lib/python3.12/site-packages/airflow/example_dags/example_subdag_operator.py took 0.126 seconds
[2025-04-06T07:19:56.933+0000] {processor.py:186} INFO - Started process (PID=705) to work on /home/airflow/.local/lib/python3.12/site-packages/airflow/example_dags/example_subdag_operator.py
[2025-04-06T07:19:56.934+0000] {processor.py:914} INFO - Processing file /home/airflow/.local/lib/python3.12/site-packages/airflow/example_dags/example_subdag_operator.py for tasks to queue
[2025-04-06T07:19:56.936+0000] {logging_mixin.py:190} INFO - [2025-04-06T07:19:56.936+0000] {dagbag.py:588} INFO - Filling up the DagBag from /home/airflow/.local/lib/python3.12/site-packages/airflow/example_dags/example_subdag_operator.py
[2025-04-06T07:19:56.963+0000] {processor.py:925} INFO - DAG(s) 'example_subdag_operator.section-1', 'example_subdag_operator.section-2', 'example_subdag_operator' retrieved from /home/airflow/.local/lib/python3.12/site-packages/airflow/example_dags/example_subdag_operator.py
[2025-04-06T07:19:56.979+0000] {logging_mixin.py:190} INFO - [2025-04-06T07:19:56.979+0000] {dag.py:3239} INFO - Sync 3 DAGs
[2025-04-06T07:19:57.005+0000] {logging_mixin.py:190} INFO - [2025-04-06T07:19:57.005+0000] {dag.py:4180} INFO - Setting next_dagrun for example_subdag_operator to 2022-01-01 00:00:00+00:00, run_after=2022-01-01 00:00:00+00:00
[2025-04-06T07:19:57.014+0000] {logging_mixin.py:190} INFO - [2025-04-06T07:19:57.012+0000] {dag.py:4180} INFO - Setting next_dagrun for example_subdag_operator.section-1 to None, run_after=None
[2025-04-06T07:19:57.016+0000] {logging_mixin.py:190} INFO - [2025-04-06T07:19:57.016+0000] {dag.py:4180} INFO - Setting next_dagrun for example_subdag_operator.section-2 to None, run_after=None
[2025-04-06T07:19:57.025+0000] {logging_mixin.py:190} INFO - [2025-04-06T07:19:57.025+0000] {dag.py:3239} INFO - Sync 2 DAGs
[2025-04-06T07:19:57.032+0000] {logging_mixin.py:190} INFO - [2025-04-06T07:19:57.032+0000] {dag.py:4180} INFO - Setting next_dagrun for example_subdag_operator.section-1 to None, run_after=None
[2025-04-06T07:19:57.033+0000] {logging_mixin.py:190} INFO - [2025-04-06T07:19:57.033+0000] {dag.py:4180} INFO - Setting next_dagrun for example_subdag_operator.section-2 to None, run_after=None
[2025-04-06T07:19:57.047+0000] {processor.py:208} INFO - Processing /home/airflow/.local/lib/python3.12/site-packages/airflow/example_dags/example_subdag_operator.py took 0.120 seconds
[2025-04-06T07:20:28.021+0000] {processor.py:186} INFO - Started process (PID=767) to work on /home/airflow/.local/lib/python3.12/site-packages/airflow/example_dags/example_subdag_operator.py
[2025-04-06T07:20:28.022+0000] {processor.py:914} INFO - Processing file /home/airflow/.local/lib/python3.12/site-packages/airflow/example_dags/example_subdag_operator.py for tasks to queue
[2025-04-06T07:20:28.026+0000] {logging_mixin.py:190} INFO - [2025-04-06T07:20:28.025+0000] {dagbag.py:588} INFO - Filling up the DagBag from /home/airflow/.local/lib/python3.12/site-packages/airflow/example_dags/example_subdag_operator.py
[2025-04-06T07:20:28.061+0000] {processor.py:925} INFO - DAG(s) 'example_subdag_operator.section-1', 'example_subdag_operator.section-2', 'example_subdag_operator' retrieved from /home/airflow/.local/lib/python3.12/site-packages/airflow/example_dags/example_subdag_operator.py
[2025-04-06T07:20:28.090+0000] {logging_mixin.py:190} INFO - [2025-04-06T07:20:28.089+0000] {dag.py:3239} INFO - Sync 3 DAGs
[2025-04-06T07:20:28.122+0000] {logging_mixin.py:190} INFO - [2025-04-06T07:20:28.122+0000] {dag.py:4180} INFO - Setting next_dagrun for example_subdag_operator to 2022-01-01 00:00:00+00:00, run_after=2022-01-01 00:00:00+00:00
[2025-04-06T07:20:28.127+0000] {logging_mixin.py:190} INFO - [2025-04-06T07:20:28.126+0000] {dag.py:4180} INFO - Setting next_dagrun for example_subdag_operator.section-1 to None, run_after=None
[2025-04-06T07:20:28.129+0000] {logging_mixin.py:190} INFO - [2025-04-06T07:20:28.128+0000] {dag.py:4180} INFO - Setting next_dagrun for example_subdag_operator.section-2 to None, run_after=None
[2025-04-06T07:20:28.140+0000] {logging_mixin.py:190} INFO - [2025-04-06T07:20:28.139+0000] {dag.py:3239} INFO - Sync 2 DAGs
[2025-04-06T07:20:28.150+0000] {logging_mixin.py:190} INFO - [2025-04-06T07:20:28.150+0000] {dag.py:4180} INFO - Setting next_dagrun for example_subdag_operator.section-1 to None, run_after=None
[2025-04-06T07:20:28.151+0000] {logging_mixin.py:190} INFO - [2025-04-06T07:20:28.151+0000] {dag.py:4180} INFO - Setting next_dagrun for example_subdag_operator.section-2 to None, run_after=None
[2025-04-06T07:20:28.172+0000] {processor.py:208} INFO - Processing /home/airflow/.local/lib/python3.12/site-packages/airflow/example_dags/example_subdag_operator.py took 0.160 seconds
[2025-04-06T07:20:59.061+0000] {processor.py:186} INFO - Started process (PID=830) to work on /home/airflow/.local/lib/python3.12/site-packages/airflow/example_dags/example_subdag_operator.py
[2025-04-06T07:20:59.062+0000] {processor.py:914} INFO - Processing file /home/airflow/.local/lib/python3.12/site-packages/airflow/example_dags/example_subdag_operator.py for tasks to queue
[2025-04-06T07:20:59.064+0000] {logging_mixin.py:190} INFO - [2025-04-06T07:20:59.064+0000] {dagbag.py:588} INFO - Filling up the DagBag from /home/airflow/.local/lib/python3.12/site-packages/airflow/example_dags/example_subdag_operator.py
[2025-04-06T07:20:59.084+0000] {processor.py:925} INFO - DAG(s) 'example_subdag_operator.section-1', 'example_subdag_operator.section-2', 'example_subdag_operator' retrieved from /home/airflow/.local/lib/python3.12/site-packages/airflow/example_dags/example_subdag_operator.py
[2025-04-06T07:20:59.096+0000] {logging_mixin.py:190} INFO - [2025-04-06T07:20:59.096+0000] {dag.py:3239} INFO - Sync 3 DAGs
[2025-04-06T07:20:59.116+0000] {logging_mixin.py:190} INFO - [2025-04-06T07:20:59.115+0000] {dag.py:4180} INFO - Setting next_dagrun for example_subdag_operator to 2022-01-01 00:00:00+00:00, run_after=2022-01-01 00:00:00+00:00
[2025-04-06T07:20:59.119+0000] {logging_mixin.py:190} INFO - [2025-04-06T07:20:59.119+0000] {dag.py:4180} INFO - Setting next_dagrun for example_subdag_operator.section-1 to None, run_after=None
[2025-04-06T07:20:59.120+0000] {logging_mixin.py:190} INFO - [2025-04-06T07:20:59.120+0000] {dag.py:4180} INFO - Setting next_dagrun for example_subdag_operator.section-2 to None, run_after=None
[2025-04-06T07:20:59.127+0000] {logging_mixin.py:190} INFO - [2025-04-06T07:20:59.127+0000] {dag.py:3239} INFO - Sync 2 DAGs
[2025-04-06T07:20:59.133+0000] {logging_mixin.py:190} INFO - [2025-04-06T07:20:59.133+0000] {dag.py:4180} INFO - Setting next_dagrun for example_subdag_operator.section-1 to None, run_after=None
[2025-04-06T07:20:59.134+0000] {logging_mixin.py:190} INFO - [2025-04-06T07:20:59.134+0000] {dag.py:4180} INFO - Setting next_dagrun for example_subdag_operator.section-2 to None, run_after=None
[2025-04-06T07:20:59.145+0000] {processor.py:208} INFO - Processing /home/airflow/.local/lib/python3.12/site-packages/airflow/example_dags/example_subdag_operator.py took 0.088 seconds
[2025-04-06T07:21:29.196+0000] {processor.py:186} INFO - Started process (PID=893) to work on /home/airflow/.local/lib/python3.12/site-packages/airflow/example_dags/example_subdag_operator.py
[2025-04-06T07:21:29.197+0000] {processor.py:914} INFO - Processing file /home/airflow/.local/lib/python3.12/site-packages/airflow/example_dags/example_subdag_operator.py for tasks to queue
[2025-04-06T07:21:29.199+0000] {logging_mixin.py:190} INFO - [2025-04-06T07:21:29.199+0000] {dagbag.py:588} INFO - Filling up the DagBag from /home/airflow/.local/lib/python3.12/site-packages/airflow/example_dags/example_subdag_operator.py
[2025-04-06T07:21:29.222+0000] {processor.py:925} INFO - DAG(s) 'example_subdag_operator.section-1', 'example_subdag_operator.section-2', 'example_subdag_operator' retrieved from /home/airflow/.local/lib/python3.12/site-packages/airflow/example_dags/example_subdag_operator.py
[2025-04-06T07:21:29.237+0000] {logging_mixin.py:190} INFO - [2025-04-06T07:21:29.236+0000] {dag.py:3239} INFO - Sync 3 DAGs
[2025-04-06T07:21:29.256+0000] {logging_mixin.py:190} INFO - [2025-04-06T07:21:29.256+0000] {dag.py:4180} INFO - Setting next_dagrun for example_subdag_operator to 2022-01-01 00:00:00+00:00, run_after=2022-01-01 00:00:00+00:00
[2025-04-06T07:21:29.259+0000] {logging_mixin.py:190} INFO - [2025-04-06T07:21:29.259+0000] {dag.py:4180} INFO - Setting next_dagrun for example_subdag_operator.section-1 to None, run_after=None
[2025-04-06T07:21:29.260+0000] {logging_mixin.py:190} INFO - [2025-04-06T07:21:29.260+0000] {dag.py:4180} INFO - Setting next_dagrun for example_subdag_operator.section-2 to None, run_after=None
[2025-04-06T07:21:29.267+0000] {logging_mixin.py:190} INFO - [2025-04-06T07:21:29.267+0000] {dag.py:3239} INFO - Sync 2 DAGs
[2025-04-06T07:21:29.272+0000] {logging_mixin.py:190} INFO - [2025-04-06T07:21:29.272+0000] {dag.py:4180} INFO - Setting next_dagrun for example_subdag_operator.section-1 to None, run_after=None
[2025-04-06T07:21:29.273+0000] {logging_mixin.py:190} INFO - [2025-04-06T07:21:29.272+0000] {dag.py:4180} INFO - Setting next_dagrun for example_subdag_operator.section-2 to None, run_after=None
[2025-04-06T07:21:29.285+0000] {processor.py:208} INFO - Processing /home/airflow/.local/lib/python3.12/site-packages/airflow/example_dags/example_subdag_operator.py took 0.097 seconds
[2025-04-06T07:21:59.948+0000] {processor.py:186} INFO - Started process (PID=956) to work on /home/airflow/.local/lib/python3.12/site-packages/airflow/example_dags/example_subdag_operator.py
[2025-04-06T07:21:59.949+0000] {processor.py:914} INFO - Processing file /home/airflow/.local/lib/python3.12/site-packages/airflow/example_dags/example_subdag_operator.py for tasks to queue
[2025-04-06T07:21:59.952+0000] {logging_mixin.py:190} INFO - [2025-04-06T07:21:59.952+0000] {dagbag.py:588} INFO - Filling up the DagBag from /home/airflow/.local/lib/python3.12/site-packages/airflow/example_dags/example_subdag_operator.py
[2025-04-06T07:21:59.992+0000] {processor.py:925} INFO - DAG(s) 'example_subdag_operator.section-1', 'example_subdag_operator.section-2', 'example_subdag_operator' retrieved from /home/airflow/.local/lib/python3.12/site-packages/airflow/example_dags/example_subdag_operator.py
[2025-04-06T07:22:00.031+0000] {logging_mixin.py:190} INFO - [2025-04-06T07:22:00.031+0000] {dag.py:3239} INFO - Sync 3 DAGs
[2025-04-06T07:22:00.112+0000] {logging_mixin.py:190} INFO - [2025-04-06T07:22:00.111+0000] {dag.py:4180} INFO - Setting next_dagrun for example_subdag_operator to 2022-01-01 00:00:00+00:00, run_after=2022-01-01 00:00:00+00:00
[2025-04-06T07:22:00.121+0000] {logging_mixin.py:190} INFO - [2025-04-06T07:22:00.120+0000] {dag.py:4180} INFO - Setting next_dagrun for example_subdag_operator.section-1 to None, run_after=None
[2025-04-06T07:22:00.131+0000] {logging_mixin.py:190} INFO - [2025-04-06T07:22:00.131+0000] {dag.py:4180} INFO - Setting next_dagrun for example_subdag_operator.section-2 to None, run_after=None
[2025-04-06T07:22:00.144+0000] {logging_mixin.py:190} INFO - [2025-04-06T07:22:00.143+0000] {dag.py:3239} INFO - Sync 2 DAGs
[2025-04-06T07:22:00.154+0000] {logging_mixin.py:190} INFO - [2025-04-06T07:22:00.154+0000] {dag.py:4180} INFO - Setting next_dagrun for example_subdag_operator.section-1 to None, run_after=None
[2025-04-06T07:22:00.155+0000] {logging_mixin.py:190} INFO - [2025-04-06T07:22:00.155+0000] {dag.py:4180} INFO - Setting next_dagrun for example_subdag_operator.section-2 to None, run_after=None
[2025-04-06T07:22:00.174+0000] {processor.py:208} INFO - Processing /home/airflow/.local/lib/python3.12/site-packages/airflow/example_dags/example_subdag_operator.py took 0.236 seconds
[2025-04-06T07:22:30.225+0000] {processor.py:186} INFO - Started process (PID=1020) to work on /home/airflow/.local/lib/python3.12/site-packages/airflow/example_dags/example_subdag_operator.py
[2025-04-06T07:22:30.226+0000] {processor.py:914} INFO - Processing file /home/airflow/.local/lib/python3.12/site-packages/airflow/example_dags/example_subdag_operator.py for tasks to queue
[2025-04-06T07:22:30.229+0000] {logging_mixin.py:190} INFO - [2025-04-06T07:22:30.229+0000] {dagbag.py:588} INFO - Filling up the DagBag from /home/airflow/.local/lib/python3.12/site-packages/airflow/example_dags/example_subdag_operator.py
[2025-04-06T07:22:30.254+0000] {processor.py:925} INFO - DAG(s) 'example_subdag_operator.section-1', 'example_subdag_operator.section-2', 'example_subdag_operator' retrieved from /home/airflow/.local/lib/python3.12/site-packages/airflow/example_dags/example_subdag_operator.py
[2025-04-06T07:22:30.269+0000] {logging_mixin.py:190} INFO - [2025-04-06T07:22:30.269+0000] {dag.py:3239} INFO - Sync 3 DAGs
[2025-04-06T07:22:30.293+0000] {logging_mixin.py:190} INFO - [2025-04-06T07:22:30.292+0000] {dag.py:4180} INFO - Setting next_dagrun for example_subdag_operator to 2022-01-01 00:00:00+00:00, run_after=2022-01-01 00:00:00+00:00
[2025-04-06T07:22:30.297+0000] {logging_mixin.py:190} INFO - [2025-04-06T07:22:30.297+0000] {dag.py:4180} INFO - Setting next_dagrun for example_subdag_operator.section-1 to None, run_after=None
[2025-04-06T07:22:30.299+0000] {logging_mixin.py:190} INFO - [2025-04-06T07:22:30.299+0000] {dag.py:4180} INFO - Setting next_dagrun for example_subdag_operator.section-2 to None, run_after=None
[2025-04-06T07:22:30.305+0000] {logging_mixin.py:190} INFO - [2025-04-06T07:22:30.305+0000] {dag.py:3239} INFO - Sync 2 DAGs
[2025-04-06T07:22:30.311+0000] {logging_mixin.py:190} INFO - [2025-04-06T07:22:30.311+0000] {dag.py:4180} INFO - Setting next_dagrun for example_subdag_operator.section-1 to None, run_after=None
[2025-04-06T07:22:30.312+0000] {logging_mixin.py:190} INFO - [2025-04-06T07:22:30.312+0000] {dag.py:4180} INFO - Setting next_dagrun for example_subdag_operator.section-2 to None, run_after=None
[2025-04-06T07:22:30.323+0000] {processor.py:208} INFO - Processing /home/airflow/.local/lib/python3.12/site-packages/airflow/example_dags/example_subdag_operator.py took 0.105 seconds
[2025-04-06T07:23:00.515+0000] {processor.py:186} INFO - Started process (PID=1082) to work on /home/airflow/.local/lib/python3.12/site-packages/airflow/example_dags/example_subdag_operator.py
[2025-04-06T07:23:00.516+0000] {processor.py:914} INFO - Processing file /home/airflow/.local/lib/python3.12/site-packages/airflow/example_dags/example_subdag_operator.py for tasks to queue
[2025-04-06T07:23:00.518+0000] {logging_mixin.py:190} INFO - [2025-04-06T07:23:00.518+0000] {dagbag.py:588} INFO - Filling up the DagBag from /home/airflow/.local/lib/python3.12/site-packages/airflow/example_dags/example_subdag_operator.py
[2025-04-06T07:23:00.543+0000] {processor.py:925} INFO - DAG(s) 'example_subdag_operator.section-1', 'example_subdag_operator.section-2', 'example_subdag_operator' retrieved from /home/airflow/.local/lib/python3.12/site-packages/airflow/example_dags/example_subdag_operator.py
[2025-04-06T07:23:00.556+0000] {logging_mixin.py:190} INFO - [2025-04-06T07:23:00.556+0000] {dag.py:3239} INFO - Sync 3 DAGs
[2025-04-06T07:23:00.577+0000] {logging_mixin.py:190} INFO - [2025-04-06T07:23:00.576+0000] {dag.py:4180} INFO - Setting next_dagrun for example_subdag_operator to 2022-01-01 00:00:00+00:00, run_after=2022-01-01 00:00:00+00:00
[2025-04-06T07:23:00.581+0000] {logging_mixin.py:190} INFO - [2025-04-06T07:23:00.580+0000] {dag.py:4180} INFO - Setting next_dagrun for example_subdag_operator.section-1 to None, run_after=None
[2025-04-06T07:23:00.582+0000] {logging_mixin.py:190} INFO - [2025-04-06T07:23:00.582+0000] {dag.py:4180} INFO - Setting next_dagrun for example_subdag_operator.section-2 to None, run_after=None
[2025-04-06T07:23:00.588+0000] {logging_mixin.py:190} INFO - [2025-04-06T07:23:00.588+0000] {dag.py:3239} INFO - Sync 2 DAGs
[2025-04-06T07:23:00.595+0000] {logging_mixin.py:190} INFO - [2025-04-06T07:23:00.595+0000] {dag.py:4180} INFO - Setting next_dagrun for example_subdag_operator.section-1 to None, run_after=None
[2025-04-06T07:23:00.596+0000] {logging_mixin.py:190} INFO - [2025-04-06T07:23:00.595+0000] {dag.py:4180} INFO - Setting next_dagrun for example_subdag_operator.section-2 to None, run_after=None
[2025-04-06T07:23:00.611+0000] {processor.py:208} INFO - Processing /home/airflow/.local/lib/python3.12/site-packages/airflow/example_dags/example_subdag_operator.py took 0.101 seconds
[2025-04-06T07:23:31.299+0000] {processor.py:186} INFO - Started process (PID=1145) to work on /home/airflow/.local/lib/python3.12/site-packages/airflow/example_dags/example_subdag_operator.py
[2025-04-06T07:23:31.299+0000] {processor.py:914} INFO - Processing file /home/airflow/.local/lib/python3.12/site-packages/airflow/example_dags/example_subdag_operator.py for tasks to queue
[2025-04-06T07:23:31.304+0000] {logging_mixin.py:190} INFO - [2025-04-06T07:23:31.303+0000] {dagbag.py:588} INFO - Filling up the DagBag from /home/airflow/.local/lib/python3.12/site-packages/airflow/example_dags/example_subdag_operator.py
[2025-04-06T07:23:31.335+0000] {processor.py:925} INFO - DAG(s) 'example_subdag_operator.section-1', 'example_subdag_operator.section-2', 'example_subdag_operator' retrieved from /home/airflow/.local/lib/python3.12/site-packages/airflow/example_dags/example_subdag_operator.py
[2025-04-06T07:23:31.355+0000] {logging_mixin.py:190} INFO - [2025-04-06T07:23:31.354+0000] {dag.py:3239} INFO - Sync 3 DAGs
[2025-04-06T07:23:31.384+0000] {logging_mixin.py:190} INFO - [2025-04-06T07:23:31.383+0000] {dag.py:4180} INFO - Setting next_dagrun for example_subdag_operator to 2022-01-01 00:00:00+00:00, run_after=2022-01-01 00:00:00+00:00
[2025-04-06T07:23:31.388+0000] {logging_mixin.py:190} INFO - [2025-04-06T07:23:31.388+0000] {dag.py:4180} INFO - Setting next_dagrun for example_subdag_operator.section-1 to None, run_after=None
[2025-04-06T07:23:31.390+0000] {logging_mixin.py:190} INFO - [2025-04-06T07:23:31.389+0000] {dag.py:4180} INFO - Setting next_dagrun for example_subdag_operator.section-2 to None, run_after=None
[2025-04-06T07:23:31.397+0000] {logging_mixin.py:190} INFO - [2025-04-06T07:23:31.397+0000] {dag.py:3239} INFO - Sync 2 DAGs
[2025-04-06T07:23:31.402+0000] {logging_mixin.py:190} INFO - [2025-04-06T07:23:31.402+0000] {dag.py:4180} INFO - Setting next_dagrun for example_subdag_operator.section-1 to None, run_after=None
[2025-04-06T07:23:31.403+0000] {logging_mixin.py:190} INFO - [2025-04-06T07:23:31.403+0000] {dag.py:4180} INFO - Setting next_dagrun for example_subdag_operator.section-2 to None, run_after=None
[2025-04-06T07:23:31.415+0000] {processor.py:208} INFO - Processing /home/airflow/.local/lib/python3.12/site-packages/airflow/example_dags/example_subdag_operator.py took 0.120 seconds
[2025-04-06T07:24:02.054+0000] {processor.py:186} INFO - Started process (PID=1208) to work on /home/airflow/.local/lib/python3.12/site-packages/airflow/example_dags/example_subdag_operator.py
[2025-04-06T07:24:02.055+0000] {processor.py:914} INFO - Processing file /home/airflow/.local/lib/python3.12/site-packages/airflow/example_dags/example_subdag_operator.py for tasks to queue
[2025-04-06T07:24:02.056+0000] {logging_mixin.py:190} INFO - [2025-04-06T07:24:02.056+0000] {dagbag.py:588} INFO - Filling up the DagBag from /home/airflow/.local/lib/python3.12/site-packages/airflow/example_dags/example_subdag_operator.py
[2025-04-06T07:24:02.075+0000] {processor.py:925} INFO - DAG(s) 'example_subdag_operator.section-1', 'example_subdag_operator.section-2', 'example_subdag_operator' retrieved from /home/airflow/.local/lib/python3.12/site-packages/airflow/example_dags/example_subdag_operator.py
[2025-04-06T07:24:02.086+0000] {logging_mixin.py:190} INFO - [2025-04-06T07:24:02.086+0000] {dag.py:3239} INFO - Sync 3 DAGs
[2025-04-06T07:24:02.104+0000] {logging_mixin.py:190} INFO - [2025-04-06T07:24:02.104+0000] {dag.py:4180} INFO - Setting next_dagrun for example_subdag_operator to 2022-01-01 00:00:00+00:00, run_after=2022-01-01 00:00:00+00:00
[2025-04-06T07:24:02.107+0000] {logging_mixin.py:190} INFO - [2025-04-06T07:24:02.107+0000] {dag.py:4180} INFO - Setting next_dagrun for example_subdag_operator.section-1 to None, run_after=None
[2025-04-06T07:24:02.108+0000] {logging_mixin.py:190} INFO - [2025-04-06T07:24:02.108+0000] {dag.py:4180} INFO - Setting next_dagrun for example_subdag_operator.section-2 to None, run_after=None
[2025-04-06T07:24:02.114+0000] {logging_mixin.py:190} INFO - [2025-04-06T07:24:02.114+0000] {dag.py:3239} INFO - Sync 2 DAGs
[2025-04-06T07:24:02.119+0000] {logging_mixin.py:190} INFO - [2025-04-06T07:24:02.119+0000] {dag.py:4180} INFO - Setting next_dagrun for example_subdag_operator.section-1 to None, run_after=None
[2025-04-06T07:24:02.120+0000] {logging_mixin.py:190} INFO - [2025-04-06T07:24:02.120+0000] {dag.py:4180} INFO - Setting next_dagrun for example_subdag_operator.section-2 to None, run_after=None
[2025-04-06T07:24:02.131+0000] {processor.py:208} INFO - Processing /home/airflow/.local/lib/python3.12/site-packages/airflow/example_dags/example_subdag_operator.py took 0.081 seconds
[2025-04-06T07:24:32.369+0000] {processor.py:186} INFO - Started process (PID=1271) to work on /home/airflow/.local/lib/python3.12/site-packages/airflow/example_dags/example_subdag_operator.py
[2025-04-06T07:24:32.370+0000] {processor.py:914} INFO - Processing file /home/airflow/.local/lib/python3.12/site-packages/airflow/example_dags/example_subdag_operator.py for tasks to queue
[2025-04-06T07:24:32.373+0000] {logging_mixin.py:190} INFO - [2025-04-06T07:24:32.373+0000] {dagbag.py:588} INFO - Filling up the DagBag from /home/airflow/.local/lib/python3.12/site-packages/airflow/example_dags/example_subdag_operator.py
[2025-04-06T07:24:32.412+0000] {processor.py:925} INFO - DAG(s) 'example_subdag_operator.section-1', 'example_subdag_operator.section-2', 'example_subdag_operator' retrieved from /home/airflow/.local/lib/python3.12/site-packages/airflow/example_dags/example_subdag_operator.py
[2025-04-06T07:24:32.430+0000] {logging_mixin.py:190} INFO - [2025-04-06T07:24:32.429+0000] {dag.py:3239} INFO - Sync 3 DAGs
[2025-04-06T07:24:32.454+0000] {logging_mixin.py:190} INFO - [2025-04-06T07:24:32.454+0000] {dag.py:4180} INFO - Setting next_dagrun for example_subdag_operator to 2022-01-01 00:00:00+00:00, run_after=2022-01-01 00:00:00+00:00
[2025-04-06T07:24:32.458+0000] {logging_mixin.py:190} INFO - [2025-04-06T07:24:32.458+0000] {dag.py:4180} INFO - Setting next_dagrun for example_subdag_operator.section-1 to None, run_after=None
[2025-04-06T07:24:32.460+0000] {logging_mixin.py:190} INFO - [2025-04-06T07:24:32.459+0000] {dag.py:4180} INFO - Setting next_dagrun for example_subdag_operator.section-2 to None, run_after=None
[2025-04-06T07:24:32.467+0000] {logging_mixin.py:190} INFO - [2025-04-06T07:24:32.467+0000] {dag.py:3239} INFO - Sync 2 DAGs
[2025-04-06T07:24:32.475+0000] {logging_mixin.py:190} INFO - [2025-04-06T07:24:32.474+0000] {dag.py:4180} INFO - Setting next_dagrun for example_subdag_operator.section-1 to None, run_after=None
[2025-04-06T07:24:32.475+0000] {logging_mixin.py:190} INFO - [2025-04-06T07:24:32.475+0000] {dag.py:4180} INFO - Setting next_dagrun for example_subdag_operator.section-2 to None, run_after=None
[2025-04-06T07:24:32.487+0000] {processor.py:208} INFO - Processing /home/airflow/.local/lib/python3.12/site-packages/airflow/example_dags/example_subdag_operator.py took 0.123 seconds
[2025-04-06T07:25:02.752+0000] {processor.py:186} INFO - Started process (PID=1341) to work on /home/airflow/.local/lib/python3.12/site-packages/airflow/example_dags/example_subdag_operator.py
[2025-04-06T07:25:02.753+0000] {processor.py:914} INFO - Processing file /home/airflow/.local/lib/python3.12/site-packages/airflow/example_dags/example_subdag_operator.py for tasks to queue
[2025-04-06T07:25:02.755+0000] {logging_mixin.py:190} INFO - [2025-04-06T07:25:02.755+0000] {dagbag.py:588} INFO - Filling up the DagBag from /home/airflow/.local/lib/python3.12/site-packages/airflow/example_dags/example_subdag_operator.py
[2025-04-06T07:25:02.776+0000] {processor.py:925} INFO - DAG(s) 'example_subdag_operator.section-1', 'example_subdag_operator.section-2', 'example_subdag_operator' retrieved from /home/airflow/.local/lib/python3.12/site-packages/airflow/example_dags/example_subdag_operator.py
[2025-04-06T07:25:02.789+0000] {logging_mixin.py:190} INFO - [2025-04-06T07:25:02.789+0000] {dag.py:3239} INFO - Sync 3 DAGs
[2025-04-06T07:25:02.809+0000] {logging_mixin.py:190} INFO - [2025-04-06T07:25:02.809+0000] {dag.py:4180} INFO - Setting next_dagrun for example_subdag_operator to 2022-01-01 00:00:00+00:00, run_after=2022-01-01 00:00:00+00:00
[2025-04-06T07:25:02.813+0000] {logging_mixin.py:190} INFO - [2025-04-06T07:25:02.812+0000] {dag.py:4180} INFO - Setting next_dagrun for example_subdag_operator.section-1 to None, run_after=None
[2025-04-06T07:25:02.814+0000] {logging_mixin.py:190} INFO - [2025-04-06T07:25:02.814+0000] {dag.py:4180} INFO - Setting next_dagrun for example_subdag_operator.section-2 to None, run_after=None
[2025-04-06T07:25:02.821+0000] {logging_mixin.py:190} INFO - [2025-04-06T07:25:02.821+0000] {dag.py:3239} INFO - Sync 2 DAGs
[2025-04-06T07:25:02.827+0000] {logging_mixin.py:190} INFO - [2025-04-06T07:25:02.827+0000] {dag.py:4180} INFO - Setting next_dagrun for example_subdag_operator.section-1 to None, run_after=None
[2025-04-06T07:25:02.828+0000] {logging_mixin.py:190} INFO - [2025-04-06T07:25:02.828+0000] {dag.py:4180} INFO - Setting next_dagrun for example_subdag_operator.section-2 to None, run_after=None
[2025-04-06T07:25:02.841+0000] {processor.py:208} INFO - Processing /home/airflow/.local/lib/python3.12/site-packages/airflow/example_dags/example_subdag_operator.py took 0.095 seconds
[2025-04-06T07:25:33.280+0000] {processor.py:186} INFO - Started process (PID=1406) to work on /home/airflow/.local/lib/python3.12/site-packages/airflow/example_dags/example_subdag_operator.py
[2025-04-06T07:25:33.281+0000] {processor.py:914} INFO - Processing file /home/airflow/.local/lib/python3.12/site-packages/airflow/example_dags/example_subdag_operator.py for tasks to queue
[2025-04-06T07:25:33.282+0000] {logging_mixin.py:190} INFO - [2025-04-06T07:25:33.282+0000] {dagbag.py:588} INFO - Filling up the DagBag from /home/airflow/.local/lib/python3.12/site-packages/airflow/example_dags/example_subdag_operator.py
[2025-04-06T07:25:33.302+0000] {processor.py:925} INFO - DAG(s) 'example_subdag_operator.section-1', 'example_subdag_operator.section-2', 'example_subdag_operator' retrieved from /home/airflow/.local/lib/python3.12/site-packages/airflow/example_dags/example_subdag_operator.py
[2025-04-06T07:25:33.313+0000] {logging_mixin.py:190} INFO - [2025-04-06T07:25:33.313+0000] {dag.py:3239} INFO - Sync 3 DAGs
[2025-04-06T07:25:33.331+0000] {logging_mixin.py:190} INFO - [2025-04-06T07:25:33.330+0000] {dag.py:4180} INFO - Setting next_dagrun for example_subdag_operator to 2022-01-01 00:00:00+00:00, run_after=2022-01-01 00:00:00+00:00
[2025-04-06T07:25:33.333+0000] {logging_mixin.py:190} INFO - [2025-04-06T07:25:33.333+0000] {dag.py:4180} INFO - Setting next_dagrun for example_subdag_operator.section-1 to None, run_after=None
[2025-04-06T07:25:33.335+0000] {logging_mixin.py:190} INFO - [2025-04-06T07:25:33.335+0000] {dag.py:4180} INFO - Setting next_dagrun for example_subdag_operator.section-2 to None, run_after=None
[2025-04-06T07:25:33.341+0000] {logging_mixin.py:190} INFO - [2025-04-06T07:25:33.341+0000] {dag.py:3239} INFO - Sync 2 DAGs
[2025-04-06T07:25:33.345+0000] {logging_mixin.py:190} INFO - [2025-04-06T07:25:33.345+0000] {dag.py:4180} INFO - Setting next_dagrun for example_subdag_operator.section-1 to None, run_after=None
[2025-04-06T07:25:33.346+0000] {logging_mixin.py:190} INFO - [2025-04-06T07:25:33.346+0000] {dag.py:4180} INFO - Setting next_dagrun for example_subdag_operator.section-2 to None, run_after=None
[2025-04-06T07:25:33.356+0000] {processor.py:208} INFO - Processing /home/airflow/.local/lib/python3.12/site-packages/airflow/example_dags/example_subdag_operator.py took 0.081 seconds
[2025-04-06T07:26:03.472+0000] {processor.py:186} INFO - Started process (PID=1470) to work on /home/airflow/.local/lib/python3.12/site-packages/airflow/example_dags/example_subdag_operator.py
[2025-04-06T07:26:03.473+0000] {processor.py:914} INFO - Processing file /home/airflow/.local/lib/python3.12/site-packages/airflow/example_dags/example_subdag_operator.py for tasks to queue
[2025-04-06T07:26:03.474+0000] {logging_mixin.py:190} INFO - [2025-04-06T07:26:03.474+0000] {dagbag.py:588} INFO - Filling up the DagBag from /home/airflow/.local/lib/python3.12/site-packages/airflow/example_dags/example_subdag_operator.py
[2025-04-06T07:26:03.492+0000] {processor.py:925} INFO - DAG(s) 'example_subdag_operator.section-1', 'example_subdag_operator.section-2', 'example_subdag_operator' retrieved from /home/airflow/.local/lib/python3.12/site-packages/airflow/example_dags/example_subdag_operator.py
[2025-04-06T07:26:03.504+0000] {logging_mixin.py:190} INFO - [2025-04-06T07:26:03.503+0000] {dag.py:3239} INFO - Sync 3 DAGs
[2025-04-06T07:26:03.520+0000] {logging_mixin.py:190} INFO - [2025-04-06T07:26:03.520+0000] {dag.py:4180} INFO - Setting next_dagrun for example_subdag_operator to 2022-01-01 00:00:00+00:00, run_after=2022-01-01 00:00:00+00:00
[2025-04-06T07:26:03.523+0000] {logging_mixin.py:190} INFO - [2025-04-06T07:26:03.523+0000] {dag.py:4180} INFO - Setting next_dagrun for example_subdag_operator.section-1 to None, run_after=None
[2025-04-06T07:26:03.525+0000] {logging_mixin.py:190} INFO - [2025-04-06T07:26:03.525+0000] {dag.py:4180} INFO - Setting next_dagrun for example_subdag_operator.section-2 to None, run_after=None
[2025-04-06T07:26:03.531+0000] {logging_mixin.py:190} INFO - [2025-04-06T07:26:03.531+0000] {dag.py:3239} INFO - Sync 2 DAGs
[2025-04-06T07:26:03.536+0000] {logging_mixin.py:190} INFO - [2025-04-06T07:26:03.536+0000] {dag.py:4180} INFO - Setting next_dagrun for example_subdag_operator.section-1 to None, run_after=None
[2025-04-06T07:26:03.537+0000] {logging_mixin.py:190} INFO - [2025-04-06T07:26:03.536+0000] {dag.py:4180} INFO - Setting next_dagrun for example_subdag_operator.section-2 to None, run_after=None
[2025-04-06T07:26:03.546+0000] {processor.py:208} INFO - Processing /home/airflow/.local/lib/python3.12/site-packages/airflow/example_dags/example_subdag_operator.py took 0.078 seconds
[2025-04-06T07:26:33.893+0000] {processor.py:186} INFO - Started process (PID=1534) to work on /home/airflow/.local/lib/python3.12/site-packages/airflow/example_dags/example_subdag_operator.py
[2025-04-06T07:26:33.894+0000] {processor.py:914} INFO - Processing file /home/airflow/.local/lib/python3.12/site-packages/airflow/example_dags/example_subdag_operator.py for tasks to queue
[2025-04-06T07:26:33.896+0000] {logging_mixin.py:190} INFO - [2025-04-06T07:26:33.895+0000] {dagbag.py:588} INFO - Filling up the DagBag from /home/airflow/.local/lib/python3.12/site-packages/airflow/example_dags/example_subdag_operator.py
[2025-04-06T07:26:33.915+0000] {processor.py:925} INFO - DAG(s) 'example_subdag_operator.section-1', 'example_subdag_operator.section-2', 'example_subdag_operator' retrieved from /home/airflow/.local/lib/python3.12/site-packages/airflow/example_dags/example_subdag_operator.py
[2025-04-06T07:26:33.927+0000] {logging_mixin.py:190} INFO - [2025-04-06T07:26:33.927+0000] {dag.py:3239} INFO - Sync 3 DAGs
[2025-04-06T07:26:33.946+0000] {logging_mixin.py:190} INFO - [2025-04-06T07:26:33.946+0000] {dag.py:4180} INFO - Setting next_dagrun for example_subdag_operator to 2022-01-01 00:00:00+00:00, run_after=2022-01-01 00:00:00+00:00
[2025-04-06T07:26:33.950+0000] {logging_mixin.py:190} INFO - [2025-04-06T07:26:33.949+0000] {dag.py:4180} INFO - Setting next_dagrun for example_subdag_operator.section-1 to None, run_after=None
[2025-04-06T07:26:33.951+0000] {logging_mixin.py:190} INFO - [2025-04-06T07:26:33.951+0000] {dag.py:4180} INFO - Setting next_dagrun for example_subdag_operator.section-2 to None, run_after=None
[2025-04-06T07:26:33.959+0000] {logging_mixin.py:190} INFO - [2025-04-06T07:26:33.959+0000] {dag.py:3239} INFO - Sync 2 DAGs
[2025-04-06T07:26:33.964+0000] {logging_mixin.py:190} INFO - [2025-04-06T07:26:33.963+0000] {dag.py:4180} INFO - Setting next_dagrun for example_subdag_operator.section-1 to None, run_after=None
[2025-04-06T07:26:33.964+0000] {logging_mixin.py:190} INFO - [2025-04-06T07:26:33.964+0000] {dag.py:4180} INFO - Setting next_dagrun for example_subdag_operator.section-2 to None, run_after=None
[2025-04-06T07:26:33.974+0000] {processor.py:208} INFO - Processing /home/airflow/.local/lib/python3.12/site-packages/airflow/example_dags/example_subdag_operator.py took 0.086 seconds
[2025-04-06T07:27:04.797+0000] {processor.py:186} INFO - Started process (PID=1601) to work on /home/airflow/.local/lib/python3.12/site-packages/airflow/example_dags/example_subdag_operator.py
[2025-04-06T07:27:04.798+0000] {processor.py:914} INFO - Processing file /home/airflow/.local/lib/python3.12/site-packages/airflow/example_dags/example_subdag_operator.py for tasks to queue
[2025-04-06T07:27:04.800+0000] {logging_mixin.py:190} INFO - [2025-04-06T07:27:04.799+0000] {dagbag.py:588} INFO - Filling up the DagBag from /home/airflow/.local/lib/python3.12/site-packages/airflow/example_dags/example_subdag_operator.py
[2025-04-06T07:27:04.824+0000] {processor.py:925} INFO - DAG(s) 'example_subdag_operator.section-1', 'example_subdag_operator.section-2', 'example_subdag_operator' retrieved from /home/airflow/.local/lib/python3.12/site-packages/airflow/example_dags/example_subdag_operator.py
[2025-04-06T07:27:04.839+0000] {logging_mixin.py:190} INFO - [2025-04-06T07:27:04.838+0000] {dag.py:3239} INFO - Sync 3 DAGs
[2025-04-06T07:27:04.861+0000] {logging_mixin.py:190} INFO - [2025-04-06T07:27:04.861+0000] {dag.py:4180} INFO - Setting next_dagrun for example_subdag_operator to 2022-01-01 00:00:00+00:00, run_after=2022-01-01 00:00:00+00:00
[2025-04-06T07:27:04.865+0000] {logging_mixin.py:190} INFO - [2025-04-06T07:27:04.864+0000] {dag.py:4180} INFO - Setting next_dagrun for example_subdag_operator.section-1 to None, run_after=None
[2025-04-06T07:27:04.866+0000] {logging_mixin.py:190} INFO - [2025-04-06T07:27:04.866+0000] {dag.py:4180} INFO - Setting next_dagrun for example_subdag_operator.section-2 to None, run_after=None
[2025-04-06T07:27:04.873+0000] {logging_mixin.py:190} INFO - [2025-04-06T07:27:04.872+0000] {dag.py:3239} INFO - Sync 2 DAGs
[2025-04-06T07:27:04.878+0000] {logging_mixin.py:190} INFO - [2025-04-06T07:27:04.878+0000] {dag.py:4180} INFO - Setting next_dagrun for example_subdag_operator.section-1 to None, run_after=None
[2025-04-06T07:27:04.879+0000] {logging_mixin.py:190} INFO - [2025-04-06T07:27:04.879+0000] {dag.py:4180} INFO - Setting next_dagrun for example_subdag_operator.section-2 to None, run_after=None
[2025-04-06T07:27:04.890+0000] {processor.py:208} INFO - Processing /home/airflow/.local/lib/python3.12/site-packages/airflow/example_dags/example_subdag_operator.py took 0.099 seconds
[2025-04-06T07:27:34.923+0000] {processor.py:186} INFO - Started process (PID=1665) to work on /home/airflow/.local/lib/python3.12/site-packages/airflow/example_dags/example_subdag_operator.py
[2025-04-06T07:27:34.923+0000] {processor.py:914} INFO - Processing file /home/airflow/.local/lib/python3.12/site-packages/airflow/example_dags/example_subdag_operator.py for tasks to queue
[2025-04-06T07:27:34.925+0000] {logging_mixin.py:190} INFO - [2025-04-06T07:27:34.925+0000] {dagbag.py:588} INFO - Filling up the DagBag from /home/airflow/.local/lib/python3.12/site-packages/airflow/example_dags/example_subdag_operator.py
[2025-04-06T07:27:34.943+0000] {processor.py:925} INFO - DAG(s) 'example_subdag_operator.section-1', 'example_subdag_operator.section-2', 'example_subdag_operator' retrieved from /home/airflow/.local/lib/python3.12/site-packages/airflow/example_dags/example_subdag_operator.py
[2025-04-06T07:27:34.954+0000] {logging_mixin.py:190} INFO - [2025-04-06T07:27:34.954+0000] {dag.py:3239} INFO - Sync 3 DAGs
[2025-04-06T07:27:34.971+0000] {logging_mixin.py:190} INFO - [2025-04-06T07:27:34.971+0000] {dag.py:4180} INFO - Setting next_dagrun for example_subdag_operator to 2022-01-01 00:00:00+00:00, run_after=2022-01-01 00:00:00+00:00
[2025-04-06T07:27:34.974+0000] {logging_mixin.py:190} INFO - [2025-04-06T07:27:34.974+0000] {dag.py:4180} INFO - Setting next_dagrun for example_subdag_operator.section-1 to None, run_after=None
[2025-04-06T07:27:34.976+0000] {logging_mixin.py:190} INFO - [2025-04-06T07:27:34.976+0000] {dag.py:4180} INFO - Setting next_dagrun for example_subdag_operator.section-2 to None, run_after=None
[2025-04-06T07:27:34.981+0000] {logging_mixin.py:190} INFO - [2025-04-06T07:27:34.981+0000] {dag.py:3239} INFO - Sync 2 DAGs
[2025-04-06T07:27:34.987+0000] {logging_mixin.py:190} INFO - [2025-04-06T07:27:34.987+0000] {dag.py:4180} INFO - Setting next_dagrun for example_subdag_operator.section-1 to None, run_after=None
[2025-04-06T07:27:34.988+0000] {logging_mixin.py:190} INFO - [2025-04-06T07:27:34.988+0000] {dag.py:4180} INFO - Setting next_dagrun for example_subdag_operator.section-2 to None, run_after=None
[2025-04-06T07:27:34.997+0000] {processor.py:208} INFO - Processing /home/airflow/.local/lib/python3.12/site-packages/airflow/example_dags/example_subdag_operator.py took 0.079 seconds
[2025-04-06T07:28:05.051+0000] {processor.py:186} INFO - Started process (PID=1729) to work on /home/airflow/.local/lib/python3.12/site-packages/airflow/example_dags/example_subdag_operator.py
[2025-04-06T07:28:05.052+0000] {processor.py:914} INFO - Processing file /home/airflow/.local/lib/python3.12/site-packages/airflow/example_dags/example_subdag_operator.py for tasks to queue
[2025-04-06T07:28:05.053+0000] {logging_mixin.py:190} INFO - [2025-04-06T07:28:05.053+0000] {dagbag.py:588} INFO - Filling up the DagBag from /home/airflow/.local/lib/python3.12/site-packages/airflow/example_dags/example_subdag_operator.py
[2025-04-06T07:28:05.072+0000] {processor.py:925} INFO - DAG(s) 'example_subdag_operator.section-1', 'example_subdag_operator.section-2', 'example_subdag_operator' retrieved from /home/airflow/.local/lib/python3.12/site-packages/airflow/example_dags/example_subdag_operator.py
[2025-04-06T07:28:05.084+0000] {logging_mixin.py:190} INFO - [2025-04-06T07:28:05.084+0000] {dag.py:3239} INFO - Sync 3 DAGs
[2025-04-06T07:28:05.102+0000] {logging_mixin.py:190} INFO - [2025-04-06T07:28:05.102+0000] {dag.py:4180} INFO - Setting next_dagrun for example_subdag_operator to 2022-01-01 00:00:00+00:00, run_after=2022-01-01 00:00:00+00:00
[2025-04-06T07:28:05.105+0000] {logging_mixin.py:190} INFO - [2025-04-06T07:28:05.105+0000] {dag.py:4180} INFO - Setting next_dagrun for example_subdag_operator.section-1 to None, run_after=None
[2025-04-06T07:28:05.107+0000] {logging_mixin.py:190} INFO - [2025-04-06T07:28:05.106+0000] {dag.py:4180} INFO - Setting next_dagrun for example_subdag_operator.section-2 to None, run_after=None
[2025-04-06T07:28:05.112+0000] {logging_mixin.py:190} INFO - [2025-04-06T07:28:05.111+0000] {dag.py:3239} INFO - Sync 2 DAGs
[2025-04-06T07:28:05.116+0000] {logging_mixin.py:190} INFO - [2025-04-06T07:28:05.116+0000] {dag.py:4180} INFO - Setting next_dagrun for example_subdag_operator.section-1 to None, run_after=None
[2025-04-06T07:28:05.117+0000] {logging_mixin.py:190} INFO - [2025-04-06T07:28:05.117+0000] {dag.py:4180} INFO - Setting next_dagrun for example_subdag_operator.section-2 to None, run_after=None
[2025-04-06T07:28:05.127+0000] {processor.py:208} INFO - Processing /home/airflow/.local/lib/python3.12/site-packages/airflow/example_dags/example_subdag_operator.py took 0.082 seconds
[2025-04-06T07:28:35.644+0000] {processor.py:186} INFO - Started process (PID=1793) to work on /home/airflow/.local/lib/python3.12/site-packages/airflow/example_dags/example_subdag_operator.py
[2025-04-06T07:28:35.645+0000] {processor.py:914} INFO - Processing file /home/airflow/.local/lib/python3.12/site-packages/airflow/example_dags/example_subdag_operator.py for tasks to queue
[2025-04-06T07:28:35.647+0000] {logging_mixin.py:190} INFO - [2025-04-06T07:28:35.647+0000] {dagbag.py:588} INFO - Filling up the DagBag from /home/airflow/.local/lib/python3.12/site-packages/airflow/example_dags/example_subdag_operator.py
[2025-04-06T07:28:35.665+0000] {processor.py:925} INFO - DAG(s) 'example_subdag_operator.section-1', 'example_subdag_operator.section-2', 'example_subdag_operator' retrieved from /home/airflow/.local/lib/python3.12/site-packages/airflow/example_dags/example_subdag_operator.py
[2025-04-06T07:28:35.677+0000] {logging_mixin.py:190} INFO - [2025-04-06T07:28:35.677+0000] {dag.py:3239} INFO - Sync 3 DAGs
[2025-04-06T07:28:35.695+0000] {logging_mixin.py:190} INFO - [2025-04-06T07:28:35.695+0000] {dag.py:4180} INFO - Setting next_dagrun for example_subdag_operator to 2022-01-01 00:00:00+00:00, run_after=2022-01-01 00:00:00+00:00
[2025-04-06T07:28:35.698+0000] {logging_mixin.py:190} INFO - [2025-04-06T07:28:35.698+0000] {dag.py:4180} INFO - Setting next_dagrun for example_subdag_operator.section-1 to None, run_after=None
[2025-04-06T07:28:35.699+0000] {logging_mixin.py:190} INFO - [2025-04-06T07:28:35.699+0000] {dag.py:4180} INFO - Setting next_dagrun for example_subdag_operator.section-2 to None, run_after=None
[2025-04-06T07:28:35.705+0000] {logging_mixin.py:190} INFO - [2025-04-06T07:28:35.705+0000] {dag.py:3239} INFO - Sync 2 DAGs
[2025-04-06T07:28:35.709+0000] {logging_mixin.py:190} INFO - [2025-04-06T07:28:35.709+0000] {dag.py:4180} INFO - Setting next_dagrun for example_subdag_operator.section-1 to None, run_after=None
[2025-04-06T07:28:35.710+0000] {logging_mixin.py:190} INFO - [2025-04-06T07:28:35.710+0000] {dag.py:4180} INFO - Setting next_dagrun for example_subdag_operator.section-2 to None, run_after=None
[2025-04-06T07:28:35.723+0000] {processor.py:208} INFO - Processing /home/airflow/.local/lib/python3.12/site-packages/airflow/example_dags/example_subdag_operator.py took 0.082 seconds
[2025-04-06T07:29:05.884+0000] {processor.py:186} INFO - Started process (PID=1857) to work on /home/airflow/.local/lib/python3.12/site-packages/airflow/example_dags/example_subdag_operator.py
[2025-04-06T07:29:05.885+0000] {processor.py:914} INFO - Processing file /home/airflow/.local/lib/python3.12/site-packages/airflow/example_dags/example_subdag_operator.py for tasks to queue
[2025-04-06T07:29:05.886+0000] {logging_mixin.py:190} INFO - [2025-04-06T07:29:05.886+0000] {dagbag.py:588} INFO - Filling up the DagBag from /home/airflow/.local/lib/python3.12/site-packages/airflow/example_dags/example_subdag_operator.py
[2025-04-06T07:29:05.907+0000] {processor.py:925} INFO - DAG(s) 'example_subdag_operator.section-1', 'example_subdag_operator.section-2', 'example_subdag_operator' retrieved from /home/airflow/.local/lib/python3.12/site-packages/airflow/example_dags/example_subdag_operator.py
[2025-04-06T07:29:05.920+0000] {logging_mixin.py:190} INFO - [2025-04-06T07:29:05.920+0000] {dag.py:3239} INFO - Sync 3 DAGs
[2025-04-06T07:29:05.942+0000] {logging_mixin.py:190} INFO - [2025-04-06T07:29:05.942+0000] {dag.py:4180} INFO - Setting next_dagrun for example_subdag_operator to 2022-01-01 00:00:00+00:00, run_after=2022-01-01 00:00:00+00:00
[2025-04-06T07:29:05.946+0000] {logging_mixin.py:190} INFO - [2025-04-06T07:29:05.946+0000] {dag.py:4180} INFO - Setting next_dagrun for example_subdag_operator.section-1 to None, run_after=None
[2025-04-06T07:29:05.948+0000] {logging_mixin.py:190} INFO - [2025-04-06T07:29:05.947+0000] {dag.py:4180} INFO - Setting next_dagrun for example_subdag_operator.section-2 to None, run_after=None
[2025-04-06T07:29:05.954+0000] {logging_mixin.py:190} INFO - [2025-04-06T07:29:05.954+0000] {dag.py:3239} INFO - Sync 2 DAGs
[2025-04-06T07:29:05.959+0000] {logging_mixin.py:190} INFO - [2025-04-06T07:29:05.958+0000] {dag.py:4180} INFO - Setting next_dagrun for example_subdag_operator.section-1 to None, run_after=None
[2025-04-06T07:29:05.959+0000] {logging_mixin.py:190} INFO - [2025-04-06T07:29:05.959+0000] {dag.py:4180} INFO - Setting next_dagrun for example_subdag_operator.section-2 to None, run_after=None
[2025-04-06T07:29:05.971+0000] {processor.py:208} INFO - Processing /home/airflow/.local/lib/python3.12/site-packages/airflow/example_dags/example_subdag_operator.py took 0.092 seconds
[2025-04-06T07:29:36.159+0000] {processor.py:186} INFO - Started process (PID=1921) to work on /home/airflow/.local/lib/python3.12/site-packages/airflow/example_dags/example_subdag_operator.py
[2025-04-06T07:29:36.160+0000] {processor.py:914} INFO - Processing file /home/airflow/.local/lib/python3.12/site-packages/airflow/example_dags/example_subdag_operator.py for tasks to queue
[2025-04-06T07:29:36.161+0000] {logging_mixin.py:190} INFO - [2025-04-06T07:29:36.161+0000] {dagbag.py:588} INFO - Filling up the DagBag from /home/airflow/.local/lib/python3.12/site-packages/airflow/example_dags/example_subdag_operator.py
[2025-04-06T07:29:36.179+0000] {processor.py:925} INFO - DAG(s) 'example_subdag_operator.section-1', 'example_subdag_operator.section-2', 'example_subdag_operator' retrieved from /home/airflow/.local/lib/python3.12/site-packages/airflow/example_dags/example_subdag_operator.py
[2025-04-06T07:29:36.190+0000] {logging_mixin.py:190} INFO - [2025-04-06T07:29:36.190+0000] {dag.py:3239} INFO - Sync 3 DAGs
[2025-04-06T07:29:36.208+0000] {logging_mixin.py:190} INFO - [2025-04-06T07:29:36.207+0000] {dag.py:4180} INFO - Setting next_dagrun for example_subdag_operator to 2022-01-01 00:00:00+00:00, run_after=2022-01-01 00:00:00+00:00
[2025-04-06T07:29:36.210+0000] {logging_mixin.py:190} INFO - [2025-04-06T07:29:36.210+0000] {dag.py:4180} INFO - Setting next_dagrun for example_subdag_operator.section-1 to None, run_after=None
[2025-04-06T07:29:36.211+0000] {logging_mixin.py:190} INFO - [2025-04-06T07:29:36.211+0000] {dag.py:4180} INFO - Setting next_dagrun for example_subdag_operator.section-2 to None, run_after=None
[2025-04-06T07:29:36.217+0000] {logging_mixin.py:190} INFO - [2025-04-06T07:29:36.216+0000] {dag.py:3239} INFO - Sync 2 DAGs
[2025-04-06T07:29:36.221+0000] {logging_mixin.py:190} INFO - [2025-04-06T07:29:36.221+0000] {dag.py:4180} INFO - Setting next_dagrun for example_subdag_operator.section-1 to None, run_after=None
[2025-04-06T07:29:36.221+0000] {logging_mixin.py:190} INFO - [2025-04-06T07:29:36.221+0000] {dag.py:4180} INFO - Setting next_dagrun for example_subdag_operator.section-2 to None, run_after=None
[2025-04-06T07:29:36.231+0000] {processor.py:208} INFO - Processing /home/airflow/.local/lib/python3.12/site-packages/airflow/example_dags/example_subdag_operator.py took 0.076 seconds
[2025-04-06T07:30:06.510+0000] {processor.py:186} INFO - Started process (PID=1985) to work on /home/airflow/.local/lib/python3.12/site-packages/airflow/example_dags/example_subdag_operator.py
[2025-04-06T07:30:06.511+0000] {processor.py:914} INFO - Processing file /home/airflow/.local/lib/python3.12/site-packages/airflow/example_dags/example_subdag_operator.py for tasks to queue
[2025-04-06T07:30:06.513+0000] {logging_mixin.py:190} INFO - [2025-04-06T07:30:06.513+0000] {dagbag.py:588} INFO - Filling up the DagBag from /home/airflow/.local/lib/python3.12/site-packages/airflow/example_dags/example_subdag_operator.py
[2025-04-06T07:30:06.532+0000] {processor.py:925} INFO - DAG(s) 'example_subdag_operator.section-1', 'example_subdag_operator.section-2', 'example_subdag_operator' retrieved from /home/airflow/.local/lib/python3.12/site-packages/airflow/example_dags/example_subdag_operator.py
[2025-04-06T07:30:06.542+0000] {logging_mixin.py:190} INFO - [2025-04-06T07:30:06.542+0000] {dag.py:3239} INFO - Sync 3 DAGs
[2025-04-06T07:30:06.560+0000] {logging_mixin.py:190} INFO - [2025-04-06T07:30:06.560+0000] {dag.py:4180} INFO - Setting next_dagrun for example_subdag_operator to 2022-01-01 00:00:00+00:00, run_after=2022-01-01 00:00:00+00:00
[2025-04-06T07:30:06.565+0000] {logging_mixin.py:190} INFO - [2025-04-06T07:30:06.564+0000] {dag.py:4180} INFO - Setting next_dagrun for example_subdag_operator.section-1 to None, run_after=None
[2025-04-06T07:30:06.566+0000] {logging_mixin.py:190} INFO - [2025-04-06T07:30:06.566+0000] {dag.py:4180} INFO - Setting next_dagrun for example_subdag_operator.section-2 to None, run_after=None
[2025-04-06T07:30:06.572+0000] {logging_mixin.py:190} INFO - [2025-04-06T07:30:06.572+0000] {dag.py:3239} INFO - Sync 2 DAGs
[2025-04-06T07:30:06.576+0000] {logging_mixin.py:190} INFO - [2025-04-06T07:30:06.576+0000] {dag.py:4180} INFO - Setting next_dagrun for example_subdag_operator.section-1 to None, run_after=None
[2025-04-06T07:30:06.577+0000] {logging_mixin.py:190} INFO - [2025-04-06T07:30:06.577+0000] {dag.py:4180} INFO - Setting next_dagrun for example_subdag_operator.section-2 to None, run_after=None
[2025-04-06T07:30:06.590+0000] {processor.py:208} INFO - Processing /home/airflow/.local/lib/python3.12/site-packages/airflow/example_dags/example_subdag_operator.py took 0.084 seconds
[2025-04-06T07:30:36.882+0000] {processor.py:186} INFO - Started process (PID=2049) to work on /home/airflow/.local/lib/python3.12/site-packages/airflow/example_dags/example_subdag_operator.py
[2025-04-06T07:30:36.882+0000] {processor.py:914} INFO - Processing file /home/airflow/.local/lib/python3.12/site-packages/airflow/example_dags/example_subdag_operator.py for tasks to queue
[2025-04-06T07:30:36.884+0000] {logging_mixin.py:190} INFO - [2025-04-06T07:30:36.884+0000] {dagbag.py:588} INFO - Filling up the DagBag from /home/airflow/.local/lib/python3.12/site-packages/airflow/example_dags/example_subdag_operator.py
[2025-04-06T07:30:36.902+0000] {processor.py:925} INFO - DAG(s) 'example_subdag_operator.section-1', 'example_subdag_operator.section-2', 'example_subdag_operator' retrieved from /home/airflow/.local/lib/python3.12/site-packages/airflow/example_dags/example_subdag_operator.py
[2025-04-06T07:30:36.914+0000] {logging_mixin.py:190} INFO - [2025-04-06T07:30:36.913+0000] {dag.py:3239} INFO - Sync 3 DAGs
[2025-04-06T07:30:36.932+0000] {logging_mixin.py:190} INFO - [2025-04-06T07:30:36.932+0000] {dag.py:4180} INFO - Setting next_dagrun for example_subdag_operator to 2022-01-01 00:00:00+00:00, run_after=2022-01-01 00:00:00+00:00
[2025-04-06T07:30:36.936+0000] {logging_mixin.py:190} INFO - [2025-04-06T07:30:36.935+0000] {dag.py:4180} INFO - Setting next_dagrun for example_subdag_operator.section-1 to None, run_after=None
[2025-04-06T07:30:36.937+0000] {logging_mixin.py:190} INFO - [2025-04-06T07:30:36.937+0000] {dag.py:4180} INFO - Setting next_dagrun for example_subdag_operator.section-2 to None, run_after=None
[2025-04-06T07:30:36.943+0000] {logging_mixin.py:190} INFO - [2025-04-06T07:30:36.942+0000] {dag.py:3239} INFO - Sync 2 DAGs
[2025-04-06T07:30:36.947+0000] {logging_mixin.py:190} INFO - [2025-04-06T07:30:36.947+0000] {dag.py:4180} INFO - Setting next_dagrun for example_subdag_operator.section-1 to None, run_after=None
[2025-04-06T07:30:36.948+0000] {logging_mixin.py:190} INFO - [2025-04-06T07:30:36.948+0000] {dag.py:4180} INFO - Setting next_dagrun for example_subdag_operator.section-2 to None, run_after=None
[2025-04-06T07:30:36.957+0000] {processor.py:208} INFO - Processing /home/airflow/.local/lib/python3.12/site-packages/airflow/example_dags/example_subdag_operator.py took 0.080 seconds
