[2025-04-06T07:14:55.583+0000] {processor.py:186} INFO - Started process (PID=86) to work on /home/airflow/.local/lib/python3.12/site-packages/airflow/example_dags/example_dynamic_task_mapping.py
[2025-04-06T07:14:55.585+0000] {processor.py:914} INFO - Processing file /home/airflow/.local/lib/python3.12/site-packages/airflow/example_dags/example_dynamic_task_mapping.py for tasks to queue
[2025-04-06T07:14:55.588+0000] {logging_mixin.py:190} INFO - [2025-04-06T07:14:55.588+0000] {dagbag.py:588} INFO - Filling up the DagBag from /home/airflow/.local/lib/python3.12/site-packages/airflow/example_dags/example_dynamic_task_mapping.py
[2025-04-06T07:14:55.602+0000] {processor.py:925} INFO - DAG(s) 'example_dynamic_task_mapping' retrieved from /home/airflow/.local/lib/python3.12/site-packages/airflow/example_dags/example_dynamic_task_mapping.py
[2025-04-06T07:14:55.760+0000] {logging_mixin.py:190} INFO - [2025-04-06T07:14:55.759+0000] {override.py:1912} INFO - Created Permission View: can edit on DAG:example_dynamic_task_mapping
[2025-04-06T07:14:55.775+0000] {logging_mixin.py:190} INFO - [2025-04-06T07:14:55.775+0000] {override.py:1912} INFO - Created Permission View: can delete on DAG:example_dynamic_task_mapping
[2025-04-06T07:14:55.786+0000] {logging_mixin.py:190} INFO - [2025-04-06T07:14:55.786+0000] {override.py:1912} INFO - Created Permission View: can read on DAG:example_dynamic_task_mapping
[2025-04-06T07:14:55.800+0000] {logging_mixin.py:190} INFO - [2025-04-06T07:14:55.800+0000] {override.py:1912} INFO - Created Permission View: can delete on DAG Run:example_dynamic_task_mapping
[2025-04-06T07:14:55.810+0000] {logging_mixin.py:190} INFO - [2025-04-06T07:14:55.809+0000] {override.py:1912} INFO - Created Permission View: can create on DAG Run:example_dynamic_task_mapping
[2025-04-06T07:14:55.819+0000] {logging_mixin.py:190} INFO - [2025-04-06T07:14:55.818+0000] {override.py:1912} INFO - Created Permission View: can read on DAG Run:example_dynamic_task_mapping
[2025-04-06T07:14:55.829+0000] {logging_mixin.py:190} INFO - [2025-04-06T07:14:55.828+0000] {override.py:1912} INFO - Created Permission View: menu access on DAG Run:example_dynamic_task_mapping
[2025-04-06T07:14:55.830+0000] {logging_mixin.py:190} INFO - [2025-04-06T07:14:55.830+0000] {dag.py:3239} INFO - Sync 1 DAGs
[2025-04-06T07:14:55.848+0000] {logging_mixin.py:190} INFO - [2025-04-06T07:14:55.848+0000] {dag.py:3262} INFO - Creating ORM DAG for example_dynamic_task_mapping
[2025-04-06T07:14:55.849+0000] {logging_mixin.py:190} INFO - [2025-04-06T07:14:55.849+0000] {dag.py:4180} INFO - Setting next_dagrun for example_dynamic_task_mapping to None, run_after=None
[2025-04-06T07:14:55.870+0000] {processor.py:208} INFO - Processing /home/airflow/.local/lib/python3.12/site-packages/airflow/example_dags/example_dynamic_task_mapping.py took 0.295 seconds
[2025-04-06T07:15:26.518+0000] {processor.py:186} INFO - Started process (PID=149) to work on /home/airflow/.local/lib/python3.12/site-packages/airflow/example_dags/example_dynamic_task_mapping.py
[2025-04-06T07:15:26.519+0000] {processor.py:914} INFO - Processing file /home/airflow/.local/lib/python3.12/site-packages/airflow/example_dags/example_dynamic_task_mapping.py for tasks to queue
[2025-04-06T07:15:26.521+0000] {logging_mixin.py:190} INFO - [2025-04-06T07:15:26.521+0000] {dagbag.py:588} INFO - Filling up the DagBag from /home/airflow/.local/lib/python3.12/site-packages/airflow/example_dags/example_dynamic_task_mapping.py
[2025-04-06T07:15:26.528+0000] {processor.py:925} INFO - DAG(s) 'example_dynamic_task_mapping' retrieved from /home/airflow/.local/lib/python3.12/site-packages/airflow/example_dags/example_dynamic_task_mapping.py
[2025-04-06T07:15:26.548+0000] {logging_mixin.py:190} INFO - [2025-04-06T07:15:26.548+0000] {dag.py:3239} INFO - Sync 1 DAGs
[2025-04-06T07:15:26.561+0000] {logging_mixin.py:190} INFO - [2025-04-06T07:15:26.561+0000] {dag.py:4180} INFO - Setting next_dagrun for example_dynamic_task_mapping to None, run_after=None
[2025-04-06T07:15:26.585+0000] {processor.py:208} INFO - Processing /home/airflow/.local/lib/python3.12/site-packages/airflow/example_dags/example_dynamic_task_mapping.py took 0.073 seconds
[2025-04-06T07:15:57.532+0000] {processor.py:186} INFO - Started process (PID=212) to work on /home/airflow/.local/lib/python3.12/site-packages/airflow/example_dags/example_dynamic_task_mapping.py
[2025-04-06T07:15:57.534+0000] {processor.py:914} INFO - Processing file /home/airflow/.local/lib/python3.12/site-packages/airflow/example_dags/example_dynamic_task_mapping.py for tasks to queue
[2025-04-06T07:15:57.537+0000] {logging_mixin.py:190} INFO - [2025-04-06T07:15:57.536+0000] {dagbag.py:588} INFO - Filling up the DagBag from /home/airflow/.local/lib/python3.12/site-packages/airflow/example_dags/example_dynamic_task_mapping.py
[2025-04-06T07:15:57.547+0000] {processor.py:925} INFO - DAG(s) 'example_dynamic_task_mapping' retrieved from /home/airflow/.local/lib/python3.12/site-packages/airflow/example_dags/example_dynamic_task_mapping.py
[2025-04-06T07:15:57.573+0000] {logging_mixin.py:190} INFO - [2025-04-06T07:15:57.572+0000] {dag.py:3239} INFO - Sync 1 DAGs
[2025-04-06T07:15:57.595+0000] {logging_mixin.py:190} INFO - [2025-04-06T07:15:57.594+0000] {dag.py:4180} INFO - Setting next_dagrun for example_dynamic_task_mapping to None, run_after=None
[2025-04-06T07:15:57.619+0000] {processor.py:208} INFO - Processing /home/airflow/.local/lib/python3.12/site-packages/airflow/example_dags/example_dynamic_task_mapping.py took 0.095 seconds
[2025-04-06T07:16:27.658+0000] {processor.py:186} INFO - Started process (PID=274) to work on /home/airflow/.local/lib/python3.12/site-packages/airflow/example_dags/example_dynamic_task_mapping.py
[2025-04-06T07:16:27.659+0000] {processor.py:914} INFO - Processing file /home/airflow/.local/lib/python3.12/site-packages/airflow/example_dags/example_dynamic_task_mapping.py for tasks to queue
[2025-04-06T07:16:27.662+0000] {logging_mixin.py:190} INFO - [2025-04-06T07:16:27.661+0000] {dagbag.py:588} INFO - Filling up the DagBag from /home/airflow/.local/lib/python3.12/site-packages/airflow/example_dags/example_dynamic_task_mapping.py
[2025-04-06T07:16:27.669+0000] {processor.py:925} INFO - DAG(s) 'example_dynamic_task_mapping' retrieved from /home/airflow/.local/lib/python3.12/site-packages/airflow/example_dags/example_dynamic_task_mapping.py
[2025-04-06T07:16:27.688+0000] {logging_mixin.py:190} INFO - [2025-04-06T07:16:27.688+0000] {dag.py:3239} INFO - Sync 1 DAGs
[2025-04-06T07:16:27.700+0000] {logging_mixin.py:190} INFO - [2025-04-06T07:16:27.700+0000] {dag.py:4180} INFO - Setting next_dagrun for example_dynamic_task_mapping to None, run_after=None
[2025-04-06T07:16:27.718+0000] {processor.py:208} INFO - Processing /home/airflow/.local/lib/python3.12/site-packages/airflow/example_dags/example_dynamic_task_mapping.py took 0.065 seconds
[2025-04-06T07:16:58.068+0000] {processor.py:186} INFO - Started process (PID=337) to work on /home/airflow/.local/lib/python3.12/site-packages/airflow/example_dags/example_dynamic_task_mapping.py
[2025-04-06T07:16:58.070+0000] {processor.py:914} INFO - Processing file /home/airflow/.local/lib/python3.12/site-packages/airflow/example_dags/example_dynamic_task_mapping.py for tasks to queue
[2025-04-06T07:16:58.073+0000] {logging_mixin.py:190} INFO - [2025-04-06T07:16:58.072+0000] {dagbag.py:588} INFO - Filling up the DagBag from /home/airflow/.local/lib/python3.12/site-packages/airflow/example_dags/example_dynamic_task_mapping.py
[2025-04-06T07:16:58.084+0000] {processor.py:925} INFO - DAG(s) 'example_dynamic_task_mapping' retrieved from /home/airflow/.local/lib/python3.12/site-packages/airflow/example_dags/example_dynamic_task_mapping.py
[2025-04-06T07:16:58.113+0000] {logging_mixin.py:190} INFO - [2025-04-06T07:16:58.112+0000] {dag.py:3239} INFO - Sync 1 DAGs
[2025-04-06T07:16:58.140+0000] {logging_mixin.py:190} INFO - [2025-04-06T07:16:58.140+0000] {dag.py:4180} INFO - Setting next_dagrun for example_dynamic_task_mapping to None, run_after=None
[2025-04-06T07:16:58.178+0000] {processor.py:208} INFO - Processing /home/airflow/.local/lib/python3.12/site-packages/airflow/example_dags/example_dynamic_task_mapping.py took 0.115 seconds
[2025-04-06T07:17:28.541+0000] {processor.py:186} INFO - Started process (PID=399) to work on /home/airflow/.local/lib/python3.12/site-packages/airflow/example_dags/example_dynamic_task_mapping.py
[2025-04-06T07:17:28.543+0000] {processor.py:914} INFO - Processing file /home/airflow/.local/lib/python3.12/site-packages/airflow/example_dags/example_dynamic_task_mapping.py for tasks to queue
[2025-04-06T07:17:28.549+0000] {logging_mixin.py:190} INFO - [2025-04-06T07:17:28.548+0000] {dagbag.py:588} INFO - Filling up the DagBag from /home/airflow/.local/lib/python3.12/site-packages/airflow/example_dags/example_dynamic_task_mapping.py
[2025-04-06T07:17:28.563+0000] {processor.py:925} INFO - DAG(s) 'example_dynamic_task_mapping' retrieved from /home/airflow/.local/lib/python3.12/site-packages/airflow/example_dags/example_dynamic_task_mapping.py
[2025-04-06T07:17:28.610+0000] {logging_mixin.py:190} INFO - [2025-04-06T07:17:28.610+0000] {dag.py:3239} INFO - Sync 1 DAGs
[2025-04-06T07:17:28.638+0000] {logging_mixin.py:190} INFO - [2025-04-06T07:17:28.638+0000] {dag.py:4180} INFO - Setting next_dagrun for example_dynamic_task_mapping to None, run_after=None
[2025-04-06T07:17:28.676+0000] {processor.py:208} INFO - Processing /home/airflow/.local/lib/python3.12/site-packages/airflow/example_dags/example_dynamic_task_mapping.py took 0.145 seconds
[2025-04-06T07:17:58.798+0000] {processor.py:186} INFO - Started process (PID=462) to work on /home/airflow/.local/lib/python3.12/site-packages/airflow/example_dags/example_dynamic_task_mapping.py
[2025-04-06T07:17:58.799+0000] {processor.py:914} INFO - Processing file /home/airflow/.local/lib/python3.12/site-packages/airflow/example_dags/example_dynamic_task_mapping.py for tasks to queue
[2025-04-06T07:17:58.803+0000] {logging_mixin.py:190} INFO - [2025-04-06T07:17:58.803+0000] {dagbag.py:588} INFO - Filling up the DagBag from /home/airflow/.local/lib/python3.12/site-packages/airflow/example_dags/example_dynamic_task_mapping.py
[2025-04-06T07:17:58.811+0000] {processor.py:925} INFO - DAG(s) 'example_dynamic_task_mapping' retrieved from /home/airflow/.local/lib/python3.12/site-packages/airflow/example_dags/example_dynamic_task_mapping.py
[2025-04-06T07:17:58.837+0000] {logging_mixin.py:190} INFO - [2025-04-06T07:17:58.837+0000] {dag.py:3239} INFO - Sync 1 DAGs
[2025-04-06T07:17:58.855+0000] {logging_mixin.py:190} INFO - [2025-04-06T07:17:58.855+0000] {dag.py:4180} INFO - Setting next_dagrun for example_dynamic_task_mapping to None, run_after=None
[2025-04-06T07:17:58.881+0000] {processor.py:208} INFO - Processing /home/airflow/.local/lib/python3.12/site-packages/airflow/example_dags/example_dynamic_task_mapping.py took 0.090 seconds
[2025-04-06T07:18:29.343+0000] {processor.py:186} INFO - Started process (PID=525) to work on /home/airflow/.local/lib/python3.12/site-packages/airflow/example_dags/example_dynamic_task_mapping.py
[2025-04-06T07:18:29.344+0000] {processor.py:914} INFO - Processing file /home/airflow/.local/lib/python3.12/site-packages/airflow/example_dags/example_dynamic_task_mapping.py for tasks to queue
[2025-04-06T07:18:29.346+0000] {logging_mixin.py:190} INFO - [2025-04-06T07:18:29.346+0000] {dagbag.py:588} INFO - Filling up the DagBag from /home/airflow/.local/lib/python3.12/site-packages/airflow/example_dags/example_dynamic_task_mapping.py
[2025-04-06T07:18:29.356+0000] {processor.py:925} INFO - DAG(s) 'example_dynamic_task_mapping' retrieved from /home/airflow/.local/lib/python3.12/site-packages/airflow/example_dags/example_dynamic_task_mapping.py
[2025-04-06T07:18:29.375+0000] {logging_mixin.py:190} INFO - [2025-04-06T07:18:29.375+0000] {dag.py:3239} INFO - Sync 1 DAGs
[2025-04-06T07:18:29.390+0000] {logging_mixin.py:190} INFO - [2025-04-06T07:18:29.390+0000] {dag.py:4180} INFO - Setting next_dagrun for example_dynamic_task_mapping to None, run_after=None
[2025-04-06T07:18:29.420+0000] {processor.py:208} INFO - Processing /home/airflow/.local/lib/python3.12/site-packages/airflow/example_dags/example_dynamic_task_mapping.py took 0.082 seconds
[2025-04-06T07:18:59.587+0000] {processor.py:186} INFO - Started process (PID=588) to work on /home/airflow/.local/lib/python3.12/site-packages/airflow/example_dags/example_dynamic_task_mapping.py
[2025-04-06T07:18:59.589+0000] {processor.py:914} INFO - Processing file /home/airflow/.local/lib/python3.12/site-packages/airflow/example_dags/example_dynamic_task_mapping.py for tasks to queue
[2025-04-06T07:18:59.591+0000] {logging_mixin.py:190} INFO - [2025-04-06T07:18:59.591+0000] {dagbag.py:588} INFO - Filling up the DagBag from /home/airflow/.local/lib/python3.12/site-packages/airflow/example_dags/example_dynamic_task_mapping.py
[2025-04-06T07:18:59.601+0000] {processor.py:925} INFO - DAG(s) 'example_dynamic_task_mapping' retrieved from /home/airflow/.local/lib/python3.12/site-packages/airflow/example_dags/example_dynamic_task_mapping.py
[2025-04-06T07:18:59.623+0000] {logging_mixin.py:190} INFO - [2025-04-06T07:18:59.622+0000] {dag.py:3239} INFO - Sync 1 DAGs
[2025-04-06T07:18:59.640+0000] {logging_mixin.py:190} INFO - [2025-04-06T07:18:59.640+0000] {dag.py:4180} INFO - Setting next_dagrun for example_dynamic_task_mapping to None, run_after=None
[2025-04-06T07:18:59.661+0000] {processor.py:208} INFO - Processing /home/airflow/.local/lib/python3.12/site-packages/airflow/example_dags/example_dynamic_task_mapping.py took 0.081 seconds
[2025-04-06T07:19:30.154+0000] {processor.py:186} INFO - Started process (PID=651) to work on /home/airflow/.local/lib/python3.12/site-packages/airflow/example_dags/example_dynamic_task_mapping.py
[2025-04-06T07:19:30.156+0000] {processor.py:914} INFO - Processing file /home/airflow/.local/lib/python3.12/site-packages/airflow/example_dags/example_dynamic_task_mapping.py for tasks to queue
[2025-04-06T07:19:30.159+0000] {logging_mixin.py:190} INFO - [2025-04-06T07:19:30.159+0000] {dagbag.py:588} INFO - Filling up the DagBag from /home/airflow/.local/lib/python3.12/site-packages/airflow/example_dags/example_dynamic_task_mapping.py
[2025-04-06T07:19:30.169+0000] {processor.py:925} INFO - DAG(s) 'example_dynamic_task_mapping' retrieved from /home/airflow/.local/lib/python3.12/site-packages/airflow/example_dags/example_dynamic_task_mapping.py
[2025-04-06T07:19:30.194+0000] {logging_mixin.py:190} INFO - [2025-04-06T07:19:30.193+0000] {dag.py:3239} INFO - Sync 1 DAGs
[2025-04-06T07:19:30.218+0000] {logging_mixin.py:190} INFO - [2025-04-06T07:19:30.218+0000] {dag.py:4180} INFO - Setting next_dagrun for example_dynamic_task_mapping to None, run_after=None
[2025-04-06T07:19:30.251+0000] {processor.py:208} INFO - Processing /home/airflow/.local/lib/python3.12/site-packages/airflow/example_dags/example_dynamic_task_mapping.py took 0.105 seconds
[2025-04-06T07:20:00.553+0000] {processor.py:186} INFO - Started process (PID=714) to work on /home/airflow/.local/lib/python3.12/site-packages/airflow/example_dags/example_dynamic_task_mapping.py
[2025-04-06T07:20:00.554+0000] {processor.py:914} INFO - Processing file /home/airflow/.local/lib/python3.12/site-packages/airflow/example_dags/example_dynamic_task_mapping.py for tasks to queue
[2025-04-06T07:20:00.556+0000] {logging_mixin.py:190} INFO - [2025-04-06T07:20:00.556+0000] {dagbag.py:588} INFO - Filling up the DagBag from /home/airflow/.local/lib/python3.12/site-packages/airflow/example_dags/example_dynamic_task_mapping.py
[2025-04-06T07:20:00.565+0000] {processor.py:925} INFO - DAG(s) 'example_dynamic_task_mapping' retrieved from /home/airflow/.local/lib/python3.12/site-packages/airflow/example_dags/example_dynamic_task_mapping.py
[2025-04-06T07:20:00.587+0000] {logging_mixin.py:190} INFO - [2025-04-06T07:20:00.586+0000] {dag.py:3239} INFO - Sync 1 DAGs
[2025-04-06T07:20:00.604+0000] {logging_mixin.py:190} INFO - [2025-04-06T07:20:00.604+0000] {dag.py:4180} INFO - Setting next_dagrun for example_dynamic_task_mapping to None, run_after=None
[2025-04-06T07:20:00.626+0000] {processor.py:208} INFO - Processing /home/airflow/.local/lib/python3.12/site-packages/airflow/example_dags/example_dynamic_task_mapping.py took 0.080 seconds
[2025-04-06T07:20:30.901+0000] {processor.py:186} INFO - Started process (PID=777) to work on /home/airflow/.local/lib/python3.12/site-packages/airflow/example_dags/example_dynamic_task_mapping.py
[2025-04-06T07:20:30.902+0000] {processor.py:914} INFO - Processing file /home/airflow/.local/lib/python3.12/site-packages/airflow/example_dags/example_dynamic_task_mapping.py for tasks to queue
[2025-04-06T07:20:30.905+0000] {logging_mixin.py:190} INFO - [2025-04-06T07:20:30.904+0000] {dagbag.py:588} INFO - Filling up the DagBag from /home/airflow/.local/lib/python3.12/site-packages/airflow/example_dags/example_dynamic_task_mapping.py
[2025-04-06T07:20:30.914+0000] {processor.py:925} INFO - DAG(s) 'example_dynamic_task_mapping' retrieved from /home/airflow/.local/lib/python3.12/site-packages/airflow/example_dags/example_dynamic_task_mapping.py
[2025-04-06T07:20:30.934+0000] {logging_mixin.py:190} INFO - [2025-04-06T07:20:30.934+0000] {dag.py:3239} INFO - Sync 1 DAGs
[2025-04-06T07:20:30.948+0000] {logging_mixin.py:190} INFO - [2025-04-06T07:20:30.948+0000] {dag.py:4180} INFO - Setting next_dagrun for example_dynamic_task_mapping to None, run_after=None
[2025-04-06T07:20:30.970+0000] {processor.py:208} INFO - Processing /home/airflow/.local/lib/python3.12/site-packages/airflow/example_dags/example_dynamic_task_mapping.py took 0.074 seconds
[2025-04-06T07:21:01.457+0000] {processor.py:186} INFO - Started process (PID=840) to work on /home/airflow/.local/lib/python3.12/site-packages/airflow/example_dags/example_dynamic_task_mapping.py
[2025-04-06T07:21:01.458+0000] {processor.py:914} INFO - Processing file /home/airflow/.local/lib/python3.12/site-packages/airflow/example_dags/example_dynamic_task_mapping.py for tasks to queue
[2025-04-06T07:21:01.460+0000] {logging_mixin.py:190} INFO - [2025-04-06T07:21:01.460+0000] {dagbag.py:588} INFO - Filling up the DagBag from /home/airflow/.local/lib/python3.12/site-packages/airflow/example_dags/example_dynamic_task_mapping.py
[2025-04-06T07:21:01.468+0000] {processor.py:925} INFO - DAG(s) 'example_dynamic_task_mapping' retrieved from /home/airflow/.local/lib/python3.12/site-packages/airflow/example_dags/example_dynamic_task_mapping.py
[2025-04-06T07:21:01.486+0000] {logging_mixin.py:190} INFO - [2025-04-06T07:21:01.486+0000] {dag.py:3239} INFO - Sync 1 DAGs
[2025-04-06T07:21:01.502+0000] {logging_mixin.py:190} INFO - [2025-04-06T07:21:01.502+0000] {dag.py:4180} INFO - Setting next_dagrun for example_dynamic_task_mapping to None, run_after=None
[2025-04-06T07:21:01.520+0000] {processor.py:208} INFO - Processing /home/airflow/.local/lib/python3.12/site-packages/airflow/example_dags/example_dynamic_task_mapping.py took 0.068 seconds
[2025-04-06T07:21:31.692+0000] {processor.py:186} INFO - Started process (PID=903) to work on /home/airflow/.local/lib/python3.12/site-packages/airflow/example_dags/example_dynamic_task_mapping.py
[2025-04-06T07:21:31.693+0000] {processor.py:914} INFO - Processing file /home/airflow/.local/lib/python3.12/site-packages/airflow/example_dags/example_dynamic_task_mapping.py for tasks to queue
[2025-04-06T07:21:31.695+0000] {logging_mixin.py:190} INFO - [2025-04-06T07:21:31.694+0000] {dagbag.py:588} INFO - Filling up the DagBag from /home/airflow/.local/lib/python3.12/site-packages/airflow/example_dags/example_dynamic_task_mapping.py
[2025-04-06T07:21:31.701+0000] {processor.py:925} INFO - DAG(s) 'example_dynamic_task_mapping' retrieved from /home/airflow/.local/lib/python3.12/site-packages/airflow/example_dags/example_dynamic_task_mapping.py
[2025-04-06T07:21:31.715+0000] {logging_mixin.py:190} INFO - [2025-04-06T07:21:31.715+0000] {dag.py:3239} INFO - Sync 1 DAGs
[2025-04-06T07:21:31.726+0000] {logging_mixin.py:190} INFO - [2025-04-06T07:21:31.725+0000] {dag.py:4180} INFO - Setting next_dagrun for example_dynamic_task_mapping to None, run_after=None
[2025-04-06T07:21:31.744+0000] {processor.py:208} INFO - Processing /home/airflow/.local/lib/python3.12/site-packages/airflow/example_dags/example_dynamic_task_mapping.py took 0.056 seconds
[2025-04-06T07:22:02.617+0000] {processor.py:186} INFO - Started process (PID=972) to work on /home/airflow/.local/lib/python3.12/site-packages/airflow/example_dags/example_dynamic_task_mapping.py
[2025-04-06T07:22:02.619+0000] {processor.py:914} INFO - Processing file /home/airflow/.local/lib/python3.12/site-packages/airflow/example_dags/example_dynamic_task_mapping.py for tasks to queue
[2025-04-06T07:22:02.621+0000] {logging_mixin.py:190} INFO - [2025-04-06T07:22:02.621+0000] {dagbag.py:588} INFO - Filling up the DagBag from /home/airflow/.local/lib/python3.12/site-packages/airflow/example_dags/example_dynamic_task_mapping.py
[2025-04-06T07:22:02.631+0000] {processor.py:925} INFO - DAG(s) 'example_dynamic_task_mapping' retrieved from /home/airflow/.local/lib/python3.12/site-packages/airflow/example_dags/example_dynamic_task_mapping.py
[2025-04-06T07:22:02.654+0000] {logging_mixin.py:190} INFO - [2025-04-06T07:22:02.654+0000] {dag.py:3239} INFO - Sync 1 DAGs
[2025-04-06T07:22:02.674+0000] {logging_mixin.py:190} INFO - [2025-04-06T07:22:02.674+0000] {dag.py:4180} INFO - Setting next_dagrun for example_dynamic_task_mapping to None, run_after=None
[2025-04-06T07:22:02.701+0000] {processor.py:208} INFO - Processing /home/airflow/.local/lib/python3.12/site-packages/airflow/example_dags/example_dynamic_task_mapping.py took 0.090 seconds
[2025-04-06T07:22:33.582+0000] {processor.py:186} INFO - Started process (PID=1035) to work on /home/airflow/.local/lib/python3.12/site-packages/airflow/example_dags/example_dynamic_task_mapping.py
[2025-04-06T07:22:33.583+0000] {processor.py:914} INFO - Processing file /home/airflow/.local/lib/python3.12/site-packages/airflow/example_dags/example_dynamic_task_mapping.py for tasks to queue
[2025-04-06T07:22:33.585+0000] {logging_mixin.py:190} INFO - [2025-04-06T07:22:33.585+0000] {dagbag.py:588} INFO - Filling up the DagBag from /home/airflow/.local/lib/python3.12/site-packages/airflow/example_dags/example_dynamic_task_mapping.py
[2025-04-06T07:22:33.592+0000] {processor.py:925} INFO - DAG(s) 'example_dynamic_task_mapping' retrieved from /home/airflow/.local/lib/python3.12/site-packages/airflow/example_dags/example_dynamic_task_mapping.py
[2025-04-06T07:22:33.610+0000] {logging_mixin.py:190} INFO - [2025-04-06T07:22:33.609+0000] {dag.py:3239} INFO - Sync 1 DAGs
[2025-04-06T07:22:33.621+0000] {logging_mixin.py:190} INFO - [2025-04-06T07:22:33.621+0000] {dag.py:4180} INFO - Setting next_dagrun for example_dynamic_task_mapping to None, run_after=None
[2025-04-06T07:22:33.641+0000] {processor.py:208} INFO - Processing /home/airflow/.local/lib/python3.12/site-packages/airflow/example_dags/example_dynamic_task_mapping.py took 0.064 seconds
[2025-04-06T07:23:03.927+0000] {processor.py:186} INFO - Started process (PID=1098) to work on /home/airflow/.local/lib/python3.12/site-packages/airflow/example_dags/example_dynamic_task_mapping.py
[2025-04-06T07:23:03.928+0000] {processor.py:914} INFO - Processing file /home/airflow/.local/lib/python3.12/site-packages/airflow/example_dags/example_dynamic_task_mapping.py for tasks to queue
[2025-04-06T07:23:03.930+0000] {logging_mixin.py:190} INFO - [2025-04-06T07:23:03.929+0000] {dagbag.py:588} INFO - Filling up the DagBag from /home/airflow/.local/lib/python3.12/site-packages/airflow/example_dags/example_dynamic_task_mapping.py
[2025-04-06T07:23:03.936+0000] {processor.py:925} INFO - DAG(s) 'example_dynamic_task_mapping' retrieved from /home/airflow/.local/lib/python3.12/site-packages/airflow/example_dags/example_dynamic_task_mapping.py
[2025-04-06T07:23:03.951+0000] {logging_mixin.py:190} INFO - [2025-04-06T07:23:03.951+0000] {dag.py:3239} INFO - Sync 1 DAGs
[2025-04-06T07:23:03.963+0000] {logging_mixin.py:190} INFO - [2025-04-06T07:23:03.963+0000] {dag.py:4180} INFO - Setting next_dagrun for example_dynamic_task_mapping to None, run_after=None
[2025-04-06T07:23:03.981+0000] {processor.py:208} INFO - Processing /home/airflow/.local/lib/python3.12/site-packages/airflow/example_dags/example_dynamic_task_mapping.py took 0.059 seconds
[2025-04-06T07:23:34.884+0000] {processor.py:186} INFO - Started process (PID=1161) to work on /home/airflow/.local/lib/python3.12/site-packages/airflow/example_dags/example_dynamic_task_mapping.py
[2025-04-06T07:23:34.885+0000] {processor.py:914} INFO - Processing file /home/airflow/.local/lib/python3.12/site-packages/airflow/example_dags/example_dynamic_task_mapping.py for tasks to queue
[2025-04-06T07:23:34.888+0000] {logging_mixin.py:190} INFO - [2025-04-06T07:23:34.887+0000] {dagbag.py:588} INFO - Filling up the DagBag from /home/airflow/.local/lib/python3.12/site-packages/airflow/example_dags/example_dynamic_task_mapping.py
[2025-04-06T07:23:34.901+0000] {processor.py:925} INFO - DAG(s) 'example_dynamic_task_mapping' retrieved from /home/airflow/.local/lib/python3.12/site-packages/airflow/example_dags/example_dynamic_task_mapping.py
[2025-04-06T07:23:34.923+0000] {logging_mixin.py:190} INFO - [2025-04-06T07:23:34.923+0000] {dag.py:3239} INFO - Sync 1 DAGs
[2025-04-06T07:23:34.942+0000] {logging_mixin.py:190} INFO - [2025-04-06T07:23:34.942+0000] {dag.py:4180} INFO - Setting next_dagrun for example_dynamic_task_mapping to None, run_after=None
[2025-04-06T07:23:34.969+0000] {processor.py:208} INFO - Processing /home/airflow/.local/lib/python3.12/site-packages/airflow/example_dags/example_dynamic_task_mapping.py took 0.093 seconds
[2025-04-06T07:24:05.480+0000] {processor.py:186} INFO - Started process (PID=1224) to work on /home/airflow/.local/lib/python3.12/site-packages/airflow/example_dags/example_dynamic_task_mapping.py
[2025-04-06T07:24:05.480+0000] {processor.py:914} INFO - Processing file /home/airflow/.local/lib/python3.12/site-packages/airflow/example_dags/example_dynamic_task_mapping.py for tasks to queue
[2025-04-06T07:24:05.482+0000] {logging_mixin.py:190} INFO - [2025-04-06T07:24:05.482+0000] {dagbag.py:588} INFO - Filling up the DagBag from /home/airflow/.local/lib/python3.12/site-packages/airflow/example_dags/example_dynamic_task_mapping.py
[2025-04-06T07:24:05.488+0000] {processor.py:925} INFO - DAG(s) 'example_dynamic_task_mapping' retrieved from /home/airflow/.local/lib/python3.12/site-packages/airflow/example_dags/example_dynamic_task_mapping.py
[2025-04-06T07:24:05.502+0000] {logging_mixin.py:190} INFO - [2025-04-06T07:24:05.502+0000] {dag.py:3239} INFO - Sync 1 DAGs
[2025-04-06T07:24:05.513+0000] {logging_mixin.py:190} INFO - [2025-04-06T07:24:05.513+0000] {dag.py:4180} INFO - Setting next_dagrun for example_dynamic_task_mapping to None, run_after=None
[2025-04-06T07:24:05.530+0000] {processor.py:208} INFO - Processing /home/airflow/.local/lib/python3.12/site-packages/airflow/example_dags/example_dynamic_task_mapping.py took 0.055 seconds
[2025-04-06T07:24:35.779+0000] {processor.py:186} INFO - Started process (PID=1287) to work on /home/airflow/.local/lib/python3.12/site-packages/airflow/example_dags/example_dynamic_task_mapping.py
[2025-04-06T07:24:35.780+0000] {processor.py:914} INFO - Processing file /home/airflow/.local/lib/python3.12/site-packages/airflow/example_dags/example_dynamic_task_mapping.py for tasks to queue
[2025-04-06T07:24:35.782+0000] {logging_mixin.py:190} INFO - [2025-04-06T07:24:35.781+0000] {dagbag.py:588} INFO - Filling up the DagBag from /home/airflow/.local/lib/python3.12/site-packages/airflow/example_dags/example_dynamic_task_mapping.py
[2025-04-06T07:24:35.787+0000] {processor.py:925} INFO - DAG(s) 'example_dynamic_task_mapping' retrieved from /home/airflow/.local/lib/python3.12/site-packages/airflow/example_dags/example_dynamic_task_mapping.py
[2025-04-06T07:24:35.802+0000] {logging_mixin.py:190} INFO - [2025-04-06T07:24:35.802+0000] {dag.py:3239} INFO - Sync 1 DAGs
[2025-04-06T07:24:35.813+0000] {logging_mixin.py:190} INFO - [2025-04-06T07:24:35.813+0000] {dag.py:4180} INFO - Setting next_dagrun for example_dynamic_task_mapping to None, run_after=None
[2025-04-06T07:24:35.833+0000] {processor.py:208} INFO - Processing /home/airflow/.local/lib/python3.12/site-packages/airflow/example_dags/example_dynamic_task_mapping.py took 0.058 seconds
[2025-04-06T07:25:06.162+0000] {processor.py:186} INFO - Started process (PID=1351) to work on /home/airflow/.local/lib/python3.12/site-packages/airflow/example_dags/example_dynamic_task_mapping.py
[2025-04-06T07:25:06.163+0000] {processor.py:914} INFO - Processing file /home/airflow/.local/lib/python3.12/site-packages/airflow/example_dags/example_dynamic_task_mapping.py for tasks to queue
[2025-04-06T07:25:06.165+0000] {logging_mixin.py:190} INFO - [2025-04-06T07:25:06.165+0000] {dagbag.py:588} INFO - Filling up the DagBag from /home/airflow/.local/lib/python3.12/site-packages/airflow/example_dags/example_dynamic_task_mapping.py
[2025-04-06T07:25:06.172+0000] {processor.py:925} INFO - DAG(s) 'example_dynamic_task_mapping' retrieved from /home/airflow/.local/lib/python3.12/site-packages/airflow/example_dags/example_dynamic_task_mapping.py
[2025-04-06T07:25:06.186+0000] {logging_mixin.py:190} INFO - [2025-04-06T07:25:06.185+0000] {dag.py:3239} INFO - Sync 1 DAGs
[2025-04-06T07:25:06.197+0000] {logging_mixin.py:190} INFO - [2025-04-06T07:25:06.196+0000] {dag.py:4180} INFO - Setting next_dagrun for example_dynamic_task_mapping to None, run_after=None
[2025-04-06T07:25:06.215+0000] {processor.py:208} INFO - Processing /home/airflow/.local/lib/python3.12/site-packages/airflow/example_dags/example_dynamic_task_mapping.py took 0.057 seconds
[2025-04-06T07:25:36.647+0000] {processor.py:186} INFO - Started process (PID=1416) to work on /home/airflow/.local/lib/python3.12/site-packages/airflow/example_dags/example_dynamic_task_mapping.py
[2025-04-06T07:25:36.648+0000] {processor.py:914} INFO - Processing file /home/airflow/.local/lib/python3.12/site-packages/airflow/example_dags/example_dynamic_task_mapping.py for tasks to queue
[2025-04-06T07:25:36.649+0000] {logging_mixin.py:190} INFO - [2025-04-06T07:25:36.649+0000] {dagbag.py:588} INFO - Filling up the DagBag from /home/airflow/.local/lib/python3.12/site-packages/airflow/example_dags/example_dynamic_task_mapping.py
[2025-04-06T07:25:36.656+0000] {processor.py:925} INFO - DAG(s) 'example_dynamic_task_mapping' retrieved from /home/airflow/.local/lib/python3.12/site-packages/airflow/example_dags/example_dynamic_task_mapping.py
[2025-04-06T07:25:36.669+0000] {logging_mixin.py:190} INFO - [2025-04-06T07:25:36.669+0000] {dag.py:3239} INFO - Sync 1 DAGs
[2025-04-06T07:25:36.680+0000] {logging_mixin.py:190} INFO - [2025-04-06T07:25:36.679+0000] {dag.py:4180} INFO - Setting next_dagrun for example_dynamic_task_mapping to None, run_after=None
[2025-04-06T07:25:36.699+0000] {processor.py:208} INFO - Processing /home/airflow/.local/lib/python3.12/site-packages/airflow/example_dags/example_dynamic_task_mapping.py took 0.057 seconds
[2025-04-06T07:26:06.959+0000] {processor.py:186} INFO - Started process (PID=1480) to work on /home/airflow/.local/lib/python3.12/site-packages/airflow/example_dags/example_dynamic_task_mapping.py
[2025-04-06T07:26:06.960+0000] {processor.py:914} INFO - Processing file /home/airflow/.local/lib/python3.12/site-packages/airflow/example_dags/example_dynamic_task_mapping.py for tasks to queue
[2025-04-06T07:26:06.962+0000] {logging_mixin.py:190} INFO - [2025-04-06T07:26:06.961+0000] {dagbag.py:588} INFO - Filling up the DagBag from /home/airflow/.local/lib/python3.12/site-packages/airflow/example_dags/example_dynamic_task_mapping.py
[2025-04-06T07:26:06.968+0000] {processor.py:925} INFO - DAG(s) 'example_dynamic_task_mapping' retrieved from /home/airflow/.local/lib/python3.12/site-packages/airflow/example_dags/example_dynamic_task_mapping.py
[2025-04-06T07:26:06.984+0000] {logging_mixin.py:190} INFO - [2025-04-06T07:26:06.984+0000] {dag.py:3239} INFO - Sync 1 DAGs
[2025-04-06T07:26:07.001+0000] {logging_mixin.py:190} INFO - [2025-04-06T07:26:07.001+0000] {dag.py:4180} INFO - Setting next_dagrun for example_dynamic_task_mapping to None, run_after=None
[2025-04-06T07:26:07.022+0000] {processor.py:208} INFO - Processing /home/airflow/.local/lib/python3.12/site-packages/airflow/example_dags/example_dynamic_task_mapping.py took 0.068 seconds
[2025-04-06T07:26:37.263+0000] {processor.py:186} INFO - Started process (PID=1544) to work on /home/airflow/.local/lib/python3.12/site-packages/airflow/example_dags/example_dynamic_task_mapping.py
[2025-04-06T07:26:37.264+0000] {processor.py:914} INFO - Processing file /home/airflow/.local/lib/python3.12/site-packages/airflow/example_dags/example_dynamic_task_mapping.py for tasks to queue
[2025-04-06T07:26:37.266+0000] {logging_mixin.py:190} INFO - [2025-04-06T07:26:37.266+0000] {dagbag.py:588} INFO - Filling up the DagBag from /home/airflow/.local/lib/python3.12/site-packages/airflow/example_dags/example_dynamic_task_mapping.py
[2025-04-06T07:26:37.272+0000] {processor.py:925} INFO - DAG(s) 'example_dynamic_task_mapping' retrieved from /home/airflow/.local/lib/python3.12/site-packages/airflow/example_dags/example_dynamic_task_mapping.py
[2025-04-06T07:26:37.299+0000] {logging_mixin.py:190} INFO - [2025-04-06T07:26:37.299+0000] {dag.py:3239} INFO - Sync 1 DAGs
[2025-04-06T07:26:37.315+0000] {logging_mixin.py:190} INFO - [2025-04-06T07:26:37.315+0000] {dag.py:4180} INFO - Setting next_dagrun for example_dynamic_task_mapping to None, run_after=None
[2025-04-06T07:26:37.337+0000] {processor.py:208} INFO - Processing /home/airflow/.local/lib/python3.12/site-packages/airflow/example_dags/example_dynamic_task_mapping.py took 0.078 seconds
[2025-04-06T07:27:08.247+0000] {processor.py:186} INFO - Started process (PID=1611) to work on /home/airflow/.local/lib/python3.12/site-packages/airflow/example_dags/example_dynamic_task_mapping.py
[2025-04-06T07:27:08.248+0000] {processor.py:914} INFO - Processing file /home/airflow/.local/lib/python3.12/site-packages/airflow/example_dags/example_dynamic_task_mapping.py for tasks to queue
[2025-04-06T07:27:08.251+0000] {logging_mixin.py:190} INFO - [2025-04-06T07:27:08.250+0000] {dagbag.py:588} INFO - Filling up the DagBag from /home/airflow/.local/lib/python3.12/site-packages/airflow/example_dags/example_dynamic_task_mapping.py
[2025-04-06T07:27:08.257+0000] {processor.py:925} INFO - DAG(s) 'example_dynamic_task_mapping' retrieved from /home/airflow/.local/lib/python3.12/site-packages/airflow/example_dags/example_dynamic_task_mapping.py
[2025-04-06T07:27:08.272+0000] {logging_mixin.py:190} INFO - [2025-04-06T07:27:08.272+0000] {dag.py:3239} INFO - Sync 1 DAGs
[2025-04-06T07:27:08.285+0000] {logging_mixin.py:190} INFO - [2025-04-06T07:27:08.285+0000] {dag.py:4180} INFO - Setting next_dagrun for example_dynamic_task_mapping to None, run_after=None
[2025-04-06T07:27:08.304+0000] {processor.py:208} INFO - Processing /home/airflow/.local/lib/python3.12/site-packages/airflow/example_dags/example_dynamic_task_mapping.py took 0.062 seconds
[2025-04-06T07:27:38.374+0000] {processor.py:186} INFO - Started process (PID=1675) to work on /home/airflow/.local/lib/python3.12/site-packages/airflow/example_dags/example_dynamic_task_mapping.py
[2025-04-06T07:27:38.375+0000] {processor.py:914} INFO - Processing file /home/airflow/.local/lib/python3.12/site-packages/airflow/example_dags/example_dynamic_task_mapping.py for tasks to queue
[2025-04-06T07:27:38.377+0000] {logging_mixin.py:190} INFO - [2025-04-06T07:27:38.377+0000] {dagbag.py:588} INFO - Filling up the DagBag from /home/airflow/.local/lib/python3.12/site-packages/airflow/example_dags/example_dynamic_task_mapping.py
[2025-04-06T07:27:38.383+0000] {processor.py:925} INFO - DAG(s) 'example_dynamic_task_mapping' retrieved from /home/airflow/.local/lib/python3.12/site-packages/airflow/example_dags/example_dynamic_task_mapping.py
[2025-04-06T07:27:38.399+0000] {logging_mixin.py:190} INFO - [2025-04-06T07:27:38.399+0000] {dag.py:3239} INFO - Sync 1 DAGs
[2025-04-06T07:27:38.409+0000] {logging_mixin.py:190} INFO - [2025-04-06T07:27:38.409+0000] {dag.py:4180} INFO - Setting next_dagrun for example_dynamic_task_mapping to None, run_after=None
[2025-04-06T07:27:38.428+0000] {processor.py:208} INFO - Processing /home/airflow/.local/lib/python3.12/site-packages/airflow/example_dags/example_dynamic_task_mapping.py took 0.058 seconds
[2025-04-06T07:28:08.524+0000] {processor.py:186} INFO - Started process (PID=1739) to work on /home/airflow/.local/lib/python3.12/site-packages/airflow/example_dags/example_dynamic_task_mapping.py
[2025-04-06T07:28:08.524+0000] {processor.py:914} INFO - Processing file /home/airflow/.local/lib/python3.12/site-packages/airflow/example_dags/example_dynamic_task_mapping.py for tasks to queue
[2025-04-06T07:28:08.526+0000] {logging_mixin.py:190} INFO - [2025-04-06T07:28:08.526+0000] {dagbag.py:588} INFO - Filling up the DagBag from /home/airflow/.local/lib/python3.12/site-packages/airflow/example_dags/example_dynamic_task_mapping.py
[2025-04-06T07:28:08.532+0000] {processor.py:925} INFO - DAG(s) 'example_dynamic_task_mapping' retrieved from /home/airflow/.local/lib/python3.12/site-packages/airflow/example_dags/example_dynamic_task_mapping.py
[2025-04-06T07:28:08.546+0000] {logging_mixin.py:190} INFO - [2025-04-06T07:28:08.546+0000] {dag.py:3239} INFO - Sync 1 DAGs
[2025-04-06T07:28:08.557+0000] {logging_mixin.py:190} INFO - [2025-04-06T07:28:08.557+0000] {dag.py:4180} INFO - Setting next_dagrun for example_dynamic_task_mapping to None, run_after=None
[2025-04-06T07:28:08.573+0000] {processor.py:208} INFO - Processing /home/airflow/.local/lib/python3.12/site-packages/airflow/example_dags/example_dynamic_task_mapping.py took 0.053 seconds
[2025-04-06T07:28:39.034+0000] {processor.py:186} INFO - Started process (PID=1803) to work on /home/airflow/.local/lib/python3.12/site-packages/airflow/example_dags/example_dynamic_task_mapping.py
[2025-04-06T07:28:39.035+0000] {processor.py:914} INFO - Processing file /home/airflow/.local/lib/python3.12/site-packages/airflow/example_dags/example_dynamic_task_mapping.py for tasks to queue
[2025-04-06T07:28:39.037+0000] {logging_mixin.py:190} INFO - [2025-04-06T07:28:39.036+0000] {dagbag.py:588} INFO - Filling up the DagBag from /home/airflow/.local/lib/python3.12/site-packages/airflow/example_dags/example_dynamic_task_mapping.py
[2025-04-06T07:28:39.042+0000] {processor.py:925} INFO - DAG(s) 'example_dynamic_task_mapping' retrieved from /home/airflow/.local/lib/python3.12/site-packages/airflow/example_dags/example_dynamic_task_mapping.py
[2025-04-06T07:28:39.057+0000] {logging_mixin.py:190} INFO - [2025-04-06T07:28:39.056+0000] {dag.py:3239} INFO - Sync 1 DAGs
[2025-04-06T07:28:39.067+0000] {logging_mixin.py:190} INFO - [2025-04-06T07:28:39.067+0000] {dag.py:4180} INFO - Setting next_dagrun for example_dynamic_task_mapping to None, run_after=None
[2025-04-06T07:28:39.085+0000] {processor.py:208} INFO - Processing /home/airflow/.local/lib/python3.12/site-packages/airflow/example_dags/example_dynamic_task_mapping.py took 0.055 seconds
[2025-04-06T07:29:09.347+0000] {processor.py:186} INFO - Started process (PID=1867) to work on /home/airflow/.local/lib/python3.12/site-packages/airflow/example_dags/example_dynamic_task_mapping.py
[2025-04-06T07:29:09.348+0000] {processor.py:914} INFO - Processing file /home/airflow/.local/lib/python3.12/site-packages/airflow/example_dags/example_dynamic_task_mapping.py for tasks to queue
[2025-04-06T07:29:09.350+0000] {logging_mixin.py:190} INFO - [2025-04-06T07:29:09.350+0000] {dagbag.py:588} INFO - Filling up the DagBag from /home/airflow/.local/lib/python3.12/site-packages/airflow/example_dags/example_dynamic_task_mapping.py
[2025-04-06T07:29:09.356+0000] {processor.py:925} INFO - DAG(s) 'example_dynamic_task_mapping' retrieved from /home/airflow/.local/lib/python3.12/site-packages/airflow/example_dags/example_dynamic_task_mapping.py
[2025-04-06T07:29:09.371+0000] {logging_mixin.py:190} INFO - [2025-04-06T07:29:09.371+0000] {dag.py:3239} INFO - Sync 1 DAGs
[2025-04-06T07:29:09.382+0000] {logging_mixin.py:190} INFO - [2025-04-06T07:29:09.382+0000] {dag.py:4180} INFO - Setting next_dagrun for example_dynamic_task_mapping to None, run_after=None
[2025-04-06T07:29:09.399+0000] {processor.py:208} INFO - Processing /home/airflow/.local/lib/python3.12/site-packages/airflow/example_dags/example_dynamic_task_mapping.py took 0.056 seconds
[2025-04-06T07:29:39.539+0000] {processor.py:186} INFO - Started process (PID=1931) to work on /home/airflow/.local/lib/python3.12/site-packages/airflow/example_dags/example_dynamic_task_mapping.py
[2025-04-06T07:29:39.540+0000] {processor.py:914} INFO - Processing file /home/airflow/.local/lib/python3.12/site-packages/airflow/example_dags/example_dynamic_task_mapping.py for tasks to queue
[2025-04-06T07:29:39.542+0000] {logging_mixin.py:190} INFO - [2025-04-06T07:29:39.542+0000] {dagbag.py:588} INFO - Filling up the DagBag from /home/airflow/.local/lib/python3.12/site-packages/airflow/example_dags/example_dynamic_task_mapping.py
[2025-04-06T07:29:39.549+0000] {processor.py:925} INFO - DAG(s) 'example_dynamic_task_mapping' retrieved from /home/airflow/.local/lib/python3.12/site-packages/airflow/example_dags/example_dynamic_task_mapping.py
[2025-04-06T07:29:39.565+0000] {logging_mixin.py:190} INFO - [2025-04-06T07:29:39.564+0000] {dag.py:3239} INFO - Sync 1 DAGs
[2025-04-06T07:29:39.577+0000] {logging_mixin.py:190} INFO - [2025-04-06T07:29:39.576+0000] {dag.py:4180} INFO - Setting next_dagrun for example_dynamic_task_mapping to None, run_after=None
[2025-04-06T07:29:39.594+0000] {processor.py:208} INFO - Processing /home/airflow/.local/lib/python3.12/site-packages/airflow/example_dags/example_dynamic_task_mapping.py took 0.060 seconds
[2025-04-06T07:30:09.981+0000] {processor.py:186} INFO - Started process (PID=1995) to work on /home/airflow/.local/lib/python3.12/site-packages/airflow/example_dags/example_dynamic_task_mapping.py
[2025-04-06T07:30:09.982+0000] {processor.py:914} INFO - Processing file /home/airflow/.local/lib/python3.12/site-packages/airflow/example_dags/example_dynamic_task_mapping.py for tasks to queue
[2025-04-06T07:30:09.984+0000] {logging_mixin.py:190} INFO - [2025-04-06T07:30:09.983+0000] {dagbag.py:588} INFO - Filling up the DagBag from /home/airflow/.local/lib/python3.12/site-packages/airflow/example_dags/example_dynamic_task_mapping.py
[2025-04-06T07:30:09.990+0000] {processor.py:925} INFO - DAG(s) 'example_dynamic_task_mapping' retrieved from /home/airflow/.local/lib/python3.12/site-packages/airflow/example_dags/example_dynamic_task_mapping.py
[2025-04-06T07:30:10.005+0000] {logging_mixin.py:190} INFO - [2025-04-06T07:30:10.005+0000] {dag.py:3239} INFO - Sync 1 DAGs
[2025-04-06T07:30:10.018+0000] {logging_mixin.py:190} INFO - [2025-04-06T07:30:10.018+0000] {dag.py:4180} INFO - Setting next_dagrun for example_dynamic_task_mapping to None, run_after=None
[2025-04-06T07:30:10.036+0000] {processor.py:208} INFO - Processing /home/airflow/.local/lib/python3.12/site-packages/airflow/example_dags/example_dynamic_task_mapping.py took 0.059 seconds
