[2025-04-06T07:14:59.504+0000] {processor.py:186} INFO - Started process (PID=103) to work on /home/airflow/.local/lib/python3.12/site-packages/airflow/example_dags/example_branch_labels.py
[2025-04-06T07:14:59.506+0000] {processor.py:914} INFO - Processing file /home/airflow/.local/lib/python3.12/site-packages/airflow/example_dags/example_branch_labels.py for tasks to queue
[2025-04-06T07:14:59.510+0000] {logging_mixin.py:190} INFO - [2025-04-06T07:14:59.509+0000] {dagbag.py:588} INFO - Filling up the DagBag from /home/airflow/.local/lib/python3.12/site-packages/airflow/example_dags/example_branch_labels.py
[2025-04-06T07:14:59.524+0000] {processor.py:925} INFO - DAG(s) 'example_branch_labels' retrieved from /home/airflow/.local/lib/python3.12/site-packages/airflow/example_dags/example_branch_labels.py
[2025-04-06T07:14:59.666+0000] {logging_mixin.py:190} INFO - [2025-04-06T07:14:59.665+0000] {override.py:1912} INFO - Created Permission View: can edit on DAG:example_branch_labels
[2025-04-06T07:14:59.681+0000] {logging_mixin.py:190} INFO - [2025-04-06T07:14:59.680+0000] {override.py:1912} INFO - Created Permission View: can delete on DAG:example_branch_labels
[2025-04-06T07:14:59.719+0000] {logging_mixin.py:190} INFO - [2025-04-06T07:14:59.718+0000] {override.py:1912} INFO - Created Permission View: can read on DAG:example_branch_labels
[2025-04-06T07:14:59.739+0000] {logging_mixin.py:190} INFO - [2025-04-06T07:14:59.739+0000] {override.py:1912} INFO - Created Permission View: can delete on DAG Run:example_branch_labels
[2025-04-06T07:14:59.750+0000] {logging_mixin.py:190} INFO - [2025-04-06T07:14:59.749+0000] {override.py:1912} INFO - Created Permission View: can create on DAG Run:example_branch_labels
[2025-04-06T07:14:59.761+0000] {logging_mixin.py:190} INFO - [2025-04-06T07:14:59.760+0000] {override.py:1912} INFO - Created Permission View: can read on DAG Run:example_branch_labels
[2025-04-06T07:14:59.770+0000] {logging_mixin.py:190} INFO - [2025-04-06T07:14:59.769+0000] {override.py:1912} INFO - Created Permission View: menu access on DAG Run:example_branch_labels
[2025-04-06T07:14:59.771+0000] {logging_mixin.py:190} INFO - [2025-04-06T07:14:59.770+0000] {dag.py:3239} INFO - Sync 1 DAGs
[2025-04-06T07:14:59.787+0000] {logging_mixin.py:190} INFO - [2025-04-06T07:14:59.786+0000] {dag.py:3262} INFO - Creating ORM DAG for example_branch_labels
[2025-04-06T07:14:59.803+0000] {logging_mixin.py:190} INFO - [2025-04-06T07:14:59.803+0000] {dag.py:4180} INFO - Setting next_dagrun for example_branch_labels to 2025-04-05 00:00:00+00:00, run_after=2025-04-06 00:00:00+00:00
[2025-04-06T07:14:59.828+0000] {processor.py:208} INFO - Processing /home/airflow/.local/lib/python3.12/site-packages/airflow/example_dags/example_branch_labels.py took 0.330 seconds
[2025-04-06T07:15:29.923+0000] {processor.py:186} INFO - Started process (PID=165) to work on /home/airflow/.local/lib/python3.12/site-packages/airflow/example_dags/example_branch_labels.py
[2025-04-06T07:15:29.924+0000] {processor.py:914} INFO - Processing file /home/airflow/.local/lib/python3.12/site-packages/airflow/example_dags/example_branch_labels.py for tasks to queue
[2025-04-06T07:15:29.927+0000] {logging_mixin.py:190} INFO - [2025-04-06T07:15:29.926+0000] {dagbag.py:588} INFO - Filling up the DagBag from /home/airflow/.local/lib/python3.12/site-packages/airflow/example_dags/example_branch_labels.py
[2025-04-06T07:15:29.936+0000] {processor.py:925} INFO - DAG(s) 'example_branch_labels' retrieved from /home/airflow/.local/lib/python3.12/site-packages/airflow/example_dags/example_branch_labels.py
[2025-04-06T07:15:29.957+0000] {logging_mixin.py:190} INFO - [2025-04-06T07:15:29.957+0000] {dag.py:3239} INFO - Sync 1 DAGs
[2025-04-06T07:15:29.983+0000] {logging_mixin.py:190} INFO - [2025-04-06T07:15:29.983+0000] {dag.py:4180} INFO - Setting next_dagrun for example_branch_labels to 2025-04-05 00:00:00+00:00, run_after=2025-04-06 00:00:00+00:00
[2025-04-06T07:15:30.002+0000] {processor.py:208} INFO - Processing /home/airflow/.local/lib/python3.12/site-packages/airflow/example_dags/example_branch_labels.py took 0.085 seconds
[2025-04-06T07:16:00.234+0000] {processor.py:186} INFO - Started process (PID=228) to work on /home/airflow/.local/lib/python3.12/site-packages/airflow/example_dags/example_branch_labels.py
[2025-04-06T07:16:00.236+0000] {processor.py:914} INFO - Processing file /home/airflow/.local/lib/python3.12/site-packages/airflow/example_dags/example_branch_labels.py for tasks to queue
[2025-04-06T07:16:00.238+0000] {logging_mixin.py:190} INFO - [2025-04-06T07:16:00.238+0000] {dagbag.py:588} INFO - Filling up the DagBag from /home/airflow/.local/lib/python3.12/site-packages/airflow/example_dags/example_branch_labels.py
[2025-04-06T07:16:00.249+0000] {processor.py:925} INFO - DAG(s) 'example_branch_labels' retrieved from /home/airflow/.local/lib/python3.12/site-packages/airflow/example_dags/example_branch_labels.py
[2025-04-06T07:16:00.275+0000] {logging_mixin.py:190} INFO - [2025-04-06T07:16:00.274+0000] {dag.py:3239} INFO - Sync 1 DAGs
[2025-04-06T07:16:00.303+0000] {logging_mixin.py:190} INFO - [2025-04-06T07:16:00.303+0000] {dag.py:4180} INFO - Setting next_dagrun for example_branch_labels to 2025-04-05 00:00:00+00:00, run_after=2025-04-06 00:00:00+00:00
[2025-04-06T07:16:00.331+0000] {processor.py:208} INFO - Processing /home/airflow/.local/lib/python3.12/site-packages/airflow/example_dags/example_branch_labels.py took 0.103 seconds
[2025-04-06T07:16:30.785+0000] {processor.py:186} INFO - Started process (PID=290) to work on /home/airflow/.local/lib/python3.12/site-packages/airflow/example_dags/example_branch_labels.py
[2025-04-06T07:16:30.786+0000] {processor.py:914} INFO - Processing file /home/airflow/.local/lib/python3.12/site-packages/airflow/example_dags/example_branch_labels.py for tasks to queue
[2025-04-06T07:16:30.788+0000] {logging_mixin.py:190} INFO - [2025-04-06T07:16:30.788+0000] {dagbag.py:588} INFO - Filling up the DagBag from /home/airflow/.local/lib/python3.12/site-packages/airflow/example_dags/example_branch_labels.py
[2025-04-06T07:16:30.798+0000] {processor.py:925} INFO - DAG(s) 'example_branch_labels' retrieved from /home/airflow/.local/lib/python3.12/site-packages/airflow/example_dags/example_branch_labels.py
[2025-04-06T07:16:30.820+0000] {logging_mixin.py:190} INFO - [2025-04-06T07:16:30.819+0000] {dag.py:3239} INFO - Sync 1 DAGs
[2025-04-06T07:16:30.845+0000] {logging_mixin.py:190} INFO - [2025-04-06T07:16:30.845+0000] {dag.py:4180} INFO - Setting next_dagrun for example_branch_labels to 2025-04-05 00:00:00+00:00, run_after=2025-04-06 00:00:00+00:00
[2025-04-06T07:16:30.867+0000] {processor.py:208} INFO - Processing /home/airflow/.local/lib/python3.12/site-packages/airflow/example_dags/example_branch_labels.py took 0.088 seconds
[2025-04-06T07:17:01.582+0000] {processor.py:186} INFO - Started process (PID=359) to work on /home/airflow/.local/lib/python3.12/site-packages/airflow/example_dags/example_branch_labels.py
[2025-04-06T07:17:01.583+0000] {processor.py:914} INFO - Processing file /home/airflow/.local/lib/python3.12/site-packages/airflow/example_dags/example_branch_labels.py for tasks to queue
[2025-04-06T07:17:01.587+0000] {logging_mixin.py:190} INFO - [2025-04-06T07:17:01.586+0000] {dagbag.py:588} INFO - Filling up the DagBag from /home/airflow/.local/lib/python3.12/site-packages/airflow/example_dags/example_branch_labels.py
[2025-04-06T07:17:01.598+0000] {processor.py:925} INFO - DAG(s) 'example_branch_labels' retrieved from /home/airflow/.local/lib/python3.12/site-packages/airflow/example_dags/example_branch_labels.py
[2025-04-06T07:17:01.620+0000] {logging_mixin.py:190} INFO - [2025-04-06T07:17:01.620+0000] {dag.py:3239} INFO - Sync 1 DAGs
[2025-04-06T07:17:01.648+0000] {logging_mixin.py:190} INFO - [2025-04-06T07:17:01.647+0000] {dag.py:4180} INFO - Setting next_dagrun for example_branch_labels to 2025-04-05 00:00:00+00:00, run_after=2025-04-06 00:00:00+00:00
[2025-04-06T07:17:01.668+0000] {processor.py:208} INFO - Processing /home/airflow/.local/lib/python3.12/site-packages/airflow/example_dags/example_branch_labels.py took 0.094 seconds
[2025-04-06T07:17:31.961+0000] {processor.py:186} INFO - Started process (PID=422) to work on /home/airflow/.local/lib/python3.12/site-packages/airflow/example_dags/example_branch_labels.py
[2025-04-06T07:17:31.962+0000] {processor.py:914} INFO - Processing file /home/airflow/.local/lib/python3.12/site-packages/airflow/example_dags/example_branch_labels.py for tasks to queue
[2025-04-06T07:17:31.966+0000] {logging_mixin.py:190} INFO - [2025-04-06T07:17:31.965+0000] {dagbag.py:588} INFO - Filling up the DagBag from /home/airflow/.local/lib/python3.12/site-packages/airflow/example_dags/example_branch_labels.py
[2025-04-06T07:17:31.979+0000] {processor.py:925} INFO - DAG(s) 'example_branch_labels' retrieved from /home/airflow/.local/lib/python3.12/site-packages/airflow/example_dags/example_branch_labels.py
[2025-04-06T07:17:32.008+0000] {logging_mixin.py:190} INFO - [2025-04-06T07:17:32.008+0000] {dag.py:3239} INFO - Sync 1 DAGs
[2025-04-06T07:17:32.048+0000] {logging_mixin.py:190} INFO - [2025-04-06T07:17:32.047+0000] {dag.py:4180} INFO - Setting next_dagrun for example_branch_labels to 2025-04-05 00:00:00+00:00, run_after=2025-04-06 00:00:00+00:00
[2025-04-06T07:17:32.077+0000] {processor.py:208} INFO - Processing /home/airflow/.local/lib/python3.12/site-packages/airflow/example_dags/example_branch_labels.py took 0.124 seconds
[2025-04-06T07:18:04.348+0000] {processor.py:186} INFO - Started process (PID=485) to work on /home/airflow/.local/lib/python3.12/site-packages/airflow/example_dags/example_branch_labels.py
[2025-04-06T07:18:04.350+0000] {processor.py:914} INFO - Processing file /home/airflow/.local/lib/python3.12/site-packages/airflow/example_dags/example_branch_labels.py for tasks to queue
[2025-04-06T07:18:04.354+0000] {logging_mixin.py:190} INFO - [2025-04-06T07:18:04.354+0000] {dagbag.py:588} INFO - Filling up the DagBag from /home/airflow/.local/lib/python3.12/site-packages/airflow/example_dags/example_branch_labels.py
[2025-04-06T07:18:04.371+0000] {processor.py:925} INFO - DAG(s) 'example_branch_labels' retrieved from /home/airflow/.local/lib/python3.12/site-packages/airflow/example_dags/example_branch_labels.py
[2025-04-06T07:18:04.401+0000] {logging_mixin.py:190} INFO - [2025-04-06T07:18:04.400+0000] {dag.py:3239} INFO - Sync 1 DAGs
[2025-04-06T07:18:04.447+0000] {logging_mixin.py:190} INFO - [2025-04-06T07:18:04.447+0000] {dag.py:4180} INFO - Setting next_dagrun for example_branch_labels to 2025-04-05 00:00:00+00:00, run_after=2025-04-06 00:00:00+00:00
[2025-04-06T07:18:04.480+0000] {processor.py:208} INFO - Processing /home/airflow/.local/lib/python3.12/site-packages/airflow/example_dags/example_branch_labels.py took 0.141 seconds
[2025-04-06T07:18:35.233+0000] {processor.py:186} INFO - Started process (PID=548) to work on /home/airflow/.local/lib/python3.12/site-packages/airflow/example_dags/example_branch_labels.py
[2025-04-06T07:18:35.235+0000] {processor.py:914} INFO - Processing file /home/airflow/.local/lib/python3.12/site-packages/airflow/example_dags/example_branch_labels.py for tasks to queue
[2025-04-06T07:18:35.238+0000] {logging_mixin.py:190} INFO - [2025-04-06T07:18:35.238+0000] {dagbag.py:588} INFO - Filling up the DagBag from /home/airflow/.local/lib/python3.12/site-packages/airflow/example_dags/example_branch_labels.py
[2025-04-06T07:18:35.253+0000] {processor.py:925} INFO - DAG(s) 'example_branch_labels' retrieved from /home/airflow/.local/lib/python3.12/site-packages/airflow/example_dags/example_branch_labels.py
[2025-04-06T07:18:35.278+0000] {logging_mixin.py:190} INFO - [2025-04-06T07:18:35.278+0000] {dag.py:3239} INFO - Sync 1 DAGs
[2025-04-06T07:18:35.310+0000] {logging_mixin.py:190} INFO - [2025-04-06T07:18:35.309+0000] {dag.py:4180} INFO - Setting next_dagrun for example_branch_labels to 2025-04-05 00:00:00+00:00, run_after=2025-04-06 00:00:00+00:00
[2025-04-06T07:18:35.332+0000] {processor.py:208} INFO - Processing /home/airflow/.local/lib/python3.12/site-packages/airflow/example_dags/example_branch_labels.py took 0.108 seconds
[2025-04-06T07:19:05.985+0000] {processor.py:186} INFO - Started process (PID=611) to work on /home/airflow/.local/lib/python3.12/site-packages/airflow/example_dags/example_branch_labels.py
[2025-04-06T07:19:05.986+0000] {processor.py:914} INFO - Processing file /home/airflow/.local/lib/python3.12/site-packages/airflow/example_dags/example_branch_labels.py for tasks to queue
[2025-04-06T07:19:05.988+0000] {logging_mixin.py:190} INFO - [2025-04-06T07:19:05.988+0000] {dagbag.py:588} INFO - Filling up the DagBag from /home/airflow/.local/lib/python3.12/site-packages/airflow/example_dags/example_branch_labels.py
[2025-04-06T07:19:06.000+0000] {processor.py:925} INFO - DAG(s) 'example_branch_labels' retrieved from /home/airflow/.local/lib/python3.12/site-packages/airflow/example_dags/example_branch_labels.py
[2025-04-06T07:19:06.023+0000] {logging_mixin.py:190} INFO - [2025-04-06T07:19:06.023+0000] {dag.py:3239} INFO - Sync 1 DAGs
[2025-04-06T07:19:06.052+0000] {logging_mixin.py:190} INFO - [2025-04-06T07:19:06.052+0000] {dag.py:4180} INFO - Setting next_dagrun for example_branch_labels to 2025-04-05 00:00:00+00:00, run_after=2025-04-06 00:00:00+00:00
[2025-04-06T07:19:06.076+0000] {processor.py:208} INFO - Processing /home/airflow/.local/lib/python3.12/site-packages/airflow/example_dags/example_branch_labels.py took 0.098 seconds
[2025-04-06T07:19:36.390+0000] {processor.py:186} INFO - Started process (PID=673) to work on /home/airflow/.local/lib/python3.12/site-packages/airflow/example_dags/example_branch_labels.py
[2025-04-06T07:19:36.392+0000] {processor.py:914} INFO - Processing file /home/airflow/.local/lib/python3.12/site-packages/airflow/example_dags/example_branch_labels.py for tasks to queue
[2025-04-06T07:19:36.394+0000] {logging_mixin.py:190} INFO - [2025-04-06T07:19:36.394+0000] {dagbag.py:588} INFO - Filling up the DagBag from /home/airflow/.local/lib/python3.12/site-packages/airflow/example_dags/example_branch_labels.py
[2025-04-06T07:19:36.406+0000] {processor.py:925} INFO - DAG(s) 'example_branch_labels' retrieved from /home/airflow/.local/lib/python3.12/site-packages/airflow/example_dags/example_branch_labels.py
[2025-04-06T07:19:36.436+0000] {logging_mixin.py:190} INFO - [2025-04-06T07:19:36.436+0000] {dag.py:3239} INFO - Sync 1 DAGs
[2025-04-06T07:19:36.466+0000] {logging_mixin.py:190} INFO - [2025-04-06T07:19:36.466+0000] {dag.py:4180} INFO - Setting next_dagrun for example_branch_labels to 2025-04-05 00:00:00+00:00, run_after=2025-04-06 00:00:00+00:00
[2025-04-06T07:19:36.489+0000] {processor.py:208} INFO - Processing /home/airflow/.local/lib/python3.12/site-packages/airflow/example_dags/example_branch_labels.py took 0.107 seconds
[2025-04-06T07:20:07.003+0000] {processor.py:186} INFO - Started process (PID=736) to work on /home/airflow/.local/lib/python3.12/site-packages/airflow/example_dags/example_branch_labels.py
[2025-04-06T07:20:07.004+0000] {processor.py:914} INFO - Processing file /home/airflow/.local/lib/python3.12/site-packages/airflow/example_dags/example_branch_labels.py for tasks to queue
[2025-04-06T07:20:07.007+0000] {logging_mixin.py:190} INFO - [2025-04-06T07:20:07.007+0000] {dagbag.py:588} INFO - Filling up the DagBag from /home/airflow/.local/lib/python3.12/site-packages/airflow/example_dags/example_branch_labels.py
[2025-04-06T07:20:07.019+0000] {processor.py:925} INFO - DAG(s) 'example_branch_labels' retrieved from /home/airflow/.local/lib/python3.12/site-packages/airflow/example_dags/example_branch_labels.py
[2025-04-06T07:20:07.043+0000] {logging_mixin.py:190} INFO - [2025-04-06T07:20:07.043+0000] {dag.py:3239} INFO - Sync 1 DAGs
[2025-04-06T07:20:07.073+0000] {logging_mixin.py:190} INFO - [2025-04-06T07:20:07.073+0000] {dag.py:4180} INFO - Setting next_dagrun for example_branch_labels to 2025-04-05 00:00:00+00:00, run_after=2025-04-06 00:00:00+00:00
[2025-04-06T07:20:07.096+0000] {processor.py:208} INFO - Processing /home/airflow/.local/lib/python3.12/site-packages/airflow/example_dags/example_branch_labels.py took 0.100 seconds
[2025-04-06T07:20:37.681+0000] {processor.py:186} INFO - Started process (PID=799) to work on /home/airflow/.local/lib/python3.12/site-packages/airflow/example_dags/example_branch_labels.py
[2025-04-06T07:20:37.682+0000] {processor.py:914} INFO - Processing file /home/airflow/.local/lib/python3.12/site-packages/airflow/example_dags/example_branch_labels.py for tasks to queue
[2025-04-06T07:20:37.686+0000] {logging_mixin.py:190} INFO - [2025-04-06T07:20:37.685+0000] {dagbag.py:588} INFO - Filling up the DagBag from /home/airflow/.local/lib/python3.12/site-packages/airflow/example_dags/example_branch_labels.py
[2025-04-06T07:20:37.699+0000] {processor.py:925} INFO - DAG(s) 'example_branch_labels' retrieved from /home/airflow/.local/lib/python3.12/site-packages/airflow/example_dags/example_branch_labels.py
[2025-04-06T07:20:37.728+0000] {logging_mixin.py:190} INFO - [2025-04-06T07:20:37.727+0000] {dag.py:3239} INFO - Sync 1 DAGs
[2025-04-06T07:20:37.766+0000] {logging_mixin.py:190} INFO - [2025-04-06T07:20:37.765+0000] {dag.py:4180} INFO - Setting next_dagrun for example_branch_labels to 2025-04-05 00:00:00+00:00, run_after=2025-04-06 00:00:00+00:00
[2025-04-06T07:20:37.793+0000] {processor.py:208} INFO - Processing /home/airflow/.local/lib/python3.12/site-packages/airflow/example_dags/example_branch_labels.py took 0.121 seconds
[2025-04-06T07:21:08.193+0000] {processor.py:186} INFO - Started process (PID=861) to work on /home/airflow/.local/lib/python3.12/site-packages/airflow/example_dags/example_branch_labels.py
[2025-04-06T07:21:08.194+0000] {processor.py:914} INFO - Processing file /home/airflow/.local/lib/python3.12/site-packages/airflow/example_dags/example_branch_labels.py for tasks to queue
[2025-04-06T07:21:08.196+0000] {logging_mixin.py:190} INFO - [2025-04-06T07:21:08.196+0000] {dagbag.py:588} INFO - Filling up the DagBag from /home/airflow/.local/lib/python3.12/site-packages/airflow/example_dags/example_branch_labels.py
[2025-04-06T07:21:08.206+0000] {processor.py:925} INFO - DAG(s) 'example_branch_labels' retrieved from /home/airflow/.local/lib/python3.12/site-packages/airflow/example_dags/example_branch_labels.py
[2025-04-06T07:21:08.222+0000] {logging_mixin.py:190} INFO - [2025-04-06T07:21:08.222+0000] {dag.py:3239} INFO - Sync 1 DAGs
[2025-04-06T07:21:08.241+0000] {logging_mixin.py:190} INFO - [2025-04-06T07:21:08.241+0000] {dag.py:4180} INFO - Setting next_dagrun for example_branch_labels to 2025-04-05 00:00:00+00:00, run_after=2025-04-06 00:00:00+00:00
[2025-04-06T07:21:08.258+0000] {processor.py:208} INFO - Processing /home/airflow/.local/lib/python3.12/site-packages/airflow/example_dags/example_branch_labels.py took 0.070 seconds
[2025-04-06T07:21:38.390+0000] {processor.py:186} INFO - Started process (PID=924) to work on /home/airflow/.local/lib/python3.12/site-packages/airflow/example_dags/example_branch_labels.py
[2025-04-06T07:21:38.390+0000] {processor.py:914} INFO - Processing file /home/airflow/.local/lib/python3.12/site-packages/airflow/example_dags/example_branch_labels.py for tasks to queue
[2025-04-06T07:21:38.392+0000] {logging_mixin.py:190} INFO - [2025-04-06T07:21:38.392+0000] {dagbag.py:588} INFO - Filling up the DagBag from /home/airflow/.local/lib/python3.12/site-packages/airflow/example_dags/example_branch_labels.py
[2025-04-06T07:21:38.401+0000] {processor.py:925} INFO - DAG(s) 'example_branch_labels' retrieved from /home/airflow/.local/lib/python3.12/site-packages/airflow/example_dags/example_branch_labels.py
[2025-04-06T07:21:38.419+0000] {logging_mixin.py:190} INFO - [2025-04-06T07:21:38.419+0000] {dag.py:3239} INFO - Sync 1 DAGs
[2025-04-06T07:21:38.447+0000] {logging_mixin.py:190} INFO - [2025-04-06T07:21:38.446+0000] {dag.py:4180} INFO - Setting next_dagrun for example_branch_labels to 2025-04-05 00:00:00+00:00, run_after=2025-04-06 00:00:00+00:00
[2025-04-06T07:21:38.466+0000] {processor.py:208} INFO - Processing /home/airflow/.local/lib/python3.12/site-packages/airflow/example_dags/example_branch_labels.py took 0.081 seconds
[2025-04-06T07:22:09.702+0000] {processor.py:186} INFO - Started process (PID=988) to work on /home/airflow/.local/lib/python3.12/site-packages/airflow/example_dags/example_branch_labels.py
[2025-04-06T07:22:09.708+0000] {processor.py:914} INFO - Processing file /home/airflow/.local/lib/python3.12/site-packages/airflow/example_dags/example_branch_labels.py for tasks to queue
[2025-04-06T07:22:09.720+0000] {logging_mixin.py:190} INFO - [2025-04-06T07:22:09.720+0000] {dagbag.py:588} INFO - Filling up the DagBag from /home/airflow/.local/lib/python3.12/site-packages/airflow/example_dags/example_branch_labels.py
[2025-04-06T07:22:09.782+0000] {processor.py:925} INFO - DAG(s) 'example_branch_labels' retrieved from /home/airflow/.local/lib/python3.12/site-packages/airflow/example_dags/example_branch_labels.py
[2025-04-06T07:22:09.824+0000] {logging_mixin.py:190} INFO - [2025-04-06T07:22:09.824+0000] {dag.py:3239} INFO - Sync 1 DAGs
[2025-04-06T07:22:09.867+0000] {logging_mixin.py:190} INFO - [2025-04-06T07:22:09.866+0000] {dag.py:4180} INFO - Setting next_dagrun for example_branch_labels to 2025-04-05 00:00:00+00:00, run_after=2025-04-06 00:00:00+00:00
[2025-04-06T07:22:09.900+0000] {processor.py:208} INFO - Processing /home/airflow/.local/lib/python3.12/site-packages/airflow/example_dags/example_branch_labels.py took 0.214 seconds
[2025-04-06T07:22:40.335+0000] {processor.py:186} INFO - Started process (PID=1050) to work on /home/airflow/.local/lib/python3.12/site-packages/airflow/example_dags/example_branch_labels.py
[2025-04-06T07:22:40.335+0000] {processor.py:914} INFO - Processing file /home/airflow/.local/lib/python3.12/site-packages/airflow/example_dags/example_branch_labels.py for tasks to queue
[2025-04-06T07:22:40.338+0000] {logging_mixin.py:190} INFO - [2025-04-06T07:22:40.337+0000] {dagbag.py:588} INFO - Filling up the DagBag from /home/airflow/.local/lib/python3.12/site-packages/airflow/example_dags/example_branch_labels.py
[2025-04-06T07:22:40.348+0000] {processor.py:925} INFO - DAG(s) 'example_branch_labels' retrieved from /home/airflow/.local/lib/python3.12/site-packages/airflow/example_dags/example_branch_labels.py
[2025-04-06T07:22:40.370+0000] {logging_mixin.py:190} INFO - [2025-04-06T07:22:40.369+0000] {dag.py:3239} INFO - Sync 1 DAGs
[2025-04-06T07:22:40.395+0000] {logging_mixin.py:190} INFO - [2025-04-06T07:22:40.394+0000] {dag.py:4180} INFO - Setting next_dagrun for example_branch_labels to 2025-04-05 00:00:00+00:00, run_after=2025-04-06 00:00:00+00:00
[2025-04-06T07:22:40.415+0000] {processor.py:208} INFO - Processing /home/airflow/.local/lib/python3.12/site-packages/airflow/example_dags/example_branch_labels.py took 0.087 seconds
[2025-04-06T07:23:10.781+0000] {processor.py:186} INFO - Started process (PID=1114) to work on /home/airflow/.local/lib/python3.12/site-packages/airflow/example_dags/example_branch_labels.py
[2025-04-06T07:23:10.782+0000] {processor.py:914} INFO - Processing file /home/airflow/.local/lib/python3.12/site-packages/airflow/example_dags/example_branch_labels.py for tasks to queue
[2025-04-06T07:23:10.784+0000] {logging_mixin.py:190} INFO - [2025-04-06T07:23:10.783+0000] {dagbag.py:588} INFO - Filling up the DagBag from /home/airflow/.local/lib/python3.12/site-packages/airflow/example_dags/example_branch_labels.py
[2025-04-06T07:23:10.793+0000] {processor.py:925} INFO - DAG(s) 'example_branch_labels' retrieved from /home/airflow/.local/lib/python3.12/site-packages/airflow/example_dags/example_branch_labels.py
[2025-04-06T07:23:10.813+0000] {logging_mixin.py:190} INFO - [2025-04-06T07:23:10.812+0000] {dag.py:3239} INFO - Sync 1 DAGs
[2025-04-06T07:23:10.840+0000] {logging_mixin.py:190} INFO - [2025-04-06T07:23:10.840+0000] {dag.py:4180} INFO - Setting next_dagrun for example_branch_labels to 2025-04-05 00:00:00+00:00, run_after=2025-04-06 00:00:00+00:00
[2025-04-06T07:23:10.863+0000] {processor.py:208} INFO - Processing /home/airflow/.local/lib/python3.12/site-packages/airflow/example_dags/example_branch_labels.py took 0.089 seconds
[2025-04-06T07:23:41.891+0000] {processor.py:186} INFO - Started process (PID=1177) to work on /home/airflow/.local/lib/python3.12/site-packages/airflow/example_dags/example_branch_labels.py
[2025-04-06T07:23:41.892+0000] {processor.py:914} INFO - Processing file /home/airflow/.local/lib/python3.12/site-packages/airflow/example_dags/example_branch_labels.py for tasks to queue
[2025-04-06T07:23:41.894+0000] {logging_mixin.py:190} INFO - [2025-04-06T07:23:41.894+0000] {dagbag.py:588} INFO - Filling up the DagBag from /home/airflow/.local/lib/python3.12/site-packages/airflow/example_dags/example_branch_labels.py
[2025-04-06T07:23:41.904+0000] {processor.py:925} INFO - DAG(s) 'example_branch_labels' retrieved from /home/airflow/.local/lib/python3.12/site-packages/airflow/example_dags/example_branch_labels.py
[2025-04-06T07:23:41.926+0000] {logging_mixin.py:190} INFO - [2025-04-06T07:23:41.926+0000] {dag.py:3239} INFO - Sync 1 DAGs
[2025-04-06T07:23:41.951+0000] {logging_mixin.py:190} INFO - [2025-04-06T07:23:41.951+0000] {dag.py:4180} INFO - Setting next_dagrun for example_branch_labels to 2025-04-05 00:00:00+00:00, run_after=2025-04-06 00:00:00+00:00
[2025-04-06T07:23:41.971+0000] {processor.py:208} INFO - Processing /home/airflow/.local/lib/python3.12/site-packages/airflow/example_dags/example_branch_labels.py took 0.086 seconds
[2025-04-06T07:24:12.248+0000] {processor.py:186} INFO - Started process (PID=1240) to work on /home/airflow/.local/lib/python3.12/site-packages/airflow/example_dags/example_branch_labels.py
[2025-04-06T07:24:12.249+0000] {processor.py:914} INFO - Processing file /home/airflow/.local/lib/python3.12/site-packages/airflow/example_dags/example_branch_labels.py for tasks to queue
[2025-04-06T07:24:12.251+0000] {logging_mixin.py:190} INFO - [2025-04-06T07:24:12.251+0000] {dagbag.py:588} INFO - Filling up the DagBag from /home/airflow/.local/lib/python3.12/site-packages/airflow/example_dags/example_branch_labels.py
[2025-04-06T07:24:12.263+0000] {processor.py:925} INFO - DAG(s) 'example_branch_labels' retrieved from /home/airflow/.local/lib/python3.12/site-packages/airflow/example_dags/example_branch_labels.py
[2025-04-06T07:24:12.284+0000] {logging_mixin.py:190} INFO - [2025-04-06T07:24:12.284+0000] {dag.py:3239} INFO - Sync 1 DAGs
[2025-04-06T07:24:12.309+0000] {logging_mixin.py:190} INFO - [2025-04-06T07:24:12.309+0000] {dag.py:4180} INFO - Setting next_dagrun for example_branch_labels to 2025-04-05 00:00:00+00:00, run_after=2025-04-06 00:00:00+00:00
[2025-04-06T07:24:12.333+0000] {processor.py:208} INFO - Processing /home/airflow/.local/lib/python3.12/site-packages/airflow/example_dags/example_branch_labels.py took 0.090 seconds
[2025-04-06T07:24:42.496+0000] {processor.py:186} INFO - Started process (PID=1303) to work on /home/airflow/.local/lib/python3.12/site-packages/airflow/example_dags/example_branch_labels.py
[2025-04-06T07:24:42.497+0000] {processor.py:914} INFO - Processing file /home/airflow/.local/lib/python3.12/site-packages/airflow/example_dags/example_branch_labels.py for tasks to queue
[2025-04-06T07:24:42.499+0000] {logging_mixin.py:190} INFO - [2025-04-06T07:24:42.498+0000] {dagbag.py:588} INFO - Filling up the DagBag from /home/airflow/.local/lib/python3.12/site-packages/airflow/example_dags/example_branch_labels.py
[2025-04-06T07:24:42.507+0000] {processor.py:925} INFO - DAG(s) 'example_branch_labels' retrieved from /home/airflow/.local/lib/python3.12/site-packages/airflow/example_dags/example_branch_labels.py
[2025-04-06T07:24:42.524+0000] {logging_mixin.py:190} INFO - [2025-04-06T07:24:42.524+0000] {dag.py:3239} INFO - Sync 1 DAGs
[2025-04-06T07:24:42.543+0000] {logging_mixin.py:190} INFO - [2025-04-06T07:24:42.543+0000] {dag.py:4180} INFO - Setting next_dagrun for example_branch_labels to 2025-04-05 00:00:00+00:00, run_after=2025-04-06 00:00:00+00:00
[2025-04-06T07:24:42.560+0000] {processor.py:208} INFO - Processing /home/airflow/.local/lib/python3.12/site-packages/airflow/example_dags/example_branch_labels.py took 0.068 seconds
[2025-04-06T07:25:12.825+0000] {processor.py:186} INFO - Started process (PID=1367) to work on /home/airflow/.local/lib/python3.12/site-packages/airflow/example_dags/example_branch_labels.py
[2025-04-06T07:25:12.826+0000] {processor.py:914} INFO - Processing file /home/airflow/.local/lib/python3.12/site-packages/airflow/example_dags/example_branch_labels.py for tasks to queue
[2025-04-06T07:25:12.828+0000] {logging_mixin.py:190} INFO - [2025-04-06T07:25:12.828+0000] {dagbag.py:588} INFO - Filling up the DagBag from /home/airflow/.local/lib/python3.12/site-packages/airflow/example_dags/example_branch_labels.py
[2025-04-06T07:25:12.836+0000] {processor.py:925} INFO - DAG(s) 'example_branch_labels' retrieved from /home/airflow/.local/lib/python3.12/site-packages/airflow/example_dags/example_branch_labels.py
[2025-04-06T07:25:12.851+0000] {logging_mixin.py:190} INFO - [2025-04-06T07:25:12.850+0000] {dag.py:3239} INFO - Sync 1 DAGs
[2025-04-06T07:25:12.871+0000] {logging_mixin.py:190} INFO - [2025-04-06T07:25:12.871+0000] {dag.py:4180} INFO - Setting next_dagrun for example_branch_labels to 2025-04-05 00:00:00+00:00, run_after=2025-04-06 00:00:00+00:00
[2025-04-06T07:25:12.890+0000] {processor.py:208} INFO - Processing /home/airflow/.local/lib/python3.12/site-packages/airflow/example_dags/example_branch_labels.py took 0.070 seconds
[2025-04-06T07:25:43.316+0000] {processor.py:186} INFO - Started process (PID=1432) to work on /home/airflow/.local/lib/python3.12/site-packages/airflow/example_dags/example_branch_labels.py
[2025-04-06T07:25:43.316+0000] {processor.py:914} INFO - Processing file /home/airflow/.local/lib/python3.12/site-packages/airflow/example_dags/example_branch_labels.py for tasks to queue
[2025-04-06T07:25:43.318+0000] {logging_mixin.py:190} INFO - [2025-04-06T07:25:43.318+0000] {dagbag.py:588} INFO - Filling up the DagBag from /home/airflow/.local/lib/python3.12/site-packages/airflow/example_dags/example_branch_labels.py
[2025-04-06T07:25:43.326+0000] {processor.py:925} INFO - DAG(s) 'example_branch_labels' retrieved from /home/airflow/.local/lib/python3.12/site-packages/airflow/example_dags/example_branch_labels.py
[2025-04-06T07:25:43.342+0000] {logging_mixin.py:190} INFO - [2025-04-06T07:25:43.342+0000] {dag.py:3239} INFO - Sync 1 DAGs
[2025-04-06T07:25:43.361+0000] {logging_mixin.py:190} INFO - [2025-04-06T07:25:43.360+0000] {dag.py:4180} INFO - Setting next_dagrun for example_branch_labels to 2025-04-05 00:00:00+00:00, run_after=2025-04-06 00:00:00+00:00
[2025-04-06T07:25:43.379+0000] {processor.py:208} INFO - Processing /home/airflow/.local/lib/python3.12/site-packages/airflow/example_dags/example_branch_labels.py took 0.068 seconds
[2025-04-06T07:26:13.654+0000] {processor.py:186} INFO - Started process (PID=1496) to work on /home/airflow/.local/lib/python3.12/site-packages/airflow/example_dags/example_branch_labels.py
[2025-04-06T07:26:13.654+0000] {processor.py:914} INFO - Processing file /home/airflow/.local/lib/python3.12/site-packages/airflow/example_dags/example_branch_labels.py for tasks to queue
[2025-04-06T07:26:13.656+0000] {logging_mixin.py:190} INFO - [2025-04-06T07:26:13.656+0000] {dagbag.py:588} INFO - Filling up the DagBag from /home/airflow/.local/lib/python3.12/site-packages/airflow/example_dags/example_branch_labels.py
[2025-04-06T07:26:13.664+0000] {processor.py:925} INFO - DAG(s) 'example_branch_labels' retrieved from /home/airflow/.local/lib/python3.12/site-packages/airflow/example_dags/example_branch_labels.py
[2025-04-06T07:26:13.680+0000] {logging_mixin.py:190} INFO - [2025-04-06T07:26:13.679+0000] {dag.py:3239} INFO - Sync 1 DAGs
[2025-04-06T07:26:13.700+0000] {logging_mixin.py:190} INFO - [2025-04-06T07:26:13.699+0000] {dag.py:4180} INFO - Setting next_dagrun for example_branch_labels to 2025-04-05 00:00:00+00:00, run_after=2025-04-06 00:00:00+00:00
[2025-04-06T07:26:13.717+0000] {processor.py:208} INFO - Processing /home/airflow/.local/lib/python3.12/site-packages/airflow/example_dags/example_branch_labels.py took 0.068 seconds
[2025-04-06T07:26:44.101+0000] {processor.py:186} INFO - Started process (PID=1560) to work on /home/airflow/.local/lib/python3.12/site-packages/airflow/example_dags/example_branch_labels.py
[2025-04-06T07:26:44.102+0000] {processor.py:914} INFO - Processing file /home/airflow/.local/lib/python3.12/site-packages/airflow/example_dags/example_branch_labels.py for tasks to queue
[2025-04-06T07:26:44.104+0000] {logging_mixin.py:190} INFO - [2025-04-06T07:26:44.103+0000] {dagbag.py:588} INFO - Filling up the DagBag from /home/airflow/.local/lib/python3.12/site-packages/airflow/example_dags/example_branch_labels.py
[2025-04-06T07:26:44.113+0000] {processor.py:925} INFO - DAG(s) 'example_branch_labels' retrieved from /home/airflow/.local/lib/python3.12/site-packages/airflow/example_dags/example_branch_labels.py
[2025-04-06T07:26:44.130+0000] {logging_mixin.py:190} INFO - [2025-04-06T07:26:44.130+0000] {dag.py:3239} INFO - Sync 1 DAGs
[2025-04-06T07:26:44.150+0000] {logging_mixin.py:190} INFO - [2025-04-06T07:26:44.150+0000] {dag.py:4180} INFO - Setting next_dagrun for example_branch_labels to 2025-04-05 00:00:00+00:00, run_after=2025-04-06 00:00:00+00:00
[2025-04-06T07:26:44.169+0000] {processor.py:208} INFO - Processing /home/airflow/.local/lib/python3.12/site-packages/airflow/example_dags/example_branch_labels.py took 0.072 seconds
[2025-04-06T07:27:14.368+0000] {processor.py:186} INFO - Started process (PID=1626) to work on /home/airflow/.local/lib/python3.12/site-packages/airflow/example_dags/example_branch_labels.py
[2025-04-06T07:27:14.370+0000] {processor.py:914} INFO - Processing file /home/airflow/.local/lib/python3.12/site-packages/airflow/example_dags/example_branch_labels.py for tasks to queue
[2025-04-06T07:27:14.374+0000] {logging_mixin.py:190} INFO - [2025-04-06T07:27:14.373+0000] {dagbag.py:588} INFO - Filling up the DagBag from /home/airflow/.local/lib/python3.12/site-packages/airflow/example_dags/example_branch_labels.py
[2025-04-06T07:27:14.390+0000] {processor.py:925} INFO - DAG(s) 'example_branch_labels' retrieved from /home/airflow/.local/lib/python3.12/site-packages/airflow/example_dags/example_branch_labels.py
[2025-04-06T07:27:14.426+0000] {logging_mixin.py:190} INFO - [2025-04-06T07:27:14.425+0000] {dag.py:3239} INFO - Sync 1 DAGs
[2025-04-06T07:27:14.472+0000] {logging_mixin.py:190} INFO - [2025-04-06T07:27:14.472+0000] {dag.py:4180} INFO - Setting next_dagrun for example_branch_labels to 2025-04-05 00:00:00+00:00, run_after=2025-04-06 00:00:00+00:00
[2025-04-06T07:27:14.531+0000] {processor.py:208} INFO - Processing /home/airflow/.local/lib/python3.12/site-packages/airflow/example_dags/example_branch_labels.py took 0.172 seconds
[2025-04-06T07:27:45.226+0000] {processor.py:186} INFO - Started process (PID=1690) to work on /home/airflow/.local/lib/python3.12/site-packages/airflow/example_dags/example_branch_labels.py
[2025-04-06T07:27:45.227+0000] {processor.py:914} INFO - Processing file /home/airflow/.local/lib/python3.12/site-packages/airflow/example_dags/example_branch_labels.py for tasks to queue
[2025-04-06T07:27:45.229+0000] {logging_mixin.py:190} INFO - [2025-04-06T07:27:45.229+0000] {dagbag.py:588} INFO - Filling up the DagBag from /home/airflow/.local/lib/python3.12/site-packages/airflow/example_dags/example_branch_labels.py
[2025-04-06T07:27:45.241+0000] {processor.py:925} INFO - DAG(s) 'example_branch_labels' retrieved from /home/airflow/.local/lib/python3.12/site-packages/airflow/example_dags/example_branch_labels.py
[2025-04-06T07:27:45.260+0000] {logging_mixin.py:190} INFO - [2025-04-06T07:27:45.260+0000] {dag.py:3239} INFO - Sync 1 DAGs
[2025-04-06T07:27:45.283+0000] {logging_mixin.py:190} INFO - [2025-04-06T07:27:45.283+0000] {dag.py:4180} INFO - Setting next_dagrun for example_branch_labels to 2025-04-05 00:00:00+00:00, run_after=2025-04-06 00:00:00+00:00
[2025-04-06T07:27:45.301+0000] {processor.py:208} INFO - Processing /home/airflow/.local/lib/python3.12/site-packages/airflow/example_dags/example_branch_labels.py took 0.081 seconds
[2025-04-06T07:28:15.419+0000] {processor.py:186} INFO - Started process (PID=1754) to work on /home/airflow/.local/lib/python3.12/site-packages/airflow/example_dags/example_branch_labels.py
[2025-04-06T07:28:15.420+0000] {processor.py:914} INFO - Processing file /home/airflow/.local/lib/python3.12/site-packages/airflow/example_dags/example_branch_labels.py for tasks to queue
[2025-04-06T07:28:15.422+0000] {logging_mixin.py:190} INFO - [2025-04-06T07:28:15.421+0000] {dagbag.py:588} INFO - Filling up the DagBag from /home/airflow/.local/lib/python3.12/site-packages/airflow/example_dags/example_branch_labels.py
[2025-04-06T07:28:15.429+0000] {processor.py:925} INFO - DAG(s) 'example_branch_labels' retrieved from /home/airflow/.local/lib/python3.12/site-packages/airflow/example_dags/example_branch_labels.py
[2025-04-06T07:28:15.443+0000] {logging_mixin.py:190} INFO - [2025-04-06T07:28:15.443+0000] {dag.py:3239} INFO - Sync 1 DAGs
[2025-04-06T07:28:15.462+0000] {logging_mixin.py:190} INFO - [2025-04-06T07:28:15.462+0000] {dag.py:4180} INFO - Setting next_dagrun for example_branch_labels to 2025-04-05 00:00:00+00:00, run_after=2025-04-06 00:00:00+00:00
[2025-04-06T07:28:15.479+0000] {processor.py:208} INFO - Processing /home/airflow/.local/lib/python3.12/site-packages/airflow/example_dags/example_branch_labels.py took 0.065 seconds
[2025-04-06T07:28:45.690+0000] {processor.py:186} INFO - Started process (PID=1818) to work on /home/airflow/.local/lib/python3.12/site-packages/airflow/example_dags/example_branch_labels.py
[2025-04-06T07:28:45.690+0000] {processor.py:914} INFO - Processing file /home/airflow/.local/lib/python3.12/site-packages/airflow/example_dags/example_branch_labels.py for tasks to queue
[2025-04-06T07:28:45.692+0000] {logging_mixin.py:190} INFO - [2025-04-06T07:28:45.692+0000] {dagbag.py:588} INFO - Filling up the DagBag from /home/airflow/.local/lib/python3.12/site-packages/airflow/example_dags/example_branch_labels.py
[2025-04-06T07:28:45.700+0000] {processor.py:925} INFO - DAG(s) 'example_branch_labels' retrieved from /home/airflow/.local/lib/python3.12/site-packages/airflow/example_dags/example_branch_labels.py
[2025-04-06T07:28:45.716+0000] {logging_mixin.py:190} INFO - [2025-04-06T07:28:45.715+0000] {dag.py:3239} INFO - Sync 1 DAGs
[2025-04-06T07:28:45.735+0000] {logging_mixin.py:190} INFO - [2025-04-06T07:28:45.735+0000] {dag.py:4180} INFO - Setting next_dagrun for example_branch_labels to 2025-04-05 00:00:00+00:00, run_after=2025-04-06 00:00:00+00:00
[2025-04-06T07:28:45.752+0000] {processor.py:208} INFO - Processing /home/airflow/.local/lib/python3.12/site-packages/airflow/example_dags/example_branch_labels.py took 0.068 seconds
[2025-04-06T07:29:16.009+0000] {processor.py:186} INFO - Started process (PID=1882) to work on /home/airflow/.local/lib/python3.12/site-packages/airflow/example_dags/example_branch_labels.py
[2025-04-06T07:29:16.010+0000] {processor.py:914} INFO - Processing file /home/airflow/.local/lib/python3.12/site-packages/airflow/example_dags/example_branch_labels.py for tasks to queue
[2025-04-06T07:29:16.011+0000] {logging_mixin.py:190} INFO - [2025-04-06T07:29:16.011+0000] {dagbag.py:588} INFO - Filling up the DagBag from /home/airflow/.local/lib/python3.12/site-packages/airflow/example_dags/example_branch_labels.py
[2025-04-06T07:29:16.020+0000] {processor.py:925} INFO - DAG(s) 'example_branch_labels' retrieved from /home/airflow/.local/lib/python3.12/site-packages/airflow/example_dags/example_branch_labels.py
[2025-04-06T07:29:16.036+0000] {logging_mixin.py:190} INFO - [2025-04-06T07:29:16.036+0000] {dag.py:3239} INFO - Sync 1 DAGs
[2025-04-06T07:29:16.055+0000] {logging_mixin.py:190} INFO - [2025-04-06T07:29:16.055+0000] {dag.py:4180} INFO - Setting next_dagrun for example_branch_labels to 2025-04-05 00:00:00+00:00, run_after=2025-04-06 00:00:00+00:00
[2025-04-06T07:29:16.086+0000] {processor.py:208} INFO - Processing /home/airflow/.local/lib/python3.12/site-packages/airflow/example_dags/example_branch_labels.py took 0.082 seconds
[2025-04-06T07:29:46.234+0000] {processor.py:186} INFO - Started process (PID=1946) to work on /home/airflow/.local/lib/python3.12/site-packages/airflow/example_dags/example_branch_labels.py
[2025-04-06T07:29:46.235+0000] {processor.py:914} INFO - Processing file /home/airflow/.local/lib/python3.12/site-packages/airflow/example_dags/example_branch_labels.py for tasks to queue
[2025-04-06T07:29:46.237+0000] {logging_mixin.py:190} INFO - [2025-04-06T07:29:46.237+0000] {dagbag.py:588} INFO - Filling up the DagBag from /home/airflow/.local/lib/python3.12/site-packages/airflow/example_dags/example_branch_labels.py
[2025-04-06T07:29:46.245+0000] {processor.py:925} INFO - DAG(s) 'example_branch_labels' retrieved from /home/airflow/.local/lib/python3.12/site-packages/airflow/example_dags/example_branch_labels.py
[2025-04-06T07:29:46.261+0000] {logging_mixin.py:190} INFO - [2025-04-06T07:29:46.261+0000] {dag.py:3239} INFO - Sync 1 DAGs
[2025-04-06T07:29:46.281+0000] {logging_mixin.py:190} INFO - [2025-04-06T07:29:46.281+0000] {dag.py:4180} INFO - Setting next_dagrun for example_branch_labels to 2025-04-05 00:00:00+00:00, run_after=2025-04-06 00:00:00+00:00
[2025-04-06T07:29:46.298+0000] {processor.py:208} INFO - Processing /home/airflow/.local/lib/python3.12/site-packages/airflow/example_dags/example_branch_labels.py took 0.068 seconds
[2025-04-06T07:30:16.626+0000] {processor.py:186} INFO - Started process (PID=2010) to work on /home/airflow/.local/lib/python3.12/site-packages/airflow/example_dags/example_branch_labels.py
[2025-04-06T07:30:16.627+0000] {processor.py:914} INFO - Processing file /home/airflow/.local/lib/python3.12/site-packages/airflow/example_dags/example_branch_labels.py for tasks to queue
[2025-04-06T07:30:16.628+0000] {logging_mixin.py:190} INFO - [2025-04-06T07:30:16.628+0000] {dagbag.py:588} INFO - Filling up the DagBag from /home/airflow/.local/lib/python3.12/site-packages/airflow/example_dags/example_branch_labels.py
[2025-04-06T07:30:16.636+0000] {processor.py:925} INFO - DAG(s) 'example_branch_labels' retrieved from /home/airflow/.local/lib/python3.12/site-packages/airflow/example_dags/example_branch_labels.py
[2025-04-06T07:30:16.652+0000] {logging_mixin.py:190} INFO - [2025-04-06T07:30:16.652+0000] {dag.py:3239} INFO - Sync 1 DAGs
[2025-04-06T07:30:16.669+0000] {logging_mixin.py:190} INFO - [2025-04-06T07:30:16.669+0000] {dag.py:4180} INFO - Setting next_dagrun for example_branch_labels to 2025-04-05 00:00:00+00:00, run_after=2025-04-06 00:00:00+00:00
[2025-04-06T07:30:16.688+0000] {processor.py:208} INFO - Processing /home/airflow/.local/lib/python3.12/site-packages/airflow/example_dags/example_branch_labels.py took 0.067 seconds
