[2025-04-06T07:14:59.071+0000] {processor.py:186} INFO - Started process (PID=100) to work on /home/airflow/.local/lib/python3.12/site-packages/airflow/example_dags/example_xcom.py
[2025-04-06T07:14:59.073+0000] {processor.py:914} INFO - Processing file /home/airflow/.local/lib/python3.12/site-packages/airflow/example_dags/example_xcom.py for tasks to queue
[2025-04-06T07:14:59.076+0000] {logging_mixin.py:190} INFO - [2025-04-06T07:14:59.075+0000] {dagbag.py:588} INFO - Filling up the DagBag from /home/airflow/.local/lib/python3.12/site-packages/airflow/example_dags/example_xcom.py
[2025-04-06T07:14:59.091+0000] {processor.py:925} INFO - DAG(s) 'example_xcom' retrieved from /home/airflow/.local/lib/python3.12/site-packages/airflow/example_dags/example_xcom.py
[2025-04-06T07:14:59.242+0000] {logging_mixin.py:190} INFO - [2025-04-06T07:14:59.241+0000] {override.py:1912} INFO - Created Permission View: can edit on DAG:example_xcom
[2025-04-06T07:14:59.257+0000] {logging_mixin.py:190} INFO - [2025-04-06T07:14:59.257+0000] {override.py:1912} INFO - Created Permission View: can delete on DAG:example_xcom
[2025-04-06T07:14:59.271+0000] {logging_mixin.py:190} INFO - [2025-04-06T07:14:59.270+0000] {override.py:1912} INFO - Created Permission View: can read on DAG:example_xcom
[2025-04-06T07:14:59.288+0000] {logging_mixin.py:190} INFO - [2025-04-06T07:14:59.287+0000] {override.py:1912} INFO - Created Permission View: can delete on DAG Run:example_xcom
[2025-04-06T07:14:59.302+0000] {logging_mixin.py:190} INFO - [2025-04-06T07:14:59.301+0000] {override.py:1912} INFO - Created Permission View: can create on DAG Run:example_xcom
[2025-04-06T07:14:59.313+0000] {logging_mixin.py:190} INFO - [2025-04-06T07:14:59.313+0000] {override.py:1912} INFO - Created Permission View: can read on DAG Run:example_xcom
[2025-04-06T07:14:59.328+0000] {logging_mixin.py:190} INFO - [2025-04-06T07:14:59.327+0000] {override.py:1912} INFO - Created Permission View: menu access on DAG Run:example_xcom
[2025-04-06T07:14:59.333+0000] {logging_mixin.py:190} INFO - [2025-04-06T07:14:59.332+0000] {dag.py:3239} INFO - Sync 1 DAGs
[2025-04-06T07:14:59.354+0000] {logging_mixin.py:190} INFO - [2025-04-06T07:14:59.354+0000] {dag.py:3262} INFO - Creating ORM DAG for example_xcom
[2025-04-06T07:14:59.368+0000] {logging_mixin.py:190} INFO - [2025-04-06T07:14:59.368+0000] {dag.py:4180} INFO - Setting next_dagrun for example_xcom to 2021-01-01 00:00:00+00:00, run_after=2021-01-01 00:00:00+00:00
[2025-04-06T07:14:59.395+0000] {processor.py:208} INFO - Processing /home/airflow/.local/lib/python3.12/site-packages/airflow/example_dags/example_xcom.py took 0.330 seconds
[2025-04-06T07:15:29.518+0000] {processor.py:186} INFO - Started process (PID=163) to work on /home/airflow/.local/lib/python3.12/site-packages/airflow/example_dags/example_xcom.py
[2025-04-06T07:15:29.519+0000] {processor.py:914} INFO - Processing file /home/airflow/.local/lib/python3.12/site-packages/airflow/example_dags/example_xcom.py for tasks to queue
[2025-04-06T07:15:29.522+0000] {logging_mixin.py:190} INFO - [2025-04-06T07:15:29.522+0000] {dagbag.py:588} INFO - Filling up the DagBag from /home/airflow/.local/lib/python3.12/site-packages/airflow/example_dags/example_xcom.py
[2025-04-06T07:15:29.531+0000] {processor.py:925} INFO - DAG(s) 'example_xcom' retrieved from /home/airflow/.local/lib/python3.12/site-packages/airflow/example_dags/example_xcom.py
[2025-04-06T07:15:29.551+0000] {logging_mixin.py:190} INFO - [2025-04-06T07:15:29.551+0000] {dag.py:3239} INFO - Sync 1 DAGs
[2025-04-06T07:15:29.573+0000] {logging_mixin.py:190} INFO - [2025-04-06T07:15:29.572+0000] {dag.py:4180} INFO - Setting next_dagrun for example_xcom to 2021-01-01 00:00:00+00:00, run_after=2021-01-01 00:00:00+00:00
[2025-04-06T07:15:29.592+0000] {processor.py:208} INFO - Processing /home/airflow/.local/lib/python3.12/site-packages/airflow/example_dags/example_xcom.py took 0.080 seconds
[2025-04-06T07:15:59.960+0000] {processor.py:186} INFO - Started process (PID=225) to work on /home/airflow/.local/lib/python3.12/site-packages/airflow/example_dags/example_xcom.py
[2025-04-06T07:15:59.961+0000] {processor.py:914} INFO - Processing file /home/airflow/.local/lib/python3.12/site-packages/airflow/example_dags/example_xcom.py for tasks to queue
[2025-04-06T07:15:59.964+0000] {logging_mixin.py:190} INFO - [2025-04-06T07:15:59.963+0000] {dagbag.py:588} INFO - Filling up the DagBag from /home/airflow/.local/lib/python3.12/site-packages/airflow/example_dags/example_xcom.py
[2025-04-06T07:15:59.974+0000] {processor.py:925} INFO - DAG(s) 'example_xcom' retrieved from /home/airflow/.local/lib/python3.12/site-packages/airflow/example_dags/example_xcom.py
[2025-04-06T07:15:59.998+0000] {logging_mixin.py:190} INFO - [2025-04-06T07:15:59.997+0000] {dag.py:3239} INFO - Sync 1 DAGs
[2025-04-06T07:16:00.025+0000] {logging_mixin.py:190} INFO - [2025-04-06T07:16:00.024+0000] {dag.py:4180} INFO - Setting next_dagrun for example_xcom to 2021-01-01 00:00:00+00:00, run_after=2021-01-01 00:00:00+00:00
[2025-04-06T07:16:00.049+0000] {processor.py:208} INFO - Processing /home/airflow/.local/lib/python3.12/site-packages/airflow/example_dags/example_xcom.py took 0.096 seconds
[2025-04-06T07:16:30.671+0000] {processor.py:186} INFO - Started process (PID=288) to work on /home/airflow/.local/lib/python3.12/site-packages/airflow/example_dags/example_xcom.py
[2025-04-06T07:16:30.672+0000] {processor.py:914} INFO - Processing file /home/airflow/.local/lib/python3.12/site-packages/airflow/example_dags/example_xcom.py for tasks to queue
[2025-04-06T07:16:30.675+0000] {logging_mixin.py:190} INFO - [2025-04-06T07:16:30.674+0000] {dagbag.py:588} INFO - Filling up the DagBag from /home/airflow/.local/lib/python3.12/site-packages/airflow/example_dags/example_xcom.py
[2025-04-06T07:16:30.684+0000] {processor.py:925} INFO - DAG(s) 'example_xcom' retrieved from /home/airflow/.local/lib/python3.12/site-packages/airflow/example_dags/example_xcom.py
[2025-04-06T07:16:30.709+0000] {logging_mixin.py:190} INFO - [2025-04-06T07:16:30.709+0000] {dag.py:3239} INFO - Sync 1 DAGs
[2025-04-06T07:16:30.732+0000] {logging_mixin.py:190} INFO - [2025-04-06T07:16:30.732+0000] {dag.py:4180} INFO - Setting next_dagrun for example_xcom to 2021-01-01 00:00:00+00:00, run_after=2021-01-01 00:00:00+00:00
[2025-04-06T07:16:30.754+0000] {processor.py:208} INFO - Processing /home/airflow/.local/lib/python3.12/site-packages/airflow/example_dags/example_xcom.py took 0.090 seconds
[2025-04-06T07:17:01.316+0000] {processor.py:186} INFO - Started process (PID=351) to work on /home/airflow/.local/lib/python3.12/site-packages/airflow/example_dags/example_xcom.py
[2025-04-06T07:17:01.317+0000] {processor.py:914} INFO - Processing file /home/airflow/.local/lib/python3.12/site-packages/airflow/example_dags/example_xcom.py for tasks to queue
[2025-04-06T07:17:01.319+0000] {logging_mixin.py:190} INFO - [2025-04-06T07:17:01.319+0000] {dagbag.py:588} INFO - Filling up the DagBag from /home/airflow/.local/lib/python3.12/site-packages/airflow/example_dags/example_xcom.py
[2025-04-06T07:17:01.327+0000] {processor.py:925} INFO - DAG(s) 'example_xcom' retrieved from /home/airflow/.local/lib/python3.12/site-packages/airflow/example_dags/example_xcom.py
[2025-04-06T07:17:01.346+0000] {logging_mixin.py:190} INFO - [2025-04-06T07:17:01.346+0000] {dag.py:3239} INFO - Sync 1 DAGs
[2025-04-06T07:17:01.367+0000] {logging_mixin.py:190} INFO - [2025-04-06T07:17:01.367+0000] {dag.py:4180} INFO - Setting next_dagrun for example_xcom to 2021-01-01 00:00:00+00:00, run_after=2021-01-01 00:00:00+00:00
[2025-04-06T07:17:01.387+0000] {processor.py:208} INFO - Processing /home/airflow/.local/lib/python3.12/site-packages/airflow/example_dags/example_xcom.py took 0.077 seconds
[2025-04-06T07:17:31.786+0000] {processor.py:186} INFO - Started process (PID=420) to work on /home/airflow/.local/lib/python3.12/site-packages/airflow/example_dags/example_xcom.py
[2025-04-06T07:17:31.788+0000] {processor.py:914} INFO - Processing file /home/airflow/.local/lib/python3.12/site-packages/airflow/example_dags/example_xcom.py for tasks to queue
[2025-04-06T07:17:31.792+0000] {logging_mixin.py:190} INFO - [2025-04-06T07:17:31.791+0000] {dagbag.py:588} INFO - Filling up the DagBag from /home/airflow/.local/lib/python3.12/site-packages/airflow/example_dags/example_xcom.py
[2025-04-06T07:17:31.808+0000] {processor.py:925} INFO - DAG(s) 'example_xcom' retrieved from /home/airflow/.local/lib/python3.12/site-packages/airflow/example_dags/example_xcom.py
[2025-04-06T07:17:31.840+0000] {logging_mixin.py:190} INFO - [2025-04-06T07:17:31.840+0000] {dag.py:3239} INFO - Sync 1 DAGs
[2025-04-06T07:17:31.880+0000] {logging_mixin.py:190} INFO - [2025-04-06T07:17:31.879+0000] {dag.py:4180} INFO - Setting next_dagrun for example_xcom to 2021-01-01 00:00:00+00:00, run_after=2021-01-01 00:00:00+00:00
[2025-04-06T07:17:31.919+0000] {processor.py:208} INFO - Processing /home/airflow/.local/lib/python3.12/site-packages/airflow/example_dags/example_xcom.py took 0.142 seconds
[2025-04-06T07:18:04.184+0000] {processor.py:186} INFO - Started process (PID=483) to work on /home/airflow/.local/lib/python3.12/site-packages/airflow/example_dags/example_xcom.py
[2025-04-06T07:18:04.186+0000] {processor.py:914} INFO - Processing file /home/airflow/.local/lib/python3.12/site-packages/airflow/example_dags/example_xcom.py for tasks to queue
[2025-04-06T07:18:04.189+0000] {logging_mixin.py:190} INFO - [2025-04-06T07:18:04.189+0000] {dagbag.py:588} INFO - Filling up the DagBag from /home/airflow/.local/lib/python3.12/site-packages/airflow/example_dags/example_xcom.py
[2025-04-06T07:18:04.205+0000] {processor.py:925} INFO - DAG(s) 'example_xcom' retrieved from /home/airflow/.local/lib/python3.12/site-packages/airflow/example_dags/example_xcom.py
[2025-04-06T07:18:04.236+0000] {logging_mixin.py:190} INFO - [2025-04-06T07:18:04.236+0000] {dag.py:3239} INFO - Sync 1 DAGs
[2025-04-06T07:18:04.273+0000] {logging_mixin.py:190} INFO - [2025-04-06T07:18:04.272+0000] {dag.py:4180} INFO - Setting next_dagrun for example_xcom to 2021-01-01 00:00:00+00:00, run_after=2021-01-01 00:00:00+00:00
[2025-04-06T07:18:04.304+0000] {processor.py:208} INFO - Processing /home/airflow/.local/lib/python3.12/site-packages/airflow/example_dags/example_xcom.py took 0.129 seconds
[2025-04-06T07:18:34.933+0000] {processor.py:186} INFO - Started process (PID=546) to work on /home/airflow/.local/lib/python3.12/site-packages/airflow/example_dags/example_xcom.py
[2025-04-06T07:18:34.935+0000] {processor.py:914} INFO - Processing file /home/airflow/.local/lib/python3.12/site-packages/airflow/example_dags/example_xcom.py for tasks to queue
[2025-04-06T07:18:34.938+0000] {logging_mixin.py:190} INFO - [2025-04-06T07:18:34.938+0000] {dagbag.py:588} INFO - Filling up the DagBag from /home/airflow/.local/lib/python3.12/site-packages/airflow/example_dags/example_xcom.py
[2025-04-06T07:18:34.951+0000] {processor.py:925} INFO - DAG(s) 'example_xcom' retrieved from /home/airflow/.local/lib/python3.12/site-packages/airflow/example_dags/example_xcom.py
[2025-04-06T07:18:34.981+0000] {logging_mixin.py:190} INFO - [2025-04-06T07:18:34.981+0000] {dag.py:3239} INFO - Sync 1 DAGs
[2025-04-06T07:18:35.011+0000] {logging_mixin.py:190} INFO - [2025-04-06T07:18:35.011+0000] {dag.py:4180} INFO - Setting next_dagrun for example_xcom to 2021-01-01 00:00:00+00:00, run_after=2021-01-01 00:00:00+00:00
[2025-04-06T07:18:35.041+0000] {processor.py:208} INFO - Processing /home/airflow/.local/lib/python3.12/site-packages/airflow/example_dags/example_xcom.py took 0.116 seconds
[2025-04-06T07:19:05.722+0000] {processor.py:186} INFO - Started process (PID=609) to work on /home/airflow/.local/lib/python3.12/site-packages/airflow/example_dags/example_xcom.py
[2025-04-06T07:19:05.723+0000] {processor.py:914} INFO - Processing file /home/airflow/.local/lib/python3.12/site-packages/airflow/example_dags/example_xcom.py for tasks to queue
[2025-04-06T07:19:05.726+0000] {logging_mixin.py:190} INFO - [2025-04-06T07:19:05.725+0000] {dagbag.py:588} INFO - Filling up the DagBag from /home/airflow/.local/lib/python3.12/site-packages/airflow/example_dags/example_xcom.py
[2025-04-06T07:19:05.738+0000] {processor.py:925} INFO - DAG(s) 'example_xcom' retrieved from /home/airflow/.local/lib/python3.12/site-packages/airflow/example_dags/example_xcom.py
[2025-04-06T07:19:05.762+0000] {logging_mixin.py:190} INFO - [2025-04-06T07:19:05.762+0000] {dag.py:3239} INFO - Sync 1 DAGs
[2025-04-06T07:19:05.787+0000] {logging_mixin.py:190} INFO - [2025-04-06T07:19:05.786+0000] {dag.py:4180} INFO - Setting next_dagrun for example_xcom to 2021-01-01 00:00:00+00:00, run_after=2021-01-01 00:00:00+00:00
[2025-04-06T07:19:05.809+0000] {processor.py:208} INFO - Processing /home/airflow/.local/lib/python3.12/site-packages/airflow/example_dags/example_xcom.py took 0.094 seconds
[2025-04-06T07:19:36.113+0000] {processor.py:186} INFO - Started process (PID=671) to work on /home/airflow/.local/lib/python3.12/site-packages/airflow/example_dags/example_xcom.py
[2025-04-06T07:19:36.114+0000] {processor.py:914} INFO - Processing file /home/airflow/.local/lib/python3.12/site-packages/airflow/example_dags/example_xcom.py for tasks to queue
[2025-04-06T07:19:36.117+0000] {logging_mixin.py:190} INFO - [2025-04-06T07:19:36.117+0000] {dagbag.py:588} INFO - Filling up the DagBag from /home/airflow/.local/lib/python3.12/site-packages/airflow/example_dags/example_xcom.py
[2025-04-06T07:19:36.127+0000] {processor.py:925} INFO - DAG(s) 'example_xcom' retrieved from /home/airflow/.local/lib/python3.12/site-packages/airflow/example_dags/example_xcom.py
[2025-04-06T07:19:36.149+0000] {logging_mixin.py:190} INFO - [2025-04-06T07:19:36.148+0000] {dag.py:3239} INFO - Sync 1 DAGs
[2025-04-06T07:19:36.174+0000] {logging_mixin.py:190} INFO - [2025-04-06T07:19:36.174+0000] {dag.py:4180} INFO - Setting next_dagrun for example_xcom to 2021-01-01 00:00:00+00:00, run_after=2021-01-01 00:00:00+00:00
[2025-04-06T07:19:36.196+0000] {processor.py:208} INFO - Processing /home/airflow/.local/lib/python3.12/site-packages/airflow/example_dags/example_xcom.py took 0.090 seconds
[2025-04-06T07:20:06.717+0000] {processor.py:186} INFO - Started process (PID=734) to work on /home/airflow/.local/lib/python3.12/site-packages/airflow/example_dags/example_xcom.py
[2025-04-06T07:20:06.718+0000] {processor.py:914} INFO - Processing file /home/airflow/.local/lib/python3.12/site-packages/airflow/example_dags/example_xcom.py for tasks to queue
[2025-04-06T07:20:06.722+0000] {logging_mixin.py:190} INFO - [2025-04-06T07:20:06.721+0000] {dagbag.py:588} INFO - Filling up the DagBag from /home/airflow/.local/lib/python3.12/site-packages/airflow/example_dags/example_xcom.py
[2025-04-06T07:20:06.735+0000] {processor.py:925} INFO - DAG(s) 'example_xcom' retrieved from /home/airflow/.local/lib/python3.12/site-packages/airflow/example_dags/example_xcom.py
[2025-04-06T07:20:06.760+0000] {logging_mixin.py:190} INFO - [2025-04-06T07:20:06.760+0000] {dag.py:3239} INFO - Sync 1 DAGs
[2025-04-06T07:20:06.789+0000] {logging_mixin.py:190} INFO - [2025-04-06T07:20:06.788+0000] {dag.py:4180} INFO - Setting next_dagrun for example_xcom to 2021-01-01 00:00:00+00:00, run_after=2021-01-01 00:00:00+00:00
[2025-04-06T07:20:06.812+0000] {processor.py:208} INFO - Processing /home/airflow/.local/lib/python3.12/site-packages/airflow/example_dags/example_xcom.py took 0.104 seconds
[2025-04-06T07:20:37.342+0000] {processor.py:186} INFO - Started process (PID=796) to work on /home/airflow/.local/lib/python3.12/site-packages/airflow/example_dags/example_xcom.py
[2025-04-06T07:20:37.344+0000] {processor.py:914} INFO - Processing file /home/airflow/.local/lib/python3.12/site-packages/airflow/example_dags/example_xcom.py for tasks to queue
[2025-04-06T07:20:37.348+0000] {logging_mixin.py:190} INFO - [2025-04-06T07:20:37.348+0000] {dagbag.py:588} INFO - Filling up the DagBag from /home/airflow/.local/lib/python3.12/site-packages/airflow/example_dags/example_xcom.py
[2025-04-06T07:20:37.365+0000] {processor.py:925} INFO - DAG(s) 'example_xcom' retrieved from /home/airflow/.local/lib/python3.12/site-packages/airflow/example_dags/example_xcom.py
[2025-04-06T07:20:37.396+0000] {logging_mixin.py:190} INFO - [2025-04-06T07:20:37.395+0000] {dag.py:3239} INFO - Sync 1 DAGs
[2025-04-06T07:20:37.442+0000] {logging_mixin.py:190} INFO - [2025-04-06T07:20:37.441+0000] {dag.py:4180} INFO - Setting next_dagrun for example_xcom to 2021-01-01 00:00:00+00:00, run_after=2021-01-01 00:00:00+00:00
[2025-04-06T07:20:37.477+0000] {processor.py:208} INFO - Processing /home/airflow/.local/lib/python3.12/site-packages/airflow/example_dags/example_xcom.py took 0.145 seconds
[2025-04-06T07:21:08.105+0000] {processor.py:186} INFO - Started process (PID=859) to work on /home/airflow/.local/lib/python3.12/site-packages/airflow/example_dags/example_xcom.py
[2025-04-06T07:21:08.106+0000] {processor.py:914} INFO - Processing file /home/airflow/.local/lib/python3.12/site-packages/airflow/example_dags/example_xcom.py for tasks to queue
[2025-04-06T07:21:08.108+0000] {logging_mixin.py:190} INFO - [2025-04-06T07:21:08.107+0000] {dagbag.py:588} INFO - Filling up the DagBag from /home/airflow/.local/lib/python3.12/site-packages/airflow/example_dags/example_xcom.py
[2025-04-06T07:21:08.116+0000] {processor.py:925} INFO - DAG(s) 'example_xcom' retrieved from /home/airflow/.local/lib/python3.12/site-packages/airflow/example_dags/example_xcom.py
[2025-04-06T07:21:08.132+0000] {logging_mixin.py:190} INFO - [2025-04-06T07:21:08.132+0000] {dag.py:3239} INFO - Sync 1 DAGs
[2025-04-06T07:21:08.152+0000] {logging_mixin.py:190} INFO - [2025-04-06T07:21:08.151+0000] {dag.py:4180} INFO - Setting next_dagrun for example_xcom to 2021-01-01 00:00:00+00:00, run_after=2021-01-01 00:00:00+00:00
[2025-04-06T07:21:08.169+0000] {processor.py:208} INFO - Processing /home/airflow/.local/lib/python3.12/site-packages/airflow/example_dags/example_xcom.py took 0.069 seconds
[2025-04-06T07:21:38.302+0000] {processor.py:186} INFO - Started process (PID=922) to work on /home/airflow/.local/lib/python3.12/site-packages/airflow/example_dags/example_xcom.py
[2025-04-06T07:21:38.303+0000] {processor.py:914} INFO - Processing file /home/airflow/.local/lib/python3.12/site-packages/airflow/example_dags/example_xcom.py for tasks to queue
[2025-04-06T07:21:38.305+0000] {logging_mixin.py:190} INFO - [2025-04-06T07:21:38.305+0000] {dagbag.py:588} INFO - Filling up the DagBag from /home/airflow/.local/lib/python3.12/site-packages/airflow/example_dags/example_xcom.py
[2025-04-06T07:21:38.314+0000] {processor.py:925} INFO - DAG(s) 'example_xcom' retrieved from /home/airflow/.local/lib/python3.12/site-packages/airflow/example_dags/example_xcom.py
[2025-04-06T07:21:38.329+0000] {logging_mixin.py:190} INFO - [2025-04-06T07:21:38.329+0000] {dag.py:3239} INFO - Sync 1 DAGs
[2025-04-06T07:21:38.347+0000] {logging_mixin.py:190} INFO - [2025-04-06T07:21:38.347+0000] {dag.py:4180} INFO - Setting next_dagrun for example_xcom to 2021-01-01 00:00:00+00:00, run_after=2021-01-01 00:00:00+00:00
[2025-04-06T07:21:38.363+0000] {processor.py:208} INFO - Processing /home/airflow/.local/lib/python3.12/site-packages/airflow/example_dags/example_xcom.py took 0.066 seconds
[2025-04-06T07:22:09.425+0000] {processor.py:186} INFO - Started process (PID=985) to work on /home/airflow/.local/lib/python3.12/site-packages/airflow/example_dags/example_xcom.py
[2025-04-06T07:22:09.427+0000] {processor.py:914} INFO - Processing file /home/airflow/.local/lib/python3.12/site-packages/airflow/example_dags/example_xcom.py for tasks to queue
[2025-04-06T07:22:09.431+0000] {logging_mixin.py:190} INFO - [2025-04-06T07:22:09.431+0000] {dagbag.py:588} INFO - Filling up the DagBag from /home/airflow/.local/lib/python3.12/site-packages/airflow/example_dags/example_xcom.py
[2025-04-06T07:22:09.445+0000] {processor.py:925} INFO - DAG(s) 'example_xcom' retrieved from /home/airflow/.local/lib/python3.12/site-packages/airflow/example_dags/example_xcom.py
[2025-04-06T07:22:09.473+0000] {logging_mixin.py:190} INFO - [2025-04-06T07:22:09.473+0000] {dag.py:3239} INFO - Sync 1 DAGs
[2025-04-06T07:22:09.512+0000] {logging_mixin.py:190} INFO - [2025-04-06T07:22:09.512+0000] {dag.py:4180} INFO - Setting next_dagrun for example_xcom to 2021-01-01 00:00:00+00:00, run_after=2021-01-01 00:00:00+00:00
[2025-04-06T07:22:09.544+0000] {processor.py:208} INFO - Processing /home/airflow/.local/lib/python3.12/site-packages/airflow/example_dags/example_xcom.py took 0.127 seconds
[2025-04-06T07:22:40.229+0000] {processor.py:186} INFO - Started process (PID=1048) to work on /home/airflow/.local/lib/python3.12/site-packages/airflow/example_dags/example_xcom.py
[2025-04-06T07:22:40.230+0000] {processor.py:914} INFO - Processing file /home/airflow/.local/lib/python3.12/site-packages/airflow/example_dags/example_xcom.py for tasks to queue
[2025-04-06T07:22:40.232+0000] {logging_mixin.py:190} INFO - [2025-04-06T07:22:40.232+0000] {dagbag.py:588} INFO - Filling up the DagBag from /home/airflow/.local/lib/python3.12/site-packages/airflow/example_dags/example_xcom.py
[2025-04-06T07:22:40.241+0000] {processor.py:925} INFO - DAG(s) 'example_xcom' retrieved from /home/airflow/.local/lib/python3.12/site-packages/airflow/example_dags/example_xcom.py
[2025-04-06T07:22:40.262+0000] {logging_mixin.py:190} INFO - [2025-04-06T07:22:40.262+0000] {dag.py:3239} INFO - Sync 1 DAGs
[2025-04-06T07:22:40.285+0000] {logging_mixin.py:190} INFO - [2025-04-06T07:22:40.285+0000] {dag.py:4180} INFO - Setting next_dagrun for example_xcom to 2021-01-01 00:00:00+00:00, run_after=2021-01-01 00:00:00+00:00
[2025-04-06T07:22:40.306+0000] {processor.py:208} INFO - Processing /home/airflow/.local/lib/python3.12/site-packages/airflow/example_dags/example_xcom.py took 0.083 seconds
[2025-04-06T07:23:10.633+0000] {processor.py:186} INFO - Started process (PID=1111) to work on /home/airflow/.local/lib/python3.12/site-packages/airflow/example_dags/example_xcom.py
[2025-04-06T07:23:10.634+0000] {processor.py:914} INFO - Processing file /home/airflow/.local/lib/python3.12/site-packages/airflow/example_dags/example_xcom.py for tasks to queue
[2025-04-06T07:23:10.636+0000] {logging_mixin.py:190} INFO - [2025-04-06T07:23:10.636+0000] {dagbag.py:588} INFO - Filling up the DagBag from /home/airflow/.local/lib/python3.12/site-packages/airflow/example_dags/example_xcom.py
[2025-04-06T07:23:10.646+0000] {processor.py:925} INFO - DAG(s) 'example_xcom' retrieved from /home/airflow/.local/lib/python3.12/site-packages/airflow/example_dags/example_xcom.py
[2025-04-06T07:23:10.666+0000] {logging_mixin.py:190} INFO - [2025-04-06T07:23:10.665+0000] {dag.py:3239} INFO - Sync 1 DAGs
[2025-04-06T07:23:10.687+0000] {logging_mixin.py:190} INFO - [2025-04-06T07:23:10.687+0000] {dag.py:4180} INFO - Setting next_dagrun for example_xcom to 2021-01-01 00:00:00+00:00, run_after=2021-01-01 00:00:00+00:00
[2025-04-06T07:23:10.707+0000] {processor.py:208} INFO - Processing /home/airflow/.local/lib/python3.12/site-packages/airflow/example_dags/example_xcom.py took 0.080 seconds
[2025-04-06T07:23:41.734+0000] {processor.py:186} INFO - Started process (PID=1174) to work on /home/airflow/.local/lib/python3.12/site-packages/airflow/example_dags/example_xcom.py
[2025-04-06T07:23:41.735+0000] {processor.py:914} INFO - Processing file /home/airflow/.local/lib/python3.12/site-packages/airflow/example_dags/example_xcom.py for tasks to queue
[2025-04-06T07:23:41.739+0000] {logging_mixin.py:190} INFO - [2025-04-06T07:23:41.738+0000] {dagbag.py:588} INFO - Filling up the DagBag from /home/airflow/.local/lib/python3.12/site-packages/airflow/example_dags/example_xcom.py
[2025-04-06T07:23:41.752+0000] {processor.py:925} INFO - DAG(s) 'example_xcom' retrieved from /home/airflow/.local/lib/python3.12/site-packages/airflow/example_dags/example_xcom.py
[2025-04-06T07:23:41.774+0000] {logging_mixin.py:190} INFO - [2025-04-06T07:23:41.773+0000] {dag.py:3239} INFO - Sync 1 DAGs
[2025-04-06T07:23:41.797+0000] {logging_mixin.py:190} INFO - [2025-04-06T07:23:41.797+0000] {dag.py:4180} INFO - Setting next_dagrun for example_xcom to 2021-01-01 00:00:00+00:00, run_after=2021-01-01 00:00:00+00:00
[2025-04-06T07:23:41.819+0000] {processor.py:208} INFO - Processing /home/airflow/.local/lib/python3.12/site-packages/airflow/example_dags/example_xcom.py took 0.093 seconds
[2025-04-06T07:24:12.101+0000] {processor.py:186} INFO - Started process (PID=1237) to work on /home/airflow/.local/lib/python3.12/site-packages/airflow/example_dags/example_xcom.py
[2025-04-06T07:24:12.102+0000] {processor.py:914} INFO - Processing file /home/airflow/.local/lib/python3.12/site-packages/airflow/example_dags/example_xcom.py for tasks to queue
[2025-04-06T07:24:12.104+0000] {logging_mixin.py:190} INFO - [2025-04-06T07:24:12.103+0000] {dagbag.py:588} INFO - Filling up the DagBag from /home/airflow/.local/lib/python3.12/site-packages/airflow/example_dags/example_xcom.py
[2025-04-06T07:24:12.112+0000] {processor.py:925} INFO - DAG(s) 'example_xcom' retrieved from /home/airflow/.local/lib/python3.12/site-packages/airflow/example_dags/example_xcom.py
[2025-04-06T07:24:12.129+0000] {logging_mixin.py:190} INFO - [2025-04-06T07:24:12.129+0000] {dag.py:3239} INFO - Sync 1 DAGs
[2025-04-06T07:24:12.153+0000] {logging_mixin.py:190} INFO - [2025-04-06T07:24:12.152+0000] {dag.py:4180} INFO - Setting next_dagrun for example_xcom to 2021-01-01 00:00:00+00:00, run_after=2021-01-01 00:00:00+00:00
[2025-04-06T07:24:12.174+0000] {processor.py:208} INFO - Processing /home/airflow/.local/lib/python3.12/site-packages/airflow/example_dags/example_xcom.py took 0.079 seconds
[2025-04-06T07:24:42.353+0000] {processor.py:186} INFO - Started process (PID=1300) to work on /home/airflow/.local/lib/python3.12/site-packages/airflow/example_dags/example_xcom.py
[2025-04-06T07:24:42.354+0000] {processor.py:914} INFO - Processing file /home/airflow/.local/lib/python3.12/site-packages/airflow/example_dags/example_xcom.py for tasks to queue
[2025-04-06T07:24:42.356+0000] {logging_mixin.py:190} INFO - [2025-04-06T07:24:42.355+0000] {dagbag.py:588} INFO - Filling up the DagBag from /home/airflow/.local/lib/python3.12/site-packages/airflow/example_dags/example_xcom.py
[2025-04-06T07:24:42.364+0000] {processor.py:925} INFO - DAG(s) 'example_xcom' retrieved from /home/airflow/.local/lib/python3.12/site-packages/airflow/example_dags/example_xcom.py
[2025-04-06T07:24:42.404+0000] {logging_mixin.py:190} INFO - [2025-04-06T07:24:42.404+0000] {dag.py:3239} INFO - Sync 1 DAGs
[2025-04-06T07:24:42.427+0000] {logging_mixin.py:190} INFO - [2025-04-06T07:24:42.427+0000] {dag.py:4180} INFO - Setting next_dagrun for example_xcom to 2021-01-01 00:00:00+00:00, run_after=2021-01-01 00:00:00+00:00
[2025-04-06T07:24:42.445+0000] {processor.py:208} INFO - Processing /home/airflow/.local/lib/python3.12/site-packages/airflow/example_dags/example_xcom.py took 0.097 seconds
[2025-04-06T07:25:12.717+0000] {processor.py:186} INFO - Started process (PID=1364) to work on /home/airflow/.local/lib/python3.12/site-packages/airflow/example_dags/example_xcom.py
[2025-04-06T07:25:12.718+0000] {processor.py:914} INFO - Processing file /home/airflow/.local/lib/python3.12/site-packages/airflow/example_dags/example_xcom.py for tasks to queue
[2025-04-06T07:25:12.720+0000] {logging_mixin.py:190} INFO - [2025-04-06T07:25:12.719+0000] {dagbag.py:588} INFO - Filling up the DagBag from /home/airflow/.local/lib/python3.12/site-packages/airflow/example_dags/example_xcom.py
[2025-04-06T07:25:12.727+0000] {processor.py:925} INFO - DAG(s) 'example_xcom' retrieved from /home/airflow/.local/lib/python3.12/site-packages/airflow/example_dags/example_xcom.py
[2025-04-06T07:25:12.741+0000] {logging_mixin.py:190} INFO - [2025-04-06T07:25:12.741+0000] {dag.py:3239} INFO - Sync 1 DAGs
[2025-04-06T07:25:12.758+0000] {logging_mixin.py:190} INFO - [2025-04-06T07:25:12.758+0000] {dag.py:4180} INFO - Setting next_dagrun for example_xcom to 2021-01-01 00:00:00+00:00, run_after=2021-01-01 00:00:00+00:00
[2025-04-06T07:25:12.776+0000] {processor.py:208} INFO - Processing /home/airflow/.local/lib/python3.12/site-packages/airflow/example_dags/example_xcom.py took 0.063 seconds
[2025-04-06T07:25:43.214+0000] {processor.py:186} INFO - Started process (PID=1429) to work on /home/airflow/.local/lib/python3.12/site-packages/airflow/example_dags/example_xcom.py
[2025-04-06T07:25:43.215+0000] {processor.py:914} INFO - Processing file /home/airflow/.local/lib/python3.12/site-packages/airflow/example_dags/example_xcom.py for tasks to queue
[2025-04-06T07:25:43.216+0000] {logging_mixin.py:190} INFO - [2025-04-06T07:25:43.216+0000] {dagbag.py:588} INFO - Filling up the DagBag from /home/airflow/.local/lib/python3.12/site-packages/airflow/example_dags/example_xcom.py
[2025-04-06T07:25:43.224+0000] {processor.py:925} INFO - DAG(s) 'example_xcom' retrieved from /home/airflow/.local/lib/python3.12/site-packages/airflow/example_dags/example_xcom.py
[2025-04-06T07:25:43.239+0000] {logging_mixin.py:190} INFO - [2025-04-06T07:25:43.239+0000] {dag.py:3239} INFO - Sync 1 DAGs
[2025-04-06T07:25:43.256+0000] {logging_mixin.py:190} INFO - [2025-04-06T07:25:43.256+0000] {dag.py:4180} INFO - Setting next_dagrun for example_xcom to 2021-01-01 00:00:00+00:00, run_after=2021-01-01 00:00:00+00:00
[2025-04-06T07:25:43.273+0000] {processor.py:208} INFO - Processing /home/airflow/.local/lib/python3.12/site-packages/airflow/example_dags/example_xcom.py took 0.064 seconds
[2025-04-06T07:26:13.541+0000] {processor.py:186} INFO - Started process (PID=1493) to work on /home/airflow/.local/lib/python3.12/site-packages/airflow/example_dags/example_xcom.py
[2025-04-06T07:26:13.542+0000] {processor.py:914} INFO - Processing file /home/airflow/.local/lib/python3.12/site-packages/airflow/example_dags/example_xcom.py for tasks to queue
[2025-04-06T07:26:13.543+0000] {logging_mixin.py:190} INFO - [2025-04-06T07:26:13.543+0000] {dagbag.py:588} INFO - Filling up the DagBag from /home/airflow/.local/lib/python3.12/site-packages/airflow/example_dags/example_xcom.py
[2025-04-06T07:26:13.550+0000] {processor.py:925} INFO - DAG(s) 'example_xcom' retrieved from /home/airflow/.local/lib/python3.12/site-packages/airflow/example_dags/example_xcom.py
[2025-04-06T07:26:13.565+0000] {logging_mixin.py:190} INFO - [2025-04-06T07:26:13.564+0000] {dag.py:3239} INFO - Sync 1 DAGs
[2025-04-06T07:26:13.581+0000] {logging_mixin.py:190} INFO - [2025-04-06T07:26:13.581+0000] {dag.py:4180} INFO - Setting next_dagrun for example_xcom to 2021-01-01 00:00:00+00:00, run_after=2021-01-01 00:00:00+00:00
[2025-04-06T07:26:13.598+0000] {processor.py:208} INFO - Processing /home/airflow/.local/lib/python3.12/site-packages/airflow/example_dags/example_xcom.py took 0.063 seconds
[2025-04-06T07:26:43.915+0000] {processor.py:186} INFO - Started process (PID=1557) to work on /home/airflow/.local/lib/python3.12/site-packages/airflow/example_dags/example_xcom.py
[2025-04-06T07:26:43.916+0000] {processor.py:914} INFO - Processing file /home/airflow/.local/lib/python3.12/site-packages/airflow/example_dags/example_xcom.py for tasks to queue
[2025-04-06T07:26:43.918+0000] {logging_mixin.py:190} INFO - [2025-04-06T07:26:43.918+0000] {dagbag.py:588} INFO - Filling up the DagBag from /home/airflow/.local/lib/python3.12/site-packages/airflow/example_dags/example_xcom.py
[2025-04-06T07:26:43.927+0000] {processor.py:925} INFO - DAG(s) 'example_xcom' retrieved from /home/airflow/.local/lib/python3.12/site-packages/airflow/example_dags/example_xcom.py
[2025-04-06T07:26:43.944+0000] {logging_mixin.py:190} INFO - [2025-04-06T07:26:43.944+0000] {dag.py:3239} INFO - Sync 1 DAGs
[2025-04-06T07:26:43.963+0000] {logging_mixin.py:190} INFO - [2025-04-06T07:26:43.963+0000] {dag.py:4180} INFO - Setting next_dagrun for example_xcom to 2021-01-01 00:00:00+00:00, run_after=2021-01-01 00:00:00+00:00
[2025-04-06T07:26:43.980+0000] {processor.py:208} INFO - Processing /home/airflow/.local/lib/python3.12/site-packages/airflow/example_dags/example_xcom.py took 0.070 seconds
[2025-04-06T07:27:14.194+0000] {processor.py:186} INFO - Started process (PID=1624) to work on /home/airflow/.local/lib/python3.12/site-packages/airflow/example_dags/example_xcom.py
[2025-04-06T07:27:14.195+0000] {processor.py:914} INFO - Processing file /home/airflow/.local/lib/python3.12/site-packages/airflow/example_dags/example_xcom.py for tasks to queue
[2025-04-06T07:27:14.199+0000] {logging_mixin.py:190} INFO - [2025-04-06T07:27:14.199+0000] {dagbag.py:588} INFO - Filling up the DagBag from /home/airflow/.local/lib/python3.12/site-packages/airflow/example_dags/example_xcom.py
[2025-04-06T07:27:14.215+0000] {processor.py:925} INFO - DAG(s) 'example_xcom' retrieved from /home/airflow/.local/lib/python3.12/site-packages/airflow/example_dags/example_xcom.py
[2025-04-06T07:27:14.260+0000] {logging_mixin.py:190} INFO - [2025-04-06T07:27:14.260+0000] {dag.py:3239} INFO - Sync 1 DAGs
[2025-04-06T07:27:14.299+0000] {logging_mixin.py:190} INFO - [2025-04-06T07:27:14.298+0000] {dag.py:4180} INFO - Setting next_dagrun for example_xcom to 2021-01-01 00:00:00+00:00, run_after=2021-01-01 00:00:00+00:00
[2025-04-06T07:27:14.328+0000] {processor.py:208} INFO - Processing /home/airflow/.local/lib/python3.12/site-packages/airflow/example_dags/example_xcom.py took 0.144 seconds
[2025-04-06T07:27:45.118+0000] {processor.py:186} INFO - Started process (PID=1688) to work on /home/airflow/.local/lib/python3.12/site-packages/airflow/example_dags/example_xcom.py
[2025-04-06T07:27:45.119+0000] {processor.py:914} INFO - Processing file /home/airflow/.local/lib/python3.12/site-packages/airflow/example_dags/example_xcom.py for tasks to queue
[2025-04-06T07:27:45.122+0000] {logging_mixin.py:190} INFO - [2025-04-06T07:27:45.121+0000] {dagbag.py:588} INFO - Filling up the DagBag from /home/airflow/.local/lib/python3.12/site-packages/airflow/example_dags/example_xcom.py
[2025-04-06T07:27:45.132+0000] {processor.py:925} INFO - DAG(s) 'example_xcom' retrieved from /home/airflow/.local/lib/python3.12/site-packages/airflow/example_dags/example_xcom.py
[2025-04-06T07:27:45.153+0000] {logging_mixin.py:190} INFO - [2025-04-06T07:27:45.152+0000] {dag.py:3239} INFO - Sync 1 DAGs
[2025-04-06T07:27:45.176+0000] {logging_mixin.py:190} INFO - [2025-04-06T07:27:45.176+0000] {dag.py:4180} INFO - Setting next_dagrun for example_xcom to 2021-01-01 00:00:00+00:00, run_after=2021-01-01 00:00:00+00:00
[2025-04-06T07:27:45.196+0000] {processor.py:208} INFO - Processing /home/airflow/.local/lib/python3.12/site-packages/airflow/example_dags/example_xcom.py took 0.084 seconds
[2025-04-06T07:28:15.229+0000] {processor.py:186} INFO - Started process (PID=1752) to work on /home/airflow/.local/lib/python3.12/site-packages/airflow/example_dags/example_xcom.py
[2025-04-06T07:28:15.230+0000] {processor.py:914} INFO - Processing file /home/airflow/.local/lib/python3.12/site-packages/airflow/example_dags/example_xcom.py for tasks to queue
[2025-04-06T07:28:15.232+0000] {logging_mixin.py:190} INFO - [2025-04-06T07:28:15.231+0000] {dagbag.py:588} INFO - Filling up the DagBag from /home/airflow/.local/lib/python3.12/site-packages/airflow/example_dags/example_xcom.py
[2025-04-06T07:28:15.240+0000] {processor.py:925} INFO - DAG(s) 'example_xcom' retrieved from /home/airflow/.local/lib/python3.12/site-packages/airflow/example_dags/example_xcom.py
[2025-04-06T07:28:15.255+0000] {logging_mixin.py:190} INFO - [2025-04-06T07:28:15.255+0000] {dag.py:3239} INFO - Sync 1 DAGs
[2025-04-06T07:28:15.272+0000] {logging_mixin.py:190} INFO - [2025-04-06T07:28:15.272+0000] {dag.py:4180} INFO - Setting next_dagrun for example_xcom to 2021-01-01 00:00:00+00:00, run_after=2021-01-01 00:00:00+00:00
[2025-04-06T07:28:15.289+0000] {processor.py:208} INFO - Processing /home/airflow/.local/lib/python3.12/site-packages/airflow/example_dags/example_xcom.py took 0.065 seconds
[2025-04-06T07:28:45.604+0000] {processor.py:186} INFO - Started process (PID=1816) to work on /home/airflow/.local/lib/python3.12/site-packages/airflow/example_dags/example_xcom.py
[2025-04-06T07:28:45.605+0000] {processor.py:914} INFO - Processing file /home/airflow/.local/lib/python3.12/site-packages/airflow/example_dags/example_xcom.py for tasks to queue
[2025-04-06T07:28:45.607+0000] {logging_mixin.py:190} INFO - [2025-04-06T07:28:45.606+0000] {dagbag.py:588} INFO - Filling up the DagBag from /home/airflow/.local/lib/python3.12/site-packages/airflow/example_dags/example_xcom.py
[2025-04-06T07:28:45.614+0000] {processor.py:925} INFO - DAG(s) 'example_xcom' retrieved from /home/airflow/.local/lib/python3.12/site-packages/airflow/example_dags/example_xcom.py
[2025-04-06T07:28:45.629+0000] {logging_mixin.py:190} INFO - [2025-04-06T07:28:45.629+0000] {dag.py:3239} INFO - Sync 1 DAGs
[2025-04-06T07:28:45.648+0000] {logging_mixin.py:190} INFO - [2025-04-06T07:28:45.648+0000] {dag.py:4180} INFO - Setting next_dagrun for example_xcom to 2021-01-01 00:00:00+00:00, run_after=2021-01-01 00:00:00+00:00
[2025-04-06T07:28:45.665+0000] {processor.py:208} INFO - Processing /home/airflow/.local/lib/python3.12/site-packages/airflow/example_dags/example_xcom.py took 0.066 seconds
[2025-04-06T07:29:15.924+0000] {processor.py:186} INFO - Started process (PID=1880) to work on /home/airflow/.local/lib/python3.12/site-packages/airflow/example_dags/example_xcom.py
[2025-04-06T07:29:15.925+0000] {processor.py:914} INFO - Processing file /home/airflow/.local/lib/python3.12/site-packages/airflow/example_dags/example_xcom.py for tasks to queue
[2025-04-06T07:29:15.927+0000] {logging_mixin.py:190} INFO - [2025-04-06T07:29:15.926+0000] {dagbag.py:588} INFO - Filling up the DagBag from /home/airflow/.local/lib/python3.12/site-packages/airflow/example_dags/example_xcom.py
[2025-04-06T07:29:15.934+0000] {processor.py:925} INFO - DAG(s) 'example_xcom' retrieved from /home/airflow/.local/lib/python3.12/site-packages/airflow/example_dags/example_xcom.py
[2025-04-06T07:29:15.950+0000] {logging_mixin.py:190} INFO - [2025-04-06T07:29:15.950+0000] {dag.py:3239} INFO - Sync 1 DAGs
[2025-04-06T07:29:15.968+0000] {logging_mixin.py:190} INFO - [2025-04-06T07:29:15.968+0000] {dag.py:4180} INFO - Setting next_dagrun for example_xcom to 2021-01-01 00:00:00+00:00, run_after=2021-01-01 00:00:00+00:00
[2025-04-06T07:29:15.984+0000] {processor.py:208} INFO - Processing /home/airflow/.local/lib/python3.12/site-packages/airflow/example_dags/example_xcom.py took 0.064 seconds
[2025-04-06T07:29:46.150+0000] {processor.py:186} INFO - Started process (PID=1944) to work on /home/airflow/.local/lib/python3.12/site-packages/airflow/example_dags/example_xcom.py
[2025-04-06T07:29:46.151+0000] {processor.py:914} INFO - Processing file /home/airflow/.local/lib/python3.12/site-packages/airflow/example_dags/example_xcom.py for tasks to queue
[2025-04-06T07:29:46.153+0000] {logging_mixin.py:190} INFO - [2025-04-06T07:29:46.152+0000] {dagbag.py:588} INFO - Filling up the DagBag from /home/airflow/.local/lib/python3.12/site-packages/airflow/example_dags/example_xcom.py
[2025-04-06T07:29:46.160+0000] {processor.py:925} INFO - DAG(s) 'example_xcom' retrieved from /home/airflow/.local/lib/python3.12/site-packages/airflow/example_dags/example_xcom.py
[2025-04-06T07:29:46.175+0000] {logging_mixin.py:190} INFO - [2025-04-06T07:29:46.175+0000] {dag.py:3239} INFO - Sync 1 DAGs
[2025-04-06T07:29:46.193+0000] {logging_mixin.py:190} INFO - [2025-04-06T07:29:46.193+0000] {dag.py:4180} INFO - Setting next_dagrun for example_xcom to 2021-01-01 00:00:00+00:00, run_after=2021-01-01 00:00:00+00:00
[2025-04-06T07:29:46.210+0000] {processor.py:208} INFO - Processing /home/airflow/.local/lib/python3.12/site-packages/airflow/example_dags/example_xcom.py took 0.065 seconds
[2025-04-06T07:30:16.539+0000] {processor.py:186} INFO - Started process (PID=2008) to work on /home/airflow/.local/lib/python3.12/site-packages/airflow/example_dags/example_xcom.py
[2025-04-06T07:30:16.540+0000] {processor.py:914} INFO - Processing file /home/airflow/.local/lib/python3.12/site-packages/airflow/example_dags/example_xcom.py for tasks to queue
[2025-04-06T07:30:16.542+0000] {logging_mixin.py:190} INFO - [2025-04-06T07:30:16.541+0000] {dagbag.py:588} INFO - Filling up the DagBag from /home/airflow/.local/lib/python3.12/site-packages/airflow/example_dags/example_xcom.py
[2025-04-06T07:30:16.548+0000] {processor.py:925} INFO - DAG(s) 'example_xcom' retrieved from /home/airflow/.local/lib/python3.12/site-packages/airflow/example_dags/example_xcom.py
[2025-04-06T07:30:16.564+0000] {logging_mixin.py:190} INFO - [2025-04-06T07:30:16.564+0000] {dag.py:3239} INFO - Sync 1 DAGs
[2025-04-06T07:30:16.581+0000] {logging_mixin.py:190} INFO - [2025-04-06T07:30:16.581+0000] {dag.py:4180} INFO - Setting next_dagrun for example_xcom to 2021-01-01 00:00:00+00:00, run_after=2021-01-01 00:00:00+00:00
[2025-04-06T07:30:16.601+0000] {processor.py:208} INFO - Processing /home/airflow/.local/lib/python3.12/site-packages/airflow/example_dags/example_xcom.py took 0.066 seconds
