[2025-04-06T07:15:04.601+0000] {processor.py:186} INFO - Started process (PID=126) to work on /home/airflow/.local/lib/python3.12/site-packages/airflow/example_dags/example_xcomargs.py
[2025-04-06T07:15:04.602+0000] {processor.py:914} INFO - Processing file /home/airflow/.local/lib/python3.12/site-packages/airflow/example_dags/example_xcomargs.py for tasks to queue
[2025-04-06T07:15:04.606+0000] {logging_mixin.py:190} INFO - [2025-04-06T07:15:04.605+0000] {dagbag.py:588} INFO - Filling up the DagBag from /home/airflow/.local/lib/python3.12/site-packages/airflow/example_dags/example_xcomargs.py
[2025-04-06T07:15:04.620+0000] {processor.py:925} INFO - DAG(s) 'example_xcom_args', 'example_xcom_args_with_operators' retrieved from /home/airflow/.local/lib/python3.12/site-packages/airflow/example_dags/example_xcomargs.py
[2025-04-06T07:15:04.850+0000] {logging_mixin.py:190} INFO - [2025-04-06T07:15:04.846+0000] {override.py:1912} INFO - Created Permission View: can edit on DAG:example_xcom_args
[2025-04-06T07:15:04.874+0000] {logging_mixin.py:190} INFO - [2025-04-06T07:15:04.874+0000] {override.py:1912} INFO - Created Permission View: can delete on DAG:example_xcom_args
[2025-04-06T07:15:04.889+0000] {logging_mixin.py:190} INFO - [2025-04-06T07:15:04.889+0000] {override.py:1912} INFO - Created Permission View: can read on DAG:example_xcom_args
[2025-04-06T07:15:04.912+0000] {logging_mixin.py:190} INFO - [2025-04-06T07:15:04.912+0000] {override.py:1912} INFO - Created Permission View: can delete on DAG Run:example_xcom_args
[2025-04-06T07:15:04.931+0000] {logging_mixin.py:190} INFO - [2025-04-06T07:15:04.930+0000] {override.py:1912} INFO - Created Permission View: can create on DAG Run:example_xcom_args
[2025-04-06T07:15:04.947+0000] {logging_mixin.py:190} INFO - [2025-04-06T07:15:04.946+0000] {override.py:1912} INFO - Created Permission View: can read on DAG Run:example_xcom_args
[2025-04-06T07:15:04.968+0000] {logging_mixin.py:190} INFO - [2025-04-06T07:15:04.967+0000] {override.py:1912} INFO - Created Permission View: menu access on DAG Run:example_xcom_args
[2025-04-06T07:15:05.006+0000] {logging_mixin.py:190} INFO - [2025-04-06T07:15:05.006+0000] {override.py:1912} INFO - Created Permission View: can edit on DAG:example_xcom_args_with_operators
[2025-04-06T07:15:05.028+0000] {logging_mixin.py:190} INFO - [2025-04-06T07:15:05.028+0000] {override.py:1912} INFO - Created Permission View: can delete on DAG:example_xcom_args_with_operators
[2025-04-06T07:15:05.053+0000] {logging_mixin.py:190} INFO - [2025-04-06T07:15:05.052+0000] {override.py:1912} INFO - Created Permission View: can read on DAG:example_xcom_args_with_operators
[2025-04-06T07:15:05.076+0000] {logging_mixin.py:190} INFO - [2025-04-06T07:15:05.075+0000] {override.py:1912} INFO - Created Permission View: can delete on DAG Run:example_xcom_args_with_operators
[2025-04-06T07:15:05.097+0000] {logging_mixin.py:190} INFO - [2025-04-06T07:15:05.096+0000] {override.py:1912} INFO - Created Permission View: can create on DAG Run:example_xcom_args_with_operators
[2025-04-06T07:15:05.118+0000] {logging_mixin.py:190} INFO - [2025-04-06T07:15:05.117+0000] {override.py:1912} INFO - Created Permission View: can read on DAG Run:example_xcom_args_with_operators
[2025-04-06T07:15:05.137+0000] {logging_mixin.py:190} INFO - [2025-04-06T07:15:05.136+0000] {override.py:1912} INFO - Created Permission View: menu access on DAG Run:example_xcom_args_with_operators
[2025-04-06T07:15:05.138+0000] {logging_mixin.py:190} INFO - [2025-04-06T07:15:05.138+0000] {dag.py:3239} INFO - Sync 2 DAGs
[2025-04-06T07:15:05.168+0000] {logging_mixin.py:190} INFO - [2025-04-06T07:15:05.167+0000] {dag.py:3262} INFO - Creating ORM DAG for example_xcom_args_with_operators
[2025-04-06T07:15:05.169+0000] {logging_mixin.py:190} INFO - [2025-04-06T07:15:05.169+0000] {dag.py:3262} INFO - Creating ORM DAG for example_xcom_args
[2025-04-06T07:15:05.173+0000] {logging_mixin.py:190} INFO - [2025-04-06T07:15:05.172+0000] {dag.py:4180} INFO - Setting next_dagrun for example_xcom_args to None, run_after=None
[2025-04-06T07:15:05.175+0000] {logging_mixin.py:190} INFO - [2025-04-06T07:15:05.174+0000] {dag.py:4180} INFO - Setting next_dagrun for example_xcom_args_with_operators to None, run_after=None
[2025-04-06T07:15:05.219+0000] {processor.py:208} INFO - Processing /home/airflow/.local/lib/python3.12/site-packages/airflow/example_dags/example_xcomargs.py took 0.626 seconds
[2025-04-06T07:15:35.727+0000] {processor.py:186} INFO - Started process (PID=189) to work on /home/airflow/.local/lib/python3.12/site-packages/airflow/example_dags/example_xcomargs.py
[2025-04-06T07:15:35.728+0000] {processor.py:914} INFO - Processing file /home/airflow/.local/lib/python3.12/site-packages/airflow/example_dags/example_xcomargs.py for tasks to queue
[2025-04-06T07:15:35.729+0000] {logging_mixin.py:190} INFO - [2025-04-06T07:15:35.729+0000] {dagbag.py:588} INFO - Filling up the DagBag from /home/airflow/.local/lib/python3.12/site-packages/airflow/example_dags/example_xcomargs.py
[2025-04-06T07:15:35.737+0000] {processor.py:925} INFO - DAG(s) 'example_xcom_args', 'example_xcom_args_with_operators' retrieved from /home/airflow/.local/lib/python3.12/site-packages/airflow/example_dags/example_xcomargs.py
[2025-04-06T07:15:35.757+0000] {logging_mixin.py:190} INFO - [2025-04-06T07:15:35.757+0000] {dag.py:3239} INFO - Sync 2 DAGs
[2025-04-06T07:15:35.769+0000] {logging_mixin.py:190} INFO - [2025-04-06T07:15:35.768+0000] {dag.py:4180} INFO - Setting next_dagrun for example_xcom_args to None, run_after=None
[2025-04-06T07:15:35.773+0000] {logging_mixin.py:190} INFO - [2025-04-06T07:15:35.772+0000] {dag.py:4180} INFO - Setting next_dagrun for example_xcom_args_with_operators to None, run_after=None
[2025-04-06T07:15:35.788+0000] {processor.py:208} INFO - Processing /home/airflow/.local/lib/python3.12/site-packages/airflow/example_dags/example_xcomargs.py took 0.065 seconds
[2025-04-06T07:16:06.294+0000] {processor.py:186} INFO - Started process (PID=252) to work on /home/airflow/.local/lib/python3.12/site-packages/airflow/example_dags/example_xcomargs.py
[2025-04-06T07:16:06.295+0000] {processor.py:914} INFO - Processing file /home/airflow/.local/lib/python3.12/site-packages/airflow/example_dags/example_xcomargs.py for tasks to queue
[2025-04-06T07:16:06.298+0000] {logging_mixin.py:190} INFO - [2025-04-06T07:16:06.297+0000] {dagbag.py:588} INFO - Filling up the DagBag from /home/airflow/.local/lib/python3.12/site-packages/airflow/example_dags/example_xcomargs.py
[2025-04-06T07:16:06.309+0000] {processor.py:925} INFO - DAG(s) 'example_xcom_args', 'example_xcom_args_with_operators' retrieved from /home/airflow/.local/lib/python3.12/site-packages/airflow/example_dags/example_xcomargs.py
[2025-04-06T07:16:06.334+0000] {logging_mixin.py:190} INFO - [2025-04-06T07:16:06.334+0000] {dag.py:3239} INFO - Sync 2 DAGs
[2025-04-06T07:16:06.349+0000] {logging_mixin.py:190} INFO - [2025-04-06T07:16:06.349+0000] {dag.py:4180} INFO - Setting next_dagrun for example_xcom_args to None, run_after=None
[2025-04-06T07:16:06.355+0000] {logging_mixin.py:190} INFO - [2025-04-06T07:16:06.355+0000] {dag.py:4180} INFO - Setting next_dagrun for example_xcom_args_with_operators to None, run_after=None
[2025-04-06T07:16:06.376+0000] {processor.py:208} INFO - Processing /home/airflow/.local/lib/python3.12/site-packages/airflow/example_dags/example_xcomargs.py took 0.088 seconds
[2025-04-06T07:16:37.085+0000] {processor.py:186} INFO - Started process (PID=315) to work on /home/airflow/.local/lib/python3.12/site-packages/airflow/example_dags/example_xcomargs.py
[2025-04-06T07:16:37.087+0000] {processor.py:914} INFO - Processing file /home/airflow/.local/lib/python3.12/site-packages/airflow/example_dags/example_xcomargs.py for tasks to queue
[2025-04-06T07:16:37.090+0000] {logging_mixin.py:190} INFO - [2025-04-06T07:16:37.090+0000] {dagbag.py:588} INFO - Filling up the DagBag from /home/airflow/.local/lib/python3.12/site-packages/airflow/example_dags/example_xcomargs.py
[2025-04-06T07:16:37.101+0000] {processor.py:925} INFO - DAG(s) 'example_xcom_args', 'example_xcom_args_with_operators' retrieved from /home/airflow/.local/lib/python3.12/site-packages/airflow/example_dags/example_xcomargs.py
[2025-04-06T07:16:37.127+0000] {logging_mixin.py:190} INFO - [2025-04-06T07:16:37.126+0000] {dag.py:3239} INFO - Sync 2 DAGs
[2025-04-06T07:16:37.141+0000] {logging_mixin.py:190} INFO - [2025-04-06T07:16:37.141+0000] {dag.py:4180} INFO - Setting next_dagrun for example_xcom_args to None, run_after=None
[2025-04-06T07:16:37.145+0000] {logging_mixin.py:190} INFO - [2025-04-06T07:16:37.145+0000] {dag.py:4180} INFO - Setting next_dagrun for example_xcom_args_with_operators to None, run_after=None
[2025-04-06T07:16:37.164+0000] {processor.py:208} INFO - Processing /home/airflow/.local/lib/python3.12/site-packages/airflow/example_dags/example_xcomargs.py took 0.086 seconds
[2025-04-06T07:17:07.243+0000] {processor.py:186} INFO - Started process (PID=377) to work on /home/airflow/.local/lib/python3.12/site-packages/airflow/example_dags/example_xcomargs.py
[2025-04-06T07:17:07.244+0000] {processor.py:914} INFO - Processing file /home/airflow/.local/lib/python3.12/site-packages/airflow/example_dags/example_xcomargs.py for tasks to queue
[2025-04-06T07:17:07.246+0000] {logging_mixin.py:190} INFO - [2025-04-06T07:17:07.246+0000] {dagbag.py:588} INFO - Filling up the DagBag from /home/airflow/.local/lib/python3.12/site-packages/airflow/example_dags/example_xcomargs.py
[2025-04-06T07:17:07.257+0000] {processor.py:925} INFO - DAG(s) 'example_xcom_args_with_operators', 'example_xcom_args' retrieved from /home/airflow/.local/lib/python3.12/site-packages/airflow/example_dags/example_xcomargs.py
[2025-04-06T07:17:07.282+0000] {logging_mixin.py:190} INFO - [2025-04-06T07:17:07.282+0000] {dag.py:3239} INFO - Sync 2 DAGs
[2025-04-06T07:17:07.299+0000] {logging_mixin.py:190} INFO - [2025-04-06T07:17:07.299+0000] {dag.py:4180} INFO - Setting next_dagrun for example_xcom_args to None, run_after=None
[2025-04-06T07:17:07.304+0000] {logging_mixin.py:190} INFO - [2025-04-06T07:17:07.304+0000] {dag.py:4180} INFO - Setting next_dagrun for example_xcom_args_with_operators to None, run_after=None
[2025-04-06T07:17:07.328+0000] {processor.py:208} INFO - Processing /home/airflow/.local/lib/python3.12/site-packages/airflow/example_dags/example_xcomargs.py took 0.092 seconds
[2025-04-06T07:17:37.520+0000] {processor.py:186} INFO - Started process (PID=440) to work on /home/airflow/.local/lib/python3.12/site-packages/airflow/example_dags/example_xcomargs.py
[2025-04-06T07:17:37.521+0000] {processor.py:914} INFO - Processing file /home/airflow/.local/lib/python3.12/site-packages/airflow/example_dags/example_xcomargs.py for tasks to queue
[2025-04-06T07:17:37.525+0000] {logging_mixin.py:190} INFO - [2025-04-06T07:17:37.524+0000] {dagbag.py:588} INFO - Filling up the DagBag from /home/airflow/.local/lib/python3.12/site-packages/airflow/example_dags/example_xcomargs.py
[2025-04-06T07:17:37.543+0000] {processor.py:925} INFO - DAG(s) 'example_xcom_args_with_operators', 'example_xcom_args' retrieved from /home/airflow/.local/lib/python3.12/site-packages/airflow/example_dags/example_xcomargs.py
[2025-04-06T07:17:37.582+0000] {logging_mixin.py:190} INFO - [2025-04-06T07:17:37.582+0000] {dag.py:3239} INFO - Sync 2 DAGs
[2025-04-06T07:17:37.609+0000] {logging_mixin.py:190} INFO - [2025-04-06T07:17:37.608+0000] {dag.py:4180} INFO - Setting next_dagrun for example_xcom_args to None, run_after=None
[2025-04-06T07:17:37.617+0000] {logging_mixin.py:190} INFO - [2025-04-06T07:17:37.617+0000] {dag.py:4180} INFO - Setting next_dagrun for example_xcom_args_with_operators to None, run_after=None
[2025-04-06T07:17:37.647+0000] {processor.py:208} INFO - Processing /home/airflow/.local/lib/python3.12/site-packages/airflow/example_dags/example_xcomargs.py took 0.137 seconds
[2025-04-06T07:18:08.506+0000] {processor.py:186} INFO - Started process (PID=503) to work on /home/airflow/.local/lib/python3.12/site-packages/airflow/example_dags/example_xcomargs.py
[2025-04-06T07:18:08.507+0000] {processor.py:914} INFO - Processing file /home/airflow/.local/lib/python3.12/site-packages/airflow/example_dags/example_xcomargs.py for tasks to queue
[2025-04-06T07:18:08.509+0000] {logging_mixin.py:190} INFO - [2025-04-06T07:18:08.509+0000] {dagbag.py:588} INFO - Filling up the DagBag from /home/airflow/.local/lib/python3.12/site-packages/airflow/example_dags/example_xcomargs.py
[2025-04-06T07:18:08.522+0000] {processor.py:925} INFO - DAG(s) 'example_xcom_args_with_operators', 'example_xcom_args' retrieved from /home/airflow/.local/lib/python3.12/site-packages/airflow/example_dags/example_xcomargs.py
[2025-04-06T07:18:08.555+0000] {logging_mixin.py:190} INFO - [2025-04-06T07:18:08.555+0000] {dag.py:3239} INFO - Sync 2 DAGs
[2025-04-06T07:18:08.570+0000] {logging_mixin.py:190} INFO - [2025-04-06T07:18:08.570+0000] {dag.py:4180} INFO - Setting next_dagrun for example_xcom_args to None, run_after=None
[2025-04-06T07:18:08.574+0000] {logging_mixin.py:190} INFO - [2025-04-06T07:18:08.574+0000] {dag.py:4180} INFO - Setting next_dagrun for example_xcom_args_with_operators to None, run_after=None
[2025-04-06T07:18:08.592+0000] {processor.py:208} INFO - Processing /home/airflow/.local/lib/python3.12/site-packages/airflow/example_dags/example_xcomargs.py took 0.093 seconds
[2025-04-06T07:18:38.859+0000] {processor.py:186} INFO - Started process (PID=565) to work on /home/airflow/.local/lib/python3.12/site-packages/airflow/example_dags/example_xcomargs.py
[2025-04-06T07:18:38.862+0000] {processor.py:914} INFO - Processing file /home/airflow/.local/lib/python3.12/site-packages/airflow/example_dags/example_xcomargs.py for tasks to queue
[2025-04-06T07:18:38.873+0000] {logging_mixin.py:190} INFO - [2025-04-06T07:18:38.873+0000] {dagbag.py:588} INFO - Filling up the DagBag from /home/airflow/.local/lib/python3.12/site-packages/airflow/example_dags/example_xcomargs.py
[2025-04-06T07:18:38.897+0000] {processor.py:925} INFO - DAG(s) 'example_xcom_args', 'example_xcom_args_with_operators' retrieved from /home/airflow/.local/lib/python3.12/site-packages/airflow/example_dags/example_xcomargs.py
[2025-04-06T07:18:38.957+0000] {logging_mixin.py:190} INFO - [2025-04-06T07:18:38.956+0000] {dag.py:3239} INFO - Sync 2 DAGs
[2025-04-06T07:18:39.006+0000] {logging_mixin.py:190} INFO - [2025-04-06T07:18:39.005+0000] {dag.py:4180} INFO - Setting next_dagrun for example_xcom_args to None, run_after=None
[2025-04-06T07:18:39.018+0000] {logging_mixin.py:190} INFO - [2025-04-06T07:18:39.015+0000] {dag.py:4180} INFO - Setting next_dagrun for example_xcom_args_with_operators to None, run_after=None
[2025-04-06T07:18:39.071+0000] {processor.py:208} INFO - Processing /home/airflow/.local/lib/python3.12/site-packages/airflow/example_dags/example_xcomargs.py took 0.231 seconds
[2025-04-06T07:19:10.024+0000] {processor.py:186} INFO - Started process (PID=628) to work on /home/airflow/.local/lib/python3.12/site-packages/airflow/example_dags/example_xcomargs.py
[2025-04-06T07:19:10.026+0000] {processor.py:914} INFO - Processing file /home/airflow/.local/lib/python3.12/site-packages/airflow/example_dags/example_xcomargs.py for tasks to queue
[2025-04-06T07:19:10.028+0000] {logging_mixin.py:190} INFO - [2025-04-06T07:19:10.028+0000] {dagbag.py:588} INFO - Filling up the DagBag from /home/airflow/.local/lib/python3.12/site-packages/airflow/example_dags/example_xcomargs.py
[2025-04-06T07:19:10.040+0000] {processor.py:925} INFO - DAG(s) 'example_xcom_args', 'example_xcom_args_with_operators' retrieved from /home/airflow/.local/lib/python3.12/site-packages/airflow/example_dags/example_xcomargs.py
[2025-04-06T07:19:10.070+0000] {logging_mixin.py:190} INFO - [2025-04-06T07:19:10.070+0000] {dag.py:3239} INFO - Sync 2 DAGs
[2025-04-06T07:19:10.090+0000] {logging_mixin.py:190} INFO - [2025-04-06T07:19:10.089+0000] {dag.py:4180} INFO - Setting next_dagrun for example_xcom_args to None, run_after=None
[2025-04-06T07:19:10.095+0000] {logging_mixin.py:190} INFO - [2025-04-06T07:19:10.094+0000] {dag.py:4180} INFO - Setting next_dagrun for example_xcom_args_with_operators to None, run_after=None
[2025-04-06T07:19:10.116+0000] {processor.py:208} INFO - Processing /home/airflow/.local/lib/python3.12/site-packages/airflow/example_dags/example_xcomargs.py took 0.099 seconds
[2025-04-06T07:19:40.212+0000] {processor.py:186} INFO - Started process (PID=691) to work on /home/airflow/.local/lib/python3.12/site-packages/airflow/example_dags/example_xcomargs.py
[2025-04-06T07:19:40.213+0000] {processor.py:914} INFO - Processing file /home/airflow/.local/lib/python3.12/site-packages/airflow/example_dags/example_xcomargs.py for tasks to queue
[2025-04-06T07:19:40.215+0000] {logging_mixin.py:190} INFO - [2025-04-06T07:19:40.215+0000] {dagbag.py:588} INFO - Filling up the DagBag from /home/airflow/.local/lib/python3.12/site-packages/airflow/example_dags/example_xcomargs.py
[2025-04-06T07:19:40.226+0000] {processor.py:925} INFO - DAG(s) 'example_xcom_args_with_operators', 'example_xcom_args' retrieved from /home/airflow/.local/lib/python3.12/site-packages/airflow/example_dags/example_xcomargs.py
[2025-04-06T07:19:40.246+0000] {logging_mixin.py:190} INFO - [2025-04-06T07:19:40.246+0000] {dag.py:3239} INFO - Sync 2 DAGs
[2025-04-06T07:19:40.260+0000] {logging_mixin.py:190} INFO - [2025-04-06T07:19:40.259+0000] {dag.py:4180} INFO - Setting next_dagrun for example_xcom_args to None, run_after=None
[2025-04-06T07:19:40.264+0000] {logging_mixin.py:190} INFO - [2025-04-06T07:19:40.264+0000] {dag.py:4180} INFO - Setting next_dagrun for example_xcom_args_with_operators to None, run_after=None
[2025-04-06T07:19:40.284+0000] {processor.py:208} INFO - Processing /home/airflow/.local/lib/python3.12/site-packages/airflow/example_dags/example_xcomargs.py took 0.077 seconds
[2025-04-06T07:20:10.525+0000] {processor.py:186} INFO - Started process (PID=754) to work on /home/airflow/.local/lib/python3.12/site-packages/airflow/example_dags/example_xcomargs.py
[2025-04-06T07:20:10.527+0000] {processor.py:914} INFO - Processing file /home/airflow/.local/lib/python3.12/site-packages/airflow/example_dags/example_xcomargs.py for tasks to queue
[2025-04-06T07:20:10.531+0000] {logging_mixin.py:190} INFO - [2025-04-06T07:20:10.530+0000] {dagbag.py:588} INFO - Filling up the DagBag from /home/airflow/.local/lib/python3.12/site-packages/airflow/example_dags/example_xcomargs.py
[2025-04-06T07:20:10.545+0000] {processor.py:925} INFO - DAG(s) 'example_xcom_args', 'example_xcom_args_with_operators' retrieved from /home/airflow/.local/lib/python3.12/site-packages/airflow/example_dags/example_xcomargs.py
[2025-04-06T07:20:10.575+0000] {logging_mixin.py:190} INFO - [2025-04-06T07:20:10.575+0000] {dag.py:3239} INFO - Sync 2 DAGs
[2025-04-06T07:20:10.595+0000] {logging_mixin.py:190} INFO - [2025-04-06T07:20:10.595+0000] {dag.py:4180} INFO - Setting next_dagrun for example_xcom_args to None, run_after=None
[2025-04-06T07:20:10.601+0000] {logging_mixin.py:190} INFO - [2025-04-06T07:20:10.601+0000] {dag.py:4180} INFO - Setting next_dagrun for example_xcom_args_with_operators to None, run_after=None
[2025-04-06T07:20:10.623+0000] {processor.py:208} INFO - Processing /home/airflow/.local/lib/python3.12/site-packages/airflow/example_dags/example_xcomargs.py took 0.106 seconds
[2025-04-06T07:20:41.728+0000] {processor.py:186} INFO - Started process (PID=817) to work on /home/airflow/.local/lib/python3.12/site-packages/airflow/example_dags/example_xcomargs.py
[2025-04-06T07:20:41.731+0000] {processor.py:914} INFO - Processing file /home/airflow/.local/lib/python3.12/site-packages/airflow/example_dags/example_xcomargs.py for tasks to queue
[2025-04-06T07:20:41.736+0000] {logging_mixin.py:190} INFO - [2025-04-06T07:20:41.735+0000] {dagbag.py:588} INFO - Filling up the DagBag from /home/airflow/.local/lib/python3.12/site-packages/airflow/example_dags/example_xcomargs.py
[2025-04-06T07:20:41.757+0000] {processor.py:925} INFO - DAG(s) 'example_xcom_args', 'example_xcom_args_with_operators' retrieved from /home/airflow/.local/lib/python3.12/site-packages/airflow/example_dags/example_xcomargs.py
[2025-04-06T07:20:41.815+0000] {logging_mixin.py:190} INFO - [2025-04-06T07:20:41.814+0000] {dag.py:3239} INFO - Sync 2 DAGs
[2025-04-06T07:20:41.844+0000] {logging_mixin.py:190} INFO - [2025-04-06T07:20:41.843+0000] {dag.py:4180} INFO - Setting next_dagrun for example_xcom_args to None, run_after=None
[2025-04-06T07:20:41.852+0000] {logging_mixin.py:190} INFO - [2025-04-06T07:20:41.852+0000] {dag.py:4180} INFO - Setting next_dagrun for example_xcom_args_with_operators to None, run_after=None
[2025-04-06T07:20:41.879+0000] {processor.py:208} INFO - Processing /home/airflow/.local/lib/python3.12/site-packages/airflow/example_dags/example_xcomargs.py took 0.165 seconds
[2025-04-06T07:21:12.002+0000] {processor.py:186} INFO - Started process (PID=880) to work on /home/airflow/.local/lib/python3.12/site-packages/airflow/example_dags/example_xcomargs.py
[2025-04-06T07:21:12.003+0000] {processor.py:914} INFO - Processing file /home/airflow/.local/lib/python3.12/site-packages/airflow/example_dags/example_xcomargs.py for tasks to queue
[2025-04-06T07:21:12.005+0000] {logging_mixin.py:190} INFO - [2025-04-06T07:21:12.005+0000] {dagbag.py:588} INFO - Filling up the DagBag from /home/airflow/.local/lib/python3.12/site-packages/airflow/example_dags/example_xcomargs.py
[2025-04-06T07:21:12.014+0000] {processor.py:925} INFO - DAG(s) 'example_xcom_args_with_operators', 'example_xcom_args' retrieved from /home/airflow/.local/lib/python3.12/site-packages/airflow/example_dags/example_xcomargs.py
[2025-04-06T07:21:12.038+0000] {logging_mixin.py:190} INFO - [2025-04-06T07:21:12.038+0000] {dag.py:3239} INFO - Sync 2 DAGs
[2025-04-06T07:21:12.052+0000] {logging_mixin.py:190} INFO - [2025-04-06T07:21:12.051+0000] {dag.py:4180} INFO - Setting next_dagrun for example_xcom_args to None, run_after=None
[2025-04-06T07:21:12.055+0000] {logging_mixin.py:190} INFO - [2025-04-06T07:21:12.055+0000] {dag.py:4180} INFO - Setting next_dagrun for example_xcom_args_with_operators to None, run_after=None
[2025-04-06T07:21:12.073+0000] {processor.py:208} INFO - Processing /home/airflow/.local/lib/python3.12/site-packages/airflow/example_dags/example_xcomargs.py took 0.077 seconds
[2025-04-06T07:21:43.103+0000] {processor.py:186} INFO - Started process (PID=943) to work on /home/airflow/.local/lib/python3.12/site-packages/airflow/example_dags/example_xcomargs.py
[2025-04-06T07:21:43.104+0000] {processor.py:914} INFO - Processing file /home/airflow/.local/lib/python3.12/site-packages/airflow/example_dags/example_xcomargs.py for tasks to queue
[2025-04-06T07:21:43.106+0000] {logging_mixin.py:190} INFO - [2025-04-06T07:21:43.105+0000] {dagbag.py:588} INFO - Filling up the DagBag from /home/airflow/.local/lib/python3.12/site-packages/airflow/example_dags/example_xcomargs.py
[2025-04-06T07:21:43.114+0000] {processor.py:925} INFO - DAG(s) 'example_xcom_args_with_operators', 'example_xcom_args' retrieved from /home/airflow/.local/lib/python3.12/site-packages/airflow/example_dags/example_xcomargs.py
[2025-04-06T07:21:43.132+0000] {logging_mixin.py:190} INFO - [2025-04-06T07:21:43.132+0000] {dag.py:3239} INFO - Sync 2 DAGs
[2025-04-06T07:21:43.145+0000] {logging_mixin.py:190} INFO - [2025-04-06T07:21:43.144+0000] {dag.py:4180} INFO - Setting next_dagrun for example_xcom_args to None, run_after=None
[2025-04-06T07:21:43.148+0000] {logging_mixin.py:190} INFO - [2025-04-06T07:21:43.148+0000] {dag.py:4180} INFO - Setting next_dagrun for example_xcom_args_with_operators to None, run_after=None
[2025-04-06T07:21:43.166+0000] {processor.py:208} INFO - Processing /home/airflow/.local/lib/python3.12/site-packages/airflow/example_dags/example_xcomargs.py took 0.067 seconds
[2025-04-06T07:22:13.503+0000] {processor.py:186} INFO - Started process (PID=1005) to work on /home/airflow/.local/lib/python3.12/site-packages/airflow/example_dags/example_xcomargs.py
[2025-04-06T07:22:13.504+0000] {processor.py:914} INFO - Processing file /home/airflow/.local/lib/python3.12/site-packages/airflow/example_dags/example_xcomargs.py for tasks to queue
[2025-04-06T07:22:13.506+0000] {logging_mixin.py:190} INFO - [2025-04-06T07:22:13.506+0000] {dagbag.py:588} INFO - Filling up the DagBag from /home/airflow/.local/lib/python3.12/site-packages/airflow/example_dags/example_xcomargs.py
[2025-04-06T07:22:13.516+0000] {processor.py:925} INFO - DAG(s) 'example_xcom_args_with_operators', 'example_xcom_args' retrieved from /home/airflow/.local/lib/python3.12/site-packages/airflow/example_dags/example_xcomargs.py
[2025-04-06T07:22:13.536+0000] {logging_mixin.py:190} INFO - [2025-04-06T07:22:13.536+0000] {dag.py:3239} INFO - Sync 2 DAGs
[2025-04-06T07:22:13.549+0000] {logging_mixin.py:190} INFO - [2025-04-06T07:22:13.549+0000] {dag.py:4180} INFO - Setting next_dagrun for example_xcom_args to None, run_after=None
[2025-04-06T07:22:13.553+0000] {logging_mixin.py:190} INFO - [2025-04-06T07:22:13.553+0000] {dag.py:4180} INFO - Setting next_dagrun for example_xcom_args_with_operators to None, run_after=None
[2025-04-06T07:22:13.568+0000] {processor.py:208} INFO - Processing /home/airflow/.local/lib/python3.12/site-packages/airflow/example_dags/example_xcomargs.py took 0.070 seconds
[2025-04-06T07:22:44.959+0000] {processor.py:186} INFO - Started process (PID=1068) to work on /home/airflow/.local/lib/python3.12/site-packages/airflow/example_dags/example_xcomargs.py
[2025-04-06T07:22:44.960+0000] {processor.py:914} INFO - Processing file /home/airflow/.local/lib/python3.12/site-packages/airflow/example_dags/example_xcomargs.py for tasks to queue
[2025-04-06T07:22:44.962+0000] {logging_mixin.py:190} INFO - [2025-04-06T07:22:44.962+0000] {dagbag.py:588} INFO - Filling up the DagBag from /home/airflow/.local/lib/python3.12/site-packages/airflow/example_dags/example_xcomargs.py
[2025-04-06T07:22:44.970+0000] {processor.py:925} INFO - DAG(s) 'example_xcom_args_with_operators', 'example_xcom_args' retrieved from /home/airflow/.local/lib/python3.12/site-packages/airflow/example_dags/example_xcomargs.py
[2025-04-06T07:22:44.988+0000] {logging_mixin.py:190} INFO - [2025-04-06T07:22:44.987+0000] {dag.py:3239} INFO - Sync 2 DAGs
[2025-04-06T07:22:45.002+0000] {logging_mixin.py:190} INFO - [2025-04-06T07:22:45.001+0000] {dag.py:4180} INFO - Setting next_dagrun for example_xcom_args to None, run_after=None
[2025-04-06T07:22:45.005+0000] {logging_mixin.py:190} INFO - [2025-04-06T07:22:45.005+0000] {dag.py:4180} INFO - Setting next_dagrun for example_xcom_args_with_operators to None, run_after=None
[2025-04-06T07:22:45.022+0000] {processor.py:208} INFO - Processing /home/airflow/.local/lib/python3.12/site-packages/airflow/example_dags/example_xcomargs.py took 0.068 seconds
[2025-04-06T07:23:15.987+0000] {processor.py:186} INFO - Started process (PID=1131) to work on /home/airflow/.local/lib/python3.12/site-packages/airflow/example_dags/example_xcomargs.py
[2025-04-06T07:23:15.988+0000] {processor.py:914} INFO - Processing file /home/airflow/.local/lib/python3.12/site-packages/airflow/example_dags/example_xcomargs.py for tasks to queue
[2025-04-06T07:23:15.991+0000] {logging_mixin.py:190} INFO - [2025-04-06T07:23:15.991+0000] {dagbag.py:588} INFO - Filling up the DagBag from /home/airflow/.local/lib/python3.12/site-packages/airflow/example_dags/example_xcomargs.py
[2025-04-06T07:23:16.001+0000] {processor.py:925} INFO - DAG(s) 'example_xcom_args_with_operators', 'example_xcom_args' retrieved from /home/airflow/.local/lib/python3.12/site-packages/airflow/example_dags/example_xcomargs.py
[2025-04-06T07:23:16.022+0000] {logging_mixin.py:190} INFO - [2025-04-06T07:23:16.022+0000] {dag.py:3239} INFO - Sync 2 DAGs
[2025-04-06T07:23:16.036+0000] {logging_mixin.py:190} INFO - [2025-04-06T07:23:16.036+0000] {dag.py:4180} INFO - Setting next_dagrun for example_xcom_args to None, run_after=None
[2025-04-06T07:23:16.040+0000] {logging_mixin.py:190} INFO - [2025-04-06T07:23:16.040+0000] {dag.py:4180} INFO - Setting next_dagrun for example_xcom_args_with_operators to None, run_after=None
[2025-04-06T07:23:16.060+0000] {processor.py:208} INFO - Processing /home/airflow/.local/lib/python3.12/site-packages/airflow/example_dags/example_xcomargs.py took 0.079 seconds
[2025-04-06T07:23:46.476+0000] {processor.py:186} INFO - Started process (PID=1194) to work on /home/airflow/.local/lib/python3.12/site-packages/airflow/example_dags/example_xcomargs.py
[2025-04-06T07:23:46.479+0000] {processor.py:914} INFO - Processing file /home/airflow/.local/lib/python3.12/site-packages/airflow/example_dags/example_xcomargs.py for tasks to queue
[2025-04-06T07:23:46.482+0000] {logging_mixin.py:190} INFO - [2025-04-06T07:23:46.481+0000] {dagbag.py:588} INFO - Filling up the DagBag from /home/airflow/.local/lib/python3.12/site-packages/airflow/example_dags/example_xcomargs.py
[2025-04-06T07:23:46.492+0000] {processor.py:925} INFO - DAG(s) 'example_xcom_args', 'example_xcom_args_with_operators' retrieved from /home/airflow/.local/lib/python3.12/site-packages/airflow/example_dags/example_xcomargs.py
[2025-04-06T07:23:46.523+0000] {logging_mixin.py:190} INFO - [2025-04-06T07:23:46.523+0000] {dag.py:3239} INFO - Sync 2 DAGs
[2025-04-06T07:23:46.542+0000] {logging_mixin.py:190} INFO - [2025-04-06T07:23:46.542+0000] {dag.py:4180} INFO - Setting next_dagrun for example_xcom_args to None, run_after=None
[2025-04-06T07:23:46.547+0000] {logging_mixin.py:190} INFO - [2025-04-06T07:23:46.546+0000] {dag.py:4180} INFO - Setting next_dagrun for example_xcom_args_with_operators to None, run_after=None
[2025-04-06T07:23:46.567+0000] {processor.py:208} INFO - Processing /home/airflow/.local/lib/python3.12/site-packages/airflow/example_dags/example_xcomargs.py took 0.099 seconds
[2025-04-06T07:24:17.712+0000] {processor.py:186} INFO - Started process (PID=1257) to work on /home/airflow/.local/lib/python3.12/site-packages/airflow/example_dags/example_xcomargs.py
[2025-04-06T07:24:17.713+0000] {processor.py:914} INFO - Processing file /home/airflow/.local/lib/python3.12/site-packages/airflow/example_dags/example_xcomargs.py for tasks to queue
[2025-04-06T07:24:17.715+0000] {logging_mixin.py:190} INFO - [2025-04-06T07:24:17.715+0000] {dagbag.py:588} INFO - Filling up the DagBag from /home/airflow/.local/lib/python3.12/site-packages/airflow/example_dags/example_xcomargs.py
[2025-04-06T07:24:17.727+0000] {processor.py:925} INFO - DAG(s) 'example_xcom_args_with_operators', 'example_xcom_args' retrieved from /home/airflow/.local/lib/python3.12/site-packages/airflow/example_dags/example_xcomargs.py
[2025-04-06T07:24:17.749+0000] {logging_mixin.py:190} INFO - [2025-04-06T07:24:17.749+0000] {dag.py:3239} INFO - Sync 2 DAGs
[2025-04-06T07:24:17.764+0000] {logging_mixin.py:190} INFO - [2025-04-06T07:24:17.764+0000] {dag.py:4180} INFO - Setting next_dagrun for example_xcom_args to None, run_after=None
[2025-04-06T07:24:17.768+0000] {logging_mixin.py:190} INFO - [2025-04-06T07:24:17.767+0000] {dag.py:4180} INFO - Setting next_dagrun for example_xcom_args_with_operators to None, run_after=None
[2025-04-06T07:24:17.786+0000] {processor.py:208} INFO - Processing /home/airflow/.local/lib/python3.12/site-packages/airflow/example_dags/example_xcomargs.py took 0.080 seconds
[2025-04-06T07:24:49.216+0000] {processor.py:186} INFO - Started process (PID=1321) to work on /home/airflow/.local/lib/python3.12/site-packages/airflow/example_dags/example_xcomargs.py
[2025-04-06T07:24:49.217+0000] {processor.py:914} INFO - Processing file /home/airflow/.local/lib/python3.12/site-packages/airflow/example_dags/example_xcomargs.py for tasks to queue
[2025-04-06T07:24:49.219+0000] {logging_mixin.py:190} INFO - [2025-04-06T07:24:49.219+0000] {dagbag.py:588} INFO - Filling up the DagBag from /home/airflow/.local/lib/python3.12/site-packages/airflow/example_dags/example_xcomargs.py
[2025-04-06T07:24:49.231+0000] {processor.py:925} INFO - DAG(s) 'example_xcom_args_with_operators', 'example_xcom_args' retrieved from /home/airflow/.local/lib/python3.12/site-packages/airflow/example_dags/example_xcomargs.py
[2025-04-06T07:24:49.254+0000] {logging_mixin.py:190} INFO - [2025-04-06T07:24:49.253+0000] {dag.py:3239} INFO - Sync 2 DAGs
[2025-04-06T07:24:49.267+0000] {logging_mixin.py:190} INFO - [2025-04-06T07:24:49.267+0000] {dag.py:4180} INFO - Setting next_dagrun for example_xcom_args to None, run_after=None
[2025-04-06T07:24:49.271+0000] {logging_mixin.py:190} INFO - [2025-04-06T07:24:49.271+0000] {dag.py:4180} INFO - Setting next_dagrun for example_xcom_args_with_operators to None, run_after=None
[2025-04-06T07:24:49.288+0000] {processor.py:208} INFO - Processing /home/airflow/.local/lib/python3.12/site-packages/airflow/example_dags/example_xcomargs.py took 0.078 seconds
[2025-04-06T07:25:20.248+0000] {processor.py:186} INFO - Started process (PID=1385) to work on /home/airflow/.local/lib/python3.12/site-packages/airflow/example_dags/example_xcomargs.py
[2025-04-06T07:25:20.249+0000] {processor.py:914} INFO - Processing file /home/airflow/.local/lib/python3.12/site-packages/airflow/example_dags/example_xcomargs.py for tasks to queue
[2025-04-06T07:25:20.252+0000] {logging_mixin.py:190} INFO - [2025-04-06T07:25:20.251+0000] {dagbag.py:588} INFO - Filling up the DagBag from /home/airflow/.local/lib/python3.12/site-packages/airflow/example_dags/example_xcomargs.py
[2025-04-06T07:25:20.261+0000] {processor.py:925} INFO - DAG(s) 'example_xcom_args', 'example_xcom_args_with_operators' retrieved from /home/airflow/.local/lib/python3.12/site-packages/airflow/example_dags/example_xcomargs.py
[2025-04-06T07:25:20.280+0000] {logging_mixin.py:190} INFO - [2025-04-06T07:25:20.280+0000] {dag.py:3239} INFO - Sync 2 DAGs
[2025-04-06T07:25:20.293+0000] {logging_mixin.py:190} INFO - [2025-04-06T07:25:20.293+0000] {dag.py:4180} INFO - Setting next_dagrun for example_xcom_args to None, run_after=None
[2025-04-06T07:25:20.297+0000] {logging_mixin.py:190} INFO - [2025-04-06T07:25:20.296+0000] {dag.py:4180} INFO - Setting next_dagrun for example_xcom_args_with_operators to None, run_after=None
[2025-04-06T07:25:20.312+0000] {processor.py:208} INFO - Processing /home/airflow/.local/lib/python3.12/site-packages/airflow/example_dags/example_xcomargs.py took 0.069 seconds
[2025-04-06T07:25:51.820+0000] {processor.py:186} INFO - Started process (PID=1450) to work on /home/airflow/.local/lib/python3.12/site-packages/airflow/example_dags/example_xcomargs.py
[2025-04-06T07:25:51.821+0000] {processor.py:914} INFO - Processing file /home/airflow/.local/lib/python3.12/site-packages/airflow/example_dags/example_xcomargs.py for tasks to queue
[2025-04-06T07:25:51.822+0000] {logging_mixin.py:190} INFO - [2025-04-06T07:25:51.822+0000] {dagbag.py:588} INFO - Filling up the DagBag from /home/airflow/.local/lib/python3.12/site-packages/airflow/example_dags/example_xcomargs.py
[2025-04-06T07:25:51.830+0000] {processor.py:925} INFO - DAG(s) 'example_xcom_args_with_operators', 'example_xcom_args' retrieved from /home/airflow/.local/lib/python3.12/site-packages/airflow/example_dags/example_xcomargs.py
[2025-04-06T07:25:51.848+0000] {logging_mixin.py:190} INFO - [2025-04-06T07:25:51.847+0000] {dag.py:3239} INFO - Sync 2 DAGs
[2025-04-06T07:25:51.860+0000] {logging_mixin.py:190} INFO - [2025-04-06T07:25:51.859+0000] {dag.py:4180} INFO - Setting next_dagrun for example_xcom_args to None, run_after=None
[2025-04-06T07:25:51.863+0000] {logging_mixin.py:190} INFO - [2025-04-06T07:25:51.863+0000] {dag.py:4180} INFO - Setting next_dagrun for example_xcom_args_with_operators to None, run_after=None
[2025-04-06T07:25:51.876+0000] {processor.py:208} INFO - Processing /home/airflow/.local/lib/python3.12/site-packages/airflow/example_dags/example_xcomargs.py took 0.061 seconds
[2025-04-06T07:26:22.829+0000] {processor.py:186} INFO - Started process (PID=1514) to work on /home/airflow/.local/lib/python3.12/site-packages/airflow/example_dags/example_xcomargs.py
[2025-04-06T07:26:22.830+0000] {processor.py:914} INFO - Processing file /home/airflow/.local/lib/python3.12/site-packages/airflow/example_dags/example_xcomargs.py for tasks to queue
[2025-04-06T07:26:22.832+0000] {logging_mixin.py:190} INFO - [2025-04-06T07:26:22.832+0000] {dagbag.py:588} INFO - Filling up the DagBag from /home/airflow/.local/lib/python3.12/site-packages/airflow/example_dags/example_xcomargs.py
[2025-04-06T07:26:22.845+0000] {processor.py:925} INFO - DAG(s) 'example_xcom_args', 'example_xcom_args_with_operators' retrieved from /home/airflow/.local/lib/python3.12/site-packages/airflow/example_dags/example_xcomargs.py
[2025-04-06T07:26:22.869+0000] {logging_mixin.py:190} INFO - [2025-04-06T07:26:22.869+0000] {dag.py:3239} INFO - Sync 2 DAGs
[2025-04-06T07:26:22.883+0000] {logging_mixin.py:190} INFO - [2025-04-06T07:26:22.883+0000] {dag.py:4180} INFO - Setting next_dagrun for example_xcom_args to None, run_after=None
[2025-04-06T07:26:22.887+0000] {logging_mixin.py:190} INFO - [2025-04-06T07:26:22.887+0000] {dag.py:4180} INFO - Setting next_dagrun for example_xcom_args_with_operators to None, run_after=None
[2025-04-06T07:26:22.905+0000] {processor.py:208} INFO - Processing /home/airflow/.local/lib/python3.12/site-packages/airflow/example_dags/example_xcomargs.py took 0.082 seconds
[2025-04-06T07:26:53.968+0000] {processor.py:186} INFO - Started process (PID=1580) to work on /home/airflow/.local/lib/python3.12/site-packages/airflow/example_dags/example_xcomargs.py
[2025-04-06T07:26:53.969+0000] {processor.py:914} INFO - Processing file /home/airflow/.local/lib/python3.12/site-packages/airflow/example_dags/example_xcomargs.py for tasks to queue
[2025-04-06T07:26:53.972+0000] {logging_mixin.py:190} INFO - [2025-04-06T07:26:53.972+0000] {dagbag.py:588} INFO - Filling up the DagBag from /home/airflow/.local/lib/python3.12/site-packages/airflow/example_dags/example_xcomargs.py
[2025-04-06T07:26:53.982+0000] {processor.py:925} INFO - DAG(s) 'example_xcom_args_with_operators', 'example_xcom_args' retrieved from /home/airflow/.local/lib/python3.12/site-packages/airflow/example_dags/example_xcomargs.py
[2025-04-06T07:26:54.006+0000] {logging_mixin.py:190} INFO - [2025-04-06T07:26:54.006+0000] {dag.py:3239} INFO - Sync 2 DAGs
[2025-04-06T07:26:54.021+0000] {logging_mixin.py:190} INFO - [2025-04-06T07:26:54.021+0000] {dag.py:4180} INFO - Setting next_dagrun for example_xcom_args to None, run_after=None
[2025-04-06T07:26:54.025+0000] {logging_mixin.py:190} INFO - [2025-04-06T07:26:54.025+0000] {dag.py:4180} INFO - Setting next_dagrun for example_xcom_args_with_operators to None, run_after=None
[2025-04-06T07:26:54.044+0000] {processor.py:208} INFO - Processing /home/airflow/.local/lib/python3.12/site-packages/airflow/example_dags/example_xcomargs.py took 0.081 seconds
[2025-04-06T07:27:25.041+0000] {processor.py:186} INFO - Started process (PID=1645) to work on /home/airflow/.local/lib/python3.12/site-packages/airflow/example_dags/example_xcomargs.py
[2025-04-06T07:27:25.042+0000] {processor.py:914} INFO - Processing file /home/airflow/.local/lib/python3.12/site-packages/airflow/example_dags/example_xcomargs.py for tasks to queue
[2025-04-06T07:27:25.045+0000] {logging_mixin.py:190} INFO - [2025-04-06T07:27:25.044+0000] {dagbag.py:588} INFO - Filling up the DagBag from /home/airflow/.local/lib/python3.12/site-packages/airflow/example_dags/example_xcomargs.py
[2025-04-06T07:27:25.055+0000] {processor.py:925} INFO - DAG(s) 'example_xcom_args_with_operators', 'example_xcom_args' retrieved from /home/airflow/.local/lib/python3.12/site-packages/airflow/example_dags/example_xcomargs.py
[2025-04-06T07:27:25.081+0000] {logging_mixin.py:190} INFO - [2025-04-06T07:27:25.080+0000] {dag.py:3239} INFO - Sync 2 DAGs
[2025-04-06T07:27:25.096+0000] {logging_mixin.py:190} INFO - [2025-04-06T07:27:25.096+0000] {dag.py:4180} INFO - Setting next_dagrun for example_xcom_args to None, run_after=None
[2025-04-06T07:27:25.101+0000] {logging_mixin.py:190} INFO - [2025-04-06T07:27:25.100+0000] {dag.py:4180} INFO - Setting next_dagrun for example_xcom_args_with_operators to None, run_after=None
[2025-04-06T07:27:25.120+0000] {processor.py:208} INFO - Processing /home/airflow/.local/lib/python3.12/site-packages/airflow/example_dags/example_xcomargs.py took 0.086 seconds
[2025-04-06T07:27:55.925+0000] {processor.py:186} INFO - Started process (PID=1709) to work on /home/airflow/.local/lib/python3.12/site-packages/airflow/example_dags/example_xcomargs.py
[2025-04-06T07:27:55.926+0000] {processor.py:914} INFO - Processing file /home/airflow/.local/lib/python3.12/site-packages/airflow/example_dags/example_xcomargs.py for tasks to queue
[2025-04-06T07:27:55.929+0000] {logging_mixin.py:190} INFO - [2025-04-06T07:27:55.928+0000] {dagbag.py:588} INFO - Filling up the DagBag from /home/airflow/.local/lib/python3.12/site-packages/airflow/example_dags/example_xcomargs.py
[2025-04-06T07:27:55.940+0000] {processor.py:925} INFO - DAG(s) 'example_xcom_args_with_operators', 'example_xcom_args' retrieved from /home/airflow/.local/lib/python3.12/site-packages/airflow/example_dags/example_xcomargs.py
[2025-04-06T07:27:55.962+0000] {logging_mixin.py:190} INFO - [2025-04-06T07:27:55.962+0000] {dag.py:3239} INFO - Sync 2 DAGs
[2025-04-06T07:27:55.976+0000] {logging_mixin.py:190} INFO - [2025-04-06T07:27:55.976+0000] {dag.py:4180} INFO - Setting next_dagrun for example_xcom_args to None, run_after=None
[2025-04-06T07:27:55.980+0000] {logging_mixin.py:190} INFO - [2025-04-06T07:27:55.980+0000] {dag.py:4180} INFO - Setting next_dagrun for example_xcom_args_with_operators to None, run_after=None
[2025-04-06T07:27:55.998+0000] {processor.py:208} INFO - Processing /home/airflow/.local/lib/python3.12/site-packages/airflow/example_dags/example_xcomargs.py took 0.077 seconds
[2025-04-06T07:28:26.986+0000] {processor.py:186} INFO - Started process (PID=1772) to work on /home/airflow/.local/lib/python3.12/site-packages/airflow/example_dags/example_xcomargs.py
[2025-04-06T07:28:26.987+0000] {processor.py:914} INFO - Processing file /home/airflow/.local/lib/python3.12/site-packages/airflow/example_dags/example_xcomargs.py for tasks to queue
[2025-04-06T07:28:26.989+0000] {logging_mixin.py:190} INFO - [2025-04-06T07:28:26.989+0000] {dagbag.py:588} INFO - Filling up the DagBag from /home/airflow/.local/lib/python3.12/site-packages/airflow/example_dags/example_xcomargs.py
[2025-04-06T07:28:26.997+0000] {processor.py:925} INFO - DAG(s) 'example_xcom_args', 'example_xcom_args_with_operators' retrieved from /home/airflow/.local/lib/python3.12/site-packages/airflow/example_dags/example_xcomargs.py
[2025-04-06T07:28:27.015+0000] {logging_mixin.py:190} INFO - [2025-04-06T07:28:27.014+0000] {dag.py:3239} INFO - Sync 2 DAGs
[2025-04-06T07:28:27.027+0000] {logging_mixin.py:190} INFO - [2025-04-06T07:28:27.027+0000] {dag.py:4180} INFO - Setting next_dagrun for example_xcom_args to None, run_after=None
[2025-04-06T07:28:27.030+0000] {logging_mixin.py:190} INFO - [2025-04-06T07:28:27.030+0000] {dag.py:4180} INFO - Setting next_dagrun for example_xcom_args_with_operators to None, run_after=None
[2025-04-06T07:28:27.044+0000] {processor.py:208} INFO - Processing /home/airflow/.local/lib/python3.12/site-packages/airflow/example_dags/example_xcomargs.py took 0.064 seconds
[2025-04-06T07:28:58.359+0000] {processor.py:186} INFO - Started process (PID=1836) to work on /home/airflow/.local/lib/python3.12/site-packages/airflow/example_dags/example_xcomargs.py
[2025-04-06T07:28:58.360+0000] {processor.py:914} INFO - Processing file /home/airflow/.local/lib/python3.12/site-packages/airflow/example_dags/example_xcomargs.py for tasks to queue
[2025-04-06T07:28:58.362+0000] {logging_mixin.py:190} INFO - [2025-04-06T07:28:58.362+0000] {dagbag.py:588} INFO - Filling up the DagBag from /home/airflow/.local/lib/python3.12/site-packages/airflow/example_dags/example_xcomargs.py
[2025-04-06T07:28:58.370+0000] {processor.py:925} INFO - DAG(s) 'example_xcom_args', 'example_xcom_args_with_operators' retrieved from /home/airflow/.local/lib/python3.12/site-packages/airflow/example_dags/example_xcomargs.py
[2025-04-06T07:28:58.386+0000] {logging_mixin.py:190} INFO - [2025-04-06T07:28:58.386+0000] {dag.py:3239} INFO - Sync 2 DAGs
[2025-04-06T07:28:58.398+0000] {logging_mixin.py:190} INFO - [2025-04-06T07:28:58.398+0000] {dag.py:4180} INFO - Setting next_dagrun for example_xcom_args to None, run_after=None
[2025-04-06T07:28:58.402+0000] {logging_mixin.py:190} INFO - [2025-04-06T07:28:58.402+0000] {dag.py:4180} INFO - Setting next_dagrun for example_xcom_args_with_operators to None, run_after=None
[2025-04-06T07:28:58.420+0000] {processor.py:208} INFO - Processing /home/airflow/.local/lib/python3.12/site-packages/airflow/example_dags/example_xcomargs.py took 0.065 seconds
[2025-04-06T07:29:29.462+0000] {processor.py:186} INFO - Started process (PID=1900) to work on /home/airflow/.local/lib/python3.12/site-packages/airflow/example_dags/example_xcomargs.py
[2025-04-06T07:29:29.463+0000] {processor.py:914} INFO - Processing file /home/airflow/.local/lib/python3.12/site-packages/airflow/example_dags/example_xcomargs.py for tasks to queue
[2025-04-06T07:29:29.465+0000] {logging_mixin.py:190} INFO - [2025-04-06T07:29:29.464+0000] {dagbag.py:588} INFO - Filling up the DagBag from /home/airflow/.local/lib/python3.12/site-packages/airflow/example_dags/example_xcomargs.py
[2025-04-06T07:29:29.472+0000] {processor.py:925} INFO - DAG(s) 'example_xcom_args', 'example_xcom_args_with_operators' retrieved from /home/airflow/.local/lib/python3.12/site-packages/airflow/example_dags/example_xcomargs.py
[2025-04-06T07:29:29.489+0000] {logging_mixin.py:190} INFO - [2025-04-06T07:29:29.488+0000] {dag.py:3239} INFO - Sync 2 DAGs
[2025-04-06T07:29:29.501+0000] {logging_mixin.py:190} INFO - [2025-04-06T07:29:29.500+0000] {dag.py:4180} INFO - Setting next_dagrun for example_xcom_args to None, run_after=None
[2025-04-06T07:29:29.504+0000] {logging_mixin.py:190} INFO - [2025-04-06T07:29:29.504+0000] {dag.py:4180} INFO - Setting next_dagrun for example_xcom_args_with_operators to None, run_after=None
[2025-04-06T07:29:29.521+0000] {processor.py:208} INFO - Processing /home/airflow/.local/lib/python3.12/site-packages/airflow/example_dags/example_xcomargs.py took 0.063 seconds
[2025-04-06T07:30:00.974+0000] {processor.py:186} INFO - Started process (PID=1965) to work on /home/airflow/.local/lib/python3.12/site-packages/airflow/example_dags/example_xcomargs.py
[2025-04-06T07:30:00.975+0000] {processor.py:914} INFO - Processing file /home/airflow/.local/lib/python3.12/site-packages/airflow/example_dags/example_xcomargs.py for tasks to queue
[2025-04-06T07:30:00.977+0000] {logging_mixin.py:190} INFO - [2025-04-06T07:30:00.977+0000] {dagbag.py:588} INFO - Filling up the DagBag from /home/airflow/.local/lib/python3.12/site-packages/airflow/example_dags/example_xcomargs.py
[2025-04-06T07:30:00.986+0000] {processor.py:925} INFO - DAG(s) 'example_xcom_args_with_operators', 'example_xcom_args' retrieved from /home/airflow/.local/lib/python3.12/site-packages/airflow/example_dags/example_xcomargs.py
[2025-04-06T07:30:01.005+0000] {logging_mixin.py:190} INFO - [2025-04-06T07:30:01.005+0000] {dag.py:3239} INFO - Sync 2 DAGs
[2025-04-06T07:30:01.017+0000] {logging_mixin.py:190} INFO - [2025-04-06T07:30:01.017+0000] {dag.py:4180} INFO - Setting next_dagrun for example_xcom_args to None, run_after=None
[2025-04-06T07:30:01.020+0000] {logging_mixin.py:190} INFO - [2025-04-06T07:30:01.020+0000] {dag.py:4180} INFO - Setting next_dagrun for example_xcom_args_with_operators to None, run_after=None
[2025-04-06T07:30:01.034+0000] {processor.py:208} INFO - Processing /home/airflow/.local/lib/python3.12/site-packages/airflow/example_dags/example_xcomargs.py took 0.065 seconds
[2025-04-06T07:30:32.201+0000] {processor.py:186} INFO - Started process (PID=2029) to work on /home/airflow/.local/lib/python3.12/site-packages/airflow/example_dags/example_xcomargs.py
[2025-04-06T07:30:32.202+0000] {processor.py:914} INFO - Processing file /home/airflow/.local/lib/python3.12/site-packages/airflow/example_dags/example_xcomargs.py for tasks to queue
[2025-04-06T07:30:32.203+0000] {logging_mixin.py:190} INFO - [2025-04-06T07:30:32.203+0000] {dagbag.py:588} INFO - Filling up the DagBag from /home/airflow/.local/lib/python3.12/site-packages/airflow/example_dags/example_xcomargs.py
[2025-04-06T07:30:32.211+0000] {processor.py:925} INFO - DAG(s) 'example_xcom_args_with_operators', 'example_xcom_args' retrieved from /home/airflow/.local/lib/python3.12/site-packages/airflow/example_dags/example_xcomargs.py
[2025-04-06T07:30:32.229+0000] {logging_mixin.py:190} INFO - [2025-04-06T07:30:32.229+0000] {dag.py:3239} INFO - Sync 2 DAGs
[2025-04-06T07:30:32.240+0000] {logging_mixin.py:190} INFO - [2025-04-06T07:30:32.240+0000] {dag.py:4180} INFO - Setting next_dagrun for example_xcom_args to None, run_after=None
[2025-04-06T07:30:32.244+0000] {logging_mixin.py:190} INFO - [2025-04-06T07:30:32.243+0000] {dag.py:4180} INFO - Setting next_dagrun for example_xcom_args_with_operators to None, run_after=None
[2025-04-06T07:30:32.257+0000] {processor.py:208} INFO - Processing /home/airflow/.local/lib/python3.12/site-packages/airflow/example_dags/example_xcomargs.py took 0.061 seconds
