[2025-04-06T07:15:01.949+0000] {processor.py:186} INFO - Started process (PID=116) to work on /home/airflow/.local/lib/python3.12/site-packages/airflow/example_dags/example_dataset_alias.py
[2025-04-06T07:15:01.950+0000] {processor.py:914} INFO - Processing file /home/airflow/.local/lib/python3.12/site-packages/airflow/example_dags/example_dataset_alias.py for tasks to queue
[2025-04-06T07:15:01.955+0000] {logging_mixin.py:190} INFO - [2025-04-06T07:15:01.954+0000] {dagbag.py:588} INFO - Filling up the DagBag from /home/airflow/.local/lib/python3.12/site-packages/airflow/example_dags/example_dataset_alias.py
[2025-04-06T07:15:02.883+0000] {processor.py:925} INFO - DAG(s) 'dataset_s3_bucket_consumer', 'dataset_alias_example_alias_consumer', 'dataset_s3_bucket_producer', 'dataset_alias_example_alias_producer' retrieved from /home/airflow/.local/lib/python3.12/site-packages/airflow/example_dags/example_dataset_alias.py
[2025-04-06T07:15:03.074+0000] {logging_mixin.py:190} INFO - [2025-04-06T07:15:03.072+0000] {override.py:1912} INFO - Created Permission View: can edit on DAG:dataset_s3_bucket_consumer
[2025-04-06T07:15:03.102+0000] {logging_mixin.py:190} INFO - [2025-04-06T07:15:03.102+0000] {override.py:1912} INFO - Created Permission View: can delete on DAG:dataset_s3_bucket_consumer
[2025-04-06T07:15:03.115+0000] {logging_mixin.py:190} INFO - [2025-04-06T07:15:03.115+0000] {override.py:1912} INFO - Created Permission View: can read on DAG:dataset_s3_bucket_consumer
[2025-04-06T07:15:03.132+0000] {logging_mixin.py:190} INFO - [2025-04-06T07:15:03.131+0000] {override.py:1912} INFO - Created Permission View: can delete on DAG Run:dataset_s3_bucket_consumer
[2025-04-06T07:15:03.146+0000] {logging_mixin.py:190} INFO - [2025-04-06T07:15:03.146+0000] {override.py:1912} INFO - Created Permission View: can create on DAG Run:dataset_s3_bucket_consumer
[2025-04-06T07:15:03.160+0000] {logging_mixin.py:190} INFO - [2025-04-06T07:15:03.159+0000] {override.py:1912} INFO - Created Permission View: can read on DAG Run:dataset_s3_bucket_consumer
[2025-04-06T07:15:03.183+0000] {logging_mixin.py:190} INFO - [2025-04-06T07:15:03.182+0000] {override.py:1912} INFO - Created Permission View: menu access on DAG Run:dataset_s3_bucket_consumer
[2025-04-06T07:15:03.219+0000] {logging_mixin.py:190} INFO - [2025-04-06T07:15:03.218+0000] {override.py:1912} INFO - Created Permission View: can edit on DAG:dataset_alias_example_alias_consumer
[2025-04-06T07:15:03.233+0000] {logging_mixin.py:190} INFO - [2025-04-06T07:15:03.232+0000] {override.py:1912} INFO - Created Permission View: can delete on DAG:dataset_alias_example_alias_consumer
[2025-04-06T07:15:03.246+0000] {logging_mixin.py:190} INFO - [2025-04-06T07:15:03.245+0000] {override.py:1912} INFO - Created Permission View: can read on DAG:dataset_alias_example_alias_consumer
[2025-04-06T07:15:03.262+0000] {logging_mixin.py:190} INFO - [2025-04-06T07:15:03.262+0000] {override.py:1912} INFO - Created Permission View: can delete on DAG Run:dataset_alias_example_alias_consumer
[2025-04-06T07:15:03.276+0000] {logging_mixin.py:190} INFO - [2025-04-06T07:15:03.276+0000] {override.py:1912} INFO - Created Permission View: can create on DAG Run:dataset_alias_example_alias_consumer
[2025-04-06T07:15:03.290+0000] {logging_mixin.py:190} INFO - [2025-04-06T07:15:03.290+0000] {override.py:1912} INFO - Created Permission View: can read on DAG Run:dataset_alias_example_alias_consumer
[2025-04-06T07:15:03.306+0000] {logging_mixin.py:190} INFO - [2025-04-06T07:15:03.305+0000] {override.py:1912} INFO - Created Permission View: menu access on DAG Run:dataset_alias_example_alias_consumer
[2025-04-06T07:15:03.333+0000] {logging_mixin.py:190} INFO - [2025-04-06T07:15:03.332+0000] {override.py:1912} INFO - Created Permission View: can edit on DAG:dataset_s3_bucket_producer
[2025-04-06T07:15:03.346+0000] {logging_mixin.py:190} INFO - [2025-04-06T07:15:03.346+0000] {override.py:1912} INFO - Created Permission View: can delete on DAG:dataset_s3_bucket_producer
[2025-04-06T07:15:03.360+0000] {logging_mixin.py:190} INFO - [2025-04-06T07:15:03.359+0000] {override.py:1912} INFO - Created Permission View: can read on DAG:dataset_s3_bucket_producer
[2025-04-06T07:15:03.379+0000] {logging_mixin.py:190} INFO - [2025-04-06T07:15:03.378+0000] {override.py:1912} INFO - Created Permission View: can delete on DAG Run:dataset_s3_bucket_producer
[2025-04-06T07:15:03.393+0000] {logging_mixin.py:190} INFO - [2025-04-06T07:15:03.393+0000] {override.py:1912} INFO - Created Permission View: can create on DAG Run:dataset_s3_bucket_producer
[2025-04-06T07:15:03.406+0000] {logging_mixin.py:190} INFO - [2025-04-06T07:15:03.405+0000] {override.py:1912} INFO - Created Permission View: can read on DAG Run:dataset_s3_bucket_producer
[2025-04-06T07:15:03.421+0000] {logging_mixin.py:190} INFO - [2025-04-06T07:15:03.420+0000] {override.py:1912} INFO - Created Permission View: menu access on DAG Run:dataset_s3_bucket_producer
[2025-04-06T07:15:03.447+0000] {logging_mixin.py:190} INFO - [2025-04-06T07:15:03.446+0000] {override.py:1912} INFO - Created Permission View: can edit on DAG:dataset_alias_example_alias_producer
[2025-04-06T07:15:03.460+0000] {logging_mixin.py:190} INFO - [2025-04-06T07:15:03.459+0000] {override.py:1912} INFO - Created Permission View: can delete on DAG:dataset_alias_example_alias_producer
[2025-04-06T07:15:03.471+0000] {logging_mixin.py:190} INFO - [2025-04-06T07:15:03.470+0000] {override.py:1912} INFO - Created Permission View: can read on DAG:dataset_alias_example_alias_producer
[2025-04-06T07:15:03.485+0000] {logging_mixin.py:190} INFO - [2025-04-06T07:15:03.485+0000] {override.py:1912} INFO - Created Permission View: can delete on DAG Run:dataset_alias_example_alias_producer
[2025-04-06T07:15:03.498+0000] {logging_mixin.py:190} INFO - [2025-04-06T07:15:03.498+0000] {override.py:1912} INFO - Created Permission View: can create on DAG Run:dataset_alias_example_alias_producer
[2025-04-06T07:15:03.510+0000] {logging_mixin.py:190} INFO - [2025-04-06T07:15:03.509+0000] {override.py:1912} INFO - Created Permission View: can read on DAG Run:dataset_alias_example_alias_producer
[2025-04-06T07:15:03.521+0000] {logging_mixin.py:190} INFO - [2025-04-06T07:15:03.520+0000] {override.py:1912} INFO - Created Permission View: menu access on DAG Run:dataset_alias_example_alias_producer
[2025-04-06T07:15:03.523+0000] {logging_mixin.py:190} INFO - [2025-04-06T07:15:03.522+0000] {dag.py:3239} INFO - Sync 4 DAGs
[2025-04-06T07:15:03.543+0000] {logging_mixin.py:190} INFO - [2025-04-06T07:15:03.543+0000] {dag.py:3262} INFO - Creating ORM DAG for dataset_alias_example_alias_producer
[2025-04-06T07:15:03.545+0000] {logging_mixin.py:190} INFO - [2025-04-06T07:15:03.544+0000] {dag.py:3262} INFO - Creating ORM DAG for dataset_s3_bucket_producer
[2025-04-06T07:15:03.545+0000] {logging_mixin.py:190} INFO - [2025-04-06T07:15:03.545+0000] {dag.py:3262} INFO - Creating ORM DAG for dataset_s3_bucket_consumer
[2025-04-06T07:15:03.546+0000] {logging_mixin.py:190} INFO - [2025-04-06T07:15:03.546+0000] {dag.py:3262} INFO - Creating ORM DAG for dataset_alias_example_alias_consumer
[2025-04-06T07:15:03.560+0000] {logging_mixin.py:190} INFO - [2025-04-06T07:15:03.560+0000] {dag.py:4180} INFO - Setting next_dagrun for dataset_alias_example_alias_consumer to None, run_after=None
[2025-04-06T07:15:03.561+0000] {logging_mixin.py:190} INFO - [2025-04-06T07:15:03.561+0000] {dag.py:4180} INFO - Setting next_dagrun for dataset_alias_example_alias_producer to None, run_after=None
[2025-04-06T07:15:03.562+0000] {logging_mixin.py:190} INFO - [2025-04-06T07:15:03.562+0000] {dag.py:4180} INFO - Setting next_dagrun for dataset_s3_bucket_consumer to None, run_after=None
[2025-04-06T07:15:03.563+0000] {logging_mixin.py:190} INFO - [2025-04-06T07:15:03.563+0000] {dag.py:4180} INFO - Setting next_dagrun for dataset_s3_bucket_producer to None, run_after=None
[2025-04-06T07:15:03.604+0000] {processor.py:208} INFO - Processing /home/airflow/.local/lib/python3.12/site-packages/airflow/example_dags/example_dataset_alias.py took 1.665 seconds
[2025-04-06T07:15:34.068+0000] {processor.py:186} INFO - Started process (PID=181) to work on /home/airflow/.local/lib/python3.12/site-packages/airflow/example_dags/example_dataset_alias.py
[2025-04-06T07:15:34.069+0000] {processor.py:914} INFO - Processing file /home/airflow/.local/lib/python3.12/site-packages/airflow/example_dags/example_dataset_alias.py for tasks to queue
[2025-04-06T07:15:34.072+0000] {logging_mixin.py:190} INFO - [2025-04-06T07:15:34.072+0000] {dagbag.py:588} INFO - Filling up the DagBag from /home/airflow/.local/lib/python3.12/site-packages/airflow/example_dags/example_dataset_alias.py
[2025-04-06T07:15:34.605+0000] {processor.py:925} INFO - DAG(s) 'dataset_s3_bucket_producer', 'dataset_alias_example_alias_producer', 'dataset_s3_bucket_consumer', 'dataset_alias_example_alias_consumer' retrieved from /home/airflow/.local/lib/python3.12/site-packages/airflow/example_dags/example_dataset_alias.py
[2025-04-06T07:15:34.626+0000] {logging_mixin.py:190} INFO - [2025-04-06T07:15:34.626+0000] {dag.py:3239} INFO - Sync 4 DAGs
[2025-04-06T07:15:34.653+0000] {logging_mixin.py:190} INFO - [2025-04-06T07:15:34.653+0000] {dag.py:4180} INFO - Setting next_dagrun for dataset_alias_example_alias_consumer to None, run_after=None
[2025-04-06T07:15:34.656+0000] {logging_mixin.py:190} INFO - [2025-04-06T07:15:34.656+0000] {dag.py:4180} INFO - Setting next_dagrun for dataset_alias_example_alias_producer to None, run_after=None
[2025-04-06T07:15:34.658+0000] {logging_mixin.py:190} INFO - [2025-04-06T07:15:34.658+0000] {dag.py:4180} INFO - Setting next_dagrun for dataset_s3_bucket_consumer to None, run_after=None
[2025-04-06T07:15:34.659+0000] {logging_mixin.py:190} INFO - [2025-04-06T07:15:34.659+0000] {dag.py:4180} INFO - Setting next_dagrun for dataset_s3_bucket_producer to None, run_after=None
[2025-04-06T07:15:34.681+0000] {processor.py:208} INFO - Processing /home/airflow/.local/lib/python3.12/site-packages/airflow/example_dags/example_dataset_alias.py took 0.617 seconds
[2025-04-06T07:16:05.609+0000] {processor.py:186} INFO - Started process (PID=249) to work on /home/airflow/.local/lib/python3.12/site-packages/airflow/example_dags/example_dataset_alias.py
[2025-04-06T07:16:05.610+0000] {processor.py:914} INFO - Processing file /home/airflow/.local/lib/python3.12/site-packages/airflow/example_dags/example_dataset_alias.py for tasks to queue
[2025-04-06T07:16:05.612+0000] {logging_mixin.py:190} INFO - [2025-04-06T07:16:05.612+0000] {dagbag.py:588} INFO - Filling up the DagBag from /home/airflow/.local/lib/python3.12/site-packages/airflow/example_dags/example_dataset_alias.py
[2025-04-06T07:16:06.171+0000] {processor.py:925} INFO - DAG(s) 'dataset_alias_example_alias_producer', 'dataset_s3_bucket_producer', 'dataset_s3_bucket_consumer', 'dataset_alias_example_alias_consumer' retrieved from /home/airflow/.local/lib/python3.12/site-packages/airflow/example_dags/example_dataset_alias.py
[2025-04-06T07:16:06.193+0000] {logging_mixin.py:190} INFO - [2025-04-06T07:16:06.192+0000] {dag.py:3239} INFO - Sync 4 DAGs
[2025-04-06T07:16:06.217+0000] {logging_mixin.py:190} INFO - [2025-04-06T07:16:06.216+0000] {dag.py:4180} INFO - Setting next_dagrun for dataset_alias_example_alias_consumer to None, run_after=None
[2025-04-06T07:16:06.220+0000] {logging_mixin.py:190} INFO - [2025-04-06T07:16:06.219+0000] {dag.py:4180} INFO - Setting next_dagrun for dataset_alias_example_alias_producer to None, run_after=None
[2025-04-06T07:16:06.222+0000] {logging_mixin.py:190} INFO - [2025-04-06T07:16:06.222+0000] {dag.py:4180} INFO - Setting next_dagrun for dataset_s3_bucket_consumer to None, run_after=None
[2025-04-06T07:16:06.223+0000] {logging_mixin.py:190} INFO - [2025-04-06T07:16:06.223+0000] {dag.py:4180} INFO - Setting next_dagrun for dataset_s3_bucket_producer to None, run_after=None
[2025-04-06T07:16:06.246+0000] {processor.py:208} INFO - Processing /home/airflow/.local/lib/python3.12/site-packages/airflow/example_dags/example_dataset_alias.py took 0.644 seconds
[2025-04-06T07:16:36.964+0000] {processor.py:186} INFO - Started process (PID=313) to work on /home/airflow/.local/lib/python3.12/site-packages/airflow/example_dags/example_dataset_alias.py
[2025-04-06T07:16:36.965+0000] {processor.py:914} INFO - Processing file /home/airflow/.local/lib/python3.12/site-packages/airflow/example_dags/example_dataset_alias.py for tasks to queue
[2025-04-06T07:16:36.967+0000] {logging_mixin.py:190} INFO - [2025-04-06T07:16:36.967+0000] {dagbag.py:588} INFO - Filling up the DagBag from /home/airflow/.local/lib/python3.12/site-packages/airflow/example_dags/example_dataset_alias.py
[2025-04-06T07:16:37.581+0000] {processor.py:925} INFO - DAG(s) 'dataset_alias_example_alias_producer', 'dataset_s3_bucket_producer', 'dataset_s3_bucket_consumer', 'dataset_alias_example_alias_consumer' retrieved from /home/airflow/.local/lib/python3.12/site-packages/airflow/example_dags/example_dataset_alias.py
[2025-04-06T07:16:37.605+0000] {logging_mixin.py:190} INFO - [2025-04-06T07:16:37.605+0000] {dag.py:3239} INFO - Sync 4 DAGs
[2025-04-06T07:16:37.629+0000] {logging_mixin.py:190} INFO - [2025-04-06T07:16:37.628+0000] {dag.py:4180} INFO - Setting next_dagrun for dataset_alias_example_alias_consumer to None, run_after=None
[2025-04-06T07:16:37.632+0000] {logging_mixin.py:190} INFO - [2025-04-06T07:16:37.631+0000] {dag.py:4180} INFO - Setting next_dagrun for dataset_alias_example_alias_producer to None, run_after=None
[2025-04-06T07:16:37.634+0000] {logging_mixin.py:190} INFO - [2025-04-06T07:16:37.634+0000] {dag.py:4180} INFO - Setting next_dagrun for dataset_s3_bucket_consumer to None, run_after=None
[2025-04-06T07:16:37.636+0000] {logging_mixin.py:190} INFO - [2025-04-06T07:16:37.636+0000] {dag.py:4180} INFO - Setting next_dagrun for dataset_s3_bucket_producer to None, run_after=None
[2025-04-06T07:16:37.658+0000] {processor.py:208} INFO - Processing /home/airflow/.local/lib/python3.12/site-packages/airflow/example_dags/example_dataset_alias.py took 0.700 seconds
[2025-04-06T07:17:08.608+0000] {processor.py:186} INFO - Started process (PID=384) to work on /home/airflow/.local/lib/python3.12/site-packages/airflow/example_dags/example_dataset_alias.py
[2025-04-06T07:17:08.609+0000] {processor.py:914} INFO - Processing file /home/airflow/.local/lib/python3.12/site-packages/airflow/example_dags/example_dataset_alias.py for tasks to queue
[2025-04-06T07:17:08.612+0000] {logging_mixin.py:190} INFO - [2025-04-06T07:17:08.611+0000] {dagbag.py:588} INFO - Filling up the DagBag from /home/airflow/.local/lib/python3.12/site-packages/airflow/example_dags/example_dataset_alias.py
[2025-04-06T07:17:09.249+0000] {processor.py:925} INFO - DAG(s) 'dataset_alias_example_alias_consumer', 'dataset_alias_example_alias_producer', 'dataset_s3_bucket_consumer', 'dataset_s3_bucket_producer' retrieved from /home/airflow/.local/lib/python3.12/site-packages/airflow/example_dags/example_dataset_alias.py
[2025-04-06T07:17:09.276+0000] {logging_mixin.py:190} INFO - [2025-04-06T07:17:09.276+0000] {dag.py:3239} INFO - Sync 4 DAGs
[2025-04-06T07:17:09.304+0000] {logging_mixin.py:190} INFO - [2025-04-06T07:17:09.304+0000] {dag.py:4180} INFO - Setting next_dagrun for dataset_alias_example_alias_consumer to None, run_after=None
[2025-04-06T07:17:09.308+0000] {logging_mixin.py:190} INFO - [2025-04-06T07:17:09.308+0000] {dag.py:4180} INFO - Setting next_dagrun for dataset_alias_example_alias_producer to None, run_after=None
[2025-04-06T07:17:09.310+0000] {logging_mixin.py:190} INFO - [2025-04-06T07:17:09.310+0000] {dag.py:4180} INFO - Setting next_dagrun for dataset_s3_bucket_consumer to None, run_after=None
[2025-04-06T07:17:09.314+0000] {logging_mixin.py:190} INFO - [2025-04-06T07:17:09.313+0000] {dag.py:4180} INFO - Setting next_dagrun for dataset_s3_bucket_producer to None, run_after=None
[2025-04-06T07:17:09.358+0000] {processor.py:208} INFO - Processing /home/airflow/.local/lib/python3.12/site-packages/airflow/example_dags/example_dataset_alias.py took 0.763 seconds
[2025-04-06T07:17:40.075+0000] {processor.py:186} INFO - Started process (PID=447) to work on /home/airflow/.local/lib/python3.12/site-packages/airflow/example_dags/example_dataset_alias.py
[2025-04-06T07:17:40.079+0000] {processor.py:914} INFO - Processing file /home/airflow/.local/lib/python3.12/site-packages/airflow/example_dags/example_dataset_alias.py for tasks to queue
[2025-04-06T07:17:40.083+0000] {logging_mixin.py:190} INFO - [2025-04-06T07:17:40.082+0000] {dagbag.py:588} INFO - Filling up the DagBag from /home/airflow/.local/lib/python3.12/site-packages/airflow/example_dags/example_dataset_alias.py
[2025-04-06T07:17:40.859+0000] {processor.py:925} INFO - DAG(s) 'dataset_alias_example_alias_producer', 'dataset_s3_bucket_consumer', 'dataset_s3_bucket_producer', 'dataset_alias_example_alias_consumer' retrieved from /home/airflow/.local/lib/python3.12/site-packages/airflow/example_dags/example_dataset_alias.py
[2025-04-06T07:17:40.887+0000] {logging_mixin.py:190} INFO - [2025-04-06T07:17:40.887+0000] {dag.py:3239} INFO - Sync 4 DAGs
[2025-04-06T07:17:40.914+0000] {logging_mixin.py:190} INFO - [2025-04-06T07:17:40.914+0000] {dag.py:4180} INFO - Setting next_dagrun for dataset_alias_example_alias_consumer to None, run_after=None
[2025-04-06T07:17:40.919+0000] {logging_mixin.py:190} INFO - [2025-04-06T07:17:40.918+0000] {dag.py:4180} INFO - Setting next_dagrun for dataset_alias_example_alias_producer to None, run_after=None
[2025-04-06T07:17:40.921+0000] {logging_mixin.py:190} INFO - [2025-04-06T07:17:40.921+0000] {dag.py:4180} INFO - Setting next_dagrun for dataset_s3_bucket_consumer to None, run_after=None
[2025-04-06T07:17:40.923+0000] {logging_mixin.py:190} INFO - [2025-04-06T07:17:40.923+0000] {dag.py:4180} INFO - Setting next_dagrun for dataset_s3_bucket_producer to None, run_after=None
[2025-04-06T07:17:40.955+0000] {processor.py:208} INFO - Processing /home/airflow/.local/lib/python3.12/site-packages/airflow/example_dags/example_dataset_alias.py took 0.898 seconds
[2025-04-06T07:18:11.044+0000] {processor.py:186} INFO - Started process (PID=510) to work on /home/airflow/.local/lib/python3.12/site-packages/airflow/example_dags/example_dataset_alias.py
[2025-04-06T07:18:11.045+0000] {processor.py:914} INFO - Processing file /home/airflow/.local/lib/python3.12/site-packages/airflow/example_dags/example_dataset_alias.py for tasks to queue
[2025-04-06T07:18:11.047+0000] {logging_mixin.py:190} INFO - [2025-04-06T07:18:11.047+0000] {dagbag.py:588} INFO - Filling up the DagBag from /home/airflow/.local/lib/python3.12/site-packages/airflow/example_dags/example_dataset_alias.py
[2025-04-06T07:18:11.682+0000] {processor.py:925} INFO - DAG(s) 'dataset_s3_bucket_consumer', 'dataset_alias_example_alias_consumer', 'dataset_alias_example_alias_producer', 'dataset_s3_bucket_producer' retrieved from /home/airflow/.local/lib/python3.12/site-packages/airflow/example_dags/example_dataset_alias.py
[2025-04-06T07:18:11.712+0000] {logging_mixin.py:190} INFO - [2025-04-06T07:18:11.711+0000] {dag.py:3239} INFO - Sync 4 DAGs
[2025-04-06T07:18:11.743+0000] {logging_mixin.py:190} INFO - [2025-04-06T07:18:11.743+0000] {dag.py:4180} INFO - Setting next_dagrun for dataset_alias_example_alias_consumer to None, run_after=None
[2025-04-06T07:18:11.747+0000] {logging_mixin.py:190} INFO - [2025-04-06T07:18:11.746+0000] {dag.py:4180} INFO - Setting next_dagrun for dataset_alias_example_alias_producer to None, run_after=None
[2025-04-06T07:18:11.749+0000] {logging_mixin.py:190} INFO - [2025-04-06T07:18:11.748+0000] {dag.py:4180} INFO - Setting next_dagrun for dataset_s3_bucket_consumer to None, run_after=None
[2025-04-06T07:18:11.750+0000] {logging_mixin.py:190} INFO - [2025-04-06T07:18:11.750+0000] {dag.py:4180} INFO - Setting next_dagrun for dataset_s3_bucket_producer to None, run_after=None
[2025-04-06T07:18:11.778+0000] {processor.py:208} INFO - Processing /home/airflow/.local/lib/python3.12/site-packages/airflow/example_dags/example_dataset_alias.py took 0.740 seconds
[2025-04-06T07:18:41.836+0000] {processor.py:186} INFO - Started process (PID=573) to work on /home/airflow/.local/lib/python3.12/site-packages/airflow/example_dags/example_dataset_alias.py
[2025-04-06T07:18:41.837+0000] {processor.py:914} INFO - Processing file /home/airflow/.local/lib/python3.12/site-packages/airflow/example_dags/example_dataset_alias.py for tasks to queue
[2025-04-06T07:18:41.839+0000] {logging_mixin.py:190} INFO - [2025-04-06T07:18:41.839+0000] {dagbag.py:588} INFO - Filling up the DagBag from /home/airflow/.local/lib/python3.12/site-packages/airflow/example_dags/example_dataset_alias.py
[2025-04-06T07:18:42.407+0000] {processor.py:925} INFO - DAG(s) 'dataset_alias_example_alias_consumer', 'dataset_s3_bucket_producer', 'dataset_alias_example_alias_producer', 'dataset_s3_bucket_consumer' retrieved from /home/airflow/.local/lib/python3.12/site-packages/airflow/example_dags/example_dataset_alias.py
[2025-04-06T07:18:42.430+0000] {logging_mixin.py:190} INFO - [2025-04-06T07:18:42.429+0000] {dag.py:3239} INFO - Sync 4 DAGs
[2025-04-06T07:18:42.452+0000] {logging_mixin.py:190} INFO - [2025-04-06T07:18:42.452+0000] {dag.py:4180} INFO - Setting next_dagrun for dataset_alias_example_alias_consumer to None, run_after=None
[2025-04-06T07:18:42.455+0000] {logging_mixin.py:190} INFO - [2025-04-06T07:18:42.455+0000] {dag.py:4180} INFO - Setting next_dagrun for dataset_alias_example_alias_producer to None, run_after=None
[2025-04-06T07:18:42.456+0000] {logging_mixin.py:190} INFO - [2025-04-06T07:18:42.456+0000] {dag.py:4180} INFO - Setting next_dagrun for dataset_s3_bucket_consumer to None, run_after=None
[2025-04-06T07:18:42.457+0000] {logging_mixin.py:190} INFO - [2025-04-06T07:18:42.457+0000] {dag.py:4180} INFO - Setting next_dagrun for dataset_s3_bucket_producer to None, run_after=None
[2025-04-06T07:18:42.479+0000] {processor.py:208} INFO - Processing /home/airflow/.local/lib/python3.12/site-packages/airflow/example_dags/example_dataset_alias.py took 0.648 seconds
[2025-04-06T07:19:13.463+0000] {processor.py:186} INFO - Started process (PID=636) to work on /home/airflow/.local/lib/python3.12/site-packages/airflow/example_dags/example_dataset_alias.py
[2025-04-06T07:19:13.464+0000] {processor.py:914} INFO - Processing file /home/airflow/.local/lib/python3.12/site-packages/airflow/example_dags/example_dataset_alias.py for tasks to queue
[2025-04-06T07:19:13.467+0000] {logging_mixin.py:190} INFO - [2025-04-06T07:19:13.466+0000] {dagbag.py:588} INFO - Filling up the DagBag from /home/airflow/.local/lib/python3.12/site-packages/airflow/example_dags/example_dataset_alias.py
[2025-04-06T07:19:14.244+0000] {processor.py:925} INFO - DAG(s) 'dataset_alias_example_alias_producer', 'dataset_s3_bucket_consumer', 'dataset_alias_example_alias_consumer', 'dataset_s3_bucket_producer' retrieved from /home/airflow/.local/lib/python3.12/site-packages/airflow/example_dags/example_dataset_alias.py
[2025-04-06T07:19:14.280+0000] {logging_mixin.py:190} INFO - [2025-04-06T07:19:14.279+0000] {dag.py:3239} INFO - Sync 4 DAGs
[2025-04-06T07:19:14.314+0000] {logging_mixin.py:190} INFO - [2025-04-06T07:19:14.314+0000] {dag.py:4180} INFO - Setting next_dagrun for dataset_alias_example_alias_consumer to None, run_after=None
[2025-04-06T07:19:14.318+0000] {logging_mixin.py:190} INFO - [2025-04-06T07:19:14.318+0000] {dag.py:4180} INFO - Setting next_dagrun for dataset_alias_example_alias_producer to None, run_after=None
[2025-04-06T07:19:14.320+0000] {logging_mixin.py:190} INFO - [2025-04-06T07:19:14.320+0000] {dag.py:4180} INFO - Setting next_dagrun for dataset_s3_bucket_consumer to None, run_after=None
[2025-04-06T07:19:14.322+0000] {logging_mixin.py:190} INFO - [2025-04-06T07:19:14.322+0000] {dag.py:4180} INFO - Setting next_dagrun for dataset_s3_bucket_producer to None, run_after=None
[2025-04-06T07:19:14.350+0000] {processor.py:208} INFO - Processing /home/airflow/.local/lib/python3.12/site-packages/airflow/example_dags/example_dataset_alias.py took 0.894 seconds
[2025-04-06T07:19:44.587+0000] {processor.py:186} INFO - Started process (PID=699) to work on /home/airflow/.local/lib/python3.12/site-packages/airflow/example_dags/example_dataset_alias.py
[2025-04-06T07:19:44.588+0000] {processor.py:914} INFO - Processing file /home/airflow/.local/lib/python3.12/site-packages/airflow/example_dags/example_dataset_alias.py for tasks to queue
[2025-04-06T07:19:44.590+0000] {logging_mixin.py:190} INFO - [2025-04-06T07:19:44.590+0000] {dagbag.py:588} INFO - Filling up the DagBag from /home/airflow/.local/lib/python3.12/site-packages/airflow/example_dags/example_dataset_alias.py
[2025-04-06T07:19:45.493+0000] {processor.py:925} INFO - DAG(s) 'dataset_alias_example_alias_consumer', 'dataset_alias_example_alias_producer', 'dataset_s3_bucket_producer', 'dataset_s3_bucket_consumer' retrieved from /home/airflow/.local/lib/python3.12/site-packages/airflow/example_dags/example_dataset_alias.py
[2025-04-06T07:19:45.541+0000] {logging_mixin.py:190} INFO - [2025-04-06T07:19:45.540+0000] {dag.py:3239} INFO - Sync 4 DAGs
[2025-04-06T07:19:45.592+0000] {logging_mixin.py:190} INFO - [2025-04-06T07:19:45.591+0000] {dag.py:4180} INFO - Setting next_dagrun for dataset_alias_example_alias_consumer to None, run_after=None
[2025-04-06T07:19:45.597+0000] {logging_mixin.py:190} INFO - [2025-04-06T07:19:45.597+0000] {dag.py:4180} INFO - Setting next_dagrun for dataset_alias_example_alias_producer to None, run_after=None
[2025-04-06T07:19:45.604+0000] {logging_mixin.py:190} INFO - [2025-04-06T07:19:45.603+0000] {dag.py:4180} INFO - Setting next_dagrun for dataset_s3_bucket_consumer to None, run_after=None
[2025-04-06T07:19:45.608+0000] {logging_mixin.py:190} INFO - [2025-04-06T07:19:45.607+0000] {dag.py:4180} INFO - Setting next_dagrun for dataset_s3_bucket_producer to None, run_after=None
[2025-04-06T07:19:45.655+0000] {processor.py:208} INFO - Processing /home/airflow/.local/lib/python3.12/site-packages/airflow/example_dags/example_dataset_alias.py took 1.074 seconds
[2025-04-06T07:20:15.998+0000] {processor.py:186} INFO - Started process (PID=762) to work on /home/airflow/.local/lib/python3.12/site-packages/airflow/example_dags/example_dataset_alias.py
[2025-04-06T07:20:15.999+0000] {processor.py:914} INFO - Processing file /home/airflow/.local/lib/python3.12/site-packages/airflow/example_dags/example_dataset_alias.py for tasks to queue
[2025-04-06T07:20:16.002+0000] {logging_mixin.py:190} INFO - [2025-04-06T07:20:16.001+0000] {dagbag.py:588} INFO - Filling up the DagBag from /home/airflow/.local/lib/python3.12/site-packages/airflow/example_dags/example_dataset_alias.py
[2025-04-06T07:20:16.606+0000] {processor.py:925} INFO - DAG(s) 'dataset_alias_example_alias_consumer', 'dataset_s3_bucket_producer', 'dataset_alias_example_alias_producer', 'dataset_s3_bucket_consumer' retrieved from /home/airflow/.local/lib/python3.12/site-packages/airflow/example_dags/example_dataset_alias.py
[2025-04-06T07:20:16.631+0000] {logging_mixin.py:190} INFO - [2025-04-06T07:20:16.631+0000] {dag.py:3239} INFO - Sync 4 DAGs
[2025-04-06T07:20:16.655+0000] {logging_mixin.py:190} INFO - [2025-04-06T07:20:16.655+0000] {dag.py:4180} INFO - Setting next_dagrun for dataset_alias_example_alias_consumer to None, run_after=None
[2025-04-06T07:20:16.658+0000] {logging_mixin.py:190} INFO - [2025-04-06T07:20:16.658+0000] {dag.py:4180} INFO - Setting next_dagrun for dataset_alias_example_alias_producer to None, run_after=None
[2025-04-06T07:20:16.660+0000] {logging_mixin.py:190} INFO - [2025-04-06T07:20:16.659+0000] {dag.py:4180} INFO - Setting next_dagrun for dataset_s3_bucket_consumer to None, run_after=None
[2025-04-06T07:20:16.661+0000] {logging_mixin.py:190} INFO - [2025-04-06T07:20:16.661+0000] {dag.py:4180} INFO - Setting next_dagrun for dataset_s3_bucket_producer to None, run_after=None
[2025-04-06T07:20:16.687+0000] {processor.py:208} INFO - Processing /home/airflow/.local/lib/python3.12/site-packages/airflow/example_dags/example_dataset_alias.py took 0.694 seconds
[2025-04-06T07:20:46.802+0000] {processor.py:186} INFO - Started process (PID=825) to work on /home/airflow/.local/lib/python3.12/site-packages/airflow/example_dags/example_dataset_alias.py
[2025-04-06T07:20:46.803+0000] {processor.py:914} INFO - Processing file /home/airflow/.local/lib/python3.12/site-packages/airflow/example_dags/example_dataset_alias.py for tasks to queue
[2025-04-06T07:20:46.805+0000] {logging_mixin.py:190} INFO - [2025-04-06T07:20:46.805+0000] {dagbag.py:588} INFO - Filling up the DagBag from /home/airflow/.local/lib/python3.12/site-packages/airflow/example_dags/example_dataset_alias.py
[2025-04-06T07:20:47.348+0000] {processor.py:925} INFO - DAG(s) 'dataset_alias_example_alias_producer', 'dataset_s3_bucket_producer', 'dataset_alias_example_alias_consumer', 'dataset_s3_bucket_consumer' retrieved from /home/airflow/.local/lib/python3.12/site-packages/airflow/example_dags/example_dataset_alias.py
[2025-04-06T07:20:47.368+0000] {logging_mixin.py:190} INFO - [2025-04-06T07:20:47.368+0000] {dag.py:3239} INFO - Sync 4 DAGs
[2025-04-06T07:20:47.391+0000] {logging_mixin.py:190} INFO - [2025-04-06T07:20:47.390+0000] {dag.py:4180} INFO - Setting next_dagrun for dataset_alias_example_alias_consumer to None, run_after=None
[2025-04-06T07:20:47.393+0000] {logging_mixin.py:190} INFO - [2025-04-06T07:20:47.393+0000] {dag.py:4180} INFO - Setting next_dagrun for dataset_alias_example_alias_producer to None, run_after=None
[2025-04-06T07:20:47.395+0000] {logging_mixin.py:190} INFO - [2025-04-06T07:20:47.395+0000] {dag.py:4180} INFO - Setting next_dagrun for dataset_s3_bucket_consumer to None, run_after=None
[2025-04-06T07:20:47.398+0000] {logging_mixin.py:190} INFO - [2025-04-06T07:20:47.397+0000] {dag.py:4180} INFO - Setting next_dagrun for dataset_s3_bucket_producer to None, run_after=None
[2025-04-06T07:20:47.423+0000] {processor.py:208} INFO - Processing /home/airflow/.local/lib/python3.12/site-packages/airflow/example_dags/example_dataset_alias.py took 0.628 seconds
[2025-04-06T07:21:17.522+0000] {processor.py:186} INFO - Started process (PID=888) to work on /home/airflow/.local/lib/python3.12/site-packages/airflow/example_dags/example_dataset_alias.py
[2025-04-06T07:21:17.523+0000] {processor.py:914} INFO - Processing file /home/airflow/.local/lib/python3.12/site-packages/airflow/example_dags/example_dataset_alias.py for tasks to queue
[2025-04-06T07:21:17.524+0000] {logging_mixin.py:190} INFO - [2025-04-06T07:21:17.524+0000] {dagbag.py:588} INFO - Filling up the DagBag from /home/airflow/.local/lib/python3.12/site-packages/airflow/example_dags/example_dataset_alias.py
[2025-04-06T07:21:17.957+0000] {processor.py:925} INFO - DAG(s) 'dataset_alias_example_alias_consumer', 'dataset_alias_example_alias_producer', 'dataset_s3_bucket_producer', 'dataset_s3_bucket_consumer' retrieved from /home/airflow/.local/lib/python3.12/site-packages/airflow/example_dags/example_dataset_alias.py
[2025-04-06T07:21:17.974+0000] {logging_mixin.py:190} INFO - [2025-04-06T07:21:17.973+0000] {dag.py:3239} INFO - Sync 4 DAGs
[2025-04-06T07:21:17.992+0000] {logging_mixin.py:190} INFO - [2025-04-06T07:21:17.992+0000] {dag.py:4180} INFO - Setting next_dagrun for dataset_alias_example_alias_consumer to None, run_after=None
[2025-04-06T07:21:17.994+0000] {logging_mixin.py:190} INFO - [2025-04-06T07:21:17.994+0000] {dag.py:4180} INFO - Setting next_dagrun for dataset_alias_example_alias_producer to None, run_after=None
[2025-04-06T07:21:17.995+0000] {logging_mixin.py:190} INFO - [2025-04-06T07:21:17.995+0000] {dag.py:4180} INFO - Setting next_dagrun for dataset_s3_bucket_consumer to None, run_after=None
[2025-04-06T07:21:17.997+0000] {logging_mixin.py:190} INFO - [2025-04-06T07:21:17.997+0000] {dag.py:4180} INFO - Setting next_dagrun for dataset_s3_bucket_producer to None, run_after=None
[2025-04-06T07:21:18.018+0000] {processor.py:208} INFO - Processing /home/airflow/.local/lib/python3.12/site-packages/airflow/example_dags/example_dataset_alias.py took 0.500 seconds
[2025-04-06T07:21:48.682+0000] {processor.py:186} INFO - Started process (PID=951) to work on /home/airflow/.local/lib/python3.12/site-packages/airflow/example_dags/example_dataset_alias.py
[2025-04-06T07:21:48.683+0000] {processor.py:914} INFO - Processing file /home/airflow/.local/lib/python3.12/site-packages/airflow/example_dags/example_dataset_alias.py for tasks to queue
[2025-04-06T07:21:48.688+0000] {logging_mixin.py:190} INFO - [2025-04-06T07:21:48.687+0000] {dagbag.py:588} INFO - Filling up the DagBag from /home/airflow/.local/lib/python3.12/site-packages/airflow/example_dags/example_dataset_alias.py
[2025-04-06T07:21:49.614+0000] {processor.py:925} INFO - DAG(s) 'dataset_s3_bucket_producer', 'dataset_s3_bucket_consumer', 'dataset_alias_example_alias_producer', 'dataset_alias_example_alias_consumer' retrieved from /home/airflow/.local/lib/python3.12/site-packages/airflow/example_dags/example_dataset_alias.py
[2025-04-06T07:21:49.663+0000] {logging_mixin.py:190} INFO - [2025-04-06T07:21:49.662+0000] {dag.py:3239} INFO - Sync 4 DAGs
[2025-04-06T07:21:49.700+0000] {logging_mixin.py:190} INFO - [2025-04-06T07:21:49.700+0000] {dag.py:4180} INFO - Setting next_dagrun for dataset_alias_example_alias_consumer to None, run_after=None
[2025-04-06T07:21:49.705+0000] {logging_mixin.py:190} INFO - [2025-04-06T07:21:49.705+0000] {dag.py:4180} INFO - Setting next_dagrun for dataset_alias_example_alias_producer to None, run_after=None
[2025-04-06T07:21:49.708+0000] {logging_mixin.py:190} INFO - [2025-04-06T07:21:49.707+0000] {dag.py:4180} INFO - Setting next_dagrun for dataset_s3_bucket_consumer to None, run_after=None
[2025-04-06T07:21:49.710+0000] {logging_mixin.py:190} INFO - [2025-04-06T07:21:49.710+0000] {dag.py:4180} INFO - Setting next_dagrun for dataset_s3_bucket_producer to None, run_after=None
[2025-04-06T07:21:49.741+0000] {processor.py:208} INFO - Processing /home/airflow/.local/lib/python3.12/site-packages/airflow/example_dags/example_dataset_alias.py took 1.069 seconds
[2025-04-06T07:22:19.847+0000] {processor.py:186} INFO - Started process (PID=1014) to work on /home/airflow/.local/lib/python3.12/site-packages/airflow/example_dags/example_dataset_alias.py
[2025-04-06T07:22:19.848+0000] {processor.py:914} INFO - Processing file /home/airflow/.local/lib/python3.12/site-packages/airflow/example_dags/example_dataset_alias.py for tasks to queue
[2025-04-06T07:22:19.851+0000] {logging_mixin.py:190} INFO - [2025-04-06T07:22:19.850+0000] {dagbag.py:588} INFO - Filling up the DagBag from /home/airflow/.local/lib/python3.12/site-packages/airflow/example_dags/example_dataset_alias.py
[2025-04-06T07:22:20.518+0000] {processor.py:925} INFO - DAG(s) 'dataset_s3_bucket_consumer', 'dataset_s3_bucket_producer', 'dataset_alias_example_alias_consumer', 'dataset_alias_example_alias_producer' retrieved from /home/airflow/.local/lib/python3.12/site-packages/airflow/example_dags/example_dataset_alias.py
[2025-04-06T07:22:20.541+0000] {logging_mixin.py:190} INFO - [2025-04-06T07:22:20.540+0000] {dag.py:3239} INFO - Sync 4 DAGs
[2025-04-06T07:22:20.564+0000] {logging_mixin.py:190} INFO - [2025-04-06T07:22:20.564+0000] {dag.py:4180} INFO - Setting next_dagrun for dataset_alias_example_alias_consumer to None, run_after=None
[2025-04-06T07:22:20.567+0000] {logging_mixin.py:190} INFO - [2025-04-06T07:22:20.567+0000] {dag.py:4180} INFO - Setting next_dagrun for dataset_alias_example_alias_producer to None, run_after=None
[2025-04-06T07:22:20.569+0000] {logging_mixin.py:190} INFO - [2025-04-06T07:22:20.568+0000] {dag.py:4180} INFO - Setting next_dagrun for dataset_s3_bucket_consumer to None, run_after=None
[2025-04-06T07:22:20.570+0000] {logging_mixin.py:190} INFO - [2025-04-06T07:22:20.570+0000] {dag.py:4180} INFO - Setting next_dagrun for dataset_s3_bucket_producer to None, run_after=None
[2025-04-06T07:22:20.597+0000] {processor.py:208} INFO - Processing /home/airflow/.local/lib/python3.12/site-packages/airflow/example_dags/example_dataset_alias.py took 0.758 seconds
[2025-04-06T07:22:50.774+0000] {processor.py:186} INFO - Started process (PID=1077) to work on /home/airflow/.local/lib/python3.12/site-packages/airflow/example_dags/example_dataset_alias.py
[2025-04-06T07:22:50.775+0000] {processor.py:914} INFO - Processing file /home/airflow/.local/lib/python3.12/site-packages/airflow/example_dags/example_dataset_alias.py for tasks to queue
[2025-04-06T07:22:50.778+0000] {logging_mixin.py:190} INFO - [2025-04-06T07:22:50.777+0000] {dagbag.py:588} INFO - Filling up the DagBag from /home/airflow/.local/lib/python3.12/site-packages/airflow/example_dags/example_dataset_alias.py
[2025-04-06T07:22:51.244+0000] {processor.py:925} INFO - DAG(s) 'dataset_alias_example_alias_consumer', 'dataset_alias_example_alias_producer', 'dataset_s3_bucket_consumer', 'dataset_s3_bucket_producer' retrieved from /home/airflow/.local/lib/python3.12/site-packages/airflow/example_dags/example_dataset_alias.py
[2025-04-06T07:22:51.260+0000] {logging_mixin.py:190} INFO - [2025-04-06T07:22:51.258+0000] {dag.py:3239} INFO - Sync 4 DAGs
[2025-04-06T07:22:51.277+0000] {logging_mixin.py:190} INFO - [2025-04-06T07:22:51.277+0000] {dag.py:4180} INFO - Setting next_dagrun for dataset_alias_example_alias_consumer to None, run_after=None
[2025-04-06T07:22:51.279+0000] {logging_mixin.py:190} INFO - [2025-04-06T07:22:51.279+0000] {dag.py:4180} INFO - Setting next_dagrun for dataset_alias_example_alias_producer to None, run_after=None
[2025-04-06T07:22:51.281+0000] {logging_mixin.py:190} INFO - [2025-04-06T07:22:51.281+0000] {dag.py:4180} INFO - Setting next_dagrun for dataset_s3_bucket_consumer to None, run_after=None
[2025-04-06T07:22:51.282+0000] {logging_mixin.py:190} INFO - [2025-04-06T07:22:51.282+0000] {dag.py:4180} INFO - Setting next_dagrun for dataset_s3_bucket_producer to None, run_after=None
[2025-04-06T07:22:51.302+0000] {processor.py:208} INFO - Processing /home/airflow/.local/lib/python3.12/site-packages/airflow/example_dags/example_dataset_alias.py took 0.532 seconds
[2025-04-06T07:23:21.400+0000] {processor.py:186} INFO - Started process (PID=1140) to work on /home/airflow/.local/lib/python3.12/site-packages/airflow/example_dags/example_dataset_alias.py
[2025-04-06T07:23:21.401+0000] {processor.py:914} INFO - Processing file /home/airflow/.local/lib/python3.12/site-packages/airflow/example_dags/example_dataset_alias.py for tasks to queue
[2025-04-06T07:23:21.403+0000] {logging_mixin.py:190} INFO - [2025-04-06T07:23:21.402+0000] {dagbag.py:588} INFO - Filling up the DagBag from /home/airflow/.local/lib/python3.12/site-packages/airflow/example_dags/example_dataset_alias.py
[2025-04-06T07:23:21.944+0000] {processor.py:925} INFO - DAG(s) 'dataset_s3_bucket_consumer', 'dataset_s3_bucket_producer', 'dataset_alias_example_alias_consumer', 'dataset_alias_example_alias_producer' retrieved from /home/airflow/.local/lib/python3.12/site-packages/airflow/example_dags/example_dataset_alias.py
[2025-04-06T07:23:21.968+0000] {logging_mixin.py:190} INFO - [2025-04-06T07:23:21.967+0000] {dag.py:3239} INFO - Sync 4 DAGs
[2025-04-06T07:23:21.990+0000] {logging_mixin.py:190} INFO - [2025-04-06T07:23:21.990+0000] {dag.py:4180} INFO - Setting next_dagrun for dataset_alias_example_alias_consumer to None, run_after=None
[2025-04-06T07:23:21.994+0000] {logging_mixin.py:190} INFO - [2025-04-06T07:23:21.994+0000] {dag.py:4180} INFO - Setting next_dagrun for dataset_alias_example_alias_producer to None, run_after=None
[2025-04-06T07:23:21.996+0000] {logging_mixin.py:190} INFO - [2025-04-06T07:23:21.996+0000] {dag.py:4180} INFO - Setting next_dagrun for dataset_s3_bucket_consumer to None, run_after=None
[2025-04-06T07:23:21.998+0000] {logging_mixin.py:190} INFO - [2025-04-06T07:23:21.998+0000] {dag.py:4180} INFO - Setting next_dagrun for dataset_s3_bucket_producer to None, run_after=None
[2025-04-06T07:23:22.022+0000] {processor.py:208} INFO - Processing /home/airflow/.local/lib/python3.12/site-packages/airflow/example_dags/example_dataset_alias.py took 0.629 seconds
[2025-04-06T07:23:52.509+0000] {processor.py:186} INFO - Started process (PID=1203) to work on /home/airflow/.local/lib/python3.12/site-packages/airflow/example_dags/example_dataset_alias.py
[2025-04-06T07:23:52.510+0000] {processor.py:914} INFO - Processing file /home/airflow/.local/lib/python3.12/site-packages/airflow/example_dags/example_dataset_alias.py for tasks to queue
[2025-04-06T07:23:52.513+0000] {logging_mixin.py:190} INFO - [2025-04-06T07:23:52.512+0000] {dagbag.py:588} INFO - Filling up the DagBag from /home/airflow/.local/lib/python3.12/site-packages/airflow/example_dags/example_dataset_alias.py
[2025-04-06T07:23:53.000+0000] {processor.py:925} INFO - DAG(s) 'dataset_s3_bucket_consumer', 'dataset_s3_bucket_producer', 'dataset_alias_example_alias_consumer', 'dataset_alias_example_alias_producer' retrieved from /home/airflow/.local/lib/python3.12/site-packages/airflow/example_dags/example_dataset_alias.py
[2025-04-06T07:23:53.020+0000] {logging_mixin.py:190} INFO - [2025-04-06T07:23:53.020+0000] {dag.py:3239} INFO - Sync 4 DAGs
[2025-04-06T07:23:53.037+0000] {logging_mixin.py:190} INFO - [2025-04-06T07:23:53.037+0000] {dag.py:4180} INFO - Setting next_dagrun for dataset_alias_example_alias_consumer to None, run_after=None
[2025-04-06T07:23:53.040+0000] {logging_mixin.py:190} INFO - [2025-04-06T07:23:53.040+0000] {dag.py:4180} INFO - Setting next_dagrun for dataset_alias_example_alias_producer to None, run_after=None
[2025-04-06T07:23:53.042+0000] {logging_mixin.py:190} INFO - [2025-04-06T07:23:53.042+0000] {dag.py:4180} INFO - Setting next_dagrun for dataset_s3_bucket_consumer to None, run_after=None
[2025-04-06T07:23:53.043+0000] {logging_mixin.py:190} INFO - [2025-04-06T07:23:53.043+0000] {dag.py:4180} INFO - Setting next_dagrun for dataset_s3_bucket_producer to None, run_after=None
[2025-04-06T07:23:53.061+0000] {processor.py:208} INFO - Processing /home/airflow/.local/lib/python3.12/site-packages/airflow/example_dags/example_dataset_alias.py took 0.558 seconds
[2025-04-06T07:24:23.998+0000] {processor.py:186} INFO - Started process (PID=1266) to work on /home/airflow/.local/lib/python3.12/site-packages/airflow/example_dags/example_dataset_alias.py
[2025-04-06T07:24:23.999+0000] {processor.py:914} INFO - Processing file /home/airflow/.local/lib/python3.12/site-packages/airflow/example_dags/example_dataset_alias.py for tasks to queue
[2025-04-06T07:24:24.001+0000] {logging_mixin.py:190} INFO - [2025-04-06T07:24:24.001+0000] {dagbag.py:588} INFO - Filling up the DagBag from /home/airflow/.local/lib/python3.12/site-packages/airflow/example_dags/example_dataset_alias.py
[2025-04-06T07:24:24.462+0000] {processor.py:925} INFO - DAG(s) 'dataset_s3_bucket_consumer', 'dataset_alias_example_alias_consumer', 'dataset_s3_bucket_producer', 'dataset_alias_example_alias_producer' retrieved from /home/airflow/.local/lib/python3.12/site-packages/airflow/example_dags/example_dataset_alias.py
[2025-04-06T07:24:24.479+0000] {logging_mixin.py:190} INFO - [2025-04-06T07:24:24.478+0000] {dag.py:3239} INFO - Sync 4 DAGs
[2025-04-06T07:24:24.495+0000] {logging_mixin.py:190} INFO - [2025-04-06T07:24:24.494+0000] {dag.py:4180} INFO - Setting next_dagrun for dataset_alias_example_alias_consumer to None, run_after=None
[2025-04-06T07:24:24.497+0000] {logging_mixin.py:190} INFO - [2025-04-06T07:24:24.497+0000] {dag.py:4180} INFO - Setting next_dagrun for dataset_alias_example_alias_producer to None, run_after=None
[2025-04-06T07:24:24.499+0000] {logging_mixin.py:190} INFO - [2025-04-06T07:24:24.499+0000] {dag.py:4180} INFO - Setting next_dagrun for dataset_s3_bucket_consumer to None, run_after=None
[2025-04-06T07:24:24.500+0000] {logging_mixin.py:190} INFO - [2025-04-06T07:24:24.500+0000] {dag.py:4180} INFO - Setting next_dagrun for dataset_s3_bucket_producer to None, run_after=None
[2025-04-06T07:24:24.521+0000] {processor.py:208} INFO - Processing /home/airflow/.local/lib/python3.12/site-packages/airflow/example_dags/example_dataset_alias.py took 0.527 seconds
[2025-04-06T07:24:55.018+0000] {processor.py:186} INFO - Started process (PID=1330) to work on /home/airflow/.local/lib/python3.12/site-packages/airflow/example_dags/example_dataset_alias.py
[2025-04-06T07:24:55.019+0000] {processor.py:914} INFO - Processing file /home/airflow/.local/lib/python3.12/site-packages/airflow/example_dags/example_dataset_alias.py for tasks to queue
[2025-04-06T07:24:55.020+0000] {logging_mixin.py:190} INFO - [2025-04-06T07:24:55.020+0000] {dagbag.py:588} INFO - Filling up the DagBag from /home/airflow/.local/lib/python3.12/site-packages/airflow/example_dags/example_dataset_alias.py
[2025-04-06T07:24:55.447+0000] {processor.py:925} INFO - DAG(s) 'dataset_s3_bucket_consumer', 'dataset_alias_example_alias_producer', 'dataset_alias_example_alias_consumer', 'dataset_s3_bucket_producer' retrieved from /home/airflow/.local/lib/python3.12/site-packages/airflow/example_dags/example_dataset_alias.py
[2025-04-06T07:24:55.462+0000] {logging_mixin.py:190} INFO - [2025-04-06T07:24:55.462+0000] {dag.py:3239} INFO - Sync 4 DAGs
[2025-04-06T07:24:55.480+0000] {logging_mixin.py:190} INFO - [2025-04-06T07:24:55.479+0000] {dag.py:4180} INFO - Setting next_dagrun for dataset_alias_example_alias_consumer to None, run_after=None
[2025-04-06T07:24:55.482+0000] {logging_mixin.py:190} INFO - [2025-04-06T07:24:55.482+0000] {dag.py:4180} INFO - Setting next_dagrun for dataset_alias_example_alias_producer to None, run_after=None
[2025-04-06T07:24:55.483+0000] {logging_mixin.py:190} INFO - [2025-04-06T07:24:55.483+0000] {dag.py:4180} INFO - Setting next_dagrun for dataset_s3_bucket_consumer to None, run_after=None
[2025-04-06T07:24:55.484+0000] {logging_mixin.py:190} INFO - [2025-04-06T07:24:55.484+0000] {dag.py:4180} INFO - Setting next_dagrun for dataset_s3_bucket_producer to None, run_after=None
[2025-04-06T07:24:55.500+0000] {processor.py:208} INFO - Processing /home/airflow/.local/lib/python3.12/site-packages/airflow/example_dags/example_dataset_alias.py took 0.487 seconds
[2025-04-06T07:25:25.562+0000] {processor.py:186} INFO - Started process (PID=1394) to work on /home/airflow/.local/lib/python3.12/site-packages/airflow/example_dags/example_dataset_alias.py
[2025-04-06T07:25:25.562+0000] {processor.py:914} INFO - Processing file /home/airflow/.local/lib/python3.12/site-packages/airflow/example_dags/example_dataset_alias.py for tasks to queue
[2025-04-06T07:25:25.565+0000] {logging_mixin.py:190} INFO - [2025-04-06T07:25:25.564+0000] {dagbag.py:588} INFO - Filling up the DagBag from /home/airflow/.local/lib/python3.12/site-packages/airflow/example_dags/example_dataset_alias.py
[2025-04-06T07:25:25.964+0000] {processor.py:925} INFO - DAG(s) 'dataset_alias_example_alias_producer', 'dataset_s3_bucket_consumer', 'dataset_s3_bucket_producer', 'dataset_alias_example_alias_consumer' retrieved from /home/airflow/.local/lib/python3.12/site-packages/airflow/example_dags/example_dataset_alias.py
[2025-04-06T07:25:25.980+0000] {logging_mixin.py:190} INFO - [2025-04-06T07:25:25.979+0000] {dag.py:3239} INFO - Sync 4 DAGs
[2025-04-06T07:25:25.997+0000] {logging_mixin.py:190} INFO - [2025-04-06T07:25:25.996+0000] {dag.py:4180} INFO - Setting next_dagrun for dataset_alias_example_alias_consumer to None, run_after=None
[2025-04-06T07:25:25.999+0000] {logging_mixin.py:190} INFO - [2025-04-06T07:25:25.999+0000] {dag.py:4180} INFO - Setting next_dagrun for dataset_alias_example_alias_producer to None, run_after=None
[2025-04-06T07:25:26.000+0000] {logging_mixin.py:190} INFO - [2025-04-06T07:25:26.000+0000] {dag.py:4180} INFO - Setting next_dagrun for dataset_s3_bucket_consumer to None, run_after=None
[2025-04-06T07:25:26.001+0000] {logging_mixin.py:190} INFO - [2025-04-06T07:25:26.001+0000] {dag.py:4180} INFO - Setting next_dagrun for dataset_s3_bucket_producer to None, run_after=None
[2025-04-06T07:25:26.016+0000] {processor.py:208} INFO - Processing /home/airflow/.local/lib/python3.12/site-packages/airflow/example_dags/example_dataset_alias.py took 0.459 seconds
[2025-04-06T07:25:56.105+0000] {processor.py:186} INFO - Started process (PID=1459) to work on /home/airflow/.local/lib/python3.12/site-packages/airflow/example_dags/example_dataset_alias.py
[2025-04-06T07:25:56.106+0000] {processor.py:914} INFO - Processing file /home/airflow/.local/lib/python3.12/site-packages/airflow/example_dags/example_dataset_alias.py for tasks to queue
[2025-04-06T07:25:56.108+0000] {logging_mixin.py:190} INFO - [2025-04-06T07:25:56.107+0000] {dagbag.py:588} INFO - Filling up the DagBag from /home/airflow/.local/lib/python3.12/site-packages/airflow/example_dags/example_dataset_alias.py
[2025-04-06T07:25:56.499+0000] {processor.py:925} INFO - DAG(s) 'dataset_s3_bucket_consumer', 'dataset_alias_example_alias_consumer', 'dataset_s3_bucket_producer', 'dataset_alias_example_alias_producer' retrieved from /home/airflow/.local/lib/python3.12/site-packages/airflow/example_dags/example_dataset_alias.py
[2025-04-06T07:25:56.516+0000] {logging_mixin.py:190} INFO - [2025-04-06T07:25:56.516+0000] {dag.py:3239} INFO - Sync 4 DAGs
[2025-04-06T07:25:56.531+0000] {logging_mixin.py:190} INFO - [2025-04-06T07:25:56.531+0000] {dag.py:4180} INFO - Setting next_dagrun for dataset_alias_example_alias_consumer to None, run_after=None
[2025-04-06T07:25:56.533+0000] {logging_mixin.py:190} INFO - [2025-04-06T07:25:56.533+0000] {dag.py:4180} INFO - Setting next_dagrun for dataset_alias_example_alias_producer to None, run_after=None
[2025-04-06T07:25:56.535+0000] {logging_mixin.py:190} INFO - [2025-04-06T07:25:56.535+0000] {dag.py:4180} INFO - Setting next_dagrun for dataset_s3_bucket_consumer to None, run_after=None
[2025-04-06T07:25:56.537+0000] {logging_mixin.py:190} INFO - [2025-04-06T07:25:56.537+0000] {dag.py:4180} INFO - Setting next_dagrun for dataset_s3_bucket_producer to None, run_after=None
[2025-04-06T07:25:56.555+0000] {processor.py:208} INFO - Processing /home/airflow/.local/lib/python3.12/site-packages/airflow/example_dags/example_dataset_alias.py took 0.455 seconds
[2025-04-06T07:26:27.142+0000] {processor.py:186} INFO - Started process (PID=1523) to work on /home/airflow/.local/lib/python3.12/site-packages/airflow/example_dags/example_dataset_alias.py
[2025-04-06T07:26:27.143+0000] {processor.py:914} INFO - Processing file /home/airflow/.local/lib/python3.12/site-packages/airflow/example_dags/example_dataset_alias.py for tasks to queue
[2025-04-06T07:26:27.145+0000] {logging_mixin.py:190} INFO - [2025-04-06T07:26:27.145+0000] {dagbag.py:588} INFO - Filling up the DagBag from /home/airflow/.local/lib/python3.12/site-packages/airflow/example_dags/example_dataset_alias.py
[2025-04-06T07:26:27.665+0000] {processor.py:925} INFO - DAG(s) 'dataset_s3_bucket_producer', 'dataset_s3_bucket_consumer', 'dataset_alias_example_alias_producer', 'dataset_alias_example_alias_consumer' retrieved from /home/airflow/.local/lib/python3.12/site-packages/airflow/example_dags/example_dataset_alias.py
[2025-04-06T07:26:27.681+0000] {logging_mixin.py:190} INFO - [2025-04-06T07:26:27.681+0000] {dag.py:3239} INFO - Sync 4 DAGs
[2025-04-06T07:26:27.698+0000] {logging_mixin.py:190} INFO - [2025-04-06T07:26:27.698+0000] {dag.py:4180} INFO - Setting next_dagrun for dataset_alias_example_alias_consumer to None, run_after=None
[2025-04-06T07:26:27.701+0000] {logging_mixin.py:190} INFO - [2025-04-06T07:26:27.700+0000] {dag.py:4180} INFO - Setting next_dagrun for dataset_alias_example_alias_producer to None, run_after=None
[2025-04-06T07:26:27.702+0000] {logging_mixin.py:190} INFO - [2025-04-06T07:26:27.702+0000] {dag.py:4180} INFO - Setting next_dagrun for dataset_s3_bucket_consumer to None, run_after=None
[2025-04-06T07:26:27.703+0000] {logging_mixin.py:190} INFO - [2025-04-06T07:26:27.703+0000] {dag.py:4180} INFO - Setting next_dagrun for dataset_s3_bucket_producer to None, run_after=None
[2025-04-06T07:26:27.722+0000] {processor.py:208} INFO - Processing /home/airflow/.local/lib/python3.12/site-packages/airflow/example_dags/example_dataset_alias.py took 0.586 seconds
[2025-04-06T07:26:58.071+0000] {processor.py:186} INFO - Started process (PID=1590) to work on /home/airflow/.local/lib/python3.12/site-packages/airflow/example_dags/example_dataset_alias.py
[2025-04-06T07:26:58.072+0000] {processor.py:914} INFO - Processing file /home/airflow/.local/lib/python3.12/site-packages/airflow/example_dags/example_dataset_alias.py for tasks to queue
[2025-04-06T07:26:58.074+0000] {logging_mixin.py:190} INFO - [2025-04-06T07:26:58.074+0000] {dagbag.py:588} INFO - Filling up the DagBag from /home/airflow/.local/lib/python3.12/site-packages/airflow/example_dags/example_dataset_alias.py
[2025-04-06T07:26:58.610+0000] {processor.py:925} INFO - DAG(s) 'dataset_s3_bucket_consumer', 'dataset_alias_example_alias_producer', 'dataset_s3_bucket_producer', 'dataset_alias_example_alias_consumer' retrieved from /home/airflow/.local/lib/python3.12/site-packages/airflow/example_dags/example_dataset_alias.py
[2025-04-06T07:26:58.655+0000] {logging_mixin.py:190} INFO - [2025-04-06T07:26:58.654+0000] {dag.py:3239} INFO - Sync 4 DAGs
[2025-04-06T07:26:58.682+0000] {logging_mixin.py:190} INFO - [2025-04-06T07:26:58.682+0000] {dag.py:4180} INFO - Setting next_dagrun for dataset_alias_example_alias_consumer to None, run_after=None
[2025-04-06T07:26:58.686+0000] {logging_mixin.py:190} INFO - [2025-04-06T07:26:58.685+0000] {dag.py:4180} INFO - Setting next_dagrun for dataset_alias_example_alias_producer to None, run_after=None
[2025-04-06T07:26:58.688+0000] {logging_mixin.py:190} INFO - [2025-04-06T07:26:58.688+0000] {dag.py:4180} INFO - Setting next_dagrun for dataset_s3_bucket_consumer to None, run_after=None
[2025-04-06T07:26:58.690+0000] {logging_mixin.py:190} INFO - [2025-04-06T07:26:58.690+0000] {dag.py:4180} INFO - Setting next_dagrun for dataset_s3_bucket_producer to None, run_after=None
[2025-04-06T07:26:58.712+0000] {processor.py:208} INFO - Processing /home/airflow/.local/lib/python3.12/site-packages/airflow/example_dags/example_dataset_alias.py took 0.646 seconds
[2025-04-06T07:27:29.127+0000] {processor.py:186} INFO - Started process (PID=1654) to work on /home/airflow/.local/lib/python3.12/site-packages/airflow/example_dags/example_dataset_alias.py
[2025-04-06T07:27:29.128+0000] {processor.py:914} INFO - Processing file /home/airflow/.local/lib/python3.12/site-packages/airflow/example_dags/example_dataset_alias.py for tasks to queue
[2025-04-06T07:27:29.130+0000] {logging_mixin.py:190} INFO - [2025-04-06T07:27:29.130+0000] {dagbag.py:588} INFO - Filling up the DagBag from /home/airflow/.local/lib/python3.12/site-packages/airflow/example_dags/example_dataset_alias.py
[2025-04-06T07:27:29.693+0000] {processor.py:925} INFO - DAG(s) 'dataset_alias_example_alias_producer', 'dataset_alias_example_alias_consumer', 'dataset_s3_bucket_consumer', 'dataset_s3_bucket_producer' retrieved from /home/airflow/.local/lib/python3.12/site-packages/airflow/example_dags/example_dataset_alias.py
[2025-04-06T07:27:29.714+0000] {logging_mixin.py:190} INFO - [2025-04-06T07:27:29.713+0000] {dag.py:3239} INFO - Sync 4 DAGs
[2025-04-06T07:27:29.736+0000] {logging_mixin.py:190} INFO - [2025-04-06T07:27:29.736+0000] {dag.py:4180} INFO - Setting next_dagrun for dataset_alias_example_alias_consumer to None, run_after=None
[2025-04-06T07:27:29.741+0000] {logging_mixin.py:190} INFO - [2025-04-06T07:27:29.740+0000] {dag.py:4180} INFO - Setting next_dagrun for dataset_alias_example_alias_producer to None, run_after=None
[2025-04-06T07:27:29.743+0000] {logging_mixin.py:190} INFO - [2025-04-06T07:27:29.742+0000] {dag.py:4180} INFO - Setting next_dagrun for dataset_s3_bucket_consumer to None, run_after=None
[2025-04-06T07:27:29.744+0000] {logging_mixin.py:190} INFO - [2025-04-06T07:27:29.744+0000] {dag.py:4180} INFO - Setting next_dagrun for dataset_s3_bucket_producer to None, run_after=None
[2025-04-06T07:27:29.775+0000] {processor.py:208} INFO - Processing /home/airflow/.local/lib/python3.12/site-packages/airflow/example_dags/example_dataset_alias.py took 0.653 seconds
[2025-04-06T07:27:59.842+0000] {processor.py:186} INFO - Started process (PID=1718) to work on /home/airflow/.local/lib/python3.12/site-packages/airflow/example_dags/example_dataset_alias.py
[2025-04-06T07:27:59.843+0000] {processor.py:914} INFO - Processing file /home/airflow/.local/lib/python3.12/site-packages/airflow/example_dags/example_dataset_alias.py for tasks to queue
[2025-04-06T07:27:59.845+0000] {logging_mixin.py:190} INFO - [2025-04-06T07:27:59.845+0000] {dagbag.py:588} INFO - Filling up the DagBag from /home/airflow/.local/lib/python3.12/site-packages/airflow/example_dags/example_dataset_alias.py
[2025-04-06T07:28:00.322+0000] {processor.py:925} INFO - DAG(s) 'dataset_s3_bucket_consumer', 'dataset_s3_bucket_producer', 'dataset_alias_example_alias_consumer', 'dataset_alias_example_alias_producer' retrieved from /home/airflow/.local/lib/python3.12/site-packages/airflow/example_dags/example_dataset_alias.py
[2025-04-06T07:28:00.340+0000] {logging_mixin.py:190} INFO - [2025-04-06T07:28:00.340+0000] {dag.py:3239} INFO - Sync 4 DAGs
[2025-04-06T07:28:00.362+0000] {logging_mixin.py:190} INFO - [2025-04-06T07:28:00.362+0000] {dag.py:4180} INFO - Setting next_dagrun for dataset_alias_example_alias_consumer to None, run_after=None
[2025-04-06T07:28:00.365+0000] {logging_mixin.py:190} INFO - [2025-04-06T07:28:00.365+0000] {dag.py:4180} INFO - Setting next_dagrun for dataset_alias_example_alias_producer to None, run_after=None
[2025-04-06T07:28:00.367+0000] {logging_mixin.py:190} INFO - [2025-04-06T07:28:00.366+0000] {dag.py:4180} INFO - Setting next_dagrun for dataset_s3_bucket_consumer to None, run_after=None
[2025-04-06T07:28:00.368+0000] {logging_mixin.py:190} INFO - [2025-04-06T07:28:00.368+0000] {dag.py:4180} INFO - Setting next_dagrun for dataset_s3_bucket_producer to None, run_after=None
[2025-04-06T07:28:00.392+0000] {processor.py:208} INFO - Processing /home/airflow/.local/lib/python3.12/site-packages/airflow/example_dags/example_dataset_alias.py took 0.555 seconds
[2025-04-06T07:28:31.026+0000] {processor.py:186} INFO - Started process (PID=1782) to work on /home/airflow/.local/lib/python3.12/site-packages/airflow/example_dags/example_dataset_alias.py
[2025-04-06T07:28:31.027+0000] {processor.py:914} INFO - Processing file /home/airflow/.local/lib/python3.12/site-packages/airflow/example_dags/example_dataset_alias.py for tasks to queue
[2025-04-06T07:28:31.028+0000] {logging_mixin.py:190} INFO - [2025-04-06T07:28:31.028+0000] {dagbag.py:588} INFO - Filling up the DagBag from /home/airflow/.local/lib/python3.12/site-packages/airflow/example_dags/example_dataset_alias.py
[2025-04-06T07:28:31.443+0000] {processor.py:925} INFO - DAG(s) 'dataset_s3_bucket_consumer', 'dataset_alias_example_alias_producer', 'dataset_s3_bucket_producer', 'dataset_alias_example_alias_consumer' retrieved from /home/airflow/.local/lib/python3.12/site-packages/airflow/example_dags/example_dataset_alias.py
[2025-04-06T07:28:31.460+0000] {logging_mixin.py:190} INFO - [2025-04-06T07:28:31.459+0000] {dag.py:3239} INFO - Sync 4 DAGs
[2025-04-06T07:28:31.477+0000] {logging_mixin.py:190} INFO - [2025-04-06T07:28:31.477+0000] {dag.py:4180} INFO - Setting next_dagrun for dataset_alias_example_alias_consumer to None, run_after=None
[2025-04-06T07:28:31.479+0000] {logging_mixin.py:190} INFO - [2025-04-06T07:28:31.479+0000] {dag.py:4180} INFO - Setting next_dagrun for dataset_alias_example_alias_producer to None, run_after=None
[2025-04-06T07:28:31.481+0000] {logging_mixin.py:190} INFO - [2025-04-06T07:28:31.480+0000] {dag.py:4180} INFO - Setting next_dagrun for dataset_s3_bucket_consumer to None, run_after=None
[2025-04-06T07:28:31.482+0000] {logging_mixin.py:190} INFO - [2025-04-06T07:28:31.482+0000] {dag.py:4180} INFO - Setting next_dagrun for dataset_s3_bucket_producer to None, run_after=None
[2025-04-06T07:28:31.499+0000] {processor.py:208} INFO - Processing /home/airflow/.local/lib/python3.12/site-packages/airflow/example_dags/example_dataset_alias.py took 0.478 seconds
[2025-04-06T07:29:01.746+0000] {processor.py:186} INFO - Started process (PID=1846) to work on /home/airflow/.local/lib/python3.12/site-packages/airflow/example_dags/example_dataset_alias.py
[2025-04-06T07:29:01.747+0000] {processor.py:914} INFO - Processing file /home/airflow/.local/lib/python3.12/site-packages/airflow/example_dags/example_dataset_alias.py for tasks to queue
[2025-04-06T07:29:01.749+0000] {logging_mixin.py:190} INFO - [2025-04-06T07:29:01.748+0000] {dagbag.py:588} INFO - Filling up the DagBag from /home/airflow/.local/lib/python3.12/site-packages/airflow/example_dags/example_dataset_alias.py
[2025-04-06T07:29:02.195+0000] {processor.py:925} INFO - DAG(s) 'dataset_s3_bucket_consumer', 'dataset_alias_example_alias_producer', 'dataset_s3_bucket_producer', 'dataset_alias_example_alias_consumer' retrieved from /home/airflow/.local/lib/python3.12/site-packages/airflow/example_dags/example_dataset_alias.py
[2025-04-06T07:29:02.212+0000] {logging_mixin.py:190} INFO - [2025-04-06T07:29:02.212+0000] {dag.py:3239} INFO - Sync 4 DAGs
[2025-04-06T07:29:02.230+0000] {logging_mixin.py:190} INFO - [2025-04-06T07:29:02.229+0000] {dag.py:4180} INFO - Setting next_dagrun for dataset_alias_example_alias_consumer to None, run_after=None
[2025-04-06T07:29:02.232+0000] {logging_mixin.py:190} INFO - [2025-04-06T07:29:02.232+0000] {dag.py:4180} INFO - Setting next_dagrun for dataset_alias_example_alias_producer to None, run_after=None
[2025-04-06T07:29:02.235+0000] {logging_mixin.py:190} INFO - [2025-04-06T07:29:02.235+0000] {dag.py:4180} INFO - Setting next_dagrun for dataset_s3_bucket_consumer to None, run_after=None
[2025-04-06T07:29:02.237+0000] {logging_mixin.py:190} INFO - [2025-04-06T07:29:02.237+0000] {dag.py:4180} INFO - Setting next_dagrun for dataset_s3_bucket_producer to None, run_after=None
[2025-04-06T07:29:02.254+0000] {processor.py:208} INFO - Processing /home/airflow/.local/lib/python3.12/site-packages/airflow/example_dags/example_dataset_alias.py took 0.512 seconds
[2025-04-06T07:29:32.403+0000] {processor.py:186} INFO - Started process (PID=1910) to work on /home/airflow/.local/lib/python3.12/site-packages/airflow/example_dags/example_dataset_alias.py
[2025-04-06T07:29:32.404+0000] {processor.py:914} INFO - Processing file /home/airflow/.local/lib/python3.12/site-packages/airflow/example_dags/example_dataset_alias.py for tasks to queue
[2025-04-06T07:29:32.407+0000] {logging_mixin.py:190} INFO - [2025-04-06T07:29:32.406+0000] {dagbag.py:588} INFO - Filling up the DagBag from /home/airflow/.local/lib/python3.12/site-packages/airflow/example_dags/example_dataset_alias.py
[2025-04-06T07:29:32.880+0000] {processor.py:925} INFO - DAG(s) 'dataset_alias_example_alias_producer', 'dataset_s3_bucket_producer', 'dataset_alias_example_alias_consumer', 'dataset_s3_bucket_consumer' retrieved from /home/airflow/.local/lib/python3.12/site-packages/airflow/example_dags/example_dataset_alias.py
[2025-04-06T07:29:32.896+0000] {logging_mixin.py:190} INFO - [2025-04-06T07:29:32.895+0000] {dag.py:3239} INFO - Sync 4 DAGs
[2025-04-06T07:29:32.911+0000] {logging_mixin.py:190} INFO - [2025-04-06T07:29:32.911+0000] {dag.py:4180} INFO - Setting next_dagrun for dataset_alias_example_alias_consumer to None, run_after=None
[2025-04-06T07:29:32.913+0000] {logging_mixin.py:190} INFO - [2025-04-06T07:29:32.913+0000] {dag.py:4180} INFO - Setting next_dagrun for dataset_alias_example_alias_producer to None, run_after=None
[2025-04-06T07:29:32.914+0000] {logging_mixin.py:190} INFO - [2025-04-06T07:29:32.914+0000] {dag.py:4180} INFO - Setting next_dagrun for dataset_s3_bucket_consumer to None, run_after=None
[2025-04-06T07:29:32.915+0000] {logging_mixin.py:190} INFO - [2025-04-06T07:29:32.915+0000] {dag.py:4180} INFO - Setting next_dagrun for dataset_s3_bucket_producer to None, run_after=None
[2025-04-06T07:29:32.931+0000] {processor.py:208} INFO - Processing /home/airflow/.local/lib/python3.12/site-packages/airflow/example_dags/example_dataset_alias.py took 0.534 seconds
[2025-04-06T07:30:03.230+0000] {processor.py:186} INFO - Started process (PID=1980) to work on /home/airflow/.local/lib/python3.12/site-packages/airflow/example_dags/example_dataset_alias.py
[2025-04-06T07:30:03.231+0000] {processor.py:914} INFO - Processing file /home/airflow/.local/lib/python3.12/site-packages/airflow/example_dags/example_dataset_alias.py for tasks to queue
[2025-04-06T07:30:03.233+0000] {logging_mixin.py:190} INFO - [2025-04-06T07:30:03.233+0000] {dagbag.py:588} INFO - Filling up the DagBag from /home/airflow/.local/lib/python3.12/site-packages/airflow/example_dags/example_dataset_alias.py
[2025-04-06T07:30:03.688+0000] {processor.py:925} INFO - DAG(s) 'dataset_alias_example_alias_producer', 'dataset_alias_example_alias_consumer', 'dataset_s3_bucket_consumer', 'dataset_s3_bucket_producer' retrieved from /home/airflow/.local/lib/python3.12/site-packages/airflow/example_dags/example_dataset_alias.py
[2025-04-06T07:30:03.703+0000] {logging_mixin.py:190} INFO - [2025-04-06T07:30:03.703+0000] {dag.py:3239} INFO - Sync 4 DAGs
[2025-04-06T07:30:03.720+0000] {logging_mixin.py:190} INFO - [2025-04-06T07:30:03.719+0000] {dag.py:4180} INFO - Setting next_dagrun for dataset_alias_example_alias_consumer to None, run_after=None
[2025-04-06T07:30:03.722+0000] {logging_mixin.py:190} INFO - [2025-04-06T07:30:03.722+0000] {dag.py:4180} INFO - Setting next_dagrun for dataset_alias_example_alias_producer to None, run_after=None
[2025-04-06T07:30:03.724+0000] {logging_mixin.py:190} INFO - [2025-04-06T07:30:03.723+0000] {dag.py:4180} INFO - Setting next_dagrun for dataset_s3_bucket_consumer to None, run_after=None
[2025-04-06T07:30:03.725+0000] {logging_mixin.py:190} INFO - [2025-04-06T07:30:03.725+0000] {dag.py:4180} INFO - Setting next_dagrun for dataset_s3_bucket_producer to None, run_after=None
[2025-04-06T07:30:03.744+0000] {processor.py:208} INFO - Processing /home/airflow/.local/lib/python3.12/site-packages/airflow/example_dags/example_dataset_alias.py took 0.519 seconds
[2025-04-06T07:30:34.473+0000] {processor.py:186} INFO - Started process (PID=2044) to work on /home/airflow/.local/lib/python3.12/site-packages/airflow/example_dags/example_dataset_alias.py
[2025-04-06T07:30:34.474+0000] {processor.py:914} INFO - Processing file /home/airflow/.local/lib/python3.12/site-packages/airflow/example_dags/example_dataset_alias.py for tasks to queue
[2025-04-06T07:30:34.476+0000] {logging_mixin.py:190} INFO - [2025-04-06T07:30:34.476+0000] {dagbag.py:588} INFO - Filling up the DagBag from /home/airflow/.local/lib/python3.12/site-packages/airflow/example_dags/example_dataset_alias.py
[2025-04-06T07:30:34.970+0000] {processor.py:925} INFO - DAG(s) 'dataset_alias_example_alias_consumer', 'dataset_alias_example_alias_producer', 'dataset_s3_bucket_producer', 'dataset_s3_bucket_consumer' retrieved from /home/airflow/.local/lib/python3.12/site-packages/airflow/example_dags/example_dataset_alias.py
[2025-04-06T07:30:34.988+0000] {logging_mixin.py:190} INFO - [2025-04-06T07:30:34.987+0000] {dag.py:3239} INFO - Sync 4 DAGs
[2025-04-06T07:30:35.007+0000] {logging_mixin.py:190} INFO - [2025-04-06T07:30:35.007+0000] {dag.py:4180} INFO - Setting next_dagrun for dataset_alias_example_alias_consumer to None, run_after=None
[2025-04-06T07:30:35.009+0000] {logging_mixin.py:190} INFO - [2025-04-06T07:30:35.009+0000] {dag.py:4180} INFO - Setting next_dagrun for dataset_alias_example_alias_producer to None, run_after=None
[2025-04-06T07:30:35.011+0000] {logging_mixin.py:190} INFO - [2025-04-06T07:30:35.011+0000] {dag.py:4180} INFO - Setting next_dagrun for dataset_s3_bucket_consumer to None, run_after=None
[2025-04-06T07:30:35.012+0000] {logging_mixin.py:190} INFO - [2025-04-06T07:30:35.012+0000] {dag.py:4180} INFO - Setting next_dagrun for dataset_s3_bucket_producer to None, run_after=None
[2025-04-06T07:30:35.032+0000] {processor.py:208} INFO - Processing /home/airflow/.local/lib/python3.12/site-packages/airflow/example_dags/example_dataset_alias.py took 0.565 seconds
