[2025-04-06T07:15:01.466+0000] {processor.py:186} INFO - Started process (PID=115) to work on /home/airflow/.local/lib/python3.12/site-packages/airflow/example_dags/example_branch_python_dop_operator_3.py
[2025-04-06T07:15:01.468+0000] {processor.py:914} INFO - Processing file /home/airflow/.local/lib/python3.12/site-packages/airflow/example_dags/example_branch_python_dop_operator_3.py for tasks to queue
[2025-04-06T07:15:01.489+0000] {logging_mixin.py:190} INFO - [2025-04-06T07:15:01.478+0000] {dagbag.py:588} INFO - Filling up the DagBag from /home/airflow/.local/lib/python3.12/site-packages/airflow/example_dags/example_branch_python_dop_operator_3.py
[2025-04-06T07:15:01.507+0000] {processor.py:925} INFO - DAG(s) 'example_branch_dop_operator_v3' retrieved from /home/airflow/.local/lib/python3.12/site-packages/airflow/example_dags/example_branch_python_dop_operator_3.py
[2025-04-06T07:15:01.692+0000] {logging_mixin.py:190} INFO - [2025-04-06T07:15:01.691+0000] {override.py:1912} INFO - Created Permission View: can edit on DAG:example_branch_dop_operator_v3
[2025-04-06T07:15:01.709+0000] {logging_mixin.py:190} INFO - [2025-04-06T07:15:01.709+0000] {override.py:1912} INFO - Created Permission View: can delete on DAG:example_branch_dop_operator_v3
[2025-04-06T07:15:01.720+0000] {logging_mixin.py:190} INFO - [2025-04-06T07:15:01.720+0000] {override.py:1912} INFO - Created Permission View: can read on DAG:example_branch_dop_operator_v3
[2025-04-06T07:15:01.734+0000] {logging_mixin.py:190} INFO - [2025-04-06T07:15:01.733+0000] {override.py:1912} INFO - Created Permission View: can delete on DAG Run:example_branch_dop_operator_v3
[2025-04-06T07:15:01.746+0000] {logging_mixin.py:190} INFO - [2025-04-06T07:15:01.746+0000] {override.py:1912} INFO - Created Permission View: can create on DAG Run:example_branch_dop_operator_v3
[2025-04-06T07:15:01.758+0000] {logging_mixin.py:190} INFO - [2025-04-06T07:15:01.758+0000] {override.py:1912} INFO - Created Permission View: can read on DAG Run:example_branch_dop_operator_v3
[2025-04-06T07:15:01.769+0000] {logging_mixin.py:190} INFO - [2025-04-06T07:15:01.769+0000] {override.py:1912} INFO - Created Permission View: menu access on DAG Run:example_branch_dop_operator_v3
[2025-04-06T07:15:01.770+0000] {logging_mixin.py:190} INFO - [2025-04-06T07:15:01.770+0000] {dag.py:3239} INFO - Sync 1 DAGs
[2025-04-06T07:15:01.793+0000] {logging_mixin.py:190} INFO - [2025-04-06T07:15:01.793+0000] {dag.py:3262} INFO - Creating ORM DAG for example_branch_dop_operator_v3
[2025-04-06T07:15:01.815+0000] {logging_mixin.py:190} INFO - [2025-04-06T07:15:01.814+0000] {dag.py:4180} INFO - Setting next_dagrun for example_branch_dop_operator_v3 to 2025-04-06 07:14:00+00:00, run_after=2025-04-06 07:15:00+00:00
[2025-04-06T07:15:01.855+0000] {processor.py:208} INFO - Processing /home/airflow/.local/lib/python3.12/site-packages/airflow/example_dags/example_branch_python_dop_operator_3.py took 0.405 seconds
[2025-04-06T07:15:32.341+0000] {processor.py:186} INFO - Started process (PID=178) to work on /home/airflow/.local/lib/python3.12/site-packages/airflow/example_dags/example_branch_python_dop_operator_3.py
[2025-04-06T07:15:32.343+0000] {processor.py:914} INFO - Processing file /home/airflow/.local/lib/python3.12/site-packages/airflow/example_dags/example_branch_python_dop_operator_3.py for tasks to queue
[2025-04-06T07:15:32.346+0000] {logging_mixin.py:190} INFO - [2025-04-06T07:15:32.346+0000] {dagbag.py:588} INFO - Filling up the DagBag from /home/airflow/.local/lib/python3.12/site-packages/airflow/example_dags/example_branch_python_dop_operator_3.py
[2025-04-06T07:15:32.362+0000] {processor.py:925} INFO - DAG(s) 'example_branch_dop_operator_v3' retrieved from /home/airflow/.local/lib/python3.12/site-packages/airflow/example_dags/example_branch_python_dop_operator_3.py
[2025-04-06T07:15:32.399+0000] {logging_mixin.py:190} INFO - [2025-04-06T07:15:32.399+0000] {dag.py:3239} INFO - Sync 1 DAGs
[2025-04-06T07:15:32.445+0000] {logging_mixin.py:190} INFO - [2025-04-06T07:15:32.444+0000] {dag.py:4180} INFO - Setting next_dagrun for example_branch_dop_operator_v3 to 2025-04-06 07:14:00+00:00, run_after=2025-04-06 07:15:00+00:00
[2025-04-06T07:15:32.469+0000] {processor.py:208} INFO - Processing /home/airflow/.local/lib/python3.12/site-packages/airflow/example_dags/example_branch_python_dop_operator_3.py took 0.135 seconds
[2025-04-06T07:16:02.674+0000] {processor.py:186} INFO - Started process (PID=240) to work on /home/airflow/.local/lib/python3.12/site-packages/airflow/example_dags/example_branch_python_dop_operator_3.py
[2025-04-06T07:16:02.674+0000] {processor.py:914} INFO - Processing file /home/airflow/.local/lib/python3.12/site-packages/airflow/example_dags/example_branch_python_dop_operator_3.py for tasks to queue
[2025-04-06T07:16:02.676+0000] {logging_mixin.py:190} INFO - [2025-04-06T07:16:02.676+0000] {dagbag.py:588} INFO - Filling up the DagBag from /home/airflow/.local/lib/python3.12/site-packages/airflow/example_dags/example_branch_python_dop_operator_3.py
[2025-04-06T07:16:02.685+0000] {processor.py:925} INFO - DAG(s) 'example_branch_dop_operator_v3' retrieved from /home/airflow/.local/lib/python3.12/site-packages/airflow/example_dags/example_branch_python_dop_operator_3.py
[2025-04-06T07:16:02.701+0000] {logging_mixin.py:190} INFO - [2025-04-06T07:16:02.700+0000] {dag.py:3239} INFO - Sync 1 DAGs
[2025-04-06T07:16:02.723+0000] {logging_mixin.py:190} INFO - [2025-04-06T07:16:02.723+0000] {dag.py:4180} INFO - Setting next_dagrun for example_branch_dop_operator_v3 to 2025-04-06 07:15:00+00:00, run_after=2025-04-06 07:16:00+00:00
[2025-04-06T07:16:02.740+0000] {processor.py:208} INFO - Processing /home/airflow/.local/lib/python3.12/site-packages/airflow/example_dags/example_branch_python_dop_operator_3.py took 0.072 seconds
[2025-04-06T07:16:33.049+0000] {processor.py:186} INFO - Started process (PID=303) to work on /home/airflow/.local/lib/python3.12/site-packages/airflow/example_dags/example_branch_python_dop_operator_3.py
[2025-04-06T07:16:33.050+0000] {processor.py:914} INFO - Processing file /home/airflow/.local/lib/python3.12/site-packages/airflow/example_dags/example_branch_python_dop_operator_3.py for tasks to queue
[2025-04-06T07:16:33.051+0000] {logging_mixin.py:190} INFO - [2025-04-06T07:16:33.051+0000] {dagbag.py:588} INFO - Filling up the DagBag from /home/airflow/.local/lib/python3.12/site-packages/airflow/example_dags/example_branch_python_dop_operator_3.py
[2025-04-06T07:16:33.060+0000] {processor.py:925} INFO - DAG(s) 'example_branch_dop_operator_v3' retrieved from /home/airflow/.local/lib/python3.12/site-packages/airflow/example_dags/example_branch_python_dop_operator_3.py
[2025-04-06T07:16:33.076+0000] {logging_mixin.py:190} INFO - [2025-04-06T07:16:33.076+0000] {dag.py:3239} INFO - Sync 1 DAGs
[2025-04-06T07:16:33.099+0000] {logging_mixin.py:190} INFO - [2025-04-06T07:16:33.099+0000] {dag.py:4180} INFO - Setting next_dagrun for example_branch_dop_operator_v3 to 2025-04-06 07:15:00+00:00, run_after=2025-04-06 07:16:00+00:00
[2025-04-06T07:16:33.119+0000] {processor.py:208} INFO - Processing /home/airflow/.local/lib/python3.12/site-packages/airflow/example_dags/example_branch_python_dop_operator_3.py took 0.074 seconds
[2025-04-06T07:17:03.986+0000] {processor.py:186} INFO - Started process (PID=366) to work on /home/airflow/.local/lib/python3.12/site-packages/airflow/example_dags/example_branch_python_dop_operator_3.py
[2025-04-06T07:17:03.987+0000] {processor.py:914} INFO - Processing file /home/airflow/.local/lib/python3.12/site-packages/airflow/example_dags/example_branch_python_dop_operator_3.py for tasks to queue
[2025-04-06T07:17:03.990+0000] {logging_mixin.py:190} INFO - [2025-04-06T07:17:03.990+0000] {dagbag.py:588} INFO - Filling up the DagBag from /home/airflow/.local/lib/python3.12/site-packages/airflow/example_dags/example_branch_python_dop_operator_3.py
[2025-04-06T07:17:03.999+0000] {processor.py:925} INFO - DAG(s) 'example_branch_dop_operator_v3' retrieved from /home/airflow/.local/lib/python3.12/site-packages/airflow/example_dags/example_branch_python_dop_operator_3.py
[2025-04-06T07:17:04.017+0000] {logging_mixin.py:190} INFO - [2025-04-06T07:17:04.017+0000] {dag.py:3239} INFO - Sync 1 DAGs
[2025-04-06T07:17:04.050+0000] {logging_mixin.py:190} INFO - [2025-04-06T07:17:04.049+0000] {dag.py:4180} INFO - Setting next_dagrun for example_branch_dop_operator_v3 to 2025-04-06 07:16:00+00:00, run_after=2025-04-06 07:17:00+00:00
[2025-04-06T07:17:04.072+0000] {processor.py:208} INFO - Processing /home/airflow/.local/lib/python3.12/site-packages/airflow/example_dags/example_branch_python_dop_operator_3.py took 0.091 seconds
[2025-04-06T07:17:34.691+0000] {processor.py:186} INFO - Started process (PID=429) to work on /home/airflow/.local/lib/python3.12/site-packages/airflow/example_dags/example_branch_python_dop_operator_3.py
[2025-04-06T07:17:34.692+0000] {processor.py:914} INFO - Processing file /home/airflow/.local/lib/python3.12/site-packages/airflow/example_dags/example_branch_python_dop_operator_3.py for tasks to queue
[2025-04-06T07:17:34.694+0000] {logging_mixin.py:190} INFO - [2025-04-06T07:17:34.694+0000] {dagbag.py:588} INFO - Filling up the DagBag from /home/airflow/.local/lib/python3.12/site-packages/airflow/example_dags/example_branch_python_dop_operator_3.py
[2025-04-06T07:17:34.704+0000] {processor.py:925} INFO - DAG(s) 'example_branch_dop_operator_v3' retrieved from /home/airflow/.local/lib/python3.12/site-packages/airflow/example_dags/example_branch_python_dop_operator_3.py
[2025-04-06T07:17:34.722+0000] {logging_mixin.py:190} INFO - [2025-04-06T07:17:34.722+0000] {dag.py:3239} INFO - Sync 1 DAGs
[2025-04-06T07:17:34.752+0000] {logging_mixin.py:190} INFO - [2025-04-06T07:17:34.752+0000] {dag.py:4180} INFO - Setting next_dagrun for example_branch_dop_operator_v3 to 2025-04-06 07:16:00+00:00, run_after=2025-04-06 07:17:00+00:00
[2025-04-06T07:17:34.783+0000] {processor.py:208} INFO - Processing /home/airflow/.local/lib/python3.12/site-packages/airflow/example_dags/example_branch_python_dop_operator_3.py took 0.097 seconds
[2025-04-06T07:18:05.603+0000] {processor.py:186} INFO - Started process (PID=492) to work on /home/airflow/.local/lib/python3.12/site-packages/airflow/example_dags/example_branch_python_dop_operator_3.py
[2025-04-06T07:18:05.605+0000] {processor.py:914} INFO - Processing file /home/airflow/.local/lib/python3.12/site-packages/airflow/example_dags/example_branch_python_dop_operator_3.py for tasks to queue
[2025-04-06T07:18:05.619+0000] {logging_mixin.py:190} INFO - [2025-04-06T07:18:05.618+0000] {dagbag.py:588} INFO - Filling up the DagBag from /home/airflow/.local/lib/python3.12/site-packages/airflow/example_dags/example_branch_python_dop_operator_3.py
[2025-04-06T07:18:05.660+0000] {processor.py:925} INFO - DAG(s) 'example_branch_dop_operator_v3' retrieved from /home/airflow/.local/lib/python3.12/site-packages/airflow/example_dags/example_branch_python_dop_operator_3.py
[2025-04-06T07:18:05.714+0000] {logging_mixin.py:190} INFO - [2025-04-06T07:18:05.714+0000] {dag.py:3239} INFO - Sync 1 DAGs
[2025-04-06T07:18:05.774+0000] {logging_mixin.py:190} INFO - [2025-04-06T07:18:05.774+0000] {dag.py:4180} INFO - Setting next_dagrun for example_branch_dop_operator_v3 to 2025-04-06 07:17:00+00:00, run_after=2025-04-06 07:18:00+00:00
[2025-04-06T07:18:05.806+0000] {processor.py:208} INFO - Processing /home/airflow/.local/lib/python3.12/site-packages/airflow/example_dags/example_branch_python_dop_operator_3.py took 0.211 seconds
[2025-04-06T07:18:35.914+0000] {processor.py:186} INFO - Started process (PID=555) to work on /home/airflow/.local/lib/python3.12/site-packages/airflow/example_dags/example_branch_python_dop_operator_3.py
[2025-04-06T07:18:35.916+0000] {processor.py:914} INFO - Processing file /home/airflow/.local/lib/python3.12/site-packages/airflow/example_dags/example_branch_python_dop_operator_3.py for tasks to queue
[2025-04-06T07:18:35.919+0000] {logging_mixin.py:190} INFO - [2025-04-06T07:18:35.919+0000] {dagbag.py:588} INFO - Filling up the DagBag from /home/airflow/.local/lib/python3.12/site-packages/airflow/example_dags/example_branch_python_dop_operator_3.py
[2025-04-06T07:18:35.932+0000] {processor.py:925} INFO - DAG(s) 'example_branch_dop_operator_v3' retrieved from /home/airflow/.local/lib/python3.12/site-packages/airflow/example_dags/example_branch_python_dop_operator_3.py
[2025-04-06T07:18:35.958+0000] {logging_mixin.py:190} INFO - [2025-04-06T07:18:35.958+0000] {dag.py:3239} INFO - Sync 1 DAGs
[2025-04-06T07:18:35.993+0000] {logging_mixin.py:190} INFO - [2025-04-06T07:18:35.993+0000] {dag.py:4180} INFO - Setting next_dagrun for example_branch_dop_operator_v3 to 2025-04-06 07:17:00+00:00, run_after=2025-04-06 07:18:00+00:00
[2025-04-06T07:18:36.020+0000] {processor.py:208} INFO - Processing /home/airflow/.local/lib/python3.12/site-packages/airflow/example_dags/example_branch_python_dop_operator_3.py took 0.112 seconds
[2025-04-06T07:19:06.695+0000] {processor.py:186} INFO - Started process (PID=617) to work on /home/airflow/.local/lib/python3.12/site-packages/airflow/example_dags/example_branch_python_dop_operator_3.py
[2025-04-06T07:19:06.696+0000] {processor.py:914} INFO - Processing file /home/airflow/.local/lib/python3.12/site-packages/airflow/example_dags/example_branch_python_dop_operator_3.py for tasks to queue
[2025-04-06T07:19:06.699+0000] {logging_mixin.py:190} INFO - [2025-04-06T07:19:06.699+0000] {dagbag.py:588} INFO - Filling up the DagBag from /home/airflow/.local/lib/python3.12/site-packages/airflow/example_dags/example_branch_python_dop_operator_3.py
[2025-04-06T07:19:06.714+0000] {processor.py:925} INFO - DAG(s) 'example_branch_dop_operator_v3' retrieved from /home/airflow/.local/lib/python3.12/site-packages/airflow/example_dags/example_branch_python_dop_operator_3.py
[2025-04-06T07:19:06.736+0000] {logging_mixin.py:190} INFO - [2025-04-06T07:19:06.736+0000] {dag.py:3239} INFO - Sync 1 DAGs
[2025-04-06T07:19:06.771+0000] {logging_mixin.py:190} INFO - [2025-04-06T07:19:06.771+0000] {dag.py:4180} INFO - Setting next_dagrun for example_branch_dop_operator_v3 to 2025-04-06 07:18:00+00:00, run_after=2025-04-06 07:19:00+00:00
[2025-04-06T07:19:06.795+0000] {processor.py:208} INFO - Processing /home/airflow/.local/lib/python3.12/site-packages/airflow/example_dags/example_branch_python_dop_operator_3.py took 0.108 seconds
[2025-04-06T07:19:37.312+0000] {processor.py:186} INFO - Started process (PID=680) to work on /home/airflow/.local/lib/python3.12/site-packages/airflow/example_dags/example_branch_python_dop_operator_3.py
[2025-04-06T07:19:37.314+0000] {processor.py:914} INFO - Processing file /home/airflow/.local/lib/python3.12/site-packages/airflow/example_dags/example_branch_python_dop_operator_3.py for tasks to queue
[2025-04-06T07:19:37.318+0000] {logging_mixin.py:190} INFO - [2025-04-06T07:19:37.317+0000] {dagbag.py:588} INFO - Filling up the DagBag from /home/airflow/.local/lib/python3.12/site-packages/airflow/example_dags/example_branch_python_dop_operator_3.py
[2025-04-06T07:19:37.330+0000] {processor.py:925} INFO - DAG(s) 'example_branch_dop_operator_v3' retrieved from /home/airflow/.local/lib/python3.12/site-packages/airflow/example_dags/example_branch_python_dop_operator_3.py
[2025-04-06T07:19:37.352+0000] {logging_mixin.py:190} INFO - [2025-04-06T07:19:37.352+0000] {dag.py:3239} INFO - Sync 1 DAGs
[2025-04-06T07:19:37.384+0000] {logging_mixin.py:190} INFO - [2025-04-06T07:19:37.384+0000] {dag.py:4180} INFO - Setting next_dagrun for example_branch_dop_operator_v3 to 2025-04-06 07:18:00+00:00, run_after=2025-04-06 07:19:00+00:00
[2025-04-06T07:19:37.410+0000] {processor.py:208} INFO - Processing /home/airflow/.local/lib/python3.12/site-packages/airflow/example_dags/example_branch_python_dop_operator_3.py took 0.104 seconds
[2025-04-06T07:20:08.137+0000] {processor.py:186} INFO - Started process (PID=743) to work on /home/airflow/.local/lib/python3.12/site-packages/airflow/example_dags/example_branch_python_dop_operator_3.py
[2025-04-06T07:20:08.139+0000] {processor.py:914} INFO - Processing file /home/airflow/.local/lib/python3.12/site-packages/airflow/example_dags/example_branch_python_dop_operator_3.py for tasks to queue
[2025-04-06T07:20:08.142+0000] {logging_mixin.py:190} INFO - [2025-04-06T07:20:08.142+0000] {dagbag.py:588} INFO - Filling up the DagBag from /home/airflow/.local/lib/python3.12/site-packages/airflow/example_dags/example_branch_python_dop_operator_3.py
[2025-04-06T07:20:08.165+0000] {processor.py:925} INFO - DAG(s) 'example_branch_dop_operator_v3' retrieved from /home/airflow/.local/lib/python3.12/site-packages/airflow/example_dags/example_branch_python_dop_operator_3.py
[2025-04-06T07:20:08.199+0000] {logging_mixin.py:190} INFO - [2025-04-06T07:20:08.198+0000] {dag.py:3239} INFO - Sync 1 DAGs
[2025-04-06T07:20:08.259+0000] {logging_mixin.py:190} INFO - [2025-04-06T07:20:08.259+0000] {dag.py:4180} INFO - Setting next_dagrun for example_branch_dop_operator_v3 to 2025-04-06 07:19:00+00:00, run_after=2025-04-06 07:20:00+00:00
[2025-04-06T07:20:08.303+0000] {processor.py:208} INFO - Processing /home/airflow/.local/lib/python3.12/site-packages/airflow/example_dags/example_branch_python_dop_operator_3.py took 0.179 seconds
[2025-04-06T07:20:39.095+0000] {processor.py:186} INFO - Started process (PID=806) to work on /home/airflow/.local/lib/python3.12/site-packages/airflow/example_dags/example_branch_python_dop_operator_3.py
[2025-04-06T07:20:39.097+0000] {processor.py:914} INFO - Processing file /home/airflow/.local/lib/python3.12/site-packages/airflow/example_dags/example_branch_python_dop_operator_3.py for tasks to queue
[2025-04-06T07:20:39.103+0000] {logging_mixin.py:190} INFO - [2025-04-06T07:20:39.103+0000] {dagbag.py:588} INFO - Filling up the DagBag from /home/airflow/.local/lib/python3.12/site-packages/airflow/example_dags/example_branch_python_dop_operator_3.py
[2025-04-06T07:20:39.121+0000] {processor.py:925} INFO - DAG(s) 'example_branch_dop_operator_v3' retrieved from /home/airflow/.local/lib/python3.12/site-packages/airflow/example_dags/example_branch_python_dop_operator_3.py
[2025-04-06T07:20:39.155+0000] {logging_mixin.py:190} INFO - [2025-04-06T07:20:39.155+0000] {dag.py:3239} INFO - Sync 1 DAGs
[2025-04-06T07:20:39.207+0000] {logging_mixin.py:190} INFO - [2025-04-06T07:20:39.207+0000] {dag.py:4180} INFO - Setting next_dagrun for example_branch_dop_operator_v3 to 2025-04-06 07:19:00+00:00, run_after=2025-04-06 07:20:00+00:00
[2025-04-06T07:20:39.242+0000] {processor.py:208} INFO - Processing /home/airflow/.local/lib/python3.12/site-packages/airflow/example_dags/example_branch_python_dop_operator_3.py took 0.157 seconds
[2025-04-06T07:21:09.649+0000] {processor.py:186} INFO - Started process (PID=868) to work on /home/airflow/.local/lib/python3.12/site-packages/airflow/example_dags/example_branch_python_dop_operator_3.py
[2025-04-06T07:21:09.650+0000] {processor.py:914} INFO - Processing file /home/airflow/.local/lib/python3.12/site-packages/airflow/example_dags/example_branch_python_dop_operator_3.py for tasks to queue
[2025-04-06T07:21:09.653+0000] {logging_mixin.py:190} INFO - [2025-04-06T07:21:09.652+0000] {dagbag.py:588} INFO - Filling up the DagBag from /home/airflow/.local/lib/python3.12/site-packages/airflow/example_dags/example_branch_python_dop_operator_3.py
[2025-04-06T07:21:09.664+0000] {processor.py:925} INFO - DAG(s) 'example_branch_dop_operator_v3' retrieved from /home/airflow/.local/lib/python3.12/site-packages/airflow/example_dags/example_branch_python_dop_operator_3.py
[2025-04-06T07:21:09.686+0000] {logging_mixin.py:190} INFO - [2025-04-06T07:21:09.685+0000] {dag.py:3239} INFO - Sync 1 DAGs
[2025-04-06T07:21:09.718+0000] {logging_mixin.py:190} INFO - [2025-04-06T07:21:09.717+0000] {dag.py:4180} INFO - Setting next_dagrun for example_branch_dop_operator_v3 to 2025-04-06 07:20:00+00:00, run_after=2025-04-06 07:21:00+00:00
[2025-04-06T07:21:09.741+0000] {processor.py:208} INFO - Processing /home/airflow/.local/lib/python3.12/site-packages/airflow/example_dags/example_branch_python_dop_operator_3.py took 0.099 seconds
[2025-04-06T07:21:39.802+0000] {processor.py:186} INFO - Started process (PID=930) to work on /home/airflow/.local/lib/python3.12/site-packages/airflow/example_dags/example_branch_python_dop_operator_3.py
[2025-04-06T07:21:39.803+0000] {processor.py:914} INFO - Processing file /home/airflow/.local/lib/python3.12/site-packages/airflow/example_dags/example_branch_python_dop_operator_3.py for tasks to queue
[2025-04-06T07:21:39.805+0000] {logging_mixin.py:190} INFO - [2025-04-06T07:21:39.805+0000] {dagbag.py:588} INFO - Filling up the DagBag from /home/airflow/.local/lib/python3.12/site-packages/airflow/example_dags/example_branch_python_dop_operator_3.py
[2025-04-06T07:21:39.815+0000] {processor.py:925} INFO - DAG(s) 'example_branch_dop_operator_v3' retrieved from /home/airflow/.local/lib/python3.12/site-packages/airflow/example_dags/example_branch_python_dop_operator_3.py
[2025-04-06T07:21:39.836+0000] {logging_mixin.py:190} INFO - [2025-04-06T07:21:39.835+0000] {dag.py:3239} INFO - Sync 1 DAGs
[2025-04-06T07:21:39.863+0000] {logging_mixin.py:190} INFO - [2025-04-06T07:21:39.863+0000] {dag.py:4180} INFO - Setting next_dagrun for example_branch_dop_operator_v3 to 2025-04-06 07:20:00+00:00, run_after=2025-04-06 07:21:00+00:00
[2025-04-06T07:21:39.882+0000] {processor.py:208} INFO - Processing /home/airflow/.local/lib/python3.12/site-packages/airflow/example_dags/example_branch_python_dop_operator_3.py took 0.085 seconds
[2025-04-06T07:22:10.273+0000] {processor.py:186} INFO - Started process (PID=993) to work on /home/airflow/.local/lib/python3.12/site-packages/airflow/example_dags/example_branch_python_dop_operator_3.py
[2025-04-06T07:22:10.274+0000] {processor.py:914} INFO - Processing file /home/airflow/.local/lib/python3.12/site-packages/airflow/example_dags/example_branch_python_dop_operator_3.py for tasks to queue
[2025-04-06T07:22:10.278+0000] {logging_mixin.py:190} INFO - [2025-04-06T07:22:10.277+0000] {dagbag.py:588} INFO - Filling up the DagBag from /home/airflow/.local/lib/python3.12/site-packages/airflow/example_dags/example_branch_python_dop_operator_3.py
[2025-04-06T07:22:10.293+0000] {processor.py:925} INFO - DAG(s) 'example_branch_dop_operator_v3' retrieved from /home/airflow/.local/lib/python3.12/site-packages/airflow/example_dags/example_branch_python_dop_operator_3.py
[2025-04-06T07:22:10.326+0000] {logging_mixin.py:190} INFO - [2025-04-06T07:22:10.326+0000] {dag.py:3239} INFO - Sync 1 DAGs
[2025-04-06T07:22:10.366+0000] {logging_mixin.py:190} INFO - [2025-04-06T07:22:10.366+0000] {dag.py:4180} INFO - Setting next_dagrun for example_branch_dop_operator_v3 to 2025-04-06 07:21:00+00:00, run_after=2025-04-06 07:22:00+00:00
[2025-04-06T07:22:10.399+0000] {processor.py:208} INFO - Processing /home/airflow/.local/lib/python3.12/site-packages/airflow/example_dags/example_branch_python_dop_operator_3.py took 0.133 seconds
[2025-04-06T07:22:40.698+0000] {processor.py:186} INFO - Started process (PID=1056) to work on /home/airflow/.local/lib/python3.12/site-packages/airflow/example_dags/example_branch_python_dop_operator_3.py
[2025-04-06T07:22:40.699+0000] {processor.py:914} INFO - Processing file /home/airflow/.local/lib/python3.12/site-packages/airflow/example_dags/example_branch_python_dop_operator_3.py for tasks to queue
[2025-04-06T07:22:40.701+0000] {logging_mixin.py:190} INFO - [2025-04-06T07:22:40.701+0000] {dagbag.py:588} INFO - Filling up the DagBag from /home/airflow/.local/lib/python3.12/site-packages/airflow/example_dags/example_branch_python_dop_operator_3.py
[2025-04-06T07:22:40.710+0000] {processor.py:925} INFO - DAG(s) 'example_branch_dop_operator_v3' retrieved from /home/airflow/.local/lib/python3.12/site-packages/airflow/example_dags/example_branch_python_dop_operator_3.py
[2025-04-06T07:22:40.725+0000] {logging_mixin.py:190} INFO - [2025-04-06T07:22:40.725+0000] {dag.py:3239} INFO - Sync 1 DAGs
[2025-04-06T07:22:40.749+0000] {logging_mixin.py:190} INFO - [2025-04-06T07:22:40.749+0000] {dag.py:4180} INFO - Setting next_dagrun for example_branch_dop_operator_v3 to 2025-04-06 07:21:00+00:00, run_after=2025-04-06 07:22:00+00:00
[2025-04-06T07:22:40.767+0000] {processor.py:208} INFO - Processing /home/airflow/.local/lib/python3.12/site-packages/airflow/example_dags/example_branch_python_dop_operator_3.py took 0.074 seconds
[2025-04-06T07:23:11.193+0000] {processor.py:186} INFO - Started process (PID=1119) to work on /home/airflow/.local/lib/python3.12/site-packages/airflow/example_dags/example_branch_python_dop_operator_3.py
[2025-04-06T07:23:11.194+0000] {processor.py:914} INFO - Processing file /home/airflow/.local/lib/python3.12/site-packages/airflow/example_dags/example_branch_python_dop_operator_3.py for tasks to queue
[2025-04-06T07:23:11.196+0000] {logging_mixin.py:190} INFO - [2025-04-06T07:23:11.195+0000] {dagbag.py:588} INFO - Filling up the DagBag from /home/airflow/.local/lib/python3.12/site-packages/airflow/example_dags/example_branch_python_dop_operator_3.py
[2025-04-06T07:23:11.205+0000] {processor.py:925} INFO - DAG(s) 'example_branch_dop_operator_v3' retrieved from /home/airflow/.local/lib/python3.12/site-packages/airflow/example_dags/example_branch_python_dop_operator_3.py
[2025-04-06T07:23:11.222+0000] {logging_mixin.py:190} INFO - [2025-04-06T07:23:11.222+0000] {dag.py:3239} INFO - Sync 1 DAGs
[2025-04-06T07:23:11.247+0000] {logging_mixin.py:190} INFO - [2025-04-06T07:23:11.247+0000] {dag.py:4180} INFO - Setting next_dagrun for example_branch_dop_operator_v3 to 2025-04-06 07:22:00+00:00, run_after=2025-04-06 07:23:00+00:00
[2025-04-06T07:23:11.269+0000] {processor.py:208} INFO - Processing /home/airflow/.local/lib/python3.12/site-packages/airflow/example_dags/example_branch_python_dop_operator_3.py took 0.082 seconds
[2025-04-06T07:23:42.230+0000] {processor.py:186} INFO - Started process (PID=1182) to work on /home/airflow/.local/lib/python3.12/site-packages/airflow/example_dags/example_branch_python_dop_operator_3.py
[2025-04-06T07:23:42.231+0000] {processor.py:914} INFO - Processing file /home/airflow/.local/lib/python3.12/site-packages/airflow/example_dags/example_branch_python_dop_operator_3.py for tasks to queue
[2025-04-06T07:23:42.233+0000] {logging_mixin.py:190} INFO - [2025-04-06T07:23:42.233+0000] {dagbag.py:588} INFO - Filling up the DagBag from /home/airflow/.local/lib/python3.12/site-packages/airflow/example_dags/example_branch_python_dop_operator_3.py
[2025-04-06T07:23:42.245+0000] {processor.py:925} INFO - DAG(s) 'example_branch_dop_operator_v3' retrieved from /home/airflow/.local/lib/python3.12/site-packages/airflow/example_dags/example_branch_python_dop_operator_3.py
[2025-04-06T07:23:42.267+0000] {logging_mixin.py:190} INFO - [2025-04-06T07:23:42.267+0000] {dag.py:3239} INFO - Sync 1 DAGs
[2025-04-06T07:23:42.295+0000] {logging_mixin.py:190} INFO - [2025-04-06T07:23:42.295+0000] {dag.py:4180} INFO - Setting next_dagrun for example_branch_dop_operator_v3 to 2025-04-06 07:22:00+00:00, run_after=2025-04-06 07:23:00+00:00
[2025-04-06T07:23:42.321+0000] {processor.py:208} INFO - Processing /home/airflow/.local/lib/python3.12/site-packages/airflow/example_dags/example_branch_python_dop_operator_3.py took 0.098 seconds
[2025-04-06T07:24:12.619+0000] {processor.py:186} INFO - Started process (PID=1245) to work on /home/airflow/.local/lib/python3.12/site-packages/airflow/example_dags/example_branch_python_dop_operator_3.py
[2025-04-06T07:24:12.620+0000] {processor.py:914} INFO - Processing file /home/airflow/.local/lib/python3.12/site-packages/airflow/example_dags/example_branch_python_dop_operator_3.py for tasks to queue
[2025-04-06T07:24:12.622+0000] {logging_mixin.py:190} INFO - [2025-04-06T07:24:12.622+0000] {dagbag.py:588} INFO - Filling up the DagBag from /home/airflow/.local/lib/python3.12/site-packages/airflow/example_dags/example_branch_python_dop_operator_3.py
[2025-04-06T07:24:12.635+0000] {processor.py:925} INFO - DAG(s) 'example_branch_dop_operator_v3' retrieved from /home/airflow/.local/lib/python3.12/site-packages/airflow/example_dags/example_branch_python_dop_operator_3.py
[2025-04-06T07:24:12.658+0000] {logging_mixin.py:190} INFO - [2025-04-06T07:24:12.657+0000] {dag.py:3239} INFO - Sync 1 DAGs
[2025-04-06T07:24:12.687+0000] {logging_mixin.py:190} INFO - [2025-04-06T07:24:12.687+0000] {dag.py:4180} INFO - Setting next_dagrun for example_branch_dop_operator_v3 to 2025-04-06 07:23:00+00:00, run_after=2025-04-06 07:24:00+00:00
[2025-04-06T07:24:12.708+0000] {processor.py:208} INFO - Processing /home/airflow/.local/lib/python3.12/site-packages/airflow/example_dags/example_branch_python_dop_operator_3.py took 0.098 seconds
[2025-04-06T07:24:42.763+0000] {processor.py:186} INFO - Started process (PID=1308) to work on /home/airflow/.local/lib/python3.12/site-packages/airflow/example_dags/example_branch_python_dop_operator_3.py
[2025-04-06T07:24:42.763+0000] {processor.py:914} INFO - Processing file /home/airflow/.local/lib/python3.12/site-packages/airflow/example_dags/example_branch_python_dop_operator_3.py for tasks to queue
[2025-04-06T07:24:42.765+0000] {logging_mixin.py:190} INFO - [2025-04-06T07:24:42.765+0000] {dagbag.py:588} INFO - Filling up the DagBag from /home/airflow/.local/lib/python3.12/site-packages/airflow/example_dags/example_branch_python_dop_operator_3.py
[2025-04-06T07:24:42.777+0000] {processor.py:925} INFO - DAG(s) 'example_branch_dop_operator_v3' retrieved from /home/airflow/.local/lib/python3.12/site-packages/airflow/example_dags/example_branch_python_dop_operator_3.py
[2025-04-06T07:24:42.794+0000] {logging_mixin.py:190} INFO - [2025-04-06T07:24:42.794+0000] {dag.py:3239} INFO - Sync 1 DAGs
[2025-04-06T07:24:42.817+0000] {logging_mixin.py:190} INFO - [2025-04-06T07:24:42.817+0000] {dag.py:4180} INFO - Setting next_dagrun for example_branch_dop_operator_v3 to 2025-04-06 07:23:00+00:00, run_after=2025-04-06 07:24:00+00:00
[2025-04-06T07:24:42.833+0000] {processor.py:208} INFO - Processing /home/airflow/.local/lib/python3.12/site-packages/airflow/example_dags/example_branch_python_dop_operator_3.py took 0.075 seconds
[2025-04-06T07:25:13.096+0000] {processor.py:186} INFO - Started process (PID=1372) to work on /home/airflow/.local/lib/python3.12/site-packages/airflow/example_dags/example_branch_python_dop_operator_3.py
[2025-04-06T07:25:13.097+0000] {processor.py:914} INFO - Processing file /home/airflow/.local/lib/python3.12/site-packages/airflow/example_dags/example_branch_python_dop_operator_3.py for tasks to queue
[2025-04-06T07:25:13.099+0000] {logging_mixin.py:190} INFO - [2025-04-06T07:25:13.098+0000] {dagbag.py:588} INFO - Filling up the DagBag from /home/airflow/.local/lib/python3.12/site-packages/airflow/example_dags/example_branch_python_dop_operator_3.py
[2025-04-06T07:25:13.108+0000] {processor.py:925} INFO - DAG(s) 'example_branch_dop_operator_v3' retrieved from /home/airflow/.local/lib/python3.12/site-packages/airflow/example_dags/example_branch_python_dop_operator_3.py
[2025-04-06T07:25:13.122+0000] {logging_mixin.py:190} INFO - [2025-04-06T07:25:13.122+0000] {dag.py:3239} INFO - Sync 1 DAGs
[2025-04-06T07:25:13.146+0000] {logging_mixin.py:190} INFO - [2025-04-06T07:25:13.146+0000] {dag.py:4180} INFO - Setting next_dagrun for example_branch_dop_operator_v3 to 2025-04-06 07:24:00+00:00, run_after=2025-04-06 07:25:00+00:00
[2025-04-06T07:25:13.163+0000] {processor.py:208} INFO - Processing /home/airflow/.local/lib/python3.12/site-packages/airflow/example_dags/example_branch_python_dop_operator_3.py took 0.073 seconds
[2025-04-06T07:25:43.580+0000] {processor.py:186} INFO - Started process (PID=1437) to work on /home/airflow/.local/lib/python3.12/site-packages/airflow/example_dags/example_branch_python_dop_operator_3.py
[2025-04-06T07:25:43.581+0000] {processor.py:914} INFO - Processing file /home/airflow/.local/lib/python3.12/site-packages/airflow/example_dags/example_branch_python_dop_operator_3.py for tasks to queue
[2025-04-06T07:25:43.583+0000] {logging_mixin.py:190} INFO - [2025-04-06T07:25:43.583+0000] {dagbag.py:588} INFO - Filling up the DagBag from /home/airflow/.local/lib/python3.12/site-packages/airflow/example_dags/example_branch_python_dop_operator_3.py
[2025-04-06T07:25:43.591+0000] {processor.py:925} INFO - DAG(s) 'example_branch_dop_operator_v3' retrieved from /home/airflow/.local/lib/python3.12/site-packages/airflow/example_dags/example_branch_python_dop_operator_3.py
[2025-04-06T07:25:43.606+0000] {logging_mixin.py:190} INFO - [2025-04-06T07:25:43.606+0000] {dag.py:3239} INFO - Sync 1 DAGs
[2025-04-06T07:25:43.629+0000] {logging_mixin.py:190} INFO - [2025-04-06T07:25:43.629+0000] {dag.py:4180} INFO - Setting next_dagrun for example_branch_dop_operator_v3 to 2025-04-06 07:24:00+00:00, run_after=2025-04-06 07:25:00+00:00
[2025-04-06T07:25:43.647+0000] {processor.py:208} INFO - Processing /home/airflow/.local/lib/python3.12/site-packages/airflow/example_dags/example_branch_python_dop_operator_3.py took 0.072 seconds
[2025-04-06T07:26:13.914+0000] {processor.py:186} INFO - Started process (PID=1501) to work on /home/airflow/.local/lib/python3.12/site-packages/airflow/example_dags/example_branch_python_dop_operator_3.py
[2025-04-06T07:26:13.915+0000] {processor.py:914} INFO - Processing file /home/airflow/.local/lib/python3.12/site-packages/airflow/example_dags/example_branch_python_dop_operator_3.py for tasks to queue
[2025-04-06T07:26:13.917+0000] {logging_mixin.py:190} INFO - [2025-04-06T07:26:13.916+0000] {dagbag.py:588} INFO - Filling up the DagBag from /home/airflow/.local/lib/python3.12/site-packages/airflow/example_dags/example_branch_python_dop_operator_3.py
[2025-04-06T07:26:13.925+0000] {processor.py:925} INFO - DAG(s) 'example_branch_dop_operator_v3' retrieved from /home/airflow/.local/lib/python3.12/site-packages/airflow/example_dags/example_branch_python_dop_operator_3.py
[2025-04-06T07:26:13.941+0000] {logging_mixin.py:190} INFO - [2025-04-06T07:26:13.940+0000] {dag.py:3239} INFO - Sync 1 DAGs
[2025-04-06T07:26:13.960+0000] {logging_mixin.py:190} INFO - [2025-04-06T07:26:13.960+0000] {dag.py:4180} INFO - Setting next_dagrun for example_branch_dop_operator_v3 to 2025-04-06 07:25:00+00:00, run_after=2025-04-06 07:26:00+00:00
[2025-04-06T07:26:13.978+0000] {processor.py:208} INFO - Processing /home/airflow/.local/lib/python3.12/site-packages/airflow/example_dags/example_branch_python_dop_operator_3.py took 0.069 seconds
[2025-04-06T07:26:44.398+0000] {processor.py:186} INFO - Started process (PID=1565) to work on /home/airflow/.local/lib/python3.12/site-packages/airflow/example_dags/example_branch_python_dop_operator_3.py
[2025-04-06T07:26:44.399+0000] {processor.py:914} INFO - Processing file /home/airflow/.local/lib/python3.12/site-packages/airflow/example_dags/example_branch_python_dop_operator_3.py for tasks to queue
[2025-04-06T07:26:44.401+0000] {logging_mixin.py:190} INFO - [2025-04-06T07:26:44.400+0000] {dagbag.py:588} INFO - Filling up the DagBag from /home/airflow/.local/lib/python3.12/site-packages/airflow/example_dags/example_branch_python_dop_operator_3.py
[2025-04-06T07:26:44.411+0000] {processor.py:925} INFO - DAG(s) 'example_branch_dop_operator_v3' retrieved from /home/airflow/.local/lib/python3.12/site-packages/airflow/example_dags/example_branch_python_dop_operator_3.py
[2025-04-06T07:26:44.432+0000] {logging_mixin.py:190} INFO - [2025-04-06T07:26:44.431+0000] {dag.py:3239} INFO - Sync 1 DAGs
[2025-04-06T07:26:44.461+0000] {logging_mixin.py:190} INFO - [2025-04-06T07:26:44.461+0000] {dag.py:4180} INFO - Setting next_dagrun for example_branch_dop_operator_v3 to 2025-04-06 07:25:00+00:00, run_after=2025-04-06 07:26:00+00:00
[2025-04-06T07:26:44.479+0000] {processor.py:208} INFO - Processing /home/airflow/.local/lib/python3.12/site-packages/airflow/example_dags/example_branch_python_dop_operator_3.py took 0.086 seconds
[2025-04-06T07:27:15.260+0000] {processor.py:186} INFO - Started process (PID=1632) to work on /home/airflow/.local/lib/python3.12/site-packages/airflow/example_dags/example_branch_python_dop_operator_3.py
[2025-04-06T07:27:15.262+0000] {processor.py:914} INFO - Processing file /home/airflow/.local/lib/python3.12/site-packages/airflow/example_dags/example_branch_python_dop_operator_3.py for tasks to queue
[2025-04-06T07:27:15.266+0000] {logging_mixin.py:190} INFO - [2025-04-06T07:27:15.265+0000] {dagbag.py:588} INFO - Filling up the DagBag from /home/airflow/.local/lib/python3.12/site-packages/airflow/example_dags/example_branch_python_dop_operator_3.py
[2025-04-06T07:27:15.286+0000] {processor.py:925} INFO - DAG(s) 'example_branch_dop_operator_v3' retrieved from /home/airflow/.local/lib/python3.12/site-packages/airflow/example_dags/example_branch_python_dop_operator_3.py
[2025-04-06T07:27:15.321+0000] {logging_mixin.py:190} INFO - [2025-04-06T07:27:15.321+0000] {dag.py:3239} INFO - Sync 1 DAGs
[2025-04-06T07:27:15.375+0000] {logging_mixin.py:190} INFO - [2025-04-06T07:27:15.375+0000] {dag.py:4180} INFO - Setting next_dagrun for example_branch_dop_operator_v3 to 2025-04-06 07:26:00+00:00, run_after=2025-04-06 07:27:00+00:00
[2025-04-06T07:27:15.403+0000] {processor.py:208} INFO - Processing /home/airflow/.local/lib/python3.12/site-packages/airflow/example_dags/example_branch_python_dop_operator_3.py took 0.156 seconds
[2025-04-06T07:27:45.577+0000] {processor.py:186} INFO - Started process (PID=1696) to work on /home/airflow/.local/lib/python3.12/site-packages/airflow/example_dags/example_branch_python_dop_operator_3.py
[2025-04-06T07:27:45.578+0000] {processor.py:914} INFO - Processing file /home/airflow/.local/lib/python3.12/site-packages/airflow/example_dags/example_branch_python_dop_operator_3.py for tasks to queue
[2025-04-06T07:27:45.580+0000] {logging_mixin.py:190} INFO - [2025-04-06T07:27:45.580+0000] {dagbag.py:588} INFO - Filling up the DagBag from /home/airflow/.local/lib/python3.12/site-packages/airflow/example_dags/example_branch_python_dop_operator_3.py
[2025-04-06T07:27:45.589+0000] {processor.py:925} INFO - DAG(s) 'example_branch_dop_operator_v3' retrieved from /home/airflow/.local/lib/python3.12/site-packages/airflow/example_dags/example_branch_python_dop_operator_3.py
[2025-04-06T07:27:45.606+0000] {logging_mixin.py:190} INFO - [2025-04-06T07:27:45.605+0000] {dag.py:3239} INFO - Sync 1 DAGs
[2025-04-06T07:27:45.629+0000] {logging_mixin.py:190} INFO - [2025-04-06T07:27:45.629+0000] {dag.py:4180} INFO - Setting next_dagrun for example_branch_dop_operator_v3 to 2025-04-06 07:26:00+00:00, run_after=2025-04-06 07:27:00+00:00
[2025-04-06T07:27:45.648+0000] {processor.py:208} INFO - Processing /home/airflow/.local/lib/python3.12/site-packages/airflow/example_dags/example_branch_python_dop_operator_3.py took 0.076 seconds
[2025-04-06T07:28:15.800+0000] {processor.py:186} INFO - Started process (PID=1760) to work on /home/airflow/.local/lib/python3.12/site-packages/airflow/example_dags/example_branch_python_dop_operator_3.py
[2025-04-06T07:28:15.801+0000] {processor.py:914} INFO - Processing file /home/airflow/.local/lib/python3.12/site-packages/airflow/example_dags/example_branch_python_dop_operator_3.py for tasks to queue
[2025-04-06T07:28:15.803+0000] {logging_mixin.py:190} INFO - [2025-04-06T07:28:15.803+0000] {dagbag.py:588} INFO - Filling up the DagBag from /home/airflow/.local/lib/python3.12/site-packages/airflow/example_dags/example_branch_python_dop_operator_3.py
[2025-04-06T07:28:15.812+0000] {processor.py:925} INFO - DAG(s) 'example_branch_dop_operator_v3' retrieved from /home/airflow/.local/lib/python3.12/site-packages/airflow/example_dags/example_branch_python_dop_operator_3.py
[2025-04-06T07:28:15.831+0000] {logging_mixin.py:190} INFO - [2025-04-06T07:28:15.831+0000] {dag.py:3239} INFO - Sync 1 DAGs
[2025-04-06T07:28:15.859+0000] {logging_mixin.py:190} INFO - [2025-04-06T07:28:15.859+0000] {dag.py:4180} INFO - Setting next_dagrun for example_branch_dop_operator_v3 to 2025-04-06 07:27:00+00:00, run_after=2025-04-06 07:28:00+00:00
[2025-04-06T07:28:15.880+0000] {processor.py:208} INFO - Processing /home/airflow/.local/lib/python3.12/site-packages/airflow/example_dags/example_branch_python_dop_operator_3.py took 0.084 seconds
[2025-04-06T07:28:45.988+0000] {processor.py:186} INFO - Started process (PID=1824) to work on /home/airflow/.local/lib/python3.12/site-packages/airflow/example_dags/example_branch_python_dop_operator_3.py
[2025-04-06T07:28:45.989+0000] {processor.py:914} INFO - Processing file /home/airflow/.local/lib/python3.12/site-packages/airflow/example_dags/example_branch_python_dop_operator_3.py for tasks to queue
[2025-04-06T07:28:45.991+0000] {logging_mixin.py:190} INFO - [2025-04-06T07:28:45.990+0000] {dagbag.py:588} INFO - Filling up the DagBag from /home/airflow/.local/lib/python3.12/site-packages/airflow/example_dags/example_branch_python_dop_operator_3.py
[2025-04-06T07:28:46.000+0000] {processor.py:925} INFO - DAG(s) 'example_branch_dop_operator_v3' retrieved from /home/airflow/.local/lib/python3.12/site-packages/airflow/example_dags/example_branch_python_dop_operator_3.py
[2025-04-06T07:28:46.014+0000] {logging_mixin.py:190} INFO - [2025-04-06T07:28:46.014+0000] {dag.py:3239} INFO - Sync 1 DAGs
[2025-04-06T07:28:46.037+0000] {logging_mixin.py:190} INFO - [2025-04-06T07:28:46.037+0000] {dag.py:4180} INFO - Setting next_dagrun for example_branch_dop_operator_v3 to 2025-04-06 07:27:00+00:00, run_after=2025-04-06 07:28:00+00:00
[2025-04-06T07:28:46.056+0000] {processor.py:208} INFO - Processing /home/airflow/.local/lib/python3.12/site-packages/airflow/example_dags/example_branch_python_dop_operator_3.py took 0.073 seconds
[2025-04-06T07:29:16.293+0000] {processor.py:186} INFO - Started process (PID=1888) to work on /home/airflow/.local/lib/python3.12/site-packages/airflow/example_dags/example_branch_python_dop_operator_3.py
[2025-04-06T07:29:16.294+0000] {processor.py:914} INFO - Processing file /home/airflow/.local/lib/python3.12/site-packages/airflow/example_dags/example_branch_python_dop_operator_3.py for tasks to queue
[2025-04-06T07:29:16.296+0000] {logging_mixin.py:190} INFO - [2025-04-06T07:29:16.295+0000] {dagbag.py:588} INFO - Filling up the DagBag from /home/airflow/.local/lib/python3.12/site-packages/airflow/example_dags/example_branch_python_dop_operator_3.py
[2025-04-06T07:29:16.304+0000] {processor.py:925} INFO - DAG(s) 'example_branch_dop_operator_v3' retrieved from /home/airflow/.local/lib/python3.12/site-packages/airflow/example_dags/example_branch_python_dop_operator_3.py
[2025-04-06T07:29:16.320+0000] {logging_mixin.py:190} INFO - [2025-04-06T07:29:16.320+0000] {dag.py:3239} INFO - Sync 1 DAGs
[2025-04-06T07:29:16.341+0000] {logging_mixin.py:190} INFO - [2025-04-06T07:29:16.340+0000] {dag.py:4180} INFO - Setting next_dagrun for example_branch_dop_operator_v3 to 2025-04-06 07:28:00+00:00, run_after=2025-04-06 07:29:00+00:00
[2025-04-06T07:29:16.359+0000] {processor.py:208} INFO - Processing /home/airflow/.local/lib/python3.12/site-packages/airflow/example_dags/example_branch_python_dop_operator_3.py took 0.071 seconds
[2025-04-06T07:29:46.506+0000] {processor.py:186} INFO - Started process (PID=1952) to work on /home/airflow/.local/lib/python3.12/site-packages/airflow/example_dags/example_branch_python_dop_operator_3.py
[2025-04-06T07:29:46.507+0000] {processor.py:914} INFO - Processing file /home/airflow/.local/lib/python3.12/site-packages/airflow/example_dags/example_branch_python_dop_operator_3.py for tasks to queue
[2025-04-06T07:29:46.509+0000] {logging_mixin.py:190} INFO - [2025-04-06T07:29:46.508+0000] {dagbag.py:588} INFO - Filling up the DagBag from /home/airflow/.local/lib/python3.12/site-packages/airflow/example_dags/example_branch_python_dop_operator_3.py
[2025-04-06T07:29:46.517+0000] {processor.py:925} INFO - DAG(s) 'example_branch_dop_operator_v3' retrieved from /home/airflow/.local/lib/python3.12/site-packages/airflow/example_dags/example_branch_python_dop_operator_3.py
[2025-04-06T07:29:46.532+0000] {logging_mixin.py:190} INFO - [2025-04-06T07:29:46.531+0000] {dag.py:3239} INFO - Sync 1 DAGs
[2025-04-06T07:29:46.553+0000] {logging_mixin.py:190} INFO - [2025-04-06T07:29:46.553+0000] {dag.py:4180} INFO - Setting next_dagrun for example_branch_dop_operator_v3 to 2025-04-06 07:28:00+00:00, run_after=2025-04-06 07:29:00+00:00
[2025-04-06T07:29:46.574+0000] {processor.py:208} INFO - Processing /home/airflow/.local/lib/python3.12/site-packages/airflow/example_dags/example_branch_python_dop_operator_3.py took 0.073 seconds
[2025-04-06T07:30:16.929+0000] {processor.py:186} INFO - Started process (PID=2016) to work on /home/airflow/.local/lib/python3.12/site-packages/airflow/example_dags/example_branch_python_dop_operator_3.py
[2025-04-06T07:30:16.930+0000] {processor.py:914} INFO - Processing file /home/airflow/.local/lib/python3.12/site-packages/airflow/example_dags/example_branch_python_dop_operator_3.py for tasks to queue
[2025-04-06T07:30:16.932+0000] {logging_mixin.py:190} INFO - [2025-04-06T07:30:16.931+0000] {dagbag.py:588} INFO - Filling up the DagBag from /home/airflow/.local/lib/python3.12/site-packages/airflow/example_dags/example_branch_python_dop_operator_3.py
[2025-04-06T07:30:16.941+0000] {processor.py:925} INFO - DAG(s) 'example_branch_dop_operator_v3' retrieved from /home/airflow/.local/lib/python3.12/site-packages/airflow/example_dags/example_branch_python_dop_operator_3.py
[2025-04-06T07:30:16.958+0000] {logging_mixin.py:190} INFO - [2025-04-06T07:30:16.958+0000] {dag.py:3239} INFO - Sync 1 DAGs
[2025-04-06T07:30:16.980+0000] {logging_mixin.py:190} INFO - [2025-04-06T07:30:16.979+0000] {dag.py:4180} INFO - Setting next_dagrun for example_branch_dop_operator_v3 to 2025-04-06 07:29:00+00:00, run_after=2025-04-06 07:30:00+00:00
[2025-04-06T07:30:16.995+0000] {processor.py:208} INFO - Processing /home/airflow/.local/lib/python3.12/site-packages/airflow/example_dags/example_branch_python_dop_operator_3.py took 0.071 seconds
