[2025-04-06T07:14:58.136+0000] {processor.py:186} INFO - Started process (PID=97) to work on /home/airflow/.local/lib/python3.12/site-packages/airflow/example_dags/example_latest_only_with_trigger.py
[2025-04-06T07:14:58.138+0000] {processor.py:914} INFO - Processing file /home/airflow/.local/lib/python3.12/site-packages/airflow/example_dags/example_latest_only_with_trigger.py for tasks to queue
[2025-04-06T07:14:58.141+0000] {logging_mixin.py:190} INFO - [2025-04-06T07:14:58.141+0000] {dagbag.py:588} INFO - Filling up the DagBag from /home/airflow/.local/lib/python3.12/site-packages/airflow/example_dags/example_latest_only_with_trigger.py
[2025-04-06T07:14:58.155+0000] {processor.py:925} INFO - DAG(s) 'latest_only_with_trigger' retrieved from /home/airflow/.local/lib/python3.12/site-packages/airflow/example_dags/example_latest_only_with_trigger.py
[2025-04-06T07:14:58.330+0000] {logging_mixin.py:190} INFO - [2025-04-06T07:14:58.329+0000] {override.py:1912} INFO - Created Permission View: can edit on DAG:latest_only_with_trigger
[2025-04-06T07:14:58.345+0000] {logging_mixin.py:190} INFO - [2025-04-06T07:14:58.345+0000] {override.py:1912} INFO - Created Permission View: can delete on DAG:latest_only_with_trigger
[2025-04-06T07:14:58.354+0000] {logging_mixin.py:190} INFO - [2025-04-06T07:14:58.354+0000] {override.py:1912} INFO - Created Permission View: can read on DAG:latest_only_with_trigger
[2025-04-06T07:14:58.366+0000] {logging_mixin.py:190} INFO - [2025-04-06T07:14:58.366+0000] {override.py:1912} INFO - Created Permission View: can delete on DAG Run:latest_only_with_trigger
[2025-04-06T07:14:58.376+0000] {logging_mixin.py:190} INFO - [2025-04-06T07:14:58.375+0000] {override.py:1912} INFO - Created Permission View: can create on DAG Run:latest_only_with_trigger
[2025-04-06T07:14:58.385+0000] {logging_mixin.py:190} INFO - [2025-04-06T07:14:58.385+0000] {override.py:1912} INFO - Created Permission View: can read on DAG Run:latest_only_with_trigger
[2025-04-06T07:14:58.395+0000] {logging_mixin.py:190} INFO - [2025-04-06T07:14:58.394+0000] {override.py:1912} INFO - Created Permission View: menu access on DAG Run:latest_only_with_trigger
[2025-04-06T07:14:58.396+0000] {logging_mixin.py:190} INFO - [2025-04-06T07:14:58.395+0000] {dag.py:3239} INFO - Sync 1 DAGs
[2025-04-06T07:14:58.412+0000] {logging_mixin.py:190} INFO - [2025-04-06T07:14:58.411+0000] {dag.py:3262} INFO - Creating ORM DAG for latest_only_with_trigger
[2025-04-06T07:14:58.424+0000] {logging_mixin.py:190} INFO - [2025-04-06T07:14:58.424+0000] {dag.py:4180} INFO - Setting next_dagrun for latest_only_with_trigger to 2025-04-06 00:00:00+00:00, run_after=2025-04-06 04:00:00+00:00
[2025-04-06T07:14:58.445+0000] {processor.py:208} INFO - Processing /home/airflow/.local/lib/python3.12/site-packages/airflow/example_dags/example_latest_only_with_trigger.py took 0.317 seconds
[2025-04-06T07:15:29.195+0000] {processor.py:186} INFO - Started process (PID=160) to work on /home/airflow/.local/lib/python3.12/site-packages/airflow/example_dags/example_latest_only_with_trigger.py
[2025-04-06T07:15:29.196+0000] {processor.py:914} INFO - Processing file /home/airflow/.local/lib/python3.12/site-packages/airflow/example_dags/example_latest_only_with_trigger.py for tasks to queue
[2025-04-06T07:15:29.198+0000] {logging_mixin.py:190} INFO - [2025-04-06T07:15:29.198+0000] {dagbag.py:588} INFO - Filling up the DagBag from /home/airflow/.local/lib/python3.12/site-packages/airflow/example_dags/example_latest_only_with_trigger.py
[2025-04-06T07:15:29.204+0000] {processor.py:925} INFO - DAG(s) 'latest_only_with_trigger' retrieved from /home/airflow/.local/lib/python3.12/site-packages/airflow/example_dags/example_latest_only_with_trigger.py
[2025-04-06T07:15:29.221+0000] {logging_mixin.py:190} INFO - [2025-04-06T07:15:29.221+0000] {dag.py:3239} INFO - Sync 1 DAGs
[2025-04-06T07:15:29.242+0000] {logging_mixin.py:190} INFO - [2025-04-06T07:15:29.242+0000] {dag.py:4180} INFO - Setting next_dagrun for latest_only_with_trigger to 2025-04-06 00:00:00+00:00, run_after=2025-04-06 04:00:00+00:00
[2025-04-06T07:15:29.260+0000] {processor.py:208} INFO - Processing /home/airflow/.local/lib/python3.12/site-packages/airflow/example_dags/example_latest_only_with_trigger.py took 0.070 seconds
[2025-04-06T07:15:59.732+0000] {processor.py:186} INFO - Started process (PID=222) to work on /home/airflow/.local/lib/python3.12/site-packages/airflow/example_dags/example_latest_only_with_trigger.py
[2025-04-06T07:15:59.732+0000] {processor.py:914} INFO - Processing file /home/airflow/.local/lib/python3.12/site-packages/airflow/example_dags/example_latest_only_with_trigger.py for tasks to queue
[2025-04-06T07:15:59.735+0000] {logging_mixin.py:190} INFO - [2025-04-06T07:15:59.734+0000] {dagbag.py:588} INFO - Filling up the DagBag from /home/airflow/.local/lib/python3.12/site-packages/airflow/example_dags/example_latest_only_with_trigger.py
[2025-04-06T07:15:59.742+0000] {processor.py:925} INFO - DAG(s) 'latest_only_with_trigger' retrieved from /home/airflow/.local/lib/python3.12/site-packages/airflow/example_dags/example_latest_only_with_trigger.py
[2025-04-06T07:15:59.762+0000] {logging_mixin.py:190} INFO - [2025-04-06T07:15:59.762+0000] {dag.py:3239} INFO - Sync 1 DAGs
[2025-04-06T07:15:59.788+0000] {logging_mixin.py:190} INFO - [2025-04-06T07:15:59.788+0000] {dag.py:4180} INFO - Setting next_dagrun for latest_only_with_trigger to 2025-04-06 00:00:00+00:00, run_after=2025-04-06 04:00:00+00:00
[2025-04-06T07:15:59.810+0000] {processor.py:208} INFO - Processing /home/airflow/.local/lib/python3.12/site-packages/airflow/example_dags/example_latest_only_with_trigger.py took 0.088 seconds
[2025-04-06T07:16:30.561+0000] {processor.py:186} INFO - Started process (PID=285) to work on /home/airflow/.local/lib/python3.12/site-packages/airflow/example_dags/example_latest_only_with_trigger.py
[2025-04-06T07:16:30.562+0000] {processor.py:914} INFO - Processing file /home/airflow/.local/lib/python3.12/site-packages/airflow/example_dags/example_latest_only_with_trigger.py for tasks to queue
[2025-04-06T07:16:30.565+0000] {logging_mixin.py:190} INFO - [2025-04-06T07:16:30.564+0000] {dagbag.py:588} INFO - Filling up the DagBag from /home/airflow/.local/lib/python3.12/site-packages/airflow/example_dags/example_latest_only_with_trigger.py
[2025-04-06T07:16:30.575+0000] {processor.py:925} INFO - DAG(s) 'latest_only_with_trigger' retrieved from /home/airflow/.local/lib/python3.12/site-packages/airflow/example_dags/example_latest_only_with_trigger.py
[2025-04-06T07:16:30.592+0000] {logging_mixin.py:190} INFO - [2025-04-06T07:16:30.592+0000] {dag.py:3239} INFO - Sync 1 DAGs
[2025-04-06T07:16:30.614+0000] {logging_mixin.py:190} INFO - [2025-04-06T07:16:30.614+0000] {dag.py:4180} INFO - Setting next_dagrun for latest_only_with_trigger to 2025-04-06 00:00:00+00:00, run_after=2025-04-06 04:00:00+00:00
[2025-04-06T07:16:30.635+0000] {processor.py:208} INFO - Processing /home/airflow/.local/lib/python3.12/site-packages/airflow/example_dags/example_latest_only_with_trigger.py took 0.081 seconds
[2025-04-06T07:17:01.220+0000] {processor.py:186} INFO - Started process (PID=348) to work on /home/airflow/.local/lib/python3.12/site-packages/airflow/example_dags/example_latest_only_with_trigger.py
[2025-04-06T07:17:01.221+0000] {processor.py:914} INFO - Processing file /home/airflow/.local/lib/python3.12/site-packages/airflow/example_dags/example_latest_only_with_trigger.py for tasks to queue
[2025-04-06T07:17:01.223+0000] {logging_mixin.py:190} INFO - [2025-04-06T07:17:01.223+0000] {dagbag.py:588} INFO - Filling up the DagBag from /home/airflow/.local/lib/python3.12/site-packages/airflow/example_dags/example_latest_only_with_trigger.py
[2025-04-06T07:17:01.229+0000] {processor.py:925} INFO - DAG(s) 'latest_only_with_trigger' retrieved from /home/airflow/.local/lib/python3.12/site-packages/airflow/example_dags/example_latest_only_with_trigger.py
[2025-04-06T07:17:01.246+0000] {logging_mixin.py:190} INFO - [2025-04-06T07:17:01.246+0000] {dag.py:3239} INFO - Sync 1 DAGs
[2025-04-06T07:17:01.268+0000] {logging_mixin.py:190} INFO - [2025-04-06T07:17:01.268+0000] {dag.py:4180} INFO - Setting next_dagrun for latest_only_with_trigger to 2025-04-06 00:00:00+00:00, run_after=2025-04-06 04:00:00+00:00
[2025-04-06T07:17:01.286+0000] {processor.py:208} INFO - Processing /home/airflow/.local/lib/python3.12/site-packages/airflow/example_dags/example_latest_only_with_trigger.py took 0.071 seconds
[2025-04-06T07:17:31.348+0000] {processor.py:186} INFO - Started process (PID=411) to work on /home/airflow/.local/lib/python3.12/site-packages/airflow/example_dags/example_latest_only_with_trigger.py
[2025-04-06T07:17:31.350+0000] {processor.py:914} INFO - Processing file /home/airflow/.local/lib/python3.12/site-packages/airflow/example_dags/example_latest_only_with_trigger.py for tasks to queue
[2025-04-06T07:17:31.354+0000] {logging_mixin.py:190} INFO - [2025-04-06T07:17:31.354+0000] {dagbag.py:588} INFO - Filling up the DagBag from /home/airflow/.local/lib/python3.12/site-packages/airflow/example_dags/example_latest_only_with_trigger.py
[2025-04-06T07:17:31.365+0000] {processor.py:925} INFO - DAG(s) 'latest_only_with_trigger' retrieved from /home/airflow/.local/lib/python3.12/site-packages/airflow/example_dags/example_latest_only_with_trigger.py
[2025-04-06T07:17:31.400+0000] {logging_mixin.py:190} INFO - [2025-04-06T07:17:31.400+0000] {dag.py:3239} INFO - Sync 1 DAGs
[2025-04-06T07:17:31.448+0000] {logging_mixin.py:190} INFO - [2025-04-06T07:17:31.448+0000] {dag.py:4180} INFO - Setting next_dagrun for latest_only_with_trigger to 2025-04-06 00:00:00+00:00, run_after=2025-04-06 04:00:00+00:00
[2025-04-06T07:17:31.491+0000] {processor.py:208} INFO - Processing /home/airflow/.local/lib/python3.12/site-packages/airflow/example_dags/example_latest_only_with_trigger.py took 0.152 seconds
[2025-04-06T07:18:03.672+0000] {processor.py:186} INFO - Started process (PID=480) to work on /home/airflow/.local/lib/python3.12/site-packages/airflow/example_dags/example_latest_only_with_trigger.py
[2025-04-06T07:18:03.679+0000] {processor.py:914} INFO - Processing file /home/airflow/.local/lib/python3.12/site-packages/airflow/example_dags/example_latest_only_with_trigger.py for tasks to queue
[2025-04-06T07:18:03.693+0000] {logging_mixin.py:190} INFO - [2025-04-06T07:18:03.691+0000] {dagbag.py:588} INFO - Filling up the DagBag from /home/airflow/.local/lib/python3.12/site-packages/airflow/example_dags/example_latest_only_with_trigger.py
[2025-04-06T07:18:03.709+0000] {processor.py:925} INFO - DAG(s) 'latest_only_with_trigger' retrieved from /home/airflow/.local/lib/python3.12/site-packages/airflow/example_dags/example_latest_only_with_trigger.py
[2025-04-06T07:18:03.739+0000] {logging_mixin.py:190} INFO - [2025-04-06T07:18:03.738+0000] {dag.py:3239} INFO - Sync 1 DAGs
[2025-04-06T07:18:03.773+0000] {logging_mixin.py:190} INFO - [2025-04-06T07:18:03.772+0000] {dag.py:4180} INFO - Setting next_dagrun for latest_only_with_trigger to 2025-04-06 00:00:00+00:00, run_after=2025-04-06 04:00:00+00:00
[2025-04-06T07:18:03.801+0000] {processor.py:208} INFO - Processing /home/airflow/.local/lib/python3.12/site-packages/airflow/example_dags/example_latest_only_with_trigger.py took 0.144 seconds
[2025-04-06T07:18:34.462+0000] {processor.py:186} INFO - Started process (PID=542) to work on /home/airflow/.local/lib/python3.12/site-packages/airflow/example_dags/example_latest_only_with_trigger.py
[2025-04-06T07:18:34.464+0000] {processor.py:914} INFO - Processing file /home/airflow/.local/lib/python3.12/site-packages/airflow/example_dags/example_latest_only_with_trigger.py for tasks to queue
[2025-04-06T07:18:34.467+0000] {logging_mixin.py:190} INFO - [2025-04-06T07:18:34.466+0000] {dagbag.py:588} INFO - Filling up the DagBag from /home/airflow/.local/lib/python3.12/site-packages/airflow/example_dags/example_latest_only_with_trigger.py
[2025-04-06T07:18:34.476+0000] {processor.py:925} INFO - DAG(s) 'latest_only_with_trigger' retrieved from /home/airflow/.local/lib/python3.12/site-packages/airflow/example_dags/example_latest_only_with_trigger.py
[2025-04-06T07:18:34.501+0000] {logging_mixin.py:190} INFO - [2025-04-06T07:18:34.501+0000] {dag.py:3239} INFO - Sync 1 DAGs
[2025-04-06T07:18:34.530+0000] {logging_mixin.py:190} INFO - [2025-04-06T07:18:34.529+0000] {dag.py:4180} INFO - Setting next_dagrun for latest_only_with_trigger to 2025-04-06 00:00:00+00:00, run_after=2025-04-06 04:00:00+00:00
[2025-04-06T07:18:34.557+0000] {processor.py:208} INFO - Processing /home/airflow/.local/lib/python3.12/site-packages/airflow/example_dags/example_latest_only_with_trigger.py took 0.102 seconds
[2025-04-06T07:19:05.394+0000] {processor.py:186} INFO - Started process (PID=605) to work on /home/airflow/.local/lib/python3.12/site-packages/airflow/example_dags/example_latest_only_with_trigger.py
[2025-04-06T07:19:05.395+0000] {processor.py:914} INFO - Processing file /home/airflow/.local/lib/python3.12/site-packages/airflow/example_dags/example_latest_only_with_trigger.py for tasks to queue
[2025-04-06T07:19:05.398+0000] {logging_mixin.py:190} INFO - [2025-04-06T07:19:05.397+0000] {dagbag.py:588} INFO - Filling up the DagBag from /home/airflow/.local/lib/python3.12/site-packages/airflow/example_dags/example_latest_only_with_trigger.py
[2025-04-06T07:19:05.406+0000] {processor.py:925} INFO - DAG(s) 'latest_only_with_trigger' retrieved from /home/airflow/.local/lib/python3.12/site-packages/airflow/example_dags/example_latest_only_with_trigger.py
[2025-04-06T07:19:05.429+0000] {logging_mixin.py:190} INFO - [2025-04-06T07:19:05.429+0000] {dag.py:3239} INFO - Sync 1 DAGs
[2025-04-06T07:19:05.456+0000] {logging_mixin.py:190} INFO - [2025-04-06T07:19:05.455+0000] {dag.py:4180} INFO - Setting next_dagrun for latest_only_with_trigger to 2025-04-06 00:00:00+00:00, run_after=2025-04-06 04:00:00+00:00
[2025-04-06T07:19:05.477+0000] {processor.py:208} INFO - Processing /home/airflow/.local/lib/python3.12/site-packages/airflow/example_dags/example_latest_only_with_trigger.py took 0.089 seconds
[2025-04-06T07:19:35.801+0000] {processor.py:186} INFO - Started process (PID=667) to work on /home/airflow/.local/lib/python3.12/site-packages/airflow/example_dags/example_latest_only_with_trigger.py
[2025-04-06T07:19:35.803+0000] {processor.py:914} INFO - Processing file /home/airflow/.local/lib/python3.12/site-packages/airflow/example_dags/example_latest_only_with_trigger.py for tasks to queue
[2025-04-06T07:19:35.805+0000] {logging_mixin.py:190} INFO - [2025-04-06T07:19:35.805+0000] {dagbag.py:588} INFO - Filling up the DagBag from /home/airflow/.local/lib/python3.12/site-packages/airflow/example_dags/example_latest_only_with_trigger.py
[2025-04-06T07:19:35.813+0000] {processor.py:925} INFO - DAG(s) 'latest_only_with_trigger' retrieved from /home/airflow/.local/lib/python3.12/site-packages/airflow/example_dags/example_latest_only_with_trigger.py
[2025-04-06T07:19:35.832+0000] {logging_mixin.py:190} INFO - [2025-04-06T07:19:35.831+0000] {dag.py:3239} INFO - Sync 1 DAGs
[2025-04-06T07:19:35.854+0000] {logging_mixin.py:190} INFO - [2025-04-06T07:19:35.854+0000] {dag.py:4180} INFO - Setting next_dagrun for latest_only_with_trigger to 2025-04-06 00:00:00+00:00, run_after=2025-04-06 04:00:00+00:00
[2025-04-06T07:19:35.872+0000] {processor.py:208} INFO - Processing /home/airflow/.local/lib/python3.12/site-packages/airflow/example_dags/example_latest_only_with_trigger.py took 0.077 seconds
[2025-04-06T07:20:06.459+0000] {processor.py:186} INFO - Started process (PID=730) to work on /home/airflow/.local/lib/python3.12/site-packages/airflow/example_dags/example_latest_only_with_trigger.py
[2025-04-06T07:20:06.460+0000] {processor.py:914} INFO - Processing file /home/airflow/.local/lib/python3.12/site-packages/airflow/example_dags/example_latest_only_with_trigger.py for tasks to queue
[2025-04-06T07:20:06.463+0000] {logging_mixin.py:190} INFO - [2025-04-06T07:20:06.462+0000] {dagbag.py:588} INFO - Filling up the DagBag from /home/airflow/.local/lib/python3.12/site-packages/airflow/example_dags/example_latest_only_with_trigger.py
[2025-04-06T07:20:06.472+0000] {processor.py:925} INFO - DAG(s) 'latest_only_with_trigger' retrieved from /home/airflow/.local/lib/python3.12/site-packages/airflow/example_dags/example_latest_only_with_trigger.py
[2025-04-06T07:20:06.495+0000] {logging_mixin.py:190} INFO - [2025-04-06T07:20:06.495+0000] {dag.py:3239} INFO - Sync 1 DAGs
[2025-04-06T07:20:06.525+0000] {logging_mixin.py:190} INFO - [2025-04-06T07:20:06.525+0000] {dag.py:4180} INFO - Setting next_dagrun for latest_only_with_trigger to 2025-04-06 00:00:00+00:00, run_after=2025-04-06 04:00:00+00:00
[2025-04-06T07:20:06.550+0000] {processor.py:208} INFO - Processing /home/airflow/.local/lib/python3.12/site-packages/airflow/example_dags/example_latest_only_with_trigger.py took 0.100 seconds
[2025-04-06T07:20:37.113+0000] {processor.py:186} INFO - Started process (PID=793) to work on /home/airflow/.local/lib/python3.12/site-packages/airflow/example_dags/example_latest_only_with_trigger.py
[2025-04-06T07:20:37.115+0000] {processor.py:914} INFO - Processing file /home/airflow/.local/lib/python3.12/site-packages/airflow/example_dags/example_latest_only_with_trigger.py for tasks to queue
[2025-04-06T07:20:37.120+0000] {logging_mixin.py:190} INFO - [2025-04-06T07:20:37.119+0000] {dagbag.py:588} INFO - Filling up the DagBag from /home/airflow/.local/lib/python3.12/site-packages/airflow/example_dags/example_latest_only_with_trigger.py
[2025-04-06T07:20:37.136+0000] {processor.py:925} INFO - DAG(s) 'latest_only_with_trigger' retrieved from /home/airflow/.local/lib/python3.12/site-packages/airflow/example_dags/example_latest_only_with_trigger.py
[2025-04-06T07:20:37.195+0000] {logging_mixin.py:190} INFO - [2025-04-06T07:20:37.193+0000] {dag.py:3239} INFO - Sync 1 DAGs
[2025-04-06T07:20:37.253+0000] {logging_mixin.py:190} INFO - [2025-04-06T07:20:37.253+0000] {dag.py:4180} INFO - Setting next_dagrun for latest_only_with_trigger to 2025-04-06 00:00:00+00:00, run_after=2025-04-06 04:00:00+00:00
[2025-04-06T07:20:37.291+0000] {processor.py:208} INFO - Processing /home/airflow/.local/lib/python3.12/site-packages/airflow/example_dags/example_latest_only_with_trigger.py took 0.188 seconds
[2025-04-06T07:21:07.912+0000] {processor.py:186} INFO - Started process (PID=856) to work on /home/airflow/.local/lib/python3.12/site-packages/airflow/example_dags/example_latest_only_with_trigger.py
[2025-04-06T07:21:07.912+0000] {processor.py:914} INFO - Processing file /home/airflow/.local/lib/python3.12/site-packages/airflow/example_dags/example_latest_only_with_trigger.py for tasks to queue
[2025-04-06T07:21:07.915+0000] {logging_mixin.py:190} INFO - [2025-04-06T07:21:07.914+0000] {dagbag.py:588} INFO - Filling up the DagBag from /home/airflow/.local/lib/python3.12/site-packages/airflow/example_dags/example_latest_only_with_trigger.py
[2025-04-06T07:21:07.922+0000] {processor.py:925} INFO - DAG(s) 'latest_only_with_trigger' retrieved from /home/airflow/.local/lib/python3.12/site-packages/airflow/example_dags/example_latest_only_with_trigger.py
[2025-04-06T07:21:07.943+0000] {logging_mixin.py:190} INFO - [2025-04-06T07:21:07.943+0000] {dag.py:3239} INFO - Sync 1 DAGs
[2025-04-06T07:21:07.968+0000] {logging_mixin.py:190} INFO - [2025-04-06T07:21:07.967+0000] {dag.py:4180} INFO - Setting next_dagrun for latest_only_with_trigger to 2025-04-06 00:00:00+00:00, run_after=2025-04-06 04:00:00+00:00
[2025-04-06T07:21:07.988+0000] {processor.py:208} INFO - Processing /home/airflow/.local/lib/python3.12/site-packages/airflow/example_dags/example_latest_only_with_trigger.py took 0.082 seconds
[2025-04-06T07:21:38.135+0000] {processor.py:186} INFO - Started process (PID=919) to work on /home/airflow/.local/lib/python3.12/site-packages/airflow/example_dags/example_latest_only_with_trigger.py
[2025-04-06T07:21:38.135+0000] {processor.py:914} INFO - Processing file /home/airflow/.local/lib/python3.12/site-packages/airflow/example_dags/example_latest_only_with_trigger.py for tasks to queue
[2025-04-06T07:21:38.137+0000] {logging_mixin.py:190} INFO - [2025-04-06T07:21:38.137+0000] {dagbag.py:588} INFO - Filling up the DagBag from /home/airflow/.local/lib/python3.12/site-packages/airflow/example_dags/example_latest_only_with_trigger.py
[2025-04-06T07:21:38.142+0000] {processor.py:925} INFO - DAG(s) 'latest_only_with_trigger' retrieved from /home/airflow/.local/lib/python3.12/site-packages/airflow/example_dags/example_latest_only_with_trigger.py
[2025-04-06T07:21:38.158+0000] {logging_mixin.py:190} INFO - [2025-04-06T07:21:38.158+0000] {dag.py:3239} INFO - Sync 1 DAGs
[2025-04-06T07:21:38.180+0000] {logging_mixin.py:190} INFO - [2025-04-06T07:21:38.180+0000] {dag.py:4180} INFO - Setting next_dagrun for latest_only_with_trigger to 2025-04-06 00:00:00+00:00, run_after=2025-04-06 04:00:00+00:00
[2025-04-06T07:21:38.197+0000] {processor.py:208} INFO - Processing /home/airflow/.local/lib/python3.12/site-packages/airflow/example_dags/example_latest_only_with_trigger.py took 0.067 seconds
[2025-04-06T07:22:09.126+0000] {processor.py:186} INFO - Started process (PID=982) to work on /home/airflow/.local/lib/python3.12/site-packages/airflow/example_dags/example_latest_only_with_trigger.py
[2025-04-06T07:22:09.128+0000] {processor.py:914} INFO - Processing file /home/airflow/.local/lib/python3.12/site-packages/airflow/example_dags/example_latest_only_with_trigger.py for tasks to queue
[2025-04-06T07:22:09.132+0000] {logging_mixin.py:190} INFO - [2025-04-06T07:22:09.131+0000] {dagbag.py:588} INFO - Filling up the DagBag from /home/airflow/.local/lib/python3.12/site-packages/airflow/example_dags/example_latest_only_with_trigger.py
[2025-04-06T07:22:09.142+0000] {processor.py:925} INFO - DAG(s) 'latest_only_with_trigger' retrieved from /home/airflow/.local/lib/python3.12/site-packages/airflow/example_dags/example_latest_only_with_trigger.py
[2025-04-06T07:22:09.170+0000] {logging_mixin.py:190} INFO - [2025-04-06T07:22:09.170+0000] {dag.py:3239} INFO - Sync 1 DAGs
[2025-04-06T07:22:09.225+0000] {logging_mixin.py:190} INFO - [2025-04-06T07:22:09.225+0000] {dag.py:4180} INFO - Setting next_dagrun for latest_only_with_trigger to 2025-04-06 00:00:00+00:00, run_after=2025-04-06 04:00:00+00:00
[2025-04-06T07:22:09.256+0000] {processor.py:208} INFO - Processing /home/airflow/.local/lib/python3.12/site-packages/airflow/example_dags/example_latest_only_with_trigger.py took 0.137 seconds
[2025-04-06T07:22:40.023+0000] {processor.py:186} INFO - Started process (PID=1045) to work on /home/airflow/.local/lib/python3.12/site-packages/airflow/example_dags/example_latest_only_with_trigger.py
[2025-04-06T07:22:40.024+0000] {processor.py:914} INFO - Processing file /home/airflow/.local/lib/python3.12/site-packages/airflow/example_dags/example_latest_only_with_trigger.py for tasks to queue
[2025-04-06T07:22:40.027+0000] {logging_mixin.py:190} INFO - [2025-04-06T07:22:40.027+0000] {dagbag.py:588} INFO - Filling up the DagBag from /home/airflow/.local/lib/python3.12/site-packages/airflow/example_dags/example_latest_only_with_trigger.py
[2025-04-06T07:22:40.035+0000] {processor.py:925} INFO - DAG(s) 'latest_only_with_trigger' retrieved from /home/airflow/.local/lib/python3.12/site-packages/airflow/example_dags/example_latest_only_with_trigger.py
[2025-04-06T07:22:40.055+0000] {logging_mixin.py:190} INFO - [2025-04-06T07:22:40.055+0000] {dag.py:3239} INFO - Sync 1 DAGs
[2025-04-06T07:22:40.078+0000] {logging_mixin.py:190} INFO - [2025-04-06T07:22:40.077+0000] {dag.py:4180} INFO - Setting next_dagrun for latest_only_with_trigger to 2025-04-06 00:00:00+00:00, run_after=2025-04-06 04:00:00+00:00
[2025-04-06T07:22:40.100+0000] {processor.py:208} INFO - Processing /home/airflow/.local/lib/python3.12/site-packages/airflow/example_dags/example_latest_only_with_trigger.py took 0.082 seconds
[2025-04-06T07:23:10.443+0000] {processor.py:186} INFO - Started process (PID=1108) to work on /home/airflow/.local/lib/python3.12/site-packages/airflow/example_dags/example_latest_only_with_trigger.py
[2025-04-06T07:23:10.444+0000] {processor.py:914} INFO - Processing file /home/airflow/.local/lib/python3.12/site-packages/airflow/example_dags/example_latest_only_with_trigger.py for tasks to queue
[2025-04-06T07:23:10.446+0000] {logging_mixin.py:190} INFO - [2025-04-06T07:23:10.446+0000] {dagbag.py:588} INFO - Filling up the DagBag from /home/airflow/.local/lib/python3.12/site-packages/airflow/example_dags/example_latest_only_with_trigger.py
[2025-04-06T07:23:10.452+0000] {processor.py:925} INFO - DAG(s) 'latest_only_with_trigger' retrieved from /home/airflow/.local/lib/python3.12/site-packages/airflow/example_dags/example_latest_only_with_trigger.py
[2025-04-06T07:23:10.471+0000] {logging_mixin.py:190} INFO - [2025-04-06T07:23:10.471+0000] {dag.py:3239} INFO - Sync 1 DAGs
[2025-04-06T07:23:10.494+0000] {logging_mixin.py:190} INFO - [2025-04-06T07:23:10.494+0000] {dag.py:4180} INFO - Setting next_dagrun for latest_only_with_trigger to 2025-04-06 00:00:00+00:00, run_after=2025-04-06 04:00:00+00:00
[2025-04-06T07:23:10.513+0000] {processor.py:208} INFO - Processing /home/airflow/.local/lib/python3.12/site-packages/airflow/example_dags/example_latest_only_with_trigger.py took 0.076 seconds
[2025-04-06T07:23:41.461+0000] {processor.py:186} INFO - Started process (PID=1171) to work on /home/airflow/.local/lib/python3.12/site-packages/airflow/example_dags/example_latest_only_with_trigger.py
[2025-04-06T07:23:41.462+0000] {processor.py:914} INFO - Processing file /home/airflow/.local/lib/python3.12/site-packages/airflow/example_dags/example_latest_only_with_trigger.py for tasks to queue
[2025-04-06T07:23:41.465+0000] {logging_mixin.py:190} INFO - [2025-04-06T07:23:41.465+0000] {dagbag.py:588} INFO - Filling up the DagBag from /home/airflow/.local/lib/python3.12/site-packages/airflow/example_dags/example_latest_only_with_trigger.py
[2025-04-06T07:23:41.477+0000] {processor.py:925} INFO - DAG(s) 'latest_only_with_trigger' retrieved from /home/airflow/.local/lib/python3.12/site-packages/airflow/example_dags/example_latest_only_with_trigger.py
[2025-04-06T07:23:41.504+0000] {logging_mixin.py:190} INFO - [2025-04-06T07:23:41.504+0000] {dag.py:3239} INFO - Sync 1 DAGs
[2025-04-06T07:23:41.538+0000] {logging_mixin.py:190} INFO - [2025-04-06T07:23:41.538+0000] {dag.py:4180} INFO - Setting next_dagrun for latest_only_with_trigger to 2025-04-06 00:00:00+00:00, run_after=2025-04-06 04:00:00+00:00
[2025-04-06T07:23:41.571+0000] {processor.py:208} INFO - Processing /home/airflow/.local/lib/python3.12/site-packages/airflow/example_dags/example_latest_only_with_trigger.py took 0.119 seconds
[2025-04-06T07:24:11.898+0000] {processor.py:186} INFO - Started process (PID=1234) to work on /home/airflow/.local/lib/python3.12/site-packages/airflow/example_dags/example_latest_only_with_trigger.py
[2025-04-06T07:24:11.900+0000] {processor.py:914} INFO - Processing file /home/airflow/.local/lib/python3.12/site-packages/airflow/example_dags/example_latest_only_with_trigger.py for tasks to queue
[2025-04-06T07:24:11.902+0000] {logging_mixin.py:190} INFO - [2025-04-06T07:24:11.902+0000] {dagbag.py:588} INFO - Filling up the DagBag from /home/airflow/.local/lib/python3.12/site-packages/airflow/example_dags/example_latest_only_with_trigger.py
[2025-04-06T07:24:11.908+0000] {processor.py:925} INFO - DAG(s) 'latest_only_with_trigger' retrieved from /home/airflow/.local/lib/python3.12/site-packages/airflow/example_dags/example_latest_only_with_trigger.py
[2025-04-06T07:24:11.930+0000] {logging_mixin.py:190} INFO - [2025-04-06T07:24:11.929+0000] {dag.py:3239} INFO - Sync 1 DAGs
[2025-04-06T07:24:11.957+0000] {logging_mixin.py:190} INFO - [2025-04-06T07:24:11.956+0000] {dag.py:4180} INFO - Setting next_dagrun for latest_only_with_trigger to 2025-04-06 00:00:00+00:00, run_after=2025-04-06 04:00:00+00:00
[2025-04-06T07:24:11.978+0000] {processor.py:208} INFO - Processing /home/airflow/.local/lib/python3.12/site-packages/airflow/example_dags/example_latest_only_with_trigger.py took 0.085 seconds
[2025-04-06T07:24:42.172+0000] {processor.py:186} INFO - Started process (PID=1297) to work on /home/airflow/.local/lib/python3.12/site-packages/airflow/example_dags/example_latest_only_with_trigger.py
[2025-04-06T07:24:42.173+0000] {processor.py:914} INFO - Processing file /home/airflow/.local/lib/python3.12/site-packages/airflow/example_dags/example_latest_only_with_trigger.py for tasks to queue
[2025-04-06T07:24:42.175+0000] {logging_mixin.py:190} INFO - [2025-04-06T07:24:42.175+0000] {dagbag.py:588} INFO - Filling up the DagBag from /home/airflow/.local/lib/python3.12/site-packages/airflow/example_dags/example_latest_only_with_trigger.py
[2025-04-06T07:24:42.182+0000] {processor.py:925} INFO - DAG(s) 'latest_only_with_trigger' retrieved from /home/airflow/.local/lib/python3.12/site-packages/airflow/example_dags/example_latest_only_with_trigger.py
[2025-04-06T07:24:42.198+0000] {logging_mixin.py:190} INFO - [2025-04-06T07:24:42.198+0000] {dag.py:3239} INFO - Sync 1 DAGs
[2025-04-06T07:24:42.223+0000] {logging_mixin.py:190} INFO - [2025-04-06T07:24:42.223+0000] {dag.py:4180} INFO - Setting next_dagrun for latest_only_with_trigger to 2025-04-06 00:00:00+00:00, run_after=2025-04-06 04:00:00+00:00
[2025-04-06T07:24:42.243+0000] {processor.py:208} INFO - Processing /home/airflow/.local/lib/python3.12/site-packages/airflow/example_dags/example_latest_only_with_trigger.py took 0.074 seconds
[2025-04-06T07:25:12.556+0000] {processor.py:186} INFO - Started process (PID=1361) to work on /home/airflow/.local/lib/python3.12/site-packages/airflow/example_dags/example_latest_only_with_trigger.py
[2025-04-06T07:25:12.557+0000] {processor.py:914} INFO - Processing file /home/airflow/.local/lib/python3.12/site-packages/airflow/example_dags/example_latest_only_with_trigger.py for tasks to queue
[2025-04-06T07:25:12.558+0000] {logging_mixin.py:190} INFO - [2025-04-06T07:25:12.558+0000] {dagbag.py:588} INFO - Filling up the DagBag from /home/airflow/.local/lib/python3.12/site-packages/airflow/example_dags/example_latest_only_with_trigger.py
[2025-04-06T07:25:12.564+0000] {processor.py:925} INFO - DAG(s) 'latest_only_with_trigger' retrieved from /home/airflow/.local/lib/python3.12/site-packages/airflow/example_dags/example_latest_only_with_trigger.py
[2025-04-06T07:25:12.581+0000] {logging_mixin.py:190} INFO - [2025-04-06T07:25:12.581+0000] {dag.py:3239} INFO - Sync 1 DAGs
[2025-04-06T07:25:12.600+0000] {logging_mixin.py:190} INFO - [2025-04-06T07:25:12.599+0000] {dag.py:4180} INFO - Setting next_dagrun for latest_only_with_trigger to 2025-04-06 00:00:00+00:00, run_after=2025-04-06 04:00:00+00:00
[2025-04-06T07:25:12.619+0000] {processor.py:208} INFO - Processing /home/airflow/.local/lib/python3.12/site-packages/airflow/example_dags/example_latest_only_with_trigger.py took 0.068 seconds
[2025-04-06T07:25:43.052+0000] {processor.py:186} INFO - Started process (PID=1426) to work on /home/airflow/.local/lib/python3.12/site-packages/airflow/example_dags/example_latest_only_with_trigger.py
[2025-04-06T07:25:43.053+0000] {processor.py:914} INFO - Processing file /home/airflow/.local/lib/python3.12/site-packages/airflow/example_dags/example_latest_only_with_trigger.py for tasks to queue
[2025-04-06T07:25:43.054+0000] {logging_mixin.py:190} INFO - [2025-04-06T07:25:43.054+0000] {dagbag.py:588} INFO - Filling up the DagBag from /home/airflow/.local/lib/python3.12/site-packages/airflow/example_dags/example_latest_only_with_trigger.py
[2025-04-06T07:25:43.060+0000] {processor.py:925} INFO - DAG(s) 'latest_only_with_trigger' retrieved from /home/airflow/.local/lib/python3.12/site-packages/airflow/example_dags/example_latest_only_with_trigger.py
[2025-04-06T07:25:43.075+0000] {logging_mixin.py:190} INFO - [2025-04-06T07:25:43.075+0000] {dag.py:3239} INFO - Sync 1 DAGs
[2025-04-06T07:25:43.092+0000] {logging_mixin.py:190} INFO - [2025-04-06T07:25:43.092+0000] {dag.py:4180} INFO - Setting next_dagrun for latest_only_with_trigger to 2025-04-06 00:00:00+00:00, run_after=2025-04-06 04:00:00+00:00
[2025-04-06T07:25:43.112+0000] {processor.py:208} INFO - Processing /home/airflow/.local/lib/python3.12/site-packages/airflow/example_dags/example_latest_only_with_trigger.py took 0.064 seconds
[2025-04-06T07:26:13.389+0000] {processor.py:186} INFO - Started process (PID=1490) to work on /home/airflow/.local/lib/python3.12/site-packages/airflow/example_dags/example_latest_only_with_trigger.py
[2025-04-06T07:26:13.390+0000] {processor.py:914} INFO - Processing file /home/airflow/.local/lib/python3.12/site-packages/airflow/example_dags/example_latest_only_with_trigger.py for tasks to queue
[2025-04-06T07:26:13.392+0000] {logging_mixin.py:190} INFO - [2025-04-06T07:26:13.391+0000] {dagbag.py:588} INFO - Filling up the DagBag from /home/airflow/.local/lib/python3.12/site-packages/airflow/example_dags/example_latest_only_with_trigger.py
[2025-04-06T07:26:13.397+0000] {processor.py:925} INFO - DAG(s) 'latest_only_with_trigger' retrieved from /home/airflow/.local/lib/python3.12/site-packages/airflow/example_dags/example_latest_only_with_trigger.py
[2025-04-06T07:26:13.412+0000] {logging_mixin.py:190} INFO - [2025-04-06T07:26:13.412+0000] {dag.py:3239} INFO - Sync 1 DAGs
[2025-04-06T07:26:13.429+0000] {logging_mixin.py:190} INFO - [2025-04-06T07:26:13.429+0000] {dag.py:4180} INFO - Setting next_dagrun for latest_only_with_trigger to 2025-04-06 00:00:00+00:00, run_after=2025-04-06 04:00:00+00:00
[2025-04-06T07:26:13.447+0000] {processor.py:208} INFO - Processing /home/airflow/.local/lib/python3.12/site-packages/airflow/example_dags/example_latest_only_with_trigger.py took 0.062 seconds
[2025-04-06T07:26:43.716+0000] {processor.py:186} INFO - Started process (PID=1554) to work on /home/airflow/.local/lib/python3.12/site-packages/airflow/example_dags/example_latest_only_with_trigger.py
[2025-04-06T07:26:43.717+0000] {processor.py:914} INFO - Processing file /home/airflow/.local/lib/python3.12/site-packages/airflow/example_dags/example_latest_only_with_trigger.py for tasks to queue
[2025-04-06T07:26:43.719+0000] {logging_mixin.py:190} INFO - [2025-04-06T07:26:43.718+0000] {dagbag.py:588} INFO - Filling up the DagBag from /home/airflow/.local/lib/python3.12/site-packages/airflow/example_dags/example_latest_only_with_trigger.py
[2025-04-06T07:26:43.725+0000] {processor.py:925} INFO - DAG(s) 'latest_only_with_trigger' retrieved from /home/airflow/.local/lib/python3.12/site-packages/airflow/example_dags/example_latest_only_with_trigger.py
[2025-04-06T07:26:43.743+0000] {logging_mixin.py:190} INFO - [2025-04-06T07:26:43.743+0000] {dag.py:3239} INFO - Sync 1 DAGs
[2025-04-06T07:26:43.765+0000] {logging_mixin.py:190} INFO - [2025-04-06T07:26:43.765+0000] {dag.py:4180} INFO - Setting next_dagrun for latest_only_with_trigger to 2025-04-06 00:00:00+00:00, run_after=2025-04-06 04:00:00+00:00
[2025-04-06T07:26:43.799+0000] {processor.py:208} INFO - Processing /home/airflow/.local/lib/python3.12/site-packages/airflow/example_dags/example_latest_only_with_trigger.py took 0.088 seconds
[2025-04-06T07:27:13.908+0000] {processor.py:186} INFO - Started process (PID=1621) to work on /home/airflow/.local/lib/python3.12/site-packages/airflow/example_dags/example_latest_only_with_trigger.py
[2025-04-06T07:27:13.910+0000] {processor.py:914} INFO - Processing file /home/airflow/.local/lib/python3.12/site-packages/airflow/example_dags/example_latest_only_with_trigger.py for tasks to queue
[2025-04-06T07:27:13.913+0000] {logging_mixin.py:190} INFO - [2025-04-06T07:27:13.912+0000] {dagbag.py:588} INFO - Filling up the DagBag from /home/airflow/.local/lib/python3.12/site-packages/airflow/example_dags/example_latest_only_with_trigger.py
[2025-04-06T07:27:13.926+0000] {processor.py:925} INFO - DAG(s) 'latest_only_with_trigger' retrieved from /home/airflow/.local/lib/python3.12/site-packages/airflow/example_dags/example_latest_only_with_trigger.py
[2025-04-06T07:27:13.955+0000] {logging_mixin.py:190} INFO - [2025-04-06T07:27:13.955+0000] {dag.py:3239} INFO - Sync 1 DAGs
[2025-04-06T07:27:13.989+0000] {logging_mixin.py:190} INFO - [2025-04-06T07:27:13.988+0000] {dag.py:4180} INFO - Setting next_dagrun for latest_only_with_trigger to 2025-04-06 00:00:00+00:00, run_after=2025-04-06 04:00:00+00:00
[2025-04-06T07:27:14.016+0000] {processor.py:208} INFO - Processing /home/airflow/.local/lib/python3.12/site-packages/airflow/example_dags/example_latest_only_with_trigger.py took 0.117 seconds
[2025-04-06T07:27:44.937+0000] {processor.py:186} INFO - Started process (PID=1685) to work on /home/airflow/.local/lib/python3.12/site-packages/airflow/example_dags/example_latest_only_with_trigger.py
[2025-04-06T07:27:44.938+0000] {processor.py:914} INFO - Processing file /home/airflow/.local/lib/python3.12/site-packages/airflow/example_dags/example_latest_only_with_trigger.py for tasks to queue
[2025-04-06T07:27:44.940+0000] {logging_mixin.py:190} INFO - [2025-04-06T07:27:44.939+0000] {dagbag.py:588} INFO - Filling up the DagBag from /home/airflow/.local/lib/python3.12/site-packages/airflow/example_dags/example_latest_only_with_trigger.py
[2025-04-06T07:27:44.945+0000] {processor.py:925} INFO - DAG(s) 'latest_only_with_trigger' retrieved from /home/airflow/.local/lib/python3.12/site-packages/airflow/example_dags/example_latest_only_with_trigger.py
[2025-04-06T07:27:44.961+0000] {logging_mixin.py:190} INFO - [2025-04-06T07:27:44.961+0000] {dag.py:3239} INFO - Sync 1 DAGs
[2025-04-06T07:27:44.980+0000] {logging_mixin.py:190} INFO - [2025-04-06T07:27:44.980+0000] {dag.py:4180} INFO - Setting next_dagrun for latest_only_with_trigger to 2025-04-06 00:00:00+00:00, run_after=2025-04-06 04:00:00+00:00
[2025-04-06T07:27:45.000+0000] {processor.py:208} INFO - Processing /home/airflow/.local/lib/python3.12/site-packages/airflow/example_dags/example_latest_only_with_trigger.py took 0.069 seconds
[2025-04-06T07:28:15.062+0000] {processor.py:186} INFO - Started process (PID=1749) to work on /home/airflow/.local/lib/python3.12/site-packages/airflow/example_dags/example_latest_only_with_trigger.py
[2025-04-06T07:28:15.063+0000] {processor.py:914} INFO - Processing file /home/airflow/.local/lib/python3.12/site-packages/airflow/example_dags/example_latest_only_with_trigger.py for tasks to queue
[2025-04-06T07:28:15.064+0000] {logging_mixin.py:190} INFO - [2025-04-06T07:28:15.064+0000] {dagbag.py:588} INFO - Filling up the DagBag from /home/airflow/.local/lib/python3.12/site-packages/airflow/example_dags/example_latest_only_with_trigger.py
[2025-04-06T07:28:15.071+0000] {processor.py:925} INFO - DAG(s) 'latest_only_with_trigger' retrieved from /home/airflow/.local/lib/python3.12/site-packages/airflow/example_dags/example_latest_only_with_trigger.py
[2025-04-06T07:28:15.089+0000] {logging_mixin.py:190} INFO - [2025-04-06T07:28:15.088+0000] {dag.py:3239} INFO - Sync 1 DAGs
[2025-04-06T07:28:15.107+0000] {logging_mixin.py:190} INFO - [2025-04-06T07:28:15.107+0000] {dag.py:4180} INFO - Setting next_dagrun for latest_only_with_trigger to 2025-04-06 00:00:00+00:00, run_after=2025-04-06 04:00:00+00:00
[2025-04-06T07:28:15.125+0000] {processor.py:208} INFO - Processing /home/airflow/.local/lib/python3.12/site-packages/airflow/example_dags/example_latest_only_with_trigger.py took 0.067 seconds
[2025-04-06T07:28:45.448+0000] {processor.py:186} INFO - Started process (PID=1813) to work on /home/airflow/.local/lib/python3.12/site-packages/airflow/example_dags/example_latest_only_with_trigger.py
[2025-04-06T07:28:45.449+0000] {processor.py:914} INFO - Processing file /home/airflow/.local/lib/python3.12/site-packages/airflow/example_dags/example_latest_only_with_trigger.py for tasks to queue
[2025-04-06T07:28:45.450+0000] {logging_mixin.py:190} INFO - [2025-04-06T07:28:45.450+0000] {dagbag.py:588} INFO - Filling up the DagBag from /home/airflow/.local/lib/python3.12/site-packages/airflow/example_dags/example_latest_only_with_trigger.py
[2025-04-06T07:28:45.455+0000] {processor.py:925} INFO - DAG(s) 'latest_only_with_trigger' retrieved from /home/airflow/.local/lib/python3.12/site-packages/airflow/example_dags/example_latest_only_with_trigger.py
[2025-04-06T07:28:45.470+0000] {logging_mixin.py:190} INFO - [2025-04-06T07:28:45.470+0000] {dag.py:3239} INFO - Sync 1 DAGs
[2025-04-06T07:28:45.487+0000] {logging_mixin.py:190} INFO - [2025-04-06T07:28:45.487+0000] {dag.py:4180} INFO - Setting next_dagrun for latest_only_with_trigger to 2025-04-06 00:00:00+00:00, run_after=2025-04-06 04:00:00+00:00
[2025-04-06T07:28:45.505+0000] {processor.py:208} INFO - Processing /home/airflow/.local/lib/python3.12/site-packages/airflow/example_dags/example_latest_only_with_trigger.py took 0.061 seconds
[2025-04-06T07:29:15.768+0000] {processor.py:186} INFO - Started process (PID=1877) to work on /home/airflow/.local/lib/python3.12/site-packages/airflow/example_dags/example_latest_only_with_trigger.py
[2025-04-06T07:29:15.768+0000] {processor.py:914} INFO - Processing file /home/airflow/.local/lib/python3.12/site-packages/airflow/example_dags/example_latest_only_with_trigger.py for tasks to queue
[2025-04-06T07:29:15.770+0000] {logging_mixin.py:190} INFO - [2025-04-06T07:29:15.770+0000] {dagbag.py:588} INFO - Filling up the DagBag from /home/airflow/.local/lib/python3.12/site-packages/airflow/example_dags/example_latest_only_with_trigger.py
[2025-04-06T07:29:15.776+0000] {processor.py:925} INFO - DAG(s) 'latest_only_with_trigger' retrieved from /home/airflow/.local/lib/python3.12/site-packages/airflow/example_dags/example_latest_only_with_trigger.py
[2025-04-06T07:29:15.791+0000] {logging_mixin.py:190} INFO - [2025-04-06T07:29:15.790+0000] {dag.py:3239} INFO - Sync 1 DAGs
[2025-04-06T07:29:15.807+0000] {logging_mixin.py:190} INFO - [2025-04-06T07:29:15.807+0000] {dag.py:4180} INFO - Setting next_dagrun for latest_only_with_trigger to 2025-04-06 00:00:00+00:00, run_after=2025-04-06 04:00:00+00:00
[2025-04-06T07:29:15.826+0000] {processor.py:208} INFO - Processing /home/airflow/.local/lib/python3.12/site-packages/airflow/example_dags/example_latest_only_with_trigger.py took 0.064 seconds
[2025-04-06T07:29:45.979+0000] {processor.py:186} INFO - Started process (PID=1941) to work on /home/airflow/.local/lib/python3.12/site-packages/airflow/example_dags/example_latest_only_with_trigger.py
[2025-04-06T07:29:45.979+0000] {processor.py:914} INFO - Processing file /home/airflow/.local/lib/python3.12/site-packages/airflow/example_dags/example_latest_only_with_trigger.py for tasks to queue
[2025-04-06T07:29:45.981+0000] {logging_mixin.py:190} INFO - [2025-04-06T07:29:45.981+0000] {dagbag.py:588} INFO - Filling up the DagBag from /home/airflow/.local/lib/python3.12/site-packages/airflow/example_dags/example_latest_only_with_trigger.py
[2025-04-06T07:29:45.990+0000] {processor.py:925} INFO - DAG(s) 'latest_only_with_trigger' retrieved from /home/airflow/.local/lib/python3.12/site-packages/airflow/example_dags/example_latest_only_with_trigger.py
[2025-04-06T07:29:46.008+0000] {logging_mixin.py:190} INFO - [2025-04-06T07:29:46.008+0000] {dag.py:3239} INFO - Sync 1 DAGs
[2025-04-06T07:29:46.029+0000] {logging_mixin.py:190} INFO - [2025-04-06T07:29:46.029+0000] {dag.py:4180} INFO - Setting next_dagrun for latest_only_with_trigger to 2025-04-06 00:00:00+00:00, run_after=2025-04-06 04:00:00+00:00
[2025-04-06T07:29:46.048+0000] {processor.py:208} INFO - Processing /home/airflow/.local/lib/python3.12/site-packages/airflow/example_dags/example_latest_only_with_trigger.py took 0.073 seconds
[2025-04-06T07:30:16.382+0000] {processor.py:186} INFO - Started process (PID=2005) to work on /home/airflow/.local/lib/python3.12/site-packages/airflow/example_dags/example_latest_only_with_trigger.py
[2025-04-06T07:30:16.383+0000] {processor.py:914} INFO - Processing file /home/airflow/.local/lib/python3.12/site-packages/airflow/example_dags/example_latest_only_with_trigger.py for tasks to queue
[2025-04-06T07:30:16.385+0000] {logging_mixin.py:190} INFO - [2025-04-06T07:30:16.384+0000] {dagbag.py:588} INFO - Filling up the DagBag from /home/airflow/.local/lib/python3.12/site-packages/airflow/example_dags/example_latest_only_with_trigger.py
[2025-04-06T07:30:16.390+0000] {processor.py:925} INFO - DAG(s) 'latest_only_with_trigger' retrieved from /home/airflow/.local/lib/python3.12/site-packages/airflow/example_dags/example_latest_only_with_trigger.py
[2025-04-06T07:30:16.405+0000] {logging_mixin.py:190} INFO - [2025-04-06T07:30:16.404+0000] {dag.py:3239} INFO - Sync 1 DAGs
[2025-04-06T07:30:16.422+0000] {logging_mixin.py:190} INFO - [2025-04-06T07:30:16.422+0000] {dag.py:4180} INFO - Setting next_dagrun for latest_only_with_trigger to 2025-04-06 00:00:00+00:00, run_after=2025-04-06 04:00:00+00:00
[2025-04-06T07:30:16.440+0000] {processor.py:208} INFO - Processing /home/airflow/.local/lib/python3.12/site-packages/airflow/example_dags/example_latest_only_with_trigger.py took 0.062 seconds
