[2025-04-06T07:14:54.263+0000] {processor.py:186} INFO - Started process (PID=82) to work on /home/airflow/.local/lib/python3.12/site-packages/airflow/example_dags/example_inlet_event_extra.py
[2025-04-06T07:14:54.264+0000] {processor.py:914} INFO - Processing file /home/airflow/.local/lib/python3.12/site-packages/airflow/example_dags/example_inlet_event_extra.py for tasks to queue
[2025-04-06T07:14:54.268+0000] {logging_mixin.py:190} INFO - [2025-04-06T07:14:54.268+0000] {dagbag.py:588} INFO - Filling up the DagBag from /home/airflow/.local/lib/python3.12/site-packages/airflow/example_dags/example_inlet_event_extra.py
[2025-04-06T07:14:55.061+0000] {processor.py:925} INFO - DAG(s) 'read_dataset_event', 'read_dataset_event_from_classic' retrieved from /home/airflow/.local/lib/python3.12/site-packages/airflow/example_dags/example_inlet_event_extra.py
[2025-04-06T07:14:55.203+0000] {logging_mixin.py:190} INFO - [2025-04-06T07:14:55.201+0000] {override.py:1912} INFO - Created Permission View: can edit on DAG:read_dataset_event
[2025-04-06T07:14:55.219+0000] {logging_mixin.py:190} INFO - [2025-04-06T07:14:55.218+0000] {override.py:1912} INFO - Created Permission View: can delete on DAG:read_dataset_event
[2025-04-06T07:14:55.247+0000] {logging_mixin.py:190} INFO - [2025-04-06T07:14:55.247+0000] {override.py:1912} INFO - Created Permission View: can read on DAG:read_dataset_event
[2025-04-06T07:14:55.262+0000] {logging_mixin.py:190} INFO - [2025-04-06T07:14:55.262+0000] {override.py:1912} INFO - Created Permission View: can delete on DAG Run:read_dataset_event
[2025-04-06T07:14:55.276+0000] {logging_mixin.py:190} INFO - [2025-04-06T07:14:55.276+0000] {override.py:1912} INFO - Created Permission View: can create on DAG Run:read_dataset_event
[2025-04-06T07:14:55.287+0000] {logging_mixin.py:190} INFO - [2025-04-06T07:14:55.287+0000] {override.py:1912} INFO - Created Permission View: can read on DAG Run:read_dataset_event
[2025-04-06T07:14:55.299+0000] {logging_mixin.py:190} INFO - [2025-04-06T07:14:55.298+0000] {override.py:1912} INFO - Created Permission View: menu access on DAG Run:read_dataset_event
[2025-04-06T07:14:55.319+0000] {logging_mixin.py:190} INFO - [2025-04-06T07:14:55.319+0000] {override.py:1912} INFO - Created Permission View: can edit on DAG:read_dataset_event_from_classic
[2025-04-06T07:14:55.342+0000] {logging_mixin.py:190} INFO - [2025-04-06T07:14:55.342+0000] {override.py:1912} INFO - Created Permission View: can delete on DAG:read_dataset_event_from_classic
[2025-04-06T07:14:55.354+0000] {logging_mixin.py:190} INFO - [2025-04-06T07:14:55.353+0000] {override.py:1912} INFO - Created Permission View: can read on DAG:read_dataset_event_from_classic
[2025-04-06T07:14:55.368+0000] {logging_mixin.py:190} INFO - [2025-04-06T07:14:55.367+0000] {override.py:1912} INFO - Created Permission View: can delete on DAG Run:read_dataset_event_from_classic
[2025-04-06T07:14:55.379+0000] {logging_mixin.py:190} INFO - [2025-04-06T07:14:55.379+0000] {override.py:1912} INFO - Created Permission View: can create on DAG Run:read_dataset_event_from_classic
[2025-04-06T07:14:55.390+0000] {logging_mixin.py:190} INFO - [2025-04-06T07:14:55.389+0000] {override.py:1912} INFO - Created Permission View: can read on DAG Run:read_dataset_event_from_classic
[2025-04-06T07:14:55.400+0000] {logging_mixin.py:190} INFO - [2025-04-06T07:14:55.400+0000] {override.py:1912} INFO - Created Permission View: menu access on DAG Run:read_dataset_event_from_classic
[2025-04-06T07:14:55.401+0000] {logging_mixin.py:190} INFO - [2025-04-06T07:14:55.401+0000] {dag.py:3239} INFO - Sync 2 DAGs
[2025-04-06T07:14:55.425+0000] {logging_mixin.py:190} INFO - [2025-04-06T07:14:55.421+0000] {dag.py:3262} INFO - Creating ORM DAG for read_dataset_event_from_classic
[2025-04-06T07:14:55.427+0000] {logging_mixin.py:190} INFO - [2025-04-06T07:14:55.426+0000] {dag.py:3262} INFO - Creating ORM DAG for read_dataset_event
[2025-04-06T07:14:55.444+0000] {logging_mixin.py:190} INFO - [2025-04-06T07:14:55.443+0000] {dag.py:4180} INFO - Setting next_dagrun for read_dataset_event to 2025-04-05 00:00:00+00:00, run_after=2025-04-06 00:00:00+00:00
[2025-04-06T07:14:55.447+0000] {logging_mixin.py:190} INFO - [2025-04-06T07:14:55.447+0000] {dag.py:4180} INFO - Setting next_dagrun for read_dataset_event_from_classic to 2025-04-05 00:00:00+00:00, run_after=2025-04-06 00:00:00+00:00
[2025-04-06T07:14:55.530+0000] {processor.py:208} INFO - Processing /home/airflow/.local/lib/python3.12/site-packages/airflow/example_dags/example_inlet_event_extra.py took 1.275 seconds
[2025-04-06T07:15:25.904+0000] {processor.py:186} INFO - Started process (PID=146) to work on /home/airflow/.local/lib/python3.12/site-packages/airflow/example_dags/example_inlet_event_extra.py
[2025-04-06T07:15:25.905+0000] {processor.py:914} INFO - Processing file /home/airflow/.local/lib/python3.12/site-packages/airflow/example_dags/example_inlet_event_extra.py for tasks to queue
[2025-04-06T07:15:25.907+0000] {logging_mixin.py:190} INFO - [2025-04-06T07:15:25.907+0000] {dagbag.py:588} INFO - Filling up the DagBag from /home/airflow/.local/lib/python3.12/site-packages/airflow/example_dags/example_inlet_event_extra.py
[2025-04-06T07:15:26.420+0000] {processor.py:925} INFO - DAG(s) 'read_dataset_event_from_classic', 'read_dataset_event' retrieved from /home/airflow/.local/lib/python3.12/site-packages/airflow/example_dags/example_inlet_event_extra.py
[2025-04-06T07:15:26.438+0000] {logging_mixin.py:190} INFO - [2025-04-06T07:15:26.438+0000] {dag.py:3239} INFO - Sync 2 DAGs
[2025-04-06T07:15:26.459+0000] {logging_mixin.py:190} INFO - [2025-04-06T07:15:26.459+0000] {dag.py:4180} INFO - Setting next_dagrun for read_dataset_event to 2025-04-05 00:00:00+00:00, run_after=2025-04-06 00:00:00+00:00
[2025-04-06T07:15:26.464+0000] {logging_mixin.py:190} INFO - [2025-04-06T07:15:26.464+0000] {dag.py:4180} INFO - Setting next_dagrun for read_dataset_event_from_classic to 2025-04-05 00:00:00+00:00, run_after=2025-04-06 00:00:00+00:00
[2025-04-06T07:15:26.481+0000] {processor.py:208} INFO - Processing /home/airflow/.local/lib/python3.12/site-packages/airflow/example_dags/example_inlet_event_extra.py took 0.582 seconds
[2025-04-06T07:15:57.393+0000] {processor.py:186} INFO - Started process (PID=210) to work on /home/airflow/.local/lib/python3.12/site-packages/airflow/example_dags/example_inlet_event_extra.py
[2025-04-06T07:15:57.394+0000] {processor.py:914} INFO - Processing file /home/airflow/.local/lib/python3.12/site-packages/airflow/example_dags/example_inlet_event_extra.py for tasks to queue
[2025-04-06T07:15:57.397+0000] {logging_mixin.py:190} INFO - [2025-04-06T07:15:57.396+0000] {dagbag.py:588} INFO - Filling up the DagBag from /home/airflow/.local/lib/python3.12/site-packages/airflow/example_dags/example_inlet_event_extra.py
[2025-04-06T07:15:58.314+0000] {processor.py:925} INFO - DAG(s) 'read_dataset_event_from_classic', 'read_dataset_event' retrieved from /home/airflow/.local/lib/python3.12/site-packages/airflow/example_dags/example_inlet_event_extra.py
[2025-04-06T07:15:58.340+0000] {logging_mixin.py:190} INFO - [2025-04-06T07:15:58.339+0000] {dag.py:3239} INFO - Sync 2 DAGs
[2025-04-06T07:15:58.373+0000] {logging_mixin.py:190} INFO - [2025-04-06T07:15:58.373+0000] {dag.py:4180} INFO - Setting next_dagrun for read_dataset_event to 2025-04-05 00:00:00+00:00, run_after=2025-04-06 00:00:00+00:00
[2025-04-06T07:15:58.380+0000] {logging_mixin.py:190} INFO - [2025-04-06T07:15:58.379+0000] {dag.py:4180} INFO - Setting next_dagrun for read_dataset_event_from_classic to 2025-04-05 00:00:00+00:00, run_after=2025-04-06 00:00:00+00:00
[2025-04-06T07:15:58.398+0000] {processor.py:208} INFO - Processing /home/airflow/.local/lib/python3.12/site-packages/airflow/example_dags/example_inlet_event_extra.py took 1.019 seconds
[2025-04-06T07:16:28.664+0000] {processor.py:186} INFO - Started process (PID=275) to work on /home/airflow/.local/lib/python3.12/site-packages/airflow/example_dags/example_inlet_event_extra.py
[2025-04-06T07:16:28.665+0000] {processor.py:914} INFO - Processing file /home/airflow/.local/lib/python3.12/site-packages/airflow/example_dags/example_inlet_event_extra.py for tasks to queue
[2025-04-06T07:16:28.667+0000] {logging_mixin.py:190} INFO - [2025-04-06T07:16:28.666+0000] {dagbag.py:588} INFO - Filling up the DagBag from /home/airflow/.local/lib/python3.12/site-packages/airflow/example_dags/example_inlet_event_extra.py
[2025-04-06T07:16:29.172+0000] {processor.py:925} INFO - DAG(s) 'read_dataset_event', 'read_dataset_event_from_classic' retrieved from /home/airflow/.local/lib/python3.12/site-packages/airflow/example_dags/example_inlet_event_extra.py
[2025-04-06T07:16:29.192+0000] {logging_mixin.py:190} INFO - [2025-04-06T07:16:29.192+0000] {dag.py:3239} INFO - Sync 2 DAGs
[2025-04-06T07:16:29.239+0000] {logging_mixin.py:190} INFO - [2025-04-06T07:16:29.239+0000] {dag.py:4180} INFO - Setting next_dagrun for read_dataset_event to 2025-04-05 00:00:00+00:00, run_after=2025-04-06 00:00:00+00:00
[2025-04-06T07:16:29.246+0000] {logging_mixin.py:190} INFO - [2025-04-06T07:16:29.246+0000] {dag.py:4180} INFO - Setting next_dagrun for read_dataset_event_from_classic to 2025-04-05 00:00:00+00:00, run_after=2025-04-06 00:00:00+00:00
[2025-04-06T07:16:29.268+0000] {processor.py:208} INFO - Processing /home/airflow/.local/lib/python3.12/site-packages/airflow/example_dags/example_inlet_event_extra.py took 0.609 seconds
[2025-04-06T07:16:59.313+0000] {processor.py:186} INFO - Started process (PID=342) to work on /home/airflow/.local/lib/python3.12/site-packages/airflow/example_dags/example_inlet_event_extra.py
[2025-04-06T07:16:59.314+0000] {processor.py:914} INFO - Processing file /home/airflow/.local/lib/python3.12/site-packages/airflow/example_dags/example_inlet_event_extra.py for tasks to queue
[2025-04-06T07:16:59.317+0000] {logging_mixin.py:190} INFO - [2025-04-06T07:16:59.316+0000] {dagbag.py:588} INFO - Filling up the DagBag from /home/airflow/.local/lib/python3.12/site-packages/airflow/example_dags/example_inlet_event_extra.py
[2025-04-06T07:17:00.179+0000] {processor.py:925} INFO - DAG(s) 'read_dataset_event', 'read_dataset_event_from_classic' retrieved from /home/airflow/.local/lib/python3.12/site-packages/airflow/example_dags/example_inlet_event_extra.py
[2025-04-06T07:17:00.205+0000] {logging_mixin.py:190} INFO - [2025-04-06T07:17:00.204+0000] {dag.py:3239} INFO - Sync 2 DAGs
[2025-04-06T07:17:00.235+0000] {logging_mixin.py:190} INFO - [2025-04-06T07:17:00.235+0000] {dag.py:4180} INFO - Setting next_dagrun for read_dataset_event to 2025-04-05 00:00:00+00:00, run_after=2025-04-06 00:00:00+00:00
[2025-04-06T07:17:00.241+0000] {logging_mixin.py:190} INFO - [2025-04-06T07:17:00.241+0000] {dag.py:4180} INFO - Setting next_dagrun for read_dataset_event_from_classic to 2025-04-05 00:00:00+00:00, run_after=2025-04-06 00:00:00+00:00
[2025-04-06T07:17:00.262+0000] {processor.py:208} INFO - Processing /home/airflow/.local/lib/python3.12/site-packages/airflow/example_dags/example_inlet_event_extra.py took 0.956 seconds
[2025-04-06T07:17:30.522+0000] {processor.py:186} INFO - Started process (PID=406) to work on /home/airflow/.local/lib/python3.12/site-packages/airflow/example_dags/example_inlet_event_extra.py
[2025-04-06T07:17:30.523+0000] {processor.py:914} INFO - Processing file /home/airflow/.local/lib/python3.12/site-packages/airflow/example_dags/example_inlet_event_extra.py for tasks to queue
[2025-04-06T07:17:30.526+0000] {logging_mixin.py:190} INFO - [2025-04-06T07:17:30.526+0000] {dagbag.py:588} INFO - Filling up the DagBag from /home/airflow/.local/lib/python3.12/site-packages/airflow/example_dags/example_inlet_event_extra.py
[2025-04-06T07:17:31.331+0000] {processor.py:925} INFO - DAG(s) 'read_dataset_event_from_classic', 'read_dataset_event' retrieved from /home/airflow/.local/lib/python3.12/site-packages/airflow/example_dags/example_inlet_event_extra.py
[2025-04-06T07:17:31.362+0000] {logging_mixin.py:190} INFO - [2025-04-06T07:17:31.362+0000] {dag.py:3239} INFO - Sync 2 DAGs
[2025-04-06T07:17:31.410+0000] {logging_mixin.py:190} INFO - [2025-04-06T07:17:31.409+0000] {dag.py:4180} INFO - Setting next_dagrun for read_dataset_event to 2025-04-05 00:00:00+00:00, run_after=2025-04-06 00:00:00+00:00
[2025-04-06T07:17:31.422+0000] {logging_mixin.py:190} INFO - [2025-04-06T07:17:31.422+0000] {dag.py:4180} INFO - Setting next_dagrun for read_dataset_event_from_classic to 2025-04-05 00:00:00+00:00, run_after=2025-04-06 00:00:00+00:00
[2025-04-06T07:17:31.454+0000] {processor.py:208} INFO - Processing /home/airflow/.local/lib/python3.12/site-packages/airflow/example_dags/example_inlet_event_extra.py took 0.942 seconds
[2025-04-06T07:18:02.981+0000] {processor.py:186} INFO - Started process (PID=476) to work on /home/airflow/.local/lib/python3.12/site-packages/airflow/example_dags/example_inlet_event_extra.py
[2025-04-06T07:18:02.983+0000] {processor.py:914} INFO - Processing file /home/airflow/.local/lib/python3.12/site-packages/airflow/example_dags/example_inlet_event_extra.py for tasks to queue
[2025-04-06T07:18:02.989+0000] {logging_mixin.py:190} INFO - [2025-04-06T07:18:02.989+0000] {dagbag.py:588} INFO - Filling up the DagBag from /home/airflow/.local/lib/python3.12/site-packages/airflow/example_dags/example_inlet_event_extra.py
[2025-04-06T07:18:03.978+0000] {processor.py:925} INFO - DAG(s) 'read_dataset_event', 'read_dataset_event_from_classic' retrieved from /home/airflow/.local/lib/python3.12/site-packages/airflow/example_dags/example_inlet_event_extra.py
[2025-04-06T07:18:04.022+0000] {logging_mixin.py:190} INFO - [2025-04-06T07:18:04.021+0000] {dag.py:3239} INFO - Sync 2 DAGs
[2025-04-06T07:18:04.065+0000] {logging_mixin.py:190} INFO - [2025-04-06T07:18:04.065+0000] {dag.py:4180} INFO - Setting next_dagrun for read_dataset_event to 2025-04-05 00:00:00+00:00, run_after=2025-04-06 00:00:00+00:00
[2025-04-06T07:18:04.078+0000] {logging_mixin.py:190} INFO - [2025-04-06T07:18:04.077+0000] {dag.py:4180} INFO - Setting next_dagrun for read_dataset_event_from_classic to 2025-04-05 00:00:00+00:00, run_after=2025-04-06 00:00:00+00:00
[2025-04-06T07:18:04.131+0000] {processor.py:208} INFO - Processing /home/airflow/.local/lib/python3.12/site-packages/airflow/example_dags/example_inlet_event_extra.py took 1.161 seconds
[2025-04-06T07:18:34.591+0000] {processor.py:186} INFO - Started process (PID=543) to work on /home/airflow/.local/lib/python3.12/site-packages/airflow/example_dags/example_inlet_event_extra.py
[2025-04-06T07:18:34.592+0000] {processor.py:914} INFO - Processing file /home/airflow/.local/lib/python3.12/site-packages/airflow/example_dags/example_inlet_event_extra.py for tasks to queue
[2025-04-06T07:18:34.595+0000] {logging_mixin.py:190} INFO - [2025-04-06T07:18:34.594+0000] {dagbag.py:588} INFO - Filling up the DagBag from /home/airflow/.local/lib/python3.12/site-packages/airflow/example_dags/example_inlet_event_extra.py
[2025-04-06T07:18:35.277+0000] {processor.py:925} INFO - DAG(s) 'read_dataset_event', 'read_dataset_event_from_classic' retrieved from /home/airflow/.local/lib/python3.12/site-packages/airflow/example_dags/example_inlet_event_extra.py
[2025-04-06T07:18:35.298+0000] {logging_mixin.py:190} INFO - [2025-04-06T07:18:35.298+0000] {dag.py:3239} INFO - Sync 2 DAGs
[2025-04-06T07:18:35.327+0000] {logging_mixin.py:190} INFO - [2025-04-06T07:18:35.327+0000] {dag.py:4180} INFO - Setting next_dagrun for read_dataset_event to 2025-04-05 00:00:00+00:00, run_after=2025-04-06 00:00:00+00:00
[2025-04-06T07:18:35.333+0000] {logging_mixin.py:190} INFO - [2025-04-06T07:18:35.333+0000] {dag.py:4180} INFO - Setting next_dagrun for read_dataset_event_from_classic to 2025-04-05 00:00:00+00:00, run_after=2025-04-06 00:00:00+00:00
[2025-04-06T07:18:35.357+0000] {processor.py:208} INFO - Processing /home/airflow/.local/lib/python3.12/site-packages/airflow/example_dags/example_inlet_event_extra.py took 0.774 seconds
[2025-04-06T07:19:05.694+0000] {processor.py:186} INFO - Started process (PID=608) to work on /home/airflow/.local/lib/python3.12/site-packages/airflow/example_dags/example_inlet_event_extra.py
[2025-04-06T07:19:05.696+0000] {processor.py:914} INFO - Processing file /home/airflow/.local/lib/python3.12/site-packages/airflow/example_dags/example_inlet_event_extra.py for tasks to queue
[2025-04-06T07:19:05.700+0000] {logging_mixin.py:190} INFO - [2025-04-06T07:19:05.700+0000] {dagbag.py:588} INFO - Filling up the DagBag from /home/airflow/.local/lib/python3.12/site-packages/airflow/example_dags/example_inlet_event_extra.py
[2025-04-06T07:19:06.305+0000] {processor.py:925} INFO - DAG(s) 'read_dataset_event', 'read_dataset_event_from_classic' retrieved from /home/airflow/.local/lib/python3.12/site-packages/airflow/example_dags/example_inlet_event_extra.py
[2025-04-06T07:19:06.334+0000] {logging_mixin.py:190} INFO - [2025-04-06T07:19:06.333+0000] {dag.py:3239} INFO - Sync 2 DAGs
[2025-04-06T07:19:06.373+0000] {logging_mixin.py:190} INFO - [2025-04-06T07:19:06.373+0000] {dag.py:4180} INFO - Setting next_dagrun for read_dataset_event to 2025-04-05 00:00:00+00:00, run_after=2025-04-06 00:00:00+00:00
[2025-04-06T07:19:06.387+0000] {logging_mixin.py:190} INFO - [2025-04-06T07:19:06.387+0000] {dag.py:4180} INFO - Setting next_dagrun for read_dataset_event_from_classic to 2025-04-05 00:00:00+00:00, run_after=2025-04-06 00:00:00+00:00
[2025-04-06T07:19:06.408+0000] {processor.py:208} INFO - Processing /home/airflow/.local/lib/python3.12/site-packages/airflow/example_dags/example_inlet_event_extra.py took 0.720 seconds
[2025-04-06T07:19:36.521+0000] {processor.py:186} INFO - Started process (PID=674) to work on /home/airflow/.local/lib/python3.12/site-packages/airflow/example_dags/example_inlet_event_extra.py
[2025-04-06T07:19:36.522+0000] {processor.py:914} INFO - Processing file /home/airflow/.local/lib/python3.12/site-packages/airflow/example_dags/example_inlet_event_extra.py for tasks to queue
[2025-04-06T07:19:36.524+0000] {logging_mixin.py:190} INFO - [2025-04-06T07:19:36.524+0000] {dagbag.py:588} INFO - Filling up the DagBag from /home/airflow/.local/lib/python3.12/site-packages/airflow/example_dags/example_inlet_event_extra.py
[2025-04-06T07:19:37.146+0000] {processor.py:925} INFO - DAG(s) 'read_dataset_event', 'read_dataset_event_from_classic' retrieved from /home/airflow/.local/lib/python3.12/site-packages/airflow/example_dags/example_inlet_event_extra.py
[2025-04-06T07:19:37.169+0000] {logging_mixin.py:190} INFO - [2025-04-06T07:19:37.168+0000] {dag.py:3239} INFO - Sync 2 DAGs
[2025-04-06T07:19:37.196+0000] {logging_mixin.py:190} INFO - [2025-04-06T07:19:37.196+0000] {dag.py:4180} INFO - Setting next_dagrun for read_dataset_event to 2025-04-05 00:00:00+00:00, run_after=2025-04-06 00:00:00+00:00
[2025-04-06T07:19:37.203+0000] {logging_mixin.py:190} INFO - [2025-04-06T07:19:37.203+0000] {dag.py:4180} INFO - Setting next_dagrun for read_dataset_event_from_classic to 2025-04-05 00:00:00+00:00, run_after=2025-04-06 00:00:00+00:00
[2025-04-06T07:19:37.222+0000] {processor.py:208} INFO - Processing /home/airflow/.local/lib/python3.12/site-packages/airflow/example_dags/example_inlet_event_extra.py took 0.709 seconds
[2025-04-06T07:20:07.584+0000] {processor.py:186} INFO - Started process (PID=739) to work on /home/airflow/.local/lib/python3.12/site-packages/airflow/example_dags/example_inlet_event_extra.py
[2025-04-06T07:20:07.587+0000] {processor.py:914} INFO - Processing file /home/airflow/.local/lib/python3.12/site-packages/airflow/example_dags/example_inlet_event_extra.py for tasks to queue
[2025-04-06T07:20:07.590+0000] {logging_mixin.py:190} INFO - [2025-04-06T07:20:07.590+0000] {dagbag.py:588} INFO - Filling up the DagBag from /home/airflow/.local/lib/python3.12/site-packages/airflow/example_dags/example_inlet_event_extra.py
[2025-04-06T07:20:08.473+0000] {processor.py:925} INFO - DAG(s) 'read_dataset_event', 'read_dataset_event_from_classic' retrieved from /home/airflow/.local/lib/python3.12/site-packages/airflow/example_dags/example_inlet_event_extra.py
[2025-04-06T07:20:08.500+0000] {logging_mixin.py:190} INFO - [2025-04-06T07:20:08.500+0000] {dag.py:3239} INFO - Sync 2 DAGs
[2025-04-06T07:20:08.535+0000] {logging_mixin.py:190} INFO - [2025-04-06T07:20:08.534+0000] {dag.py:4180} INFO - Setting next_dagrun for read_dataset_event to 2025-04-05 00:00:00+00:00, run_after=2025-04-06 00:00:00+00:00
[2025-04-06T07:20:08.542+0000] {logging_mixin.py:190} INFO - [2025-04-06T07:20:08.542+0000] {dag.py:4180} INFO - Setting next_dagrun for read_dataset_event_from_classic to 2025-04-05 00:00:00+00:00, run_after=2025-04-06 00:00:00+00:00
[2025-04-06T07:20:08.567+0000] {processor.py:208} INFO - Processing /home/airflow/.local/lib/python3.12/site-packages/airflow/example_dags/example_inlet_event_extra.py took 0.993 seconds
[2025-04-06T07:20:38.690+0000] {processor.py:186} INFO - Started process (PID=805) to work on /home/airflow/.local/lib/python3.12/site-packages/airflow/example_dags/example_inlet_event_extra.py
[2025-04-06T07:20:38.693+0000] {processor.py:914} INFO - Processing file /home/airflow/.local/lib/python3.12/site-packages/airflow/example_dags/example_inlet_event_extra.py for tasks to queue
[2025-04-06T07:20:38.702+0000] {logging_mixin.py:190} INFO - [2025-04-06T07:20:38.701+0000] {dagbag.py:588} INFO - Filling up the DagBag from /home/airflow/.local/lib/python3.12/site-packages/airflow/example_dags/example_inlet_event_extra.py
[2025-04-06T07:20:39.819+0000] {processor.py:925} INFO - DAG(s) 'read_dataset_event_from_classic', 'read_dataset_event' retrieved from /home/airflow/.local/lib/python3.12/site-packages/airflow/example_dags/example_inlet_event_extra.py
[2025-04-06T07:20:39.867+0000] {logging_mixin.py:190} INFO - [2025-04-06T07:20:39.867+0000] {dag.py:3239} INFO - Sync 2 DAGs
[2025-04-06T07:20:39.919+0000] {logging_mixin.py:190} INFO - [2025-04-06T07:20:39.918+0000] {dag.py:4180} INFO - Setting next_dagrun for read_dataset_event to 2025-04-05 00:00:00+00:00, run_after=2025-04-06 00:00:00+00:00
[2025-04-06T07:20:39.931+0000] {logging_mixin.py:190} INFO - [2025-04-06T07:20:39.930+0000] {dag.py:4180} INFO - Setting next_dagrun for read_dataset_event_from_classic to 2025-04-05 00:00:00+00:00, run_after=2025-04-06 00:00:00+00:00
[2025-04-06T07:20:39.964+0000] {processor.py:208} INFO - Processing /home/airflow/.local/lib/python3.12/site-packages/airflow/example_dags/example_inlet_event_extra.py took 1.291 seconds
[2025-04-06T07:21:10.016+0000] {processor.py:186} INFO - Started process (PID=871) to work on /home/airflow/.local/lib/python3.12/site-packages/airflow/example_dags/example_inlet_event_extra.py
[2025-04-06T07:21:10.017+0000] {processor.py:914} INFO - Processing file /home/airflow/.local/lib/python3.12/site-packages/airflow/example_dags/example_inlet_event_extra.py for tasks to queue
[2025-04-06T07:21:10.021+0000] {logging_mixin.py:190} INFO - [2025-04-06T07:21:10.020+0000] {dagbag.py:588} INFO - Filling up the DagBag from /home/airflow/.local/lib/python3.12/site-packages/airflow/example_dags/example_inlet_event_extra.py
[2025-04-06T07:21:10.654+0000] {processor.py:925} INFO - DAG(s) 'read_dataset_event_from_classic', 'read_dataset_event' retrieved from /home/airflow/.local/lib/python3.12/site-packages/airflow/example_dags/example_inlet_event_extra.py
[2025-04-06T07:21:10.677+0000] {logging_mixin.py:190} INFO - [2025-04-06T07:21:10.677+0000] {dag.py:3239} INFO - Sync 2 DAGs
[2025-04-06T07:21:10.704+0000] {logging_mixin.py:190} INFO - [2025-04-06T07:21:10.704+0000] {dag.py:4180} INFO - Setting next_dagrun for read_dataset_event to 2025-04-05 00:00:00+00:00, run_after=2025-04-06 00:00:00+00:00
[2025-04-06T07:21:10.711+0000] {logging_mixin.py:190} INFO - [2025-04-06T07:21:10.710+0000] {dag.py:4180} INFO - Setting next_dagrun for read_dataset_event_from_classic to 2025-04-05 00:00:00+00:00, run_after=2025-04-06 00:00:00+00:00
[2025-04-06T07:21:10.732+0000] {processor.py:208} INFO - Processing /home/airflow/.local/lib/python3.12/site-packages/airflow/example_dags/example_inlet_event_extra.py took 0.724 seconds
[2025-04-06T07:21:41.029+0000] {processor.py:186} INFO - Started process (PID=934) to work on /home/airflow/.local/lib/python3.12/site-packages/airflow/example_dags/example_inlet_event_extra.py
[2025-04-06T07:21:41.030+0000] {processor.py:914} INFO - Processing file /home/airflow/.local/lib/python3.12/site-packages/airflow/example_dags/example_inlet_event_extra.py for tasks to queue
[2025-04-06T07:21:41.032+0000] {logging_mixin.py:190} INFO - [2025-04-06T07:21:41.032+0000] {dagbag.py:588} INFO - Filling up the DagBag from /home/airflow/.local/lib/python3.12/site-packages/airflow/example_dags/example_inlet_event_extra.py
[2025-04-06T07:21:41.541+0000] {processor.py:925} INFO - DAG(s) 'read_dataset_event_from_classic', 'read_dataset_event' retrieved from /home/airflow/.local/lib/python3.12/site-packages/airflow/example_dags/example_inlet_event_extra.py
[2025-04-06T07:21:41.565+0000] {logging_mixin.py:190} INFO - [2025-04-06T07:21:41.564+0000] {dag.py:3239} INFO - Sync 2 DAGs
[2025-04-06T07:21:41.585+0000] {logging_mixin.py:190} INFO - [2025-04-06T07:21:41.585+0000] {dag.py:4180} INFO - Setting next_dagrun for read_dataset_event to 2025-04-05 00:00:00+00:00, run_after=2025-04-06 00:00:00+00:00
[2025-04-06T07:21:41.589+0000] {logging_mixin.py:190} INFO - [2025-04-06T07:21:41.589+0000] {dag.py:4180} INFO - Setting next_dagrun for read_dataset_event_from_classic to 2025-04-05 00:00:00+00:00, run_after=2025-04-06 00:00:00+00:00
[2025-04-06T07:21:41.606+0000] {processor.py:208} INFO - Processing /home/airflow/.local/lib/python3.12/site-packages/airflow/example_dags/example_inlet_event_extra.py took 0.581 seconds
[2025-04-06T07:22:12.557+0000] {processor.py:186} INFO - Started process (PID=997) to work on /home/airflow/.local/lib/python3.12/site-packages/airflow/example_dags/example_inlet_event_extra.py
[2025-04-06T07:22:12.559+0000] {processor.py:914} INFO - Processing file /home/airflow/.local/lib/python3.12/site-packages/airflow/example_dags/example_inlet_event_extra.py for tasks to queue
[2025-04-06T07:22:12.562+0000] {logging_mixin.py:190} INFO - [2025-04-06T07:22:12.562+0000] {dagbag.py:588} INFO - Filling up the DagBag from /home/airflow/.local/lib/python3.12/site-packages/airflow/example_dags/example_inlet_event_extra.py
[2025-04-06T07:22:13.076+0000] {processor.py:925} INFO - DAG(s) 'read_dataset_event_from_classic', 'read_dataset_event' retrieved from /home/airflow/.local/lib/python3.12/site-packages/airflow/example_dags/example_inlet_event_extra.py
[2025-04-06T07:22:13.098+0000] {logging_mixin.py:190} INFO - [2025-04-06T07:22:13.098+0000] {dag.py:3239} INFO - Sync 2 DAGs
[2025-04-06T07:22:13.121+0000] {logging_mixin.py:190} INFO - [2025-04-06T07:22:13.120+0000] {dag.py:4180} INFO - Setting next_dagrun for read_dataset_event to 2025-04-05 00:00:00+00:00, run_after=2025-04-06 00:00:00+00:00
[2025-04-06T07:22:13.125+0000] {logging_mixin.py:190} INFO - [2025-04-06T07:22:13.125+0000] {dag.py:4180} INFO - Setting next_dagrun for read_dataset_event_from_classic to 2025-04-05 00:00:00+00:00, run_after=2025-04-06 00:00:00+00:00
[2025-04-06T07:22:13.142+0000] {processor.py:208} INFO - Processing /home/airflow/.local/lib/python3.12/site-packages/airflow/example_dags/example_inlet_event_extra.py took 0.590 seconds
[2025-04-06T07:22:43.918+0000] {processor.py:186} INFO - Started process (PID=1060) to work on /home/airflow/.local/lib/python3.12/site-packages/airflow/example_dags/example_inlet_event_extra.py
[2025-04-06T07:22:43.918+0000] {processor.py:914} INFO - Processing file /home/airflow/.local/lib/python3.12/site-packages/airflow/example_dags/example_inlet_event_extra.py for tasks to queue
[2025-04-06T07:22:43.920+0000] {logging_mixin.py:190} INFO - [2025-04-06T07:22:43.920+0000] {dagbag.py:588} INFO - Filling up the DagBag from /home/airflow/.local/lib/python3.12/site-packages/airflow/example_dags/example_inlet_event_extra.py
[2025-04-06T07:22:44.396+0000] {processor.py:925} INFO - DAG(s) 'read_dataset_event_from_classic', 'read_dataset_event' retrieved from /home/airflow/.local/lib/python3.12/site-packages/airflow/example_dags/example_inlet_event_extra.py
[2025-04-06T07:22:44.415+0000] {logging_mixin.py:190} INFO - [2025-04-06T07:22:44.415+0000] {dag.py:3239} INFO - Sync 2 DAGs
[2025-04-06T07:22:44.436+0000] {logging_mixin.py:190} INFO - [2025-04-06T07:22:44.436+0000] {dag.py:4180} INFO - Setting next_dagrun for read_dataset_event to 2025-04-05 00:00:00+00:00, run_after=2025-04-06 00:00:00+00:00
[2025-04-06T07:22:44.440+0000] {logging_mixin.py:190} INFO - [2025-04-06T07:22:44.440+0000] {dag.py:4180} INFO - Setting next_dagrun for read_dataset_event_from_classic to 2025-04-05 00:00:00+00:00, run_after=2025-04-06 00:00:00+00:00
[2025-04-06T07:22:44.467+0000] {processor.py:208} INFO - Processing /home/airflow/.local/lib/python3.12/site-packages/airflow/example_dags/example_inlet_event_extra.py took 0.553 seconds
[2025-04-06T07:23:15.192+0000] {processor.py:186} INFO - Started process (PID=1123) to work on /home/airflow/.local/lib/python3.12/site-packages/airflow/example_dags/example_inlet_event_extra.py
[2025-04-06T07:23:15.194+0000] {processor.py:914} INFO - Processing file /home/airflow/.local/lib/python3.12/site-packages/airflow/example_dags/example_inlet_event_extra.py for tasks to queue
[2025-04-06T07:23:15.196+0000] {logging_mixin.py:190} INFO - [2025-04-06T07:23:15.196+0000] {dagbag.py:588} INFO - Filling up the DagBag from /home/airflow/.local/lib/python3.12/site-packages/airflow/example_dags/example_inlet_event_extra.py
[2025-04-06T07:23:15.763+0000] {processor.py:925} INFO - DAG(s) 'read_dataset_event', 'read_dataset_event_from_classic' retrieved from /home/airflow/.local/lib/python3.12/site-packages/airflow/example_dags/example_inlet_event_extra.py
[2025-04-06T07:23:15.784+0000] {logging_mixin.py:190} INFO - [2025-04-06T07:23:15.783+0000] {dag.py:3239} INFO - Sync 2 DAGs
[2025-04-06T07:23:15.811+0000] {logging_mixin.py:190} INFO - [2025-04-06T07:23:15.810+0000] {dag.py:4180} INFO - Setting next_dagrun for read_dataset_event to 2025-04-05 00:00:00+00:00, run_after=2025-04-06 00:00:00+00:00
[2025-04-06T07:23:15.816+0000] {logging_mixin.py:190} INFO - [2025-04-06T07:23:15.816+0000] {dag.py:4180} INFO - Setting next_dagrun for read_dataset_event_from_classic to 2025-04-05 00:00:00+00:00, run_after=2025-04-06 00:00:00+00:00
[2025-04-06T07:23:15.836+0000] {processor.py:208} INFO - Processing /home/airflow/.local/lib/python3.12/site-packages/airflow/example_dags/example_inlet_event_extra.py took 0.648 seconds
[2025-04-06T07:23:45.925+0000] {processor.py:186} INFO - Started process (PID=1190) to work on /home/airflow/.local/lib/python3.12/site-packages/airflow/example_dags/example_inlet_event_extra.py
[2025-04-06T07:23:45.926+0000] {processor.py:914} INFO - Processing file /home/airflow/.local/lib/python3.12/site-packages/airflow/example_dags/example_inlet_event_extra.py for tasks to queue
[2025-04-06T07:23:45.928+0000] {logging_mixin.py:190} INFO - [2025-04-06T07:23:45.928+0000] {dagbag.py:588} INFO - Filling up the DagBag from /home/airflow/.local/lib/python3.12/site-packages/airflow/example_dags/example_inlet_event_extra.py
[2025-04-06T07:23:46.465+0000] {processor.py:925} INFO - DAG(s) 'read_dataset_event_from_classic', 'read_dataset_event' retrieved from /home/airflow/.local/lib/python3.12/site-packages/airflow/example_dags/example_inlet_event_extra.py
[2025-04-06T07:23:46.489+0000] {logging_mixin.py:190} INFO - [2025-04-06T07:23:46.488+0000] {dag.py:3239} INFO - Sync 2 DAGs
[2025-04-06T07:23:46.522+0000] {logging_mixin.py:190} INFO - [2025-04-06T07:23:46.522+0000] {dag.py:4180} INFO - Setting next_dagrun for read_dataset_event to 2025-04-05 00:00:00+00:00, run_after=2025-04-06 00:00:00+00:00
[2025-04-06T07:23:46.529+0000] {logging_mixin.py:190} INFO - [2025-04-06T07:23:46.528+0000] {dag.py:4180} INFO - Setting next_dagrun for read_dataset_event_from_classic to 2025-04-05 00:00:00+00:00, run_after=2025-04-06 00:00:00+00:00
[2025-04-06T07:23:46.548+0000] {processor.py:208} INFO - Processing /home/airflow/.local/lib/python3.12/site-packages/airflow/example_dags/example_inlet_event_extra.py took 0.628 seconds
[2025-04-06T07:24:16.970+0000] {processor.py:186} INFO - Started process (PID=1253) to work on /home/airflow/.local/lib/python3.12/site-packages/airflow/example_dags/example_inlet_event_extra.py
[2025-04-06T07:24:16.970+0000] {processor.py:914} INFO - Processing file /home/airflow/.local/lib/python3.12/site-packages/airflow/example_dags/example_inlet_event_extra.py for tasks to queue
[2025-04-06T07:24:16.972+0000] {logging_mixin.py:190} INFO - [2025-04-06T07:24:16.972+0000] {dagbag.py:588} INFO - Filling up the DagBag from /home/airflow/.local/lib/python3.12/site-packages/airflow/example_dags/example_inlet_event_extra.py
[2025-04-06T07:24:17.507+0000] {processor.py:925} INFO - DAG(s) 'read_dataset_event_from_classic', 'read_dataset_event' retrieved from /home/airflow/.local/lib/python3.12/site-packages/airflow/example_dags/example_inlet_event_extra.py
[2025-04-06T07:24:17.525+0000] {logging_mixin.py:190} INFO - [2025-04-06T07:24:17.525+0000] {dag.py:3239} INFO - Sync 2 DAGs
[2025-04-06T07:24:17.548+0000] {logging_mixin.py:190} INFO - [2025-04-06T07:24:17.548+0000] {dag.py:4180} INFO - Setting next_dagrun for read_dataset_event to 2025-04-05 00:00:00+00:00, run_after=2025-04-06 00:00:00+00:00
[2025-04-06T07:24:17.554+0000] {logging_mixin.py:190} INFO - [2025-04-06T07:24:17.553+0000] {dag.py:4180} INFO - Setting next_dagrun for read_dataset_event_from_classic to 2025-04-05 00:00:00+00:00, run_after=2025-04-06 00:00:00+00:00
[2025-04-06T07:24:17.570+0000] {processor.py:208} INFO - Processing /home/airflow/.local/lib/python3.12/site-packages/airflow/example_dags/example_inlet_event_extra.py took 0.605 seconds
[2025-04-06T07:24:48.346+0000] {processor.py:186} INFO - Started process (PID=1317) to work on /home/airflow/.local/lib/python3.12/site-packages/airflow/example_dags/example_inlet_event_extra.py
[2025-04-06T07:24:48.346+0000] {processor.py:914} INFO - Processing file /home/airflow/.local/lib/python3.12/site-packages/airflow/example_dags/example_inlet_event_extra.py for tasks to queue
[2025-04-06T07:24:48.348+0000] {logging_mixin.py:190} INFO - [2025-04-06T07:24:48.348+0000] {dagbag.py:588} INFO - Filling up the DagBag from /home/airflow/.local/lib/python3.12/site-packages/airflow/example_dags/example_inlet_event_extra.py
[2025-04-06T07:24:48.899+0000] {processor.py:925} INFO - DAG(s) 'read_dataset_event', 'read_dataset_event_from_classic' retrieved from /home/airflow/.local/lib/python3.12/site-packages/airflow/example_dags/example_inlet_event_extra.py
[2025-04-06T07:24:48.936+0000] {logging_mixin.py:190} INFO - [2025-04-06T07:24:48.935+0000] {dag.py:3239} INFO - Sync 2 DAGs
[2025-04-06T07:24:48.974+0000] {logging_mixin.py:190} INFO - [2025-04-06T07:24:48.973+0000] {dag.py:4180} INFO - Setting next_dagrun for read_dataset_event to 2025-04-05 00:00:00+00:00, run_after=2025-04-06 00:00:00+00:00
[2025-04-06T07:24:48.983+0000] {logging_mixin.py:190} INFO - [2025-04-06T07:24:48.983+0000] {dag.py:4180} INFO - Setting next_dagrun for read_dataset_event_from_classic to 2025-04-05 00:00:00+00:00, run_after=2025-04-06 00:00:00+00:00
[2025-04-06T07:24:49.008+0000] {processor.py:208} INFO - Processing /home/airflow/.local/lib/python3.12/site-packages/airflow/example_dags/example_inlet_event_extra.py took 0.668 seconds
[2025-04-06T07:25:19.578+0000] {processor.py:186} INFO - Started process (PID=1381) to work on /home/airflow/.local/lib/python3.12/site-packages/airflow/example_dags/example_inlet_event_extra.py
[2025-04-06T07:25:19.579+0000] {processor.py:914} INFO - Processing file /home/airflow/.local/lib/python3.12/site-packages/airflow/example_dags/example_inlet_event_extra.py for tasks to queue
[2025-04-06T07:25:19.580+0000] {logging_mixin.py:190} INFO - [2025-04-06T07:25:19.580+0000] {dagbag.py:588} INFO - Filling up the DagBag from /home/airflow/.local/lib/python3.12/site-packages/airflow/example_dags/example_inlet_event_extra.py
[2025-04-06T07:25:20.068+0000] {processor.py:925} INFO - DAG(s) 'read_dataset_event_from_classic', 'read_dataset_event' retrieved from /home/airflow/.local/lib/python3.12/site-packages/airflow/example_dags/example_inlet_event_extra.py
[2025-04-06T07:25:20.084+0000] {logging_mixin.py:190} INFO - [2025-04-06T07:25:20.084+0000] {dag.py:3239} INFO - Sync 2 DAGs
[2025-04-06T07:25:20.102+0000] {logging_mixin.py:190} INFO - [2025-04-06T07:25:20.102+0000] {dag.py:4180} INFO - Setting next_dagrun for read_dataset_event to 2025-04-05 00:00:00+00:00, run_after=2025-04-06 00:00:00+00:00
[2025-04-06T07:25:20.106+0000] {logging_mixin.py:190} INFO - [2025-04-06T07:25:20.106+0000] {dag.py:4180} INFO - Setting next_dagrun for read_dataset_event_from_classic to 2025-04-05 00:00:00+00:00, run_after=2025-04-06 00:00:00+00:00
[2025-04-06T07:25:20.120+0000] {processor.py:208} INFO - Processing /home/airflow/.local/lib/python3.12/site-packages/airflow/example_dags/example_inlet_event_extra.py took 0.546 seconds
[2025-04-06T07:25:51.064+0000] {processor.py:186} INFO - Started process (PID=1446) to work on /home/airflow/.local/lib/python3.12/site-packages/airflow/example_dags/example_inlet_event_extra.py
[2025-04-06T07:25:51.064+0000] {processor.py:914} INFO - Processing file /home/airflow/.local/lib/python3.12/site-packages/airflow/example_dags/example_inlet_event_extra.py for tasks to queue
[2025-04-06T07:25:51.066+0000] {logging_mixin.py:190} INFO - [2025-04-06T07:25:51.066+0000] {dagbag.py:588} INFO - Filling up the DagBag from /home/airflow/.local/lib/python3.12/site-packages/airflow/example_dags/example_inlet_event_extra.py
[2025-04-06T07:25:51.562+0000] {processor.py:925} INFO - DAG(s) 'read_dataset_event_from_classic', 'read_dataset_event' retrieved from /home/airflow/.local/lib/python3.12/site-packages/airflow/example_dags/example_inlet_event_extra.py
[2025-04-06T07:25:51.579+0000] {logging_mixin.py:190} INFO - [2025-04-06T07:25:51.578+0000] {dag.py:3239} INFO - Sync 2 DAGs
[2025-04-06T07:25:51.596+0000] {logging_mixin.py:190} INFO - [2025-04-06T07:25:51.595+0000] {dag.py:4180} INFO - Setting next_dagrun for read_dataset_event to 2025-04-05 00:00:00+00:00, run_after=2025-04-06 00:00:00+00:00
[2025-04-06T07:25:51.599+0000] {logging_mixin.py:190} INFO - [2025-04-06T07:25:51.599+0000] {dag.py:4180} INFO - Setting next_dagrun for read_dataset_event_from_classic to 2025-04-05 00:00:00+00:00, run_after=2025-04-06 00:00:00+00:00
[2025-04-06T07:25:51.614+0000] {processor.py:208} INFO - Processing /home/airflow/.local/lib/python3.12/site-packages/airflow/example_dags/example_inlet_event_extra.py took 0.554 seconds
[2025-04-06T07:26:21.717+0000] {processor.py:186} INFO - Started process (PID=1510) to work on /home/airflow/.local/lib/python3.12/site-packages/airflow/example_dags/example_inlet_event_extra.py
[2025-04-06T07:26:21.718+0000] {processor.py:914} INFO - Processing file /home/airflow/.local/lib/python3.12/site-packages/airflow/example_dags/example_inlet_event_extra.py for tasks to queue
[2025-04-06T07:26:21.721+0000] {logging_mixin.py:190} INFO - [2025-04-06T07:26:21.721+0000] {dagbag.py:588} INFO - Filling up the DagBag from /home/airflow/.local/lib/python3.12/site-packages/airflow/example_dags/example_inlet_event_extra.py
[2025-04-06T07:26:22.389+0000] {processor.py:925} INFO - DAG(s) 'read_dataset_event', 'read_dataset_event_from_classic' retrieved from /home/airflow/.local/lib/python3.12/site-packages/airflow/example_dags/example_inlet_event_extra.py
[2025-04-06T07:26:22.490+0000] {logging_mixin.py:190} INFO - [2025-04-06T07:26:22.489+0000] {dag.py:3239} INFO - Sync 2 DAGs
[2025-04-06T07:26:22.532+0000] {logging_mixin.py:190} INFO - [2025-04-06T07:26:22.532+0000] {dag.py:4180} INFO - Setting next_dagrun for read_dataset_event to 2025-04-05 00:00:00+00:00, run_after=2025-04-06 00:00:00+00:00
[2025-04-06T07:26:22.542+0000] {logging_mixin.py:190} INFO - [2025-04-06T07:26:22.541+0000] {dag.py:4180} INFO - Setting next_dagrun for read_dataset_event_from_classic to 2025-04-05 00:00:00+00:00, run_after=2025-04-06 00:00:00+00:00
[2025-04-06T07:26:22.589+0000] {processor.py:208} INFO - Processing /home/airflow/.local/lib/python3.12/site-packages/airflow/example_dags/example_inlet_event_extra.py took 0.879 seconds
[2025-04-06T07:26:53.039+0000] {processor.py:186} INFO - Started process (PID=1575) to work on /home/airflow/.local/lib/python3.12/site-packages/airflow/example_dags/example_inlet_event_extra.py
[2025-04-06T07:26:53.041+0000] {processor.py:914} INFO - Processing file /home/airflow/.local/lib/python3.12/site-packages/airflow/example_dags/example_inlet_event_extra.py for tasks to queue
[2025-04-06T07:26:53.044+0000] {logging_mixin.py:190} INFO - [2025-04-06T07:26:53.043+0000] {dagbag.py:588} INFO - Filling up the DagBag from /home/airflow/.local/lib/python3.12/site-packages/airflow/example_dags/example_inlet_event_extra.py
[2025-04-06T07:26:53.717+0000] {processor.py:925} INFO - DAG(s) 'read_dataset_event', 'read_dataset_event_from_classic' retrieved from /home/airflow/.local/lib/python3.12/site-packages/airflow/example_dags/example_inlet_event_extra.py
[2025-04-06T07:26:53.735+0000] {logging_mixin.py:190} INFO - [2025-04-06T07:26:53.735+0000] {dag.py:3239} INFO - Sync 2 DAGs
[2025-04-06T07:26:53.765+0000] {logging_mixin.py:190} INFO - [2025-04-06T07:26:53.765+0000] {dag.py:4180} INFO - Setting next_dagrun for read_dataset_event to 2025-04-05 00:00:00+00:00, run_after=2025-04-06 00:00:00+00:00
[2025-04-06T07:26:53.770+0000] {logging_mixin.py:190} INFO - [2025-04-06T07:26:53.770+0000] {dag.py:4180} INFO - Setting next_dagrun for read_dataset_event_from_classic to 2025-04-05 00:00:00+00:00, run_after=2025-04-06 00:00:00+00:00
[2025-04-06T07:26:53.791+0000] {processor.py:208} INFO - Processing /home/airflow/.local/lib/python3.12/site-packages/airflow/example_dags/example_inlet_event_extra.py took 0.757 seconds
[2025-04-06T07:27:23.871+0000] {processor.py:186} INFO - Started process (PID=1640) to work on /home/airflow/.local/lib/python3.12/site-packages/airflow/example_dags/example_inlet_event_extra.py
[2025-04-06T07:27:23.872+0000] {processor.py:914} INFO - Processing file /home/airflow/.local/lib/python3.12/site-packages/airflow/example_dags/example_inlet_event_extra.py for tasks to queue
[2025-04-06T07:27:23.875+0000] {logging_mixin.py:190} INFO - [2025-04-06T07:27:23.875+0000] {dagbag.py:588} INFO - Filling up the DagBag from /home/airflow/.local/lib/python3.12/site-packages/airflow/example_dags/example_inlet_event_extra.py
[2025-04-06T07:27:24.597+0000] {processor.py:925} INFO - DAG(s) 'read_dataset_event_from_classic', 'read_dataset_event' retrieved from /home/airflow/.local/lib/python3.12/site-packages/airflow/example_dags/example_inlet_event_extra.py
[2025-04-06T07:27:24.629+0000] {logging_mixin.py:190} INFO - [2025-04-06T07:27:24.628+0000] {dag.py:3239} INFO - Sync 2 DAGs
[2025-04-06T07:27:24.656+0000] {logging_mixin.py:190} INFO - [2025-04-06T07:27:24.656+0000] {dag.py:4180} INFO - Setting next_dagrun for read_dataset_event to 2025-04-05 00:00:00+00:00, run_after=2025-04-06 00:00:00+00:00
[2025-04-06T07:27:24.662+0000] {logging_mixin.py:190} INFO - [2025-04-06T07:27:24.662+0000] {dag.py:4180} INFO - Setting next_dagrun for read_dataset_event_from_classic to 2025-04-05 00:00:00+00:00, run_after=2025-04-06 00:00:00+00:00
[2025-04-06T07:27:24.679+0000] {processor.py:208} INFO - Processing /home/airflow/.local/lib/python3.12/site-packages/airflow/example_dags/example_inlet_event_extra.py took 0.816 seconds
[2025-04-06T07:27:55.040+0000] {processor.py:186} INFO - Started process (PID=1704) to work on /home/airflow/.local/lib/python3.12/site-packages/airflow/example_dags/example_inlet_event_extra.py
[2025-04-06T07:27:55.041+0000] {processor.py:914} INFO - Processing file /home/airflow/.local/lib/python3.12/site-packages/airflow/example_dags/example_inlet_event_extra.py for tasks to queue
[2025-04-06T07:27:55.043+0000] {logging_mixin.py:190} INFO - [2025-04-06T07:27:55.043+0000] {dagbag.py:588} INFO - Filling up the DagBag from /home/airflow/.local/lib/python3.12/site-packages/airflow/example_dags/example_inlet_event_extra.py
[2025-04-06T07:27:55.562+0000] {processor.py:925} INFO - DAG(s) 'read_dataset_event_from_classic', 'read_dataset_event' retrieved from /home/airflow/.local/lib/python3.12/site-packages/airflow/example_dags/example_inlet_event_extra.py
[2025-04-06T07:27:55.577+0000] {logging_mixin.py:190} INFO - [2025-04-06T07:27:55.577+0000] {dag.py:3239} INFO - Sync 2 DAGs
[2025-04-06T07:27:55.594+0000] {logging_mixin.py:190} INFO - [2025-04-06T07:27:55.594+0000] {dag.py:4180} INFO - Setting next_dagrun for read_dataset_event to 2025-04-05 00:00:00+00:00, run_after=2025-04-06 00:00:00+00:00
[2025-04-06T07:27:55.599+0000] {logging_mixin.py:190} INFO - [2025-04-06T07:27:55.599+0000] {dag.py:4180} INFO - Setting next_dagrun for read_dataset_event_from_classic to 2025-04-05 00:00:00+00:00, run_after=2025-04-06 00:00:00+00:00
[2025-04-06T07:27:55.613+0000] {processor.py:208} INFO - Processing /home/airflow/.local/lib/python3.12/site-packages/airflow/example_dags/example_inlet_event_extra.py took 0.578 seconds
[2025-04-06T07:28:26.221+0000] {processor.py:186} INFO - Started process (PID=1768) to work on /home/airflow/.local/lib/python3.12/site-packages/airflow/example_dags/example_inlet_event_extra.py
[2025-04-06T07:28:26.222+0000] {processor.py:914} INFO - Processing file /home/airflow/.local/lib/python3.12/site-packages/airflow/example_dags/example_inlet_event_extra.py for tasks to queue
[2025-04-06T07:28:26.224+0000] {logging_mixin.py:190} INFO - [2025-04-06T07:28:26.223+0000] {dagbag.py:588} INFO - Filling up the DagBag from /home/airflow/.local/lib/python3.12/site-packages/airflow/example_dags/example_inlet_event_extra.py
[2025-04-06T07:28:26.713+0000] {processor.py:925} INFO - DAG(s) 'read_dataset_event', 'read_dataset_event_from_classic' retrieved from /home/airflow/.local/lib/python3.12/site-packages/airflow/example_dags/example_inlet_event_extra.py
[2025-04-06T07:28:26.735+0000] {logging_mixin.py:190} INFO - [2025-04-06T07:28:26.735+0000] {dag.py:3239} INFO - Sync 2 DAGs
[2025-04-06T07:28:26.754+0000] {logging_mixin.py:190} INFO - [2025-04-06T07:28:26.753+0000] {dag.py:4180} INFO - Setting next_dagrun for read_dataset_event to 2025-04-05 00:00:00+00:00, run_after=2025-04-06 00:00:00+00:00
[2025-04-06T07:28:26.758+0000] {logging_mixin.py:190} INFO - [2025-04-06T07:28:26.757+0000] {dag.py:4180} INFO - Setting next_dagrun for read_dataset_event_from_classic to 2025-04-05 00:00:00+00:00, run_after=2025-04-06 00:00:00+00:00
[2025-04-06T07:28:26.772+0000] {processor.py:208} INFO - Processing /home/airflow/.local/lib/python3.12/site-packages/airflow/example_dags/example_inlet_event_extra.py took 0.557 seconds
[2025-04-06T07:28:57.612+0000] {processor.py:186} INFO - Started process (PID=1832) to work on /home/airflow/.local/lib/python3.12/site-packages/airflow/example_dags/example_inlet_event_extra.py
[2025-04-06T07:28:57.613+0000] {processor.py:914} INFO - Processing file /home/airflow/.local/lib/python3.12/site-packages/airflow/example_dags/example_inlet_event_extra.py for tasks to queue
[2025-04-06T07:28:57.615+0000] {logging_mixin.py:190} INFO - [2025-04-06T07:28:57.615+0000] {dagbag.py:588} INFO - Filling up the DagBag from /home/airflow/.local/lib/python3.12/site-packages/airflow/example_dags/example_inlet_event_extra.py
[2025-04-06T07:28:58.098+0000] {processor.py:925} INFO - DAG(s) 'read_dataset_event_from_classic', 'read_dataset_event' retrieved from /home/airflow/.local/lib/python3.12/site-packages/airflow/example_dags/example_inlet_event_extra.py
[2025-04-06T07:28:58.115+0000] {logging_mixin.py:190} INFO - [2025-04-06T07:28:58.114+0000] {dag.py:3239} INFO - Sync 2 DAGs
[2025-04-06T07:28:58.133+0000] {logging_mixin.py:190} INFO - [2025-04-06T07:28:58.133+0000] {dag.py:4180} INFO - Setting next_dagrun for read_dataset_event to 2025-04-05 00:00:00+00:00, run_after=2025-04-06 00:00:00+00:00
[2025-04-06T07:28:58.137+0000] {logging_mixin.py:190} INFO - [2025-04-06T07:28:58.137+0000] {dag.py:4180} INFO - Setting next_dagrun for read_dataset_event_from_classic to 2025-04-05 00:00:00+00:00, run_after=2025-04-06 00:00:00+00:00
[2025-04-06T07:28:58.151+0000] {processor.py:208} INFO - Processing /home/airflow/.local/lib/python3.12/site-packages/airflow/example_dags/example_inlet_event_extra.py took 0.543 seconds
[2025-04-06T07:29:28.755+0000] {processor.py:186} INFO - Started process (PID=1896) to work on /home/airflow/.local/lib/python3.12/site-packages/airflow/example_dags/example_inlet_event_extra.py
[2025-04-06T07:29:28.755+0000] {processor.py:914} INFO - Processing file /home/airflow/.local/lib/python3.12/site-packages/airflow/example_dags/example_inlet_event_extra.py for tasks to queue
[2025-04-06T07:29:28.757+0000] {logging_mixin.py:190} INFO - [2025-04-06T07:29:28.757+0000] {dagbag.py:588} INFO - Filling up the DagBag from /home/airflow/.local/lib/python3.12/site-packages/airflow/example_dags/example_inlet_event_extra.py
[2025-04-06T07:29:29.201+0000] {processor.py:925} INFO - DAG(s) 'read_dataset_event', 'read_dataset_event_from_classic' retrieved from /home/airflow/.local/lib/python3.12/site-packages/airflow/example_dags/example_inlet_event_extra.py
[2025-04-06T07:29:29.219+0000] {logging_mixin.py:190} INFO - [2025-04-06T07:29:29.219+0000] {dag.py:3239} INFO - Sync 2 DAGs
[2025-04-06T07:29:29.237+0000] {logging_mixin.py:190} INFO - [2025-04-06T07:29:29.237+0000] {dag.py:4180} INFO - Setting next_dagrun for read_dataset_event to 2025-04-05 00:00:00+00:00, run_after=2025-04-06 00:00:00+00:00
[2025-04-06T07:29:29.243+0000] {logging_mixin.py:190} INFO - [2025-04-06T07:29:29.242+0000] {dag.py:4180} INFO - Setting next_dagrun for read_dataset_event_from_classic to 2025-04-05 00:00:00+00:00, run_after=2025-04-06 00:00:00+00:00
[2025-04-06T07:29:29.259+0000] {processor.py:208} INFO - Processing /home/airflow/.local/lib/python3.12/site-packages/airflow/example_dags/example_inlet_event_extra.py took 0.509 seconds
[2025-04-06T07:30:00.370+0000] {processor.py:186} INFO - Started process (PID=1961) to work on /home/airflow/.local/lib/python3.12/site-packages/airflow/example_dags/example_inlet_event_extra.py
[2025-04-06T07:30:00.371+0000] {processor.py:914} INFO - Processing file /home/airflow/.local/lib/python3.12/site-packages/airflow/example_dags/example_inlet_event_extra.py for tasks to queue
[2025-04-06T07:30:00.373+0000] {logging_mixin.py:190} INFO - [2025-04-06T07:30:00.372+0000] {dagbag.py:588} INFO - Filling up the DagBag from /home/airflow/.local/lib/python3.12/site-packages/airflow/example_dags/example_inlet_event_extra.py
[2025-04-06T07:30:00.837+0000] {processor.py:925} INFO - DAG(s) 'read_dataset_event', 'read_dataset_event_from_classic' retrieved from /home/airflow/.local/lib/python3.12/site-packages/airflow/example_dags/example_inlet_event_extra.py
[2025-04-06T07:30:00.854+0000] {logging_mixin.py:190} INFO - [2025-04-06T07:30:00.854+0000] {dag.py:3239} INFO - Sync 2 DAGs
[2025-04-06T07:30:00.876+0000] {logging_mixin.py:190} INFO - [2025-04-06T07:30:00.876+0000] {dag.py:4180} INFO - Setting next_dagrun for read_dataset_event to 2025-04-05 00:00:00+00:00, run_after=2025-04-06 00:00:00+00:00
[2025-04-06T07:30:00.881+0000] {logging_mixin.py:190} INFO - [2025-04-06T07:30:00.881+0000] {dag.py:4180} INFO - Setting next_dagrun for read_dataset_event_from_classic to 2025-04-05 00:00:00+00:00, run_after=2025-04-06 00:00:00+00:00
[2025-04-06T07:30:00.896+0000] {processor.py:208} INFO - Processing /home/airflow/.local/lib/python3.12/site-packages/airflow/example_dags/example_inlet_event_extra.py took 0.533 seconds
[2025-04-06T07:30:31.435+0000] {processor.py:186} INFO - Started process (PID=2025) to work on /home/airflow/.local/lib/python3.12/site-packages/airflow/example_dags/example_inlet_event_extra.py
[2025-04-06T07:30:31.435+0000] {processor.py:914} INFO - Processing file /home/airflow/.local/lib/python3.12/site-packages/airflow/example_dags/example_inlet_event_extra.py for tasks to queue
[2025-04-06T07:30:31.437+0000] {logging_mixin.py:190} INFO - [2025-04-06T07:30:31.437+0000] {dagbag.py:588} INFO - Filling up the DagBag from /home/airflow/.local/lib/python3.12/site-packages/airflow/example_dags/example_inlet_event_extra.py
[2025-04-06T07:30:31.892+0000] {processor.py:925} INFO - DAG(s) 'read_dataset_event', 'read_dataset_event_from_classic' retrieved from /home/airflow/.local/lib/python3.12/site-packages/airflow/example_dags/example_inlet_event_extra.py
[2025-04-06T07:30:31.911+0000] {logging_mixin.py:190} INFO - [2025-04-06T07:30:31.911+0000] {dag.py:3239} INFO - Sync 2 DAGs
[2025-04-06T07:30:31.939+0000] {logging_mixin.py:190} INFO - [2025-04-06T07:30:31.939+0000] {dag.py:4180} INFO - Setting next_dagrun for read_dataset_event to 2025-04-05 00:00:00+00:00, run_after=2025-04-06 00:00:00+00:00
[2025-04-06T07:30:31.943+0000] {logging_mixin.py:190} INFO - [2025-04-06T07:30:31.943+0000] {dag.py:4180} INFO - Setting next_dagrun for read_dataset_event_from_classic to 2025-04-05 00:00:00+00:00, run_after=2025-04-06 00:00:00+00:00
[2025-04-06T07:30:31.958+0000] {processor.py:208} INFO - Processing /home/airflow/.local/lib/python3.12/site-packages/airflow/example_dags/example_inlet_event_extra.py took 0.528 seconds
