[2025-04-06T07:14:59.112+0000] {processor.py:186} INFO - Started process (PID=101) to work on /home/airflow/.local/lib/python3.12/site-packages/airflow/example_dags/example_branch_operator.py
[2025-04-06T07:14:59.113+0000] {processor.py:914} INFO - Processing file /home/airflow/.local/lib/python3.12/site-packages/airflow/example_dags/example_branch_operator.py for tasks to queue
[2025-04-06T07:14:59.117+0000] {logging_mixin.py:190} INFO - [2025-04-06T07:14:59.116+0000] {dagbag.py:588} INFO - Filling up the DagBag from /home/airflow/.local/lib/python3.12/site-packages/airflow/example_dags/example_branch_operator.py
[2025-04-06T07:14:59.142+0000] {processor.py:925} INFO - DAG(s) 'example_branch_operator' retrieved from /home/airflow/.local/lib/python3.12/site-packages/airflow/example_dags/example_branch_operator.py
[2025-04-06T07:14:59.308+0000] {logging_mixin.py:190} INFO - [2025-04-06T07:14:59.307+0000] {override.py:1912} INFO - Created Permission View: can edit on DAG:example_branch_operator
[2025-04-06T07:14:59.330+0000] {logging_mixin.py:190} INFO - [2025-04-06T07:14:59.329+0000] {override.py:1912} INFO - Created Permission View: can delete on DAG:example_branch_operator
[2025-04-06T07:14:59.346+0000] {logging_mixin.py:190} INFO - [2025-04-06T07:14:59.345+0000] {override.py:1912} INFO - Created Permission View: can read on DAG:example_branch_operator
[2025-04-06T07:14:59.364+0000] {logging_mixin.py:190} INFO - [2025-04-06T07:14:59.364+0000] {override.py:1912} INFO - Created Permission View: can delete on DAG Run:example_branch_operator
[2025-04-06T07:14:59.378+0000] {logging_mixin.py:190} INFO - [2025-04-06T07:14:59.378+0000] {override.py:1912} INFO - Created Permission View: can create on DAG Run:example_branch_operator
[2025-04-06T07:14:59.390+0000] {logging_mixin.py:190} INFO - [2025-04-06T07:14:59.390+0000] {override.py:1912} INFO - Created Permission View: can read on DAG Run:example_branch_operator
[2025-04-06T07:14:59.400+0000] {logging_mixin.py:190} INFO - [2025-04-06T07:14:59.400+0000] {override.py:1912} INFO - Created Permission View: menu access on DAG Run:example_branch_operator
[2025-04-06T07:14:59.401+0000] {logging_mixin.py:190} INFO - [2025-04-06T07:14:59.401+0000] {dag.py:3239} INFO - Sync 1 DAGs
[2025-04-06T07:14:59.419+0000] {logging_mixin.py:190} INFO - [2025-04-06T07:14:59.419+0000] {dag.py:3262} INFO - Creating ORM DAG for example_branch_operator
[2025-04-06T07:14:59.433+0000] {logging_mixin.py:190} INFO - [2025-04-06T07:14:59.433+0000] {dag.py:4180} INFO - Setting next_dagrun for example_branch_operator to 2025-04-05 00:00:00+00:00, run_after=2025-04-06 00:00:00+00:00
[2025-04-06T07:14:59.465+0000] {processor.py:208} INFO - Processing /home/airflow/.local/lib/python3.12/site-packages/airflow/example_dags/example_branch_operator.py took 0.364 seconds
[2025-04-06T07:15:29.622+0000] {processor.py:186} INFO - Started process (PID=164) to work on /home/airflow/.local/lib/python3.12/site-packages/airflow/example_dags/example_branch_operator.py
[2025-04-06T07:15:29.623+0000] {processor.py:914} INFO - Processing file /home/airflow/.local/lib/python3.12/site-packages/airflow/example_dags/example_branch_operator.py for tasks to queue
[2025-04-06T07:15:29.626+0000] {logging_mixin.py:190} INFO - [2025-04-06T07:15:29.626+0000] {dagbag.py:588} INFO - Filling up the DagBag from /home/airflow/.local/lib/python3.12/site-packages/airflow/example_dags/example_branch_operator.py
[2025-04-06T07:15:29.647+0000] {processor.py:925} INFO - DAG(s) 'example_branch_operator' retrieved from /home/airflow/.local/lib/python3.12/site-packages/airflow/example_dags/example_branch_operator.py
[2025-04-06T07:15:29.678+0000] {logging_mixin.py:190} INFO - [2025-04-06T07:15:29.677+0000] {dag.py:3239} INFO - Sync 1 DAGs
[2025-04-06T07:15:29.707+0000] {logging_mixin.py:190} INFO - [2025-04-06T07:15:29.706+0000] {dag.py:4180} INFO - Setting next_dagrun for example_branch_operator to 2025-04-05 00:00:00+00:00, run_after=2025-04-06 00:00:00+00:00
[2025-04-06T07:15:29.729+0000] {processor.py:208} INFO - Processing /home/airflow/.local/lib/python3.12/site-packages/airflow/example_dags/example_branch_operator.py took 0.114 seconds
[2025-04-06T07:16:00.090+0000] {processor.py:186} INFO - Started process (PID=227) to work on /home/airflow/.local/lib/python3.12/site-packages/airflow/example_dags/example_branch_operator.py
[2025-04-06T07:16:00.091+0000] {processor.py:914} INFO - Processing file /home/airflow/.local/lib/python3.12/site-packages/airflow/example_dags/example_branch_operator.py for tasks to queue
[2025-04-06T07:16:00.093+0000] {logging_mixin.py:190} INFO - [2025-04-06T07:16:00.093+0000] {dagbag.py:588} INFO - Filling up the DagBag from /home/airflow/.local/lib/python3.12/site-packages/airflow/example_dags/example_branch_operator.py
[2025-04-06T07:16:00.113+0000] {processor.py:925} INFO - DAG(s) 'example_branch_operator' retrieved from /home/airflow/.local/lib/python3.12/site-packages/airflow/example_dags/example_branch_operator.py
[2025-04-06T07:16:00.144+0000] {logging_mixin.py:190} INFO - [2025-04-06T07:16:00.144+0000] {dag.py:3239} INFO - Sync 1 DAGs
[2025-04-06T07:16:00.174+0000] {logging_mixin.py:190} INFO - [2025-04-06T07:16:00.174+0000] {dag.py:4180} INFO - Setting next_dagrun for example_branch_operator to 2025-04-05 00:00:00+00:00, run_after=2025-04-06 00:00:00+00:00
[2025-04-06T07:16:00.198+0000] {processor.py:208} INFO - Processing /home/airflow/.local/lib/python3.12/site-packages/airflow/example_dags/example_branch_operator.py took 0.116 seconds
[2025-04-06T07:16:30.769+0000] {processor.py:186} INFO - Started process (PID=289) to work on /home/airflow/.local/lib/python3.12/site-packages/airflow/example_dags/example_branch_operator.py
[2025-04-06T07:16:30.770+0000] {processor.py:914} INFO - Processing file /home/airflow/.local/lib/python3.12/site-packages/airflow/example_dags/example_branch_operator.py for tasks to queue
[2025-04-06T07:16:30.772+0000] {logging_mixin.py:190} INFO - [2025-04-06T07:16:30.772+0000] {dagbag.py:588} INFO - Filling up the DagBag from /home/airflow/.local/lib/python3.12/site-packages/airflow/example_dags/example_branch_operator.py
[2025-04-06T07:16:30.791+0000] {processor.py:925} INFO - DAG(s) 'example_branch_operator' retrieved from /home/airflow/.local/lib/python3.12/site-packages/airflow/example_dags/example_branch_operator.py
[2025-04-06T07:16:30.820+0000] {logging_mixin.py:190} INFO - [2025-04-06T07:16:30.819+0000] {dag.py:3239} INFO - Sync 1 DAGs
[2025-04-06T07:16:30.846+0000] {logging_mixin.py:190} INFO - [2025-04-06T07:16:30.845+0000] {dag.py:4180} INFO - Setting next_dagrun for example_branch_operator to 2025-04-05 00:00:00+00:00, run_after=2025-04-06 00:00:00+00:00
[2025-04-06T07:16:30.869+0000] {processor.py:208} INFO - Processing /home/airflow/.local/lib/python3.12/site-packages/airflow/example_dags/example_branch_operator.py took 0.106 seconds
[2025-04-06T07:17:01.415+0000] {processor.py:186} INFO - Started process (PID=352) to work on /home/airflow/.local/lib/python3.12/site-packages/airflow/example_dags/example_branch_operator.py
[2025-04-06T07:17:01.416+0000] {processor.py:914} INFO - Processing file /home/airflow/.local/lib/python3.12/site-packages/airflow/example_dags/example_branch_operator.py for tasks to queue
[2025-04-06T07:17:01.419+0000] {logging_mixin.py:190} INFO - [2025-04-06T07:17:01.418+0000] {dagbag.py:588} INFO - Filling up the DagBag from /home/airflow/.local/lib/python3.12/site-packages/airflow/example_dags/example_branch_operator.py
[2025-04-06T07:17:01.443+0000] {processor.py:925} INFO - DAG(s) 'example_branch_operator' retrieved from /home/airflow/.local/lib/python3.12/site-packages/airflow/example_dags/example_branch_operator.py
[2025-04-06T07:17:01.472+0000] {logging_mixin.py:190} INFO - [2025-04-06T07:17:01.472+0000] {dag.py:3239} INFO - Sync 1 DAGs
[2025-04-06T07:17:01.499+0000] {logging_mixin.py:190} INFO - [2025-04-06T07:17:01.499+0000] {dag.py:4180} INFO - Setting next_dagrun for example_branch_operator to 2025-04-05 00:00:00+00:00, run_after=2025-04-06 00:00:00+00:00
[2025-04-06T07:17:01.534+0000] {processor.py:208} INFO - Processing /home/airflow/.local/lib/python3.12/site-packages/airflow/example_dags/example_branch_operator.py took 0.125 seconds
[2025-04-06T07:17:31.830+0000] {processor.py:186} INFO - Started process (PID=421) to work on /home/airflow/.local/lib/python3.12/site-packages/airflow/example_dags/example_branch_operator.py
[2025-04-06T07:17:31.832+0000] {processor.py:914} INFO - Processing file /home/airflow/.local/lib/python3.12/site-packages/airflow/example_dags/example_branch_operator.py for tasks to queue
[2025-04-06T07:17:31.835+0000] {logging_mixin.py:190} INFO - [2025-04-06T07:17:31.835+0000] {dagbag.py:588} INFO - Filling up the DagBag from /home/airflow/.local/lib/python3.12/site-packages/airflow/example_dags/example_branch_operator.py
[2025-04-06T07:17:31.865+0000] {processor.py:925} INFO - DAG(s) 'example_branch_operator' retrieved from /home/airflow/.local/lib/python3.12/site-packages/airflow/example_dags/example_branch_operator.py
[2025-04-06T07:17:31.921+0000] {logging_mixin.py:190} INFO - [2025-04-06T07:17:31.920+0000] {dag.py:3239} INFO - Sync 1 DAGs
[2025-04-06T07:17:31.957+0000] {logging_mixin.py:190} INFO - [2025-04-06T07:17:31.956+0000] {dag.py:4180} INFO - Setting next_dagrun for example_branch_operator to 2025-04-05 00:00:00+00:00, run_after=2025-04-06 00:00:00+00:00
[2025-04-06T07:17:31.988+0000] {processor.py:208} INFO - Processing /home/airflow/.local/lib/python3.12/site-packages/airflow/example_dags/example_branch_operator.py took 0.165 seconds
[2025-04-06T07:18:04.261+0000] {processor.py:186} INFO - Started process (PID=484) to work on /home/airflow/.local/lib/python3.12/site-packages/airflow/example_dags/example_branch_operator.py
[2025-04-06T07:18:04.264+0000] {processor.py:914} INFO - Processing file /home/airflow/.local/lib/python3.12/site-packages/airflow/example_dags/example_branch_operator.py for tasks to queue
[2025-04-06T07:18:04.268+0000] {logging_mixin.py:190} INFO - [2025-04-06T07:18:04.267+0000] {dagbag.py:588} INFO - Filling up the DagBag from /home/airflow/.local/lib/python3.12/site-packages/airflow/example_dags/example_branch_operator.py
[2025-04-06T07:18:04.297+0000] {processor.py:925} INFO - DAG(s) 'example_branch_operator' retrieved from /home/airflow/.local/lib/python3.12/site-packages/airflow/example_dags/example_branch_operator.py
[2025-04-06T07:18:04.344+0000] {logging_mixin.py:190} INFO - [2025-04-06T07:18:04.344+0000] {dag.py:3239} INFO - Sync 1 DAGs
[2025-04-06T07:18:04.384+0000] {logging_mixin.py:190} INFO - [2025-04-06T07:18:04.384+0000] {dag.py:4180} INFO - Setting next_dagrun for example_branch_operator to 2025-04-05 00:00:00+00:00, run_after=2025-04-06 00:00:00+00:00
[2025-04-06T07:18:04.419+0000] {processor.py:208} INFO - Processing /home/airflow/.local/lib/python3.12/site-packages/airflow/example_dags/example_branch_operator.py took 0.166 seconds
[2025-04-06T07:18:35.075+0000] {processor.py:186} INFO - Started process (PID=547) to work on /home/airflow/.local/lib/python3.12/site-packages/airflow/example_dags/example_branch_operator.py
[2025-04-06T07:18:35.077+0000] {processor.py:914} INFO - Processing file /home/airflow/.local/lib/python3.12/site-packages/airflow/example_dags/example_branch_operator.py for tasks to queue
[2025-04-06T07:18:35.079+0000] {logging_mixin.py:190} INFO - [2025-04-06T07:18:35.079+0000] {dagbag.py:588} INFO - Filling up the DagBag from /home/airflow/.local/lib/python3.12/site-packages/airflow/example_dags/example_branch_operator.py
[2025-04-06T07:18:35.107+0000] {processor.py:925} INFO - DAG(s) 'example_branch_operator' retrieved from /home/airflow/.local/lib/python3.12/site-packages/airflow/example_dags/example_branch_operator.py
[2025-04-06T07:18:35.142+0000] {logging_mixin.py:190} INFO - [2025-04-06T07:18:35.142+0000] {dag.py:3239} INFO - Sync 1 DAGs
[2025-04-06T07:18:35.174+0000] {logging_mixin.py:190} INFO - [2025-04-06T07:18:35.173+0000] {dag.py:4180} INFO - Setting next_dagrun for example_branch_operator to 2025-04-05 00:00:00+00:00, run_after=2025-04-06 00:00:00+00:00
[2025-04-06T07:18:35.197+0000] {processor.py:208} INFO - Processing /home/airflow/.local/lib/python3.12/site-packages/airflow/example_dags/example_branch_operator.py took 0.130 seconds
[2025-04-06T07:19:05.844+0000] {processor.py:186} INFO - Started process (PID=610) to work on /home/airflow/.local/lib/python3.12/site-packages/airflow/example_dags/example_branch_operator.py
[2025-04-06T07:19:05.845+0000] {processor.py:914} INFO - Processing file /home/airflow/.local/lib/python3.12/site-packages/airflow/example_dags/example_branch_operator.py for tasks to queue
[2025-04-06T07:19:05.848+0000] {logging_mixin.py:190} INFO - [2025-04-06T07:19:05.847+0000] {dagbag.py:588} INFO - Filling up the DagBag from /home/airflow/.local/lib/python3.12/site-packages/airflow/example_dags/example_branch_operator.py
[2025-04-06T07:19:05.870+0000] {processor.py:925} INFO - DAG(s) 'example_branch_operator' retrieved from /home/airflow/.local/lib/python3.12/site-packages/airflow/example_dags/example_branch_operator.py
[2025-04-06T07:19:05.905+0000] {logging_mixin.py:190} INFO - [2025-04-06T07:19:05.904+0000] {dag.py:3239} INFO - Sync 1 DAGs
[2025-04-06T07:19:05.932+0000] {logging_mixin.py:190} INFO - [2025-04-06T07:19:05.932+0000] {dag.py:4180} INFO - Setting next_dagrun for example_branch_operator to 2025-04-05 00:00:00+00:00, run_after=2025-04-06 00:00:00+00:00
[2025-04-06T07:19:05.955+0000] {processor.py:208} INFO - Processing /home/airflow/.local/lib/python3.12/site-packages/airflow/example_dags/example_branch_operator.py took 0.117 seconds
[2025-04-06T07:19:36.227+0000] {processor.py:186} INFO - Started process (PID=672) to work on /home/airflow/.local/lib/python3.12/site-packages/airflow/example_dags/example_branch_operator.py
[2025-04-06T07:19:36.228+0000] {processor.py:914} INFO - Processing file /home/airflow/.local/lib/python3.12/site-packages/airflow/example_dags/example_branch_operator.py for tasks to queue
[2025-04-06T07:19:36.231+0000] {logging_mixin.py:190} INFO - [2025-04-06T07:19:36.230+0000] {dagbag.py:588} INFO - Filling up the DagBag from /home/airflow/.local/lib/python3.12/site-packages/airflow/example_dags/example_branch_operator.py
[2025-04-06T07:19:36.251+0000] {processor.py:925} INFO - DAG(s) 'example_branch_operator' retrieved from /home/airflow/.local/lib/python3.12/site-packages/airflow/example_dags/example_branch_operator.py
[2025-04-06T07:19:36.282+0000] {logging_mixin.py:190} INFO - [2025-04-06T07:19:36.282+0000] {dag.py:3239} INFO - Sync 1 DAGs
[2025-04-06T07:19:36.317+0000] {logging_mixin.py:190} INFO - [2025-04-06T07:19:36.316+0000] {dag.py:4180} INFO - Setting next_dagrun for example_branch_operator to 2025-04-05 00:00:00+00:00, run_after=2025-04-06 00:00:00+00:00
[2025-04-06T07:19:36.345+0000] {processor.py:208} INFO - Processing /home/airflow/.local/lib/python3.12/site-packages/airflow/example_dags/example_branch_operator.py took 0.124 seconds
[2025-04-06T07:20:06.848+0000] {processor.py:186} INFO - Started process (PID=735) to work on /home/airflow/.local/lib/python3.12/site-packages/airflow/example_dags/example_branch_operator.py
[2025-04-06T07:20:06.850+0000] {processor.py:914} INFO - Processing file /home/airflow/.local/lib/python3.12/site-packages/airflow/example_dags/example_branch_operator.py for tasks to queue
[2025-04-06T07:20:06.853+0000] {logging_mixin.py:190} INFO - [2025-04-06T07:20:06.852+0000] {dagbag.py:588} INFO - Filling up the DagBag from /home/airflow/.local/lib/python3.12/site-packages/airflow/example_dags/example_branch_operator.py
[2025-04-06T07:20:06.873+0000] {processor.py:925} INFO - DAG(s) 'example_branch_operator' retrieved from /home/airflow/.local/lib/python3.12/site-packages/airflow/example_dags/example_branch_operator.py
[2025-04-06T07:20:06.911+0000] {logging_mixin.py:190} INFO - [2025-04-06T07:20:06.910+0000] {dag.py:3239} INFO - Sync 1 DAGs
[2025-04-06T07:20:06.942+0000] {logging_mixin.py:190} INFO - [2025-04-06T07:20:06.942+0000] {dag.py:4180} INFO - Setting next_dagrun for example_branch_operator to 2025-04-05 00:00:00+00:00, run_after=2025-04-06 00:00:00+00:00
[2025-04-06T07:20:06.970+0000] {processor.py:208} INFO - Processing /home/airflow/.local/lib/python3.12/site-packages/airflow/example_dags/example_branch_operator.py took 0.129 seconds
[2025-04-06T07:20:37.499+0000] {processor.py:186} INFO - Started process (PID=797) to work on /home/airflow/.local/lib/python3.12/site-packages/airflow/example_dags/example_branch_operator.py
[2025-04-06T07:20:37.500+0000] {processor.py:914} INFO - Processing file /home/airflow/.local/lib/python3.12/site-packages/airflow/example_dags/example_branch_operator.py for tasks to queue
[2025-04-06T07:20:37.504+0000] {logging_mixin.py:190} INFO - [2025-04-06T07:20:37.503+0000] {dagbag.py:588} INFO - Filling up the DagBag from /home/airflow/.local/lib/python3.12/site-packages/airflow/example_dags/example_branch_operator.py
[2025-04-06T07:20:37.529+0000] {processor.py:925} INFO - DAG(s) 'example_branch_operator' retrieved from /home/airflow/.local/lib/python3.12/site-packages/airflow/example_dags/example_branch_operator.py
[2025-04-06T07:20:37.572+0000] {logging_mixin.py:190} INFO - [2025-04-06T07:20:37.572+0000] {dag.py:3239} INFO - Sync 1 DAGs
[2025-04-06T07:20:37.610+0000] {logging_mixin.py:190} INFO - [2025-04-06T07:20:37.610+0000] {dag.py:4180} INFO - Setting next_dagrun for example_branch_operator to 2025-04-05 00:00:00+00:00, run_after=2025-04-06 00:00:00+00:00
[2025-04-06T07:20:37.639+0000] {processor.py:208} INFO - Processing /home/airflow/.local/lib/python3.12/site-packages/airflow/example_dags/example_branch_operator.py took 0.149 seconds
[2025-04-06T07:21:08.128+0000] {processor.py:186} INFO - Started process (PID=860) to work on /home/airflow/.local/lib/python3.12/site-packages/airflow/example_dags/example_branch_operator.py
[2025-04-06T07:21:08.129+0000] {processor.py:914} INFO - Processing file /home/airflow/.local/lib/python3.12/site-packages/airflow/example_dags/example_branch_operator.py for tasks to queue
[2025-04-06T07:21:08.131+0000] {logging_mixin.py:190} INFO - [2025-04-06T07:21:08.131+0000] {dagbag.py:588} INFO - Filling up the DagBag from /home/airflow/.local/lib/python3.12/site-packages/airflow/example_dags/example_branch_operator.py
[2025-04-06T07:21:08.147+0000] {processor.py:925} INFO - DAG(s) 'example_branch_operator' retrieved from /home/airflow/.local/lib/python3.12/site-packages/airflow/example_dags/example_branch_operator.py
[2025-04-06T07:21:08.171+0000] {logging_mixin.py:190} INFO - [2025-04-06T07:21:08.171+0000] {dag.py:3239} INFO - Sync 1 DAGs
[2025-04-06T07:21:08.193+0000] {logging_mixin.py:190} INFO - [2025-04-06T07:21:08.192+0000] {dag.py:4180} INFO - Setting next_dagrun for example_branch_operator to 2025-04-05 00:00:00+00:00, run_after=2025-04-06 00:00:00+00:00
[2025-04-06T07:21:08.212+0000] {processor.py:208} INFO - Processing /home/airflow/.local/lib/python3.12/site-packages/airflow/example_dags/example_branch_operator.py took 0.089 seconds
[2025-04-06T07:21:38.321+0000] {processor.py:186} INFO - Started process (PID=923) to work on /home/airflow/.local/lib/python3.12/site-packages/airflow/example_dags/example_branch_operator.py
[2025-04-06T07:21:38.321+0000] {processor.py:914} INFO - Processing file /home/airflow/.local/lib/python3.12/site-packages/airflow/example_dags/example_branch_operator.py for tasks to queue
[2025-04-06T07:21:38.323+0000] {logging_mixin.py:190} INFO - [2025-04-06T07:21:38.323+0000] {dagbag.py:588} INFO - Filling up the DagBag from /home/airflow/.local/lib/python3.12/site-packages/airflow/example_dags/example_branch_operator.py
[2025-04-06T07:21:38.337+0000] {processor.py:925} INFO - DAG(s) 'example_branch_operator' retrieved from /home/airflow/.local/lib/python3.12/site-packages/airflow/example_dags/example_branch_operator.py
[2025-04-06T07:21:38.360+0000] {logging_mixin.py:190} INFO - [2025-04-06T07:21:38.360+0000] {dag.py:3239} INFO - Sync 1 DAGs
[2025-04-06T07:21:38.382+0000] {logging_mixin.py:190} INFO - [2025-04-06T07:21:38.382+0000] {dag.py:4180} INFO - Setting next_dagrun for example_branch_operator to 2025-04-05 00:00:00+00:00, run_after=2025-04-06 00:00:00+00:00
[2025-04-06T07:21:38.400+0000] {processor.py:208} INFO - Processing /home/airflow/.local/lib/python3.12/site-packages/airflow/example_dags/example_branch_operator.py took 0.084 seconds
[2025-04-06T07:22:09.460+0000] {processor.py:186} INFO - Started process (PID=986) to work on /home/airflow/.local/lib/python3.12/site-packages/airflow/example_dags/example_branch_operator.py
[2025-04-06T07:22:09.462+0000] {processor.py:914} INFO - Processing file /home/airflow/.local/lib/python3.12/site-packages/airflow/example_dags/example_branch_operator.py for tasks to queue
[2025-04-06T07:22:09.466+0000] {logging_mixin.py:190} INFO - [2025-04-06T07:22:09.466+0000] {dagbag.py:588} INFO - Filling up the DagBag from /home/airflow/.local/lib/python3.12/site-packages/airflow/example_dags/example_branch_operator.py
[2025-04-06T07:22:09.490+0000] {processor.py:925} INFO - DAG(s) 'example_branch_operator' retrieved from /home/airflow/.local/lib/python3.12/site-packages/airflow/example_dags/example_branch_operator.py
[2025-04-06T07:22:09.539+0000] {logging_mixin.py:190} INFO - [2025-04-06T07:22:09.538+0000] {dag.py:3239} INFO - Sync 1 DAGs
[2025-04-06T07:22:09.588+0000] {logging_mixin.py:190} INFO - [2025-04-06T07:22:09.587+0000] {dag.py:4180} INFO - Setting next_dagrun for example_branch_operator to 2025-04-05 00:00:00+00:00, run_after=2025-04-06 00:00:00+00:00
[2025-04-06T07:22:09.630+0000] {processor.py:208} INFO - Processing /home/airflow/.local/lib/python3.12/site-packages/airflow/example_dags/example_branch_operator.py took 0.176 seconds
[2025-04-06T07:22:40.247+0000] {processor.py:186} INFO - Started process (PID=1049) to work on /home/airflow/.local/lib/python3.12/site-packages/airflow/example_dags/example_branch_operator.py
[2025-04-06T07:22:40.248+0000] {processor.py:914} INFO - Processing file /home/airflow/.local/lib/python3.12/site-packages/airflow/example_dags/example_branch_operator.py for tasks to queue
[2025-04-06T07:22:40.252+0000] {logging_mixin.py:190} INFO - [2025-04-06T07:22:40.251+0000] {dagbag.py:588} INFO - Filling up the DagBag from /home/airflow/.local/lib/python3.12/site-packages/airflow/example_dags/example_branch_operator.py
[2025-04-06T07:22:40.269+0000] {processor.py:925} INFO - DAG(s) 'example_branch_operator' retrieved from /home/airflow/.local/lib/python3.12/site-packages/airflow/example_dags/example_branch_operator.py
[2025-04-06T07:22:40.295+0000] {logging_mixin.py:190} INFO - [2025-04-06T07:22:40.295+0000] {dag.py:3239} INFO - Sync 1 DAGs
[2025-04-06T07:22:40.318+0000] {logging_mixin.py:190} INFO - [2025-04-06T07:22:40.318+0000] {dag.py:4180} INFO - Setting next_dagrun for example_branch_operator to 2025-04-05 00:00:00+00:00, run_after=2025-04-06 00:00:00+00:00
[2025-04-06T07:22:40.339+0000] {processor.py:208} INFO - Processing /home/airflow/.local/lib/python3.12/site-packages/airflow/example_dags/example_branch_operator.py took 0.098 seconds
[2025-04-06T07:23:10.657+0000] {processor.py:186} INFO - Started process (PID=1112) to work on /home/airflow/.local/lib/python3.12/site-packages/airflow/example_dags/example_branch_operator.py
[2025-04-06T07:23:10.658+0000] {processor.py:914} INFO - Processing file /home/airflow/.local/lib/python3.12/site-packages/airflow/example_dags/example_branch_operator.py for tasks to queue
[2025-04-06T07:23:10.661+0000] {logging_mixin.py:190} INFO - [2025-04-06T07:23:10.660+0000] {dagbag.py:588} INFO - Filling up the DagBag from /home/airflow/.local/lib/python3.12/site-packages/airflow/example_dags/example_branch_operator.py
[2025-04-06T07:23:10.678+0000] {processor.py:925} INFO - DAG(s) 'example_branch_operator' retrieved from /home/airflow/.local/lib/python3.12/site-packages/airflow/example_dags/example_branch_operator.py
[2025-04-06T07:23:10.704+0000] {logging_mixin.py:190} INFO - [2025-04-06T07:23:10.704+0000] {dag.py:3239} INFO - Sync 1 DAGs
[2025-04-06T07:23:10.728+0000] {logging_mixin.py:190} INFO - [2025-04-06T07:23:10.727+0000] {dag.py:4180} INFO - Setting next_dagrun for example_branch_operator to 2025-04-05 00:00:00+00:00, run_after=2025-04-06 00:00:00+00:00
[2025-04-06T07:23:10.750+0000] {processor.py:208} INFO - Processing /home/airflow/.local/lib/python3.12/site-packages/airflow/example_dags/example_branch_operator.py took 0.099 seconds
[2025-04-06T07:23:41.763+0000] {processor.py:186} INFO - Started process (PID=1175) to work on /home/airflow/.local/lib/python3.12/site-packages/airflow/example_dags/example_branch_operator.py
[2025-04-06T07:23:41.764+0000] {processor.py:914} INFO - Processing file /home/airflow/.local/lib/python3.12/site-packages/airflow/example_dags/example_branch_operator.py for tasks to queue
[2025-04-06T07:23:41.766+0000] {logging_mixin.py:190} INFO - [2025-04-06T07:23:41.766+0000] {dagbag.py:588} INFO - Filling up the DagBag from /home/airflow/.local/lib/python3.12/site-packages/airflow/example_dags/example_branch_operator.py
[2025-04-06T07:23:41.785+0000] {processor.py:925} INFO - DAG(s) 'example_branch_operator' retrieved from /home/airflow/.local/lib/python3.12/site-packages/airflow/example_dags/example_branch_operator.py
[2025-04-06T07:23:41.816+0000] {logging_mixin.py:190} INFO - [2025-04-06T07:23:41.816+0000] {dag.py:3239} INFO - Sync 1 DAGs
[2025-04-06T07:23:41.841+0000] {logging_mixin.py:190} INFO - [2025-04-06T07:23:41.841+0000] {dag.py:4180} INFO - Setting next_dagrun for example_branch_operator to 2025-04-05 00:00:00+00:00, run_after=2025-04-06 00:00:00+00:00
[2025-04-06T07:23:41.860+0000] {processor.py:208} INFO - Processing /home/airflow/.local/lib/python3.12/site-packages/airflow/example_dags/example_branch_operator.py took 0.104 seconds
[2025-04-06T07:24:12.120+0000] {processor.py:186} INFO - Started process (PID=1238) to work on /home/airflow/.local/lib/python3.12/site-packages/airflow/example_dags/example_branch_operator.py
[2025-04-06T07:24:12.121+0000] {processor.py:914} INFO - Processing file /home/airflow/.local/lib/python3.12/site-packages/airflow/example_dags/example_branch_operator.py for tasks to queue
[2025-04-06T07:24:12.123+0000] {logging_mixin.py:190} INFO - [2025-04-06T07:24:12.122+0000] {dagbag.py:588} INFO - Filling up the DagBag from /home/airflow/.local/lib/python3.12/site-packages/airflow/example_dags/example_branch_operator.py
[2025-04-06T07:24:12.138+0000] {processor.py:925} INFO - DAG(s) 'example_branch_operator' retrieved from /home/airflow/.local/lib/python3.12/site-packages/airflow/example_dags/example_branch_operator.py
[2025-04-06T07:24:12.166+0000] {logging_mixin.py:190} INFO - [2025-04-06T07:24:12.166+0000] {dag.py:3239} INFO - Sync 1 DAGs
[2025-04-06T07:24:12.194+0000] {logging_mixin.py:190} INFO - [2025-04-06T07:24:12.194+0000] {dag.py:4180} INFO - Setting next_dagrun for example_branch_operator to 2025-04-05 00:00:00+00:00, run_after=2025-04-06 00:00:00+00:00
[2025-04-06T07:24:12.216+0000] {processor.py:208} INFO - Processing /home/airflow/.local/lib/python3.12/site-packages/airflow/example_dags/example_branch_operator.py took 0.102 seconds
[2025-04-06T07:24:42.370+0000] {processor.py:186} INFO - Started process (PID=1301) to work on /home/airflow/.local/lib/python3.12/site-packages/airflow/example_dags/example_branch_operator.py
[2025-04-06T07:24:42.371+0000] {processor.py:914} INFO - Processing file /home/airflow/.local/lib/python3.12/site-packages/airflow/example_dags/example_branch_operator.py for tasks to queue
[2025-04-06T07:24:42.378+0000] {logging_mixin.py:190} INFO - [2025-04-06T07:24:42.377+0000] {dagbag.py:588} INFO - Filling up the DagBag from /home/airflow/.local/lib/python3.12/site-packages/airflow/example_dags/example_branch_operator.py
[2025-04-06T07:24:42.404+0000] {processor.py:925} INFO - DAG(s) 'example_branch_operator' retrieved from /home/airflow/.local/lib/python3.12/site-packages/airflow/example_dags/example_branch_operator.py
[2025-04-06T07:24:42.431+0000] {logging_mixin.py:190} INFO - [2025-04-06T07:24:42.430+0000] {dag.py:3239} INFO - Sync 1 DAGs
[2025-04-06T07:24:42.452+0000] {logging_mixin.py:190} INFO - [2025-04-06T07:24:42.451+0000] {dag.py:4180} INFO - Setting next_dagrun for example_branch_operator to 2025-04-05 00:00:00+00:00, run_after=2025-04-06 00:00:00+00:00
[2025-04-06T07:24:42.470+0000] {processor.py:208} INFO - Processing /home/airflow/.local/lib/python3.12/site-packages/airflow/example_dags/example_branch_operator.py took 0.106 seconds
[2025-04-06T07:25:12.729+0000] {processor.py:186} INFO - Started process (PID=1365) to work on /home/airflow/.local/lib/python3.12/site-packages/airflow/example_dags/example_branch_operator.py
[2025-04-06T07:25:12.729+0000] {processor.py:914} INFO - Processing file /home/airflow/.local/lib/python3.12/site-packages/airflow/example_dags/example_branch_operator.py for tasks to queue
[2025-04-06T07:25:12.731+0000] {logging_mixin.py:190} INFO - [2025-04-06T07:25:12.731+0000] {dagbag.py:588} INFO - Filling up the DagBag from /home/airflow/.local/lib/python3.12/site-packages/airflow/example_dags/example_branch_operator.py
[2025-04-06T07:25:12.744+0000] {processor.py:925} INFO - DAG(s) 'example_branch_operator' retrieved from /home/airflow/.local/lib/python3.12/site-packages/airflow/example_dags/example_branch_operator.py
[2025-04-06T07:25:12.765+0000] {logging_mixin.py:190} INFO - [2025-04-06T07:25:12.765+0000] {dag.py:3239} INFO - Sync 1 DAGs
[2025-04-06T07:25:12.785+0000] {logging_mixin.py:190} INFO - [2025-04-06T07:25:12.785+0000] {dag.py:4180} INFO - Setting next_dagrun for example_branch_operator to 2025-04-05 00:00:00+00:00, run_after=2025-04-06 00:00:00+00:00
[2025-04-06T07:25:12.801+0000] {processor.py:208} INFO - Processing /home/airflow/.local/lib/python3.12/site-packages/airflow/example_dags/example_branch_operator.py took 0.077 seconds
[2025-04-06T07:25:43.220+0000] {processor.py:186} INFO - Started process (PID=1430) to work on /home/airflow/.local/lib/python3.12/site-packages/airflow/example_dags/example_branch_operator.py
[2025-04-06T07:25:43.221+0000] {processor.py:914} INFO - Processing file /home/airflow/.local/lib/python3.12/site-packages/airflow/example_dags/example_branch_operator.py for tasks to queue
[2025-04-06T07:25:43.223+0000] {logging_mixin.py:190} INFO - [2025-04-06T07:25:43.223+0000] {dagbag.py:588} INFO - Filling up the DagBag from /home/airflow/.local/lib/python3.12/site-packages/airflow/example_dags/example_branch_operator.py
[2025-04-06T07:25:43.237+0000] {processor.py:925} INFO - DAG(s) 'example_branch_operator' retrieved from /home/airflow/.local/lib/python3.12/site-packages/airflow/example_dags/example_branch_operator.py
[2025-04-06T07:25:43.258+0000] {logging_mixin.py:190} INFO - [2025-04-06T07:25:43.258+0000] {dag.py:3239} INFO - Sync 1 DAGs
[2025-04-06T07:25:43.278+0000] {logging_mixin.py:190} INFO - [2025-04-06T07:25:43.278+0000] {dag.py:4180} INFO - Setting next_dagrun for example_branch_operator to 2025-04-05 00:00:00+00:00, run_after=2025-04-06 00:00:00+00:00
[2025-04-06T07:25:43.294+0000] {processor.py:208} INFO - Processing /home/airflow/.local/lib/python3.12/site-packages/airflow/example_dags/example_branch_operator.py took 0.078 seconds
[2025-04-06T07:26:13.557+0000] {processor.py:186} INFO - Started process (PID=1494) to work on /home/airflow/.local/lib/python3.12/site-packages/airflow/example_dags/example_branch_operator.py
[2025-04-06T07:26:13.558+0000] {processor.py:914} INFO - Processing file /home/airflow/.local/lib/python3.12/site-packages/airflow/example_dags/example_branch_operator.py for tasks to queue
[2025-04-06T07:26:13.560+0000] {logging_mixin.py:190} INFO - [2025-04-06T07:26:13.559+0000] {dagbag.py:588} INFO - Filling up the DagBag from /home/airflow/.local/lib/python3.12/site-packages/airflow/example_dags/example_branch_operator.py
[2025-04-06T07:26:13.573+0000] {processor.py:925} INFO - DAG(s) 'example_branch_operator' retrieved from /home/airflow/.local/lib/python3.12/site-packages/airflow/example_dags/example_branch_operator.py
[2025-04-06T07:26:13.595+0000] {logging_mixin.py:190} INFO - [2025-04-06T07:26:13.595+0000] {dag.py:3239} INFO - Sync 1 DAGs
[2025-04-06T07:26:13.615+0000] {logging_mixin.py:190} INFO - [2025-04-06T07:26:13.615+0000] {dag.py:4180} INFO - Setting next_dagrun for example_branch_operator to 2025-04-05 00:00:00+00:00, run_after=2025-04-06 00:00:00+00:00
[2025-04-06T07:26:13.630+0000] {processor.py:208} INFO - Processing /home/airflow/.local/lib/python3.12/site-packages/airflow/example_dags/example_branch_operator.py took 0.078 seconds
[2025-04-06T07:26:44.002+0000] {processor.py:186} INFO - Started process (PID=1558) to work on /home/airflow/.local/lib/python3.12/site-packages/airflow/example_dags/example_branch_operator.py
[2025-04-06T07:26:44.003+0000] {processor.py:914} INFO - Processing file /home/airflow/.local/lib/python3.12/site-packages/airflow/example_dags/example_branch_operator.py for tasks to queue
[2025-04-06T07:26:44.005+0000] {logging_mixin.py:190} INFO - [2025-04-06T07:26:44.005+0000] {dagbag.py:588} INFO - Filling up the DagBag from /home/airflow/.local/lib/python3.12/site-packages/airflow/example_dags/example_branch_operator.py
[2025-04-06T07:26:44.018+0000] {processor.py:925} INFO - DAG(s) 'example_branch_operator' retrieved from /home/airflow/.local/lib/python3.12/site-packages/airflow/example_dags/example_branch_operator.py
[2025-04-06T07:26:44.039+0000] {logging_mixin.py:190} INFO - [2025-04-06T07:26:44.039+0000] {dag.py:3239} INFO - Sync 1 DAGs
[2025-04-06T07:26:44.057+0000] {logging_mixin.py:190} INFO - [2025-04-06T07:26:44.057+0000] {dag.py:4180} INFO - Setting next_dagrun for example_branch_operator to 2025-04-05 00:00:00+00:00, run_after=2025-04-06 00:00:00+00:00
[2025-04-06T07:26:44.073+0000] {processor.py:208} INFO - Processing /home/airflow/.local/lib/python3.12/site-packages/airflow/example_dags/example_branch_operator.py took 0.075 seconds
[2025-04-06T07:27:14.251+0000] {processor.py:186} INFO - Started process (PID=1625) to work on /home/airflow/.local/lib/python3.12/site-packages/airflow/example_dags/example_branch_operator.py
[2025-04-06T07:27:14.253+0000] {processor.py:914} INFO - Processing file /home/airflow/.local/lib/python3.12/site-packages/airflow/example_dags/example_branch_operator.py for tasks to queue
[2025-04-06T07:27:14.258+0000] {logging_mixin.py:190} INFO - [2025-04-06T07:27:14.257+0000] {dagbag.py:588} INFO - Filling up the DagBag from /home/airflow/.local/lib/python3.12/site-packages/airflow/example_dags/example_branch_operator.py
[2025-04-06T07:27:14.287+0000] {processor.py:925} INFO - DAG(s) 'example_branch_operator' retrieved from /home/airflow/.local/lib/python3.12/site-packages/airflow/example_dags/example_branch_operator.py
[2025-04-06T07:27:14.332+0000] {logging_mixin.py:190} INFO - [2025-04-06T07:27:14.332+0000] {dag.py:3239} INFO - Sync 1 DAGs
[2025-04-06T07:27:14.371+0000] {logging_mixin.py:190} INFO - [2025-04-06T07:27:14.371+0000] {dag.py:4180} INFO - Setting next_dagrun for example_branch_operator to 2025-04-05 00:00:00+00:00, run_after=2025-04-06 00:00:00+00:00
[2025-04-06T07:27:14.405+0000] {processor.py:208} INFO - Processing /home/airflow/.local/lib/python3.12/site-packages/airflow/example_dags/example_branch_operator.py took 0.163 seconds
[2025-04-06T07:27:45.150+0000] {processor.py:186} INFO - Started process (PID=1689) to work on /home/airflow/.local/lib/python3.12/site-packages/airflow/example_dags/example_branch_operator.py
[2025-04-06T07:27:45.151+0000] {processor.py:914} INFO - Processing file /home/airflow/.local/lib/python3.12/site-packages/airflow/example_dags/example_branch_operator.py for tasks to queue
[2025-04-06T07:27:45.154+0000] {logging_mixin.py:190} INFO - [2025-04-06T07:27:45.154+0000] {dagbag.py:588} INFO - Filling up the DagBag from /home/airflow/.local/lib/python3.12/site-packages/airflow/example_dags/example_branch_operator.py
[2025-04-06T07:27:45.172+0000] {processor.py:925} INFO - DAG(s) 'example_branch_operator' retrieved from /home/airflow/.local/lib/python3.12/site-packages/airflow/example_dags/example_branch_operator.py
[2025-04-06T07:27:45.198+0000] {logging_mixin.py:190} INFO - [2025-04-06T07:27:45.198+0000] {dag.py:3239} INFO - Sync 1 DAGs
[2025-04-06T07:27:45.223+0000] {logging_mixin.py:190} INFO - [2025-04-06T07:27:45.222+0000] {dag.py:4180} INFO - Setting next_dagrun for example_branch_operator to 2025-04-05 00:00:00+00:00, run_after=2025-04-06 00:00:00+00:00
[2025-04-06T07:27:45.245+0000] {processor.py:208} INFO - Processing /home/airflow/.local/lib/python3.12/site-packages/airflow/example_dags/example_branch_operator.py took 0.100 seconds
[2025-04-06T07:28:15.315+0000] {processor.py:186} INFO - Started process (PID=1753) to work on /home/airflow/.local/lib/python3.12/site-packages/airflow/example_dags/example_branch_operator.py
[2025-04-06T07:28:15.316+0000] {processor.py:914} INFO - Processing file /home/airflow/.local/lib/python3.12/site-packages/airflow/example_dags/example_branch_operator.py for tasks to queue
[2025-04-06T07:28:15.317+0000] {logging_mixin.py:190} INFO - [2025-04-06T07:28:15.317+0000] {dagbag.py:588} INFO - Filling up the DagBag from /home/airflow/.local/lib/python3.12/site-packages/airflow/example_dags/example_branch_operator.py
[2025-04-06T07:28:15.330+0000] {processor.py:925} INFO - DAG(s) 'example_branch_operator' retrieved from /home/airflow/.local/lib/python3.12/site-packages/airflow/example_dags/example_branch_operator.py
[2025-04-06T07:28:15.352+0000] {logging_mixin.py:190} INFO - [2025-04-06T07:28:15.352+0000] {dag.py:3239} INFO - Sync 1 DAGs
[2025-04-06T07:28:15.370+0000] {logging_mixin.py:190} INFO - [2025-04-06T07:28:15.370+0000] {dag.py:4180} INFO - Setting next_dagrun for example_branch_operator to 2025-04-05 00:00:00+00:00, run_after=2025-04-06 00:00:00+00:00
[2025-04-06T07:28:15.388+0000] {processor.py:208} INFO - Processing /home/airflow/.local/lib/python3.12/site-packages/airflow/example_dags/example_branch_operator.py took 0.078 seconds
[2025-04-06T07:28:45.622+0000] {processor.py:186} INFO - Started process (PID=1817) to work on /home/airflow/.local/lib/python3.12/site-packages/airflow/example_dags/example_branch_operator.py
[2025-04-06T07:28:45.623+0000] {processor.py:914} INFO - Processing file /home/airflow/.local/lib/python3.12/site-packages/airflow/example_dags/example_branch_operator.py for tasks to queue
[2025-04-06T07:28:45.625+0000] {logging_mixin.py:190} INFO - [2025-04-06T07:28:45.625+0000] {dagbag.py:588} INFO - Filling up the DagBag from /home/airflow/.local/lib/python3.12/site-packages/airflow/example_dags/example_branch_operator.py
[2025-04-06T07:28:45.640+0000] {processor.py:925} INFO - DAG(s) 'example_branch_operator' retrieved from /home/airflow/.local/lib/python3.12/site-packages/airflow/example_dags/example_branch_operator.py
[2025-04-06T07:28:45.662+0000] {logging_mixin.py:190} INFO - [2025-04-06T07:28:45.662+0000] {dag.py:3239} INFO - Sync 1 DAGs
[2025-04-06T07:28:45.683+0000] {logging_mixin.py:190} INFO - [2025-04-06T07:28:45.683+0000] {dag.py:4180} INFO - Setting next_dagrun for example_branch_operator to 2025-04-05 00:00:00+00:00, run_after=2025-04-06 00:00:00+00:00
[2025-04-06T07:28:45.703+0000] {processor.py:208} INFO - Processing /home/airflow/.local/lib/python3.12/site-packages/airflow/example_dags/example_branch_operator.py took 0.085 seconds
[2025-04-06T07:29:15.938+0000] {processor.py:186} INFO - Started process (PID=1881) to work on /home/airflow/.local/lib/python3.12/site-packages/airflow/example_dags/example_branch_operator.py
[2025-04-06T07:29:15.939+0000] {processor.py:914} INFO - Processing file /home/airflow/.local/lib/python3.12/site-packages/airflow/example_dags/example_branch_operator.py for tasks to queue
[2025-04-06T07:29:15.941+0000] {logging_mixin.py:190} INFO - [2025-04-06T07:29:15.941+0000] {dagbag.py:588} INFO - Filling up the DagBag from /home/airflow/.local/lib/python3.12/site-packages/airflow/example_dags/example_branch_operator.py
[2025-04-06T07:29:15.956+0000] {processor.py:925} INFO - DAG(s) 'example_branch_operator' retrieved from /home/airflow/.local/lib/python3.12/site-packages/airflow/example_dags/example_branch_operator.py
[2025-04-06T07:29:15.978+0000] {logging_mixin.py:190} INFO - [2025-04-06T07:29:15.978+0000] {dag.py:3239} INFO - Sync 1 DAGs
[2025-04-06T07:29:15.998+0000] {logging_mixin.py:190} INFO - [2025-04-06T07:29:15.998+0000] {dag.py:4180} INFO - Setting next_dagrun for example_branch_operator to 2025-04-05 00:00:00+00:00, run_after=2025-04-06 00:00:00+00:00
[2025-04-06T07:29:16.013+0000] {processor.py:208} INFO - Processing /home/airflow/.local/lib/python3.12/site-packages/airflow/example_dags/example_branch_operator.py took 0.080 seconds
[2025-04-06T07:29:46.166+0000] {processor.py:186} INFO - Started process (PID=1945) to work on /home/airflow/.local/lib/python3.12/site-packages/airflow/example_dags/example_branch_operator.py
[2025-04-06T07:29:46.167+0000] {processor.py:914} INFO - Processing file /home/airflow/.local/lib/python3.12/site-packages/airflow/example_dags/example_branch_operator.py for tasks to queue
[2025-04-06T07:29:46.168+0000] {logging_mixin.py:190} INFO - [2025-04-06T07:29:46.168+0000] {dagbag.py:588} INFO - Filling up the DagBag from /home/airflow/.local/lib/python3.12/site-packages/airflow/example_dags/example_branch_operator.py
[2025-04-06T07:29:46.182+0000] {processor.py:925} INFO - DAG(s) 'example_branch_operator' retrieved from /home/airflow/.local/lib/python3.12/site-packages/airflow/example_dags/example_branch_operator.py
[2025-04-06T07:29:46.205+0000] {logging_mixin.py:190} INFO - [2025-04-06T07:29:46.205+0000] {dag.py:3239} INFO - Sync 1 DAGs
[2025-04-06T07:29:46.224+0000] {logging_mixin.py:190} INFO - [2025-04-06T07:29:46.224+0000] {dag.py:4180} INFO - Setting next_dagrun for example_branch_operator to 2025-04-05 00:00:00+00:00, run_after=2025-04-06 00:00:00+00:00
[2025-04-06T07:29:46.239+0000] {processor.py:208} INFO - Processing /home/airflow/.local/lib/python3.12/site-packages/airflow/example_dags/example_branch_operator.py took 0.078 seconds
[2025-04-06T07:30:16.554+0000] {processor.py:186} INFO - Started process (PID=2009) to work on /home/airflow/.local/lib/python3.12/site-packages/airflow/example_dags/example_branch_operator.py
[2025-04-06T07:30:16.555+0000] {processor.py:914} INFO - Processing file /home/airflow/.local/lib/python3.12/site-packages/airflow/example_dags/example_branch_operator.py for tasks to queue
[2025-04-06T07:30:16.557+0000] {logging_mixin.py:190} INFO - [2025-04-06T07:30:16.556+0000] {dagbag.py:588} INFO - Filling up the DagBag from /home/airflow/.local/lib/python3.12/site-packages/airflow/example_dags/example_branch_operator.py
[2025-04-06T07:30:16.570+0000] {processor.py:925} INFO - DAG(s) 'example_branch_operator' retrieved from /home/airflow/.local/lib/python3.12/site-packages/airflow/example_dags/example_branch_operator.py
[2025-04-06T07:30:16.593+0000] {logging_mixin.py:190} INFO - [2025-04-06T07:30:16.593+0000] {dag.py:3239} INFO - Sync 1 DAGs
[2025-04-06T07:30:16.613+0000] {logging_mixin.py:190} INFO - [2025-04-06T07:30:16.612+0000] {dag.py:4180} INFO - Setting next_dagrun for example_branch_operator to 2025-04-05 00:00:00+00:00, run_after=2025-04-06 00:00:00+00:00
[2025-04-06T07:30:16.628+0000] {processor.py:208} INFO - Processing /home/airflow/.local/lib/python3.12/site-packages/airflow/example_dags/example_branch_operator.py took 0.079 seconds
