[2025-04-06T07:14:50.497+0000] {processor.py:186} INFO - Started process (PID=73) to work on /home/airflow/.local/lib/python3.12/site-packages/airflow/example_dags/example_bash_operator.py
[2025-04-06T07:14:50.499+0000] {processor.py:914} INFO - Processing file /home/airflow/.local/lib/python3.12/site-packages/airflow/example_dags/example_bash_operator.py for tasks to queue
[2025-04-06T07:14:50.503+0000] {logging_mixin.py:190} INFO - [2025-04-06T07:14:50.503+0000] {dagbag.py:588} INFO - Filling up the DagBag from /home/airflow/.local/lib/python3.12/site-packages/airflow/example_dags/example_bash_operator.py
[2025-04-06T07:14:50.545+0000] {processor.py:925} INFO - DAG(s) 'example_bash_operator' retrieved from /home/airflow/.local/lib/python3.12/site-packages/airflow/example_dags/example_bash_operator.py
[2025-04-06T07:14:50.868+0000] {logging_mixin.py:190} INFO - [2025-04-06T07:14:50.866+0000] {override.py:1912} INFO - Created Permission View: can edit on DAG:example_bash_operator
[2025-04-06T07:14:50.902+0000] {logging_mixin.py:190} INFO - [2025-04-06T07:14:50.902+0000] {override.py:1912} INFO - Created Permission View: can delete on DAG:example_bash_operator
[2025-04-06T07:14:50.935+0000] {logging_mixin.py:190} INFO - [2025-04-06T07:14:50.935+0000] {override.py:1912} INFO - Created Permission View: can read on DAG:example_bash_operator
[2025-04-06T07:14:50.957+0000] {logging_mixin.py:190} INFO - [2025-04-06T07:14:50.957+0000] {override.py:1912} INFO - Created Permission View: can delete on DAG Run:example_bash_operator
[2025-04-06T07:14:50.988+0000] {logging_mixin.py:190} INFO - [2025-04-06T07:14:50.987+0000] {override.py:1912} INFO - Created Permission View: can create on DAG Run:example_bash_operator
[2025-04-06T07:14:51.018+0000] {logging_mixin.py:190} INFO - [2025-04-06T07:14:51.018+0000] {override.py:1912} INFO - Created Permission View: can read on DAG Run:example_bash_operator
[2025-04-06T07:14:51.055+0000] {logging_mixin.py:190} INFO - [2025-04-06T07:14:51.054+0000] {override.py:1912} INFO - Created Permission View: menu access on DAG Run:example_bash_operator
[2025-04-06T07:14:51.057+0000] {logging_mixin.py:190} INFO - [2025-04-06T07:14:51.056+0000] {dag.py:3239} INFO - Sync 1 DAGs
[2025-04-06T07:14:51.085+0000] {logging_mixin.py:190} INFO - [2025-04-06T07:14:51.085+0000] {dag.py:3262} INFO - Creating ORM DAG for example_bash_operator
[2025-04-06T07:14:51.106+0000] {logging_mixin.py:190} INFO - [2025-04-06T07:14:51.104+0000] {dag.py:4180} INFO - Setting next_dagrun for example_bash_operator to 2025-04-05 00:00:00+00:00, run_after=2025-04-06 00:00:00+00:00
[2025-04-06T07:14:51.156+0000] {processor.py:208} INFO - Processing /home/airflow/.local/lib/python3.12/site-packages/airflow/example_dags/example_bash_operator.py took 0.669 seconds
[2025-04-06T07:15:21.835+0000] {processor.py:186} INFO - Started process (PID=135) to work on /home/airflow/.local/lib/python3.12/site-packages/airflow/example_dags/example_bash_operator.py
[2025-04-06T07:15:21.836+0000] {processor.py:914} INFO - Processing file /home/airflow/.local/lib/python3.12/site-packages/airflow/example_dags/example_bash_operator.py for tasks to queue
[2025-04-06T07:15:21.838+0000] {logging_mixin.py:190} INFO - [2025-04-06T07:15:21.837+0000] {dagbag.py:588} INFO - Filling up the DagBag from /home/airflow/.local/lib/python3.12/site-packages/airflow/example_dags/example_bash_operator.py
[2025-04-06T07:15:21.849+0000] {processor.py:925} INFO - DAG(s) 'example_bash_operator' retrieved from /home/airflow/.local/lib/python3.12/site-packages/airflow/example_dags/example_bash_operator.py
[2025-04-06T07:15:21.878+0000] {logging_mixin.py:190} INFO - [2025-04-06T07:15:21.878+0000] {dag.py:3239} INFO - Sync 1 DAGs
[2025-04-06T07:15:21.908+0000] {logging_mixin.py:190} INFO - [2025-04-06T07:15:21.908+0000] {dag.py:4180} INFO - Setting next_dagrun for example_bash_operator to 2025-04-05 00:00:00+00:00, run_after=2025-04-06 00:00:00+00:00
[2025-04-06T07:15:21.930+0000] {processor.py:208} INFO - Processing /home/airflow/.local/lib/python3.12/site-packages/airflow/example_dags/example_bash_operator.py took 0.101 seconds
[2025-04-06T07:15:52.236+0000] {processor.py:186} INFO - Started process (PID=198) to work on /home/airflow/.local/lib/python3.12/site-packages/airflow/example_dags/example_bash_operator.py
[2025-04-06T07:15:52.238+0000] {processor.py:914} INFO - Processing file /home/airflow/.local/lib/python3.12/site-packages/airflow/example_dags/example_bash_operator.py for tasks to queue
[2025-04-06T07:15:52.240+0000] {logging_mixin.py:190} INFO - [2025-04-06T07:15:52.240+0000] {dagbag.py:588} INFO - Filling up the DagBag from /home/airflow/.local/lib/python3.12/site-packages/airflow/example_dags/example_bash_operator.py
[2025-04-06T07:15:52.255+0000] {processor.py:925} INFO - DAG(s) 'example_bash_operator' retrieved from /home/airflow/.local/lib/python3.12/site-packages/airflow/example_dags/example_bash_operator.py
[2025-04-06T07:15:52.290+0000] {logging_mixin.py:190} INFO - [2025-04-06T07:15:52.289+0000] {dag.py:3239} INFO - Sync 1 DAGs
[2025-04-06T07:15:52.326+0000] {logging_mixin.py:190} INFO - [2025-04-06T07:15:52.326+0000] {dag.py:4180} INFO - Setting next_dagrun for example_bash_operator to 2025-04-05 00:00:00+00:00, run_after=2025-04-06 00:00:00+00:00
[2025-04-06T07:15:52.369+0000] {processor.py:208} INFO - Processing /home/airflow/.local/lib/python3.12/site-packages/airflow/example_dags/example_bash_operator.py took 0.140 seconds
[2025-04-06T07:16:22.896+0000] {processor.py:186} INFO - Started process (PID=261) to work on /home/airflow/.local/lib/python3.12/site-packages/airflow/example_dags/example_bash_operator.py
[2025-04-06T07:16:22.897+0000] {processor.py:914} INFO - Processing file /home/airflow/.local/lib/python3.12/site-packages/airflow/example_dags/example_bash_operator.py for tasks to queue
[2025-04-06T07:16:22.899+0000] {logging_mixin.py:190} INFO - [2025-04-06T07:16:22.899+0000] {dagbag.py:588} INFO - Filling up the DagBag from /home/airflow/.local/lib/python3.12/site-packages/airflow/example_dags/example_bash_operator.py
[2025-04-06T07:16:22.913+0000] {processor.py:925} INFO - DAG(s) 'example_bash_operator' retrieved from /home/airflow/.local/lib/python3.12/site-packages/airflow/example_dags/example_bash_operator.py
[2025-04-06T07:16:22.943+0000] {logging_mixin.py:190} INFO - [2025-04-06T07:16:22.942+0000] {dag.py:3239} INFO - Sync 1 DAGs
[2025-04-06T07:16:22.969+0000] {logging_mixin.py:190} INFO - [2025-04-06T07:16:22.968+0000] {dag.py:4180} INFO - Setting next_dagrun for example_bash_operator to 2025-04-05 00:00:00+00:00, run_after=2025-04-06 00:00:00+00:00
[2025-04-06T07:16:22.989+0000] {processor.py:208} INFO - Processing /home/airflow/.local/lib/python3.12/site-packages/airflow/example_dags/example_bash_operator.py took 0.100 seconds
[2025-04-06T07:16:53.795+0000] {processor.py:186} INFO - Started process (PID=324) to work on /home/airflow/.local/lib/python3.12/site-packages/airflow/example_dags/example_bash_operator.py
[2025-04-06T07:16:53.796+0000] {processor.py:914} INFO - Processing file /home/airflow/.local/lib/python3.12/site-packages/airflow/example_dags/example_bash_operator.py for tasks to queue
[2025-04-06T07:16:53.799+0000] {logging_mixin.py:190} INFO - [2025-04-06T07:16:53.798+0000] {dagbag.py:588} INFO - Filling up the DagBag from /home/airflow/.local/lib/python3.12/site-packages/airflow/example_dags/example_bash_operator.py
[2025-04-06T07:16:53.815+0000] {processor.py:925} INFO - DAG(s) 'example_bash_operator' retrieved from /home/airflow/.local/lib/python3.12/site-packages/airflow/example_dags/example_bash_operator.py
[2025-04-06T07:16:53.930+0000] {logging_mixin.py:190} INFO - [2025-04-06T07:16:53.929+0000] {dag.py:3239} INFO - Sync 1 DAGs
[2025-04-06T07:16:54.055+0000] {logging_mixin.py:190} INFO - [2025-04-06T07:16:54.055+0000] {dag.py:4180} INFO - Setting next_dagrun for example_bash_operator to 2025-04-05 00:00:00+00:00, run_after=2025-04-06 00:00:00+00:00
[2025-04-06T07:16:54.094+0000] {processor.py:208} INFO - Processing /home/airflow/.local/lib/python3.12/site-packages/airflow/example_dags/example_bash_operator.py took 0.313 seconds
[2025-04-06T07:17:24.649+0000] {processor.py:186} INFO - Started process (PID=387) to work on /home/airflow/.local/lib/python3.12/site-packages/airflow/example_dags/example_bash_operator.py
[2025-04-06T07:17:24.651+0000] {processor.py:914} INFO - Processing file /home/airflow/.local/lib/python3.12/site-packages/airflow/example_dags/example_bash_operator.py for tasks to queue
[2025-04-06T07:17:24.655+0000] {logging_mixin.py:190} INFO - [2025-04-06T07:17:24.654+0000] {dagbag.py:588} INFO - Filling up the DagBag from /home/airflow/.local/lib/python3.12/site-packages/airflow/example_dags/example_bash_operator.py
[2025-04-06T07:17:24.677+0000] {processor.py:925} INFO - DAG(s) 'example_bash_operator' retrieved from /home/airflow/.local/lib/python3.12/site-packages/airflow/example_dags/example_bash_operator.py
[2025-04-06T07:17:24.722+0000] {logging_mixin.py:190} INFO - [2025-04-06T07:17:24.721+0000] {dag.py:3239} INFO - Sync 1 DAGs
[2025-04-06T07:17:24.768+0000] {logging_mixin.py:190} INFO - [2025-04-06T07:17:24.767+0000] {dag.py:4180} INFO - Setting next_dagrun for example_bash_operator to 2025-04-05 00:00:00+00:00, run_after=2025-04-06 00:00:00+00:00
[2025-04-06T07:17:24.796+0000] {processor.py:208} INFO - Processing /home/airflow/.local/lib/python3.12/site-packages/airflow/example_dags/example_bash_operator.py took 0.154 seconds
[2025-04-06T07:17:55.186+0000] {processor.py:186} INFO - Started process (PID=450) to work on /home/airflow/.local/lib/python3.12/site-packages/airflow/example_dags/example_bash_operator.py
[2025-04-06T07:17:55.187+0000] {processor.py:914} INFO - Processing file /home/airflow/.local/lib/python3.12/site-packages/airflow/example_dags/example_bash_operator.py for tasks to queue
[2025-04-06T07:17:55.189+0000] {logging_mixin.py:190} INFO - [2025-04-06T07:17:55.189+0000] {dagbag.py:588} INFO - Filling up the DagBag from /home/airflow/.local/lib/python3.12/site-packages/airflow/example_dags/example_bash_operator.py
[2025-04-06T07:17:55.202+0000] {processor.py:925} INFO - DAG(s) 'example_bash_operator' retrieved from /home/airflow/.local/lib/python3.12/site-packages/airflow/example_dags/example_bash_operator.py
[2025-04-06T07:17:55.227+0000] {logging_mixin.py:190} INFO - [2025-04-06T07:17:55.227+0000] {dag.py:3239} INFO - Sync 1 DAGs
[2025-04-06T07:17:55.249+0000] {logging_mixin.py:190} INFO - [2025-04-06T07:17:55.249+0000] {dag.py:4180} INFO - Setting next_dagrun for example_bash_operator to 2025-04-05 00:00:00+00:00, run_after=2025-04-06 00:00:00+00:00
[2025-04-06T07:17:55.272+0000] {processor.py:208} INFO - Processing /home/airflow/.local/lib/python3.12/site-packages/airflow/example_dags/example_bash_operator.py took 0.091 seconds
[2025-04-06T07:18:25.554+0000] {processor.py:186} INFO - Started process (PID=513) to work on /home/airflow/.local/lib/python3.12/site-packages/airflow/example_dags/example_bash_operator.py
[2025-04-06T07:18:25.556+0000] {processor.py:914} INFO - Processing file /home/airflow/.local/lib/python3.12/site-packages/airflow/example_dags/example_bash_operator.py for tasks to queue
[2025-04-06T07:18:25.560+0000] {logging_mixin.py:190} INFO - [2025-04-06T07:18:25.560+0000] {dagbag.py:588} INFO - Filling up the DagBag from /home/airflow/.local/lib/python3.12/site-packages/airflow/example_dags/example_bash_operator.py
[2025-04-06T07:18:25.583+0000] {processor.py:925} INFO - DAG(s) 'example_bash_operator' retrieved from /home/airflow/.local/lib/python3.12/site-packages/airflow/example_dags/example_bash_operator.py
[2025-04-06T07:18:25.623+0000] {logging_mixin.py:190} INFO - [2025-04-06T07:18:25.622+0000] {dag.py:3239} INFO - Sync 1 DAGs
[2025-04-06T07:18:25.659+0000] {logging_mixin.py:190} INFO - [2025-04-06T07:18:25.659+0000] {dag.py:4180} INFO - Setting next_dagrun for example_bash_operator to 2025-04-05 00:00:00+00:00, run_after=2025-04-06 00:00:00+00:00
[2025-04-06T07:18:25.731+0000] {processor.py:208} INFO - Processing /home/airflow/.local/lib/python3.12/site-packages/airflow/example_dags/example_bash_operator.py took 0.186 seconds
[2025-04-06T07:18:55.885+0000] {processor.py:186} INFO - Started process (PID=577) to work on /home/airflow/.local/lib/python3.12/site-packages/airflow/example_dags/example_bash_operator.py
[2025-04-06T07:18:55.887+0000] {processor.py:914} INFO - Processing file /home/airflow/.local/lib/python3.12/site-packages/airflow/example_dags/example_bash_operator.py for tasks to queue
[2025-04-06T07:18:55.889+0000] {logging_mixin.py:190} INFO - [2025-04-06T07:18:55.889+0000] {dagbag.py:588} INFO - Filling up the DagBag from /home/airflow/.local/lib/python3.12/site-packages/airflow/example_dags/example_bash_operator.py
[2025-04-06T07:18:55.903+0000] {processor.py:925} INFO - DAG(s) 'example_bash_operator' retrieved from /home/airflow/.local/lib/python3.12/site-packages/airflow/example_dags/example_bash_operator.py
[2025-04-06T07:18:55.931+0000] {logging_mixin.py:190} INFO - [2025-04-06T07:18:55.930+0000] {dag.py:3239} INFO - Sync 1 DAGs
[2025-04-06T07:18:55.956+0000] {logging_mixin.py:190} INFO - [2025-04-06T07:18:55.955+0000] {dag.py:4180} INFO - Setting next_dagrun for example_bash_operator to 2025-04-05 00:00:00+00:00, run_after=2025-04-06 00:00:00+00:00
[2025-04-06T07:18:55.975+0000] {processor.py:208} INFO - Processing /home/airflow/.local/lib/python3.12/site-packages/airflow/example_dags/example_bash_operator.py took 0.097 seconds
[2025-04-06T07:19:26.589+0000] {processor.py:186} INFO - Started process (PID=639) to work on /home/airflow/.local/lib/python3.12/site-packages/airflow/example_dags/example_bash_operator.py
[2025-04-06T07:19:26.590+0000] {processor.py:914} INFO - Processing file /home/airflow/.local/lib/python3.12/site-packages/airflow/example_dags/example_bash_operator.py for tasks to queue
[2025-04-06T07:19:26.592+0000] {logging_mixin.py:190} INFO - [2025-04-06T07:19:26.592+0000] {dagbag.py:588} INFO - Filling up the DagBag from /home/airflow/.local/lib/python3.12/site-packages/airflow/example_dags/example_bash_operator.py
[2025-04-06T07:19:26.606+0000] {processor.py:925} INFO - DAG(s) 'example_bash_operator' retrieved from /home/airflow/.local/lib/python3.12/site-packages/airflow/example_dags/example_bash_operator.py
[2025-04-06T07:19:26.633+0000] {logging_mixin.py:190} INFO - [2025-04-06T07:19:26.633+0000] {dag.py:3239} INFO - Sync 1 DAGs
[2025-04-06T07:19:26.658+0000] {logging_mixin.py:190} INFO - [2025-04-06T07:19:26.658+0000] {dag.py:4180} INFO - Setting next_dagrun for example_bash_operator to 2025-04-05 00:00:00+00:00, run_after=2025-04-06 00:00:00+00:00
[2025-04-06T07:19:26.678+0000] {processor.py:208} INFO - Processing /home/airflow/.local/lib/python3.12/site-packages/airflow/example_dags/example_bash_operator.py took 0.095 seconds
[2025-04-06T07:19:56.823+0000] {processor.py:186} INFO - Started process (PID=702) to work on /home/airflow/.local/lib/python3.12/site-packages/airflow/example_dags/example_bash_operator.py
[2025-04-06T07:19:56.824+0000] {processor.py:914} INFO - Processing file /home/airflow/.local/lib/python3.12/site-packages/airflow/example_dags/example_bash_operator.py for tasks to queue
[2025-04-06T07:19:56.826+0000] {logging_mixin.py:190} INFO - [2025-04-06T07:19:56.826+0000] {dagbag.py:588} INFO - Filling up the DagBag from /home/airflow/.local/lib/python3.12/site-packages/airflow/example_dags/example_bash_operator.py
[2025-04-06T07:19:56.838+0000] {processor.py:925} INFO - DAG(s) 'example_bash_operator' retrieved from /home/airflow/.local/lib/python3.12/site-packages/airflow/example_dags/example_bash_operator.py
[2025-04-06T07:19:56.862+0000] {logging_mixin.py:190} INFO - [2025-04-06T07:19:56.862+0000] {dag.py:3239} INFO - Sync 1 DAGs
[2025-04-06T07:19:56.884+0000] {logging_mixin.py:190} INFO - [2025-04-06T07:19:56.884+0000] {dag.py:4180} INFO - Setting next_dagrun for example_bash_operator to 2025-04-05 00:00:00+00:00, run_after=2025-04-06 00:00:00+00:00
[2025-04-06T07:19:56.905+0000] {processor.py:208} INFO - Processing /home/airflow/.local/lib/python3.12/site-packages/airflow/example_dags/example_bash_operator.py took 0.087 seconds
[2025-04-06T07:20:27.875+0000] {processor.py:186} INFO - Started process (PID=765) to work on /home/airflow/.local/lib/python3.12/site-packages/airflow/example_dags/example_bash_operator.py
[2025-04-06T07:20:27.876+0000] {processor.py:914} INFO - Processing file /home/airflow/.local/lib/python3.12/site-packages/airflow/example_dags/example_bash_operator.py for tasks to queue
[2025-04-06T07:20:27.879+0000] {logging_mixin.py:190} INFO - [2025-04-06T07:20:27.878+0000] {dagbag.py:588} INFO - Filling up the DagBag from /home/airflow/.local/lib/python3.12/site-packages/airflow/example_dags/example_bash_operator.py
[2025-04-06T07:20:27.897+0000] {processor.py:925} INFO - DAG(s) 'example_bash_operator' retrieved from /home/airflow/.local/lib/python3.12/site-packages/airflow/example_dags/example_bash_operator.py
[2025-04-06T07:20:27.935+0000] {logging_mixin.py:190} INFO - [2025-04-06T07:20:27.935+0000] {dag.py:3239} INFO - Sync 1 DAGs
[2025-04-06T07:20:27.974+0000] {logging_mixin.py:190} INFO - [2025-04-06T07:20:27.973+0000] {dag.py:4180} INFO - Setting next_dagrun for example_bash_operator to 2025-04-05 00:00:00+00:00, run_after=2025-04-06 00:00:00+00:00
[2025-04-06T07:20:28.009+0000] {processor.py:208} INFO - Processing /home/airflow/.local/lib/python3.12/site-packages/airflow/example_dags/example_bash_operator.py took 0.143 seconds
[2025-04-06T07:20:58.965+0000] {processor.py:186} INFO - Started process (PID=828) to work on /home/airflow/.local/lib/python3.12/site-packages/airflow/example_dags/example_bash_operator.py
[2025-04-06T07:20:58.966+0000] {processor.py:914} INFO - Processing file /home/airflow/.local/lib/python3.12/site-packages/airflow/example_dags/example_bash_operator.py for tasks to queue
[2025-04-06T07:20:58.968+0000] {logging_mixin.py:190} INFO - [2025-04-06T07:20:58.967+0000] {dagbag.py:588} INFO - Filling up the DagBag from /home/airflow/.local/lib/python3.12/site-packages/airflow/example_dags/example_bash_operator.py
[2025-04-06T07:20:58.978+0000] {processor.py:925} INFO - DAG(s) 'example_bash_operator' retrieved from /home/airflow/.local/lib/python3.12/site-packages/airflow/example_dags/example_bash_operator.py
[2025-04-06T07:20:59.002+0000] {logging_mixin.py:190} INFO - [2025-04-06T07:20:59.002+0000] {dag.py:3239} INFO - Sync 1 DAGs
[2025-04-06T07:20:59.022+0000] {logging_mixin.py:190} INFO - [2025-04-06T07:20:59.022+0000] {dag.py:4180} INFO - Setting next_dagrun for example_bash_operator to 2025-04-05 00:00:00+00:00, run_after=2025-04-06 00:00:00+00:00
[2025-04-06T07:20:59.042+0000] {processor.py:208} INFO - Processing /home/airflow/.local/lib/python3.12/site-packages/airflow/example_dags/example_bash_operator.py took 0.084 seconds
[2025-04-06T07:21:29.086+0000] {processor.py:186} INFO - Started process (PID=891) to work on /home/airflow/.local/lib/python3.12/site-packages/airflow/example_dags/example_bash_operator.py
[2025-04-06T07:21:29.087+0000] {processor.py:914} INFO - Processing file /home/airflow/.local/lib/python3.12/site-packages/airflow/example_dags/example_bash_operator.py for tasks to queue
[2025-04-06T07:21:29.089+0000] {logging_mixin.py:190} INFO - [2025-04-06T07:21:29.089+0000] {dagbag.py:588} INFO - Filling up the DagBag from /home/airflow/.local/lib/python3.12/site-packages/airflow/example_dags/example_bash_operator.py
[2025-04-06T07:21:29.100+0000] {processor.py:925} INFO - DAG(s) 'example_bash_operator' retrieved from /home/airflow/.local/lib/python3.12/site-packages/airflow/example_dags/example_bash_operator.py
[2025-04-06T07:21:29.128+0000] {logging_mixin.py:190} INFO - [2025-04-06T07:21:29.127+0000] {dag.py:3239} INFO - Sync 1 DAGs
[2025-04-06T07:21:29.151+0000] {logging_mixin.py:190} INFO - [2025-04-06T07:21:29.151+0000] {dag.py:4180} INFO - Setting next_dagrun for example_bash_operator to 2025-04-05 00:00:00+00:00, run_after=2025-04-06 00:00:00+00:00
[2025-04-06T07:21:29.171+0000] {processor.py:208} INFO - Processing /home/airflow/.local/lib/python3.12/site-packages/airflow/example_dags/example_bash_operator.py took 0.089 seconds
[2025-04-06T07:21:59.776+0000] {processor.py:186} INFO - Started process (PID=954) to work on /home/airflow/.local/lib/python3.12/site-packages/airflow/example_dags/example_bash_operator.py
[2025-04-06T07:21:59.779+0000] {processor.py:914} INFO - Processing file /home/airflow/.local/lib/python3.12/site-packages/airflow/example_dags/example_bash_operator.py for tasks to queue
[2025-04-06T07:21:59.783+0000] {logging_mixin.py:190} INFO - [2025-04-06T07:21:59.782+0000] {dagbag.py:588} INFO - Filling up the DagBag from /home/airflow/.local/lib/python3.12/site-packages/airflow/example_dags/example_bash_operator.py
[2025-04-06T07:21:59.805+0000] {processor.py:925} INFO - DAG(s) 'example_bash_operator' retrieved from /home/airflow/.local/lib/python3.12/site-packages/airflow/example_dags/example_bash_operator.py
[2025-04-06T07:21:59.853+0000] {logging_mixin.py:190} INFO - [2025-04-06T07:21:59.853+0000] {dag.py:3239} INFO - Sync 1 DAGs
[2025-04-06T07:21:59.900+0000] {logging_mixin.py:190} INFO - [2025-04-06T07:21:59.899+0000] {dag.py:4180} INFO - Setting next_dagrun for example_bash_operator to 2025-04-05 00:00:00+00:00, run_after=2025-04-06 00:00:00+00:00
[2025-04-06T07:21:59.934+0000] {processor.py:208} INFO - Processing /home/airflow/.local/lib/python3.12/site-packages/airflow/example_dags/example_bash_operator.py took 0.165 seconds
[2025-04-06T07:22:30.107+0000] {processor.py:186} INFO - Started process (PID=1017) to work on /home/airflow/.local/lib/python3.12/site-packages/airflow/example_dags/example_bash_operator.py
[2025-04-06T07:22:30.108+0000] {processor.py:914} INFO - Processing file /home/airflow/.local/lib/python3.12/site-packages/airflow/example_dags/example_bash_operator.py for tasks to queue
[2025-04-06T07:22:30.110+0000] {logging_mixin.py:190} INFO - [2025-04-06T07:22:30.110+0000] {dagbag.py:588} INFO - Filling up the DagBag from /home/airflow/.local/lib/python3.12/site-packages/airflow/example_dags/example_bash_operator.py
[2025-04-06T07:22:30.121+0000] {processor.py:925} INFO - DAG(s) 'example_bash_operator' retrieved from /home/airflow/.local/lib/python3.12/site-packages/airflow/example_dags/example_bash_operator.py
[2025-04-06T07:22:30.148+0000] {logging_mixin.py:190} INFO - [2025-04-06T07:22:30.147+0000] {dag.py:3239} INFO - Sync 1 DAGs
[2025-04-06T07:22:30.172+0000] {logging_mixin.py:190} INFO - [2025-04-06T07:22:30.171+0000] {dag.py:4180} INFO - Setting next_dagrun for example_bash_operator to 2025-04-05 00:00:00+00:00, run_after=2025-04-06 00:00:00+00:00
[2025-04-06T07:22:30.193+0000] {processor.py:208} INFO - Processing /home/airflow/.local/lib/python3.12/site-packages/airflow/example_dags/example_bash_operator.py took 0.091 seconds
[2025-04-06T07:23:00.416+0000] {processor.py:186} INFO - Started process (PID=1080) to work on /home/airflow/.local/lib/python3.12/site-packages/airflow/example_dags/example_bash_operator.py
[2025-04-06T07:23:00.417+0000] {processor.py:914} INFO - Processing file /home/airflow/.local/lib/python3.12/site-packages/airflow/example_dags/example_bash_operator.py for tasks to queue
[2025-04-06T07:23:00.419+0000] {logging_mixin.py:190} INFO - [2025-04-06T07:23:00.418+0000] {dagbag.py:588} INFO - Filling up the DagBag from /home/airflow/.local/lib/python3.12/site-packages/airflow/example_dags/example_bash_operator.py
[2025-04-06T07:23:00.430+0000] {processor.py:925} INFO - DAG(s) 'example_bash_operator' retrieved from /home/airflow/.local/lib/python3.12/site-packages/airflow/example_dags/example_bash_operator.py
[2025-04-06T07:23:00.454+0000] {logging_mixin.py:190} INFO - [2025-04-06T07:23:00.454+0000] {dag.py:3239} INFO - Sync 1 DAGs
[2025-04-06T07:23:00.477+0000] {logging_mixin.py:190} INFO - [2025-04-06T07:23:00.477+0000] {dag.py:4180} INFO - Setting next_dagrun for example_bash_operator to 2025-04-05 00:00:00+00:00, run_after=2025-04-06 00:00:00+00:00
[2025-04-06T07:23:00.494+0000] {processor.py:208} INFO - Processing /home/airflow/.local/lib/python3.12/site-packages/airflow/example_dags/example_bash_operator.py took 0.083 seconds
[2025-04-06T07:23:31.218+0000] {processor.py:186} INFO - Started process (PID=1143) to work on /home/airflow/.local/lib/python3.12/site-packages/airflow/example_dags/example_bash_operator.py
[2025-04-06T07:23:31.219+0000] {processor.py:914} INFO - Processing file /home/airflow/.local/lib/python3.12/site-packages/airflow/example_dags/example_bash_operator.py for tasks to queue
[2025-04-06T07:23:31.221+0000] {logging_mixin.py:190} INFO - [2025-04-06T07:23:31.221+0000] {dagbag.py:588} INFO - Filling up the DagBag from /home/airflow/.local/lib/python3.12/site-packages/airflow/example_dags/example_bash_operator.py
[2025-04-06T07:23:31.230+0000] {processor.py:925} INFO - DAG(s) 'example_bash_operator' retrieved from /home/airflow/.local/lib/python3.12/site-packages/airflow/example_dags/example_bash_operator.py
[2025-04-06T07:23:31.250+0000] {logging_mixin.py:190} INFO - [2025-04-06T07:23:31.250+0000] {dag.py:3239} INFO - Sync 1 DAGs
[2025-04-06T07:23:31.269+0000] {logging_mixin.py:190} INFO - [2025-04-06T07:23:31.269+0000] {dag.py:4180} INFO - Setting next_dagrun for example_bash_operator to 2025-04-05 00:00:00+00:00, run_after=2025-04-06 00:00:00+00:00
[2025-04-06T07:23:31.290+0000] {processor.py:208} INFO - Processing /home/airflow/.local/lib/python3.12/site-packages/airflow/example_dags/example_bash_operator.py took 0.076 seconds
[2025-04-06T07:24:01.964+0000] {processor.py:186} INFO - Started process (PID=1206) to work on /home/airflow/.local/lib/python3.12/site-packages/airflow/example_dags/example_bash_operator.py
[2025-04-06T07:24:01.965+0000] {processor.py:914} INFO - Processing file /home/airflow/.local/lib/python3.12/site-packages/airflow/example_dags/example_bash_operator.py for tasks to queue
[2025-04-06T07:24:01.967+0000] {logging_mixin.py:190} INFO - [2025-04-06T07:24:01.967+0000] {dagbag.py:588} INFO - Filling up the DagBag from /home/airflow/.local/lib/python3.12/site-packages/airflow/example_dags/example_bash_operator.py
[2025-04-06T07:24:01.978+0000] {processor.py:925} INFO - DAG(s) 'example_bash_operator' retrieved from /home/airflow/.local/lib/python3.12/site-packages/airflow/example_dags/example_bash_operator.py
[2025-04-06T07:24:01.998+0000] {logging_mixin.py:190} INFO - [2025-04-06T07:24:01.998+0000] {dag.py:3239} INFO - Sync 1 DAGs
[2025-04-06T07:24:02.018+0000] {logging_mixin.py:190} INFO - [2025-04-06T07:24:02.018+0000] {dag.py:4180} INFO - Setting next_dagrun for example_bash_operator to 2025-04-05 00:00:00+00:00, run_after=2025-04-06 00:00:00+00:00
[2025-04-06T07:24:02.034+0000] {processor.py:208} INFO - Processing /home/airflow/.local/lib/python3.12/site-packages/airflow/example_dags/example_bash_operator.py took 0.074 seconds
[2025-04-06T07:24:32.271+0000] {processor.py:186} INFO - Started process (PID=1269) to work on /home/airflow/.local/lib/python3.12/site-packages/airflow/example_dags/example_bash_operator.py
[2025-04-06T07:24:32.273+0000] {processor.py:914} INFO - Processing file /home/airflow/.local/lib/python3.12/site-packages/airflow/example_dags/example_bash_operator.py for tasks to queue
[2025-04-06T07:24:32.275+0000] {logging_mixin.py:190} INFO - [2025-04-06T07:24:32.275+0000] {dagbag.py:588} INFO - Filling up the DagBag from /home/airflow/.local/lib/python3.12/site-packages/airflow/example_dags/example_bash_operator.py
[2025-04-06T07:24:32.284+0000] {processor.py:925} INFO - DAG(s) 'example_bash_operator' retrieved from /home/airflow/.local/lib/python3.12/site-packages/airflow/example_dags/example_bash_operator.py
[2025-04-06T07:24:32.305+0000] {logging_mixin.py:190} INFO - [2025-04-06T07:24:32.304+0000] {dag.py:3239} INFO - Sync 1 DAGs
[2025-04-06T07:24:32.331+0000] {logging_mixin.py:190} INFO - [2025-04-06T07:24:32.331+0000] {dag.py:4180} INFO - Setting next_dagrun for example_bash_operator to 2025-04-05 00:00:00+00:00, run_after=2025-04-06 00:00:00+00:00
[2025-04-06T07:24:32.356+0000] {processor.py:208} INFO - Processing /home/airflow/.local/lib/python3.12/site-packages/airflow/example_dags/example_bash_operator.py took 0.090 seconds
[2025-04-06T07:25:02.650+0000] {processor.py:186} INFO - Started process (PID=1339) to work on /home/airflow/.local/lib/python3.12/site-packages/airflow/example_dags/example_bash_operator.py
[2025-04-06T07:25:02.651+0000] {processor.py:914} INFO - Processing file /home/airflow/.local/lib/python3.12/site-packages/airflow/example_dags/example_bash_operator.py for tasks to queue
[2025-04-06T07:25:02.653+0000] {logging_mixin.py:190} INFO - [2025-04-06T07:25:02.653+0000] {dagbag.py:588} INFO - Filling up the DagBag from /home/airflow/.local/lib/python3.12/site-packages/airflow/example_dags/example_bash_operator.py
[2025-04-06T07:25:02.666+0000] {processor.py:925} INFO - DAG(s) 'example_bash_operator' retrieved from /home/airflow/.local/lib/python3.12/site-packages/airflow/example_dags/example_bash_operator.py
[2025-04-06T07:25:02.694+0000] {logging_mixin.py:190} INFO - [2025-04-06T07:25:02.694+0000] {dag.py:3239} INFO - Sync 1 DAGs
[2025-04-06T07:25:02.714+0000] {logging_mixin.py:190} INFO - [2025-04-06T07:25:02.713+0000] {dag.py:4180} INFO - Setting next_dagrun for example_bash_operator to 2025-04-05 00:00:00+00:00, run_after=2025-04-06 00:00:00+00:00
[2025-04-06T07:25:02.732+0000] {processor.py:208} INFO - Processing /home/airflow/.local/lib/python3.12/site-packages/airflow/example_dags/example_bash_operator.py took 0.089 seconds
[2025-04-06T07:25:33.179+0000] {processor.py:186} INFO - Started process (PID=1404) to work on /home/airflow/.local/lib/python3.12/site-packages/airflow/example_dags/example_bash_operator.py
[2025-04-06T07:25:33.180+0000] {processor.py:914} INFO - Processing file /home/airflow/.local/lib/python3.12/site-packages/airflow/example_dags/example_bash_operator.py for tasks to queue
[2025-04-06T07:25:33.182+0000] {logging_mixin.py:190} INFO - [2025-04-06T07:25:33.182+0000] {dagbag.py:588} INFO - Filling up the DagBag from /home/airflow/.local/lib/python3.12/site-packages/airflow/example_dags/example_bash_operator.py
[2025-04-06T07:25:33.203+0000] {processor.py:925} INFO - DAG(s) 'example_bash_operator' retrieved from /home/airflow/.local/lib/python3.12/site-packages/airflow/example_dags/example_bash_operator.py
[2025-04-06T07:25:33.234+0000] {logging_mixin.py:190} INFO - [2025-04-06T07:25:33.234+0000] {dag.py:3239} INFO - Sync 1 DAGs
[2025-04-06T07:25:33.254+0000] {logging_mixin.py:190} INFO - [2025-04-06T07:25:33.254+0000] {dag.py:4180} INFO - Setting next_dagrun for example_bash_operator to 2025-04-05 00:00:00+00:00, run_after=2025-04-06 00:00:00+00:00
[2025-04-06T07:25:33.270+0000] {processor.py:208} INFO - Processing /home/airflow/.local/lib/python3.12/site-packages/airflow/example_dags/example_bash_operator.py took 0.096 seconds
[2025-04-06T07:26:03.389+0000] {processor.py:186} INFO - Started process (PID=1468) to work on /home/airflow/.local/lib/python3.12/site-packages/airflow/example_dags/example_bash_operator.py
[2025-04-06T07:26:03.390+0000] {processor.py:914} INFO - Processing file /home/airflow/.local/lib/python3.12/site-packages/airflow/example_dags/example_bash_operator.py for tasks to queue
[2025-04-06T07:26:03.392+0000] {logging_mixin.py:190} INFO - [2025-04-06T07:26:03.391+0000] {dagbag.py:588} INFO - Filling up the DagBag from /home/airflow/.local/lib/python3.12/site-packages/airflow/example_dags/example_bash_operator.py
[2025-04-06T07:26:03.401+0000] {processor.py:925} INFO - DAG(s) 'example_bash_operator' retrieved from /home/airflow/.local/lib/python3.12/site-packages/airflow/example_dags/example_bash_operator.py
[2025-04-06T07:26:03.421+0000] {logging_mixin.py:190} INFO - [2025-04-06T07:26:03.420+0000] {dag.py:3239} INFO - Sync 1 DAGs
[2025-04-06T07:26:03.437+0000] {logging_mixin.py:190} INFO - [2025-04-06T07:26:03.437+0000] {dag.py:4180} INFO - Setting next_dagrun for example_bash_operator to 2025-04-05 00:00:00+00:00, run_after=2025-04-06 00:00:00+00:00
[2025-04-06T07:26:03.453+0000] {processor.py:208} INFO - Processing /home/airflow/.local/lib/python3.12/site-packages/airflow/example_dags/example_bash_operator.py took 0.069 seconds
[2025-04-06T07:26:33.802+0000] {processor.py:186} INFO - Started process (PID=1532) to work on /home/airflow/.local/lib/python3.12/site-packages/airflow/example_dags/example_bash_operator.py
[2025-04-06T07:26:33.803+0000] {processor.py:914} INFO - Processing file /home/airflow/.local/lib/python3.12/site-packages/airflow/example_dags/example_bash_operator.py for tasks to queue
[2025-04-06T07:26:33.805+0000] {logging_mixin.py:190} INFO - [2025-04-06T07:26:33.805+0000] {dagbag.py:588} INFO - Filling up the DagBag from /home/airflow/.local/lib/python3.12/site-packages/airflow/example_dags/example_bash_operator.py
[2025-04-06T07:26:33.815+0000] {processor.py:925} INFO - DAG(s) 'example_bash_operator' retrieved from /home/airflow/.local/lib/python3.12/site-packages/airflow/example_dags/example_bash_operator.py
[2025-04-06T07:26:33.837+0000] {logging_mixin.py:190} INFO - [2025-04-06T07:26:33.837+0000] {dag.py:3239} INFO - Sync 1 DAGs
[2025-04-06T07:26:33.858+0000] {logging_mixin.py:190} INFO - [2025-04-06T07:26:33.858+0000] {dag.py:4180} INFO - Setting next_dagrun for example_bash_operator to 2025-04-05 00:00:00+00:00, run_after=2025-04-06 00:00:00+00:00
[2025-04-06T07:26:33.875+0000] {processor.py:208} INFO - Processing /home/airflow/.local/lib/python3.12/site-packages/airflow/example_dags/example_bash_operator.py took 0.078 seconds
[2025-04-06T07:27:04.698+0000] {processor.py:186} INFO - Started process (PID=1599) to work on /home/airflow/.local/lib/python3.12/site-packages/airflow/example_dags/example_bash_operator.py
[2025-04-06T07:27:04.699+0000] {processor.py:914} INFO - Processing file /home/airflow/.local/lib/python3.12/site-packages/airflow/example_dags/example_bash_operator.py for tasks to queue
[2025-04-06T07:27:04.701+0000] {logging_mixin.py:190} INFO - [2025-04-06T07:27:04.701+0000] {dagbag.py:588} INFO - Filling up the DagBag from /home/airflow/.local/lib/python3.12/site-packages/airflow/example_dags/example_bash_operator.py
[2025-04-06T07:27:04.712+0000] {processor.py:925} INFO - DAG(s) 'example_bash_operator' retrieved from /home/airflow/.local/lib/python3.12/site-packages/airflow/example_dags/example_bash_operator.py
[2025-04-06T07:27:04.735+0000] {logging_mixin.py:190} INFO - [2025-04-06T07:27:04.735+0000] {dag.py:3239} INFO - Sync 1 DAGs
[2025-04-06T07:27:04.761+0000] {logging_mixin.py:190} INFO - [2025-04-06T07:27:04.761+0000] {dag.py:4180} INFO - Setting next_dagrun for example_bash_operator to 2025-04-05 00:00:00+00:00, run_after=2025-04-06 00:00:00+00:00
[2025-04-06T07:27:04.778+0000] {processor.py:208} INFO - Processing /home/airflow/.local/lib/python3.12/site-packages/airflow/example_dags/example_bash_operator.py took 0.086 seconds
[2025-04-06T07:27:34.838+0000] {processor.py:186} INFO - Started process (PID=1663) to work on /home/airflow/.local/lib/python3.12/site-packages/airflow/example_dags/example_bash_operator.py
[2025-04-06T07:27:34.839+0000] {processor.py:914} INFO - Processing file /home/airflow/.local/lib/python3.12/site-packages/airflow/example_dags/example_bash_operator.py for tasks to queue
[2025-04-06T07:27:34.841+0000] {logging_mixin.py:190} INFO - [2025-04-06T07:27:34.841+0000] {dagbag.py:588} INFO - Filling up the DagBag from /home/airflow/.local/lib/python3.12/site-packages/airflow/example_dags/example_bash_operator.py
[2025-04-06T07:27:34.850+0000] {processor.py:925} INFO - DAG(s) 'example_bash_operator' retrieved from /home/airflow/.local/lib/python3.12/site-packages/airflow/example_dags/example_bash_operator.py
[2025-04-06T07:27:34.870+0000] {logging_mixin.py:190} INFO - [2025-04-06T07:27:34.870+0000] {dag.py:3239} INFO - Sync 1 DAGs
[2025-04-06T07:27:34.889+0000] {logging_mixin.py:190} INFO - [2025-04-06T07:27:34.888+0000] {dag.py:4180} INFO - Setting next_dagrun for example_bash_operator to 2025-04-05 00:00:00+00:00, run_after=2025-04-06 00:00:00+00:00
[2025-04-06T07:27:34.905+0000] {processor.py:208} INFO - Processing /home/airflow/.local/lib/python3.12/site-packages/airflow/example_dags/example_bash_operator.py took 0.072 seconds
[2025-04-06T07:28:04.964+0000] {processor.py:186} INFO - Started process (PID=1727) to work on /home/airflow/.local/lib/python3.12/site-packages/airflow/example_dags/example_bash_operator.py
[2025-04-06T07:28:04.965+0000] {processor.py:914} INFO - Processing file /home/airflow/.local/lib/python3.12/site-packages/airflow/example_dags/example_bash_operator.py for tasks to queue
[2025-04-06T07:28:04.967+0000] {logging_mixin.py:190} INFO - [2025-04-06T07:28:04.966+0000] {dagbag.py:588} INFO - Filling up the DagBag from /home/airflow/.local/lib/python3.12/site-packages/airflow/example_dags/example_bash_operator.py
[2025-04-06T07:28:04.977+0000] {processor.py:925} INFO - DAG(s) 'example_bash_operator' retrieved from /home/airflow/.local/lib/python3.12/site-packages/airflow/example_dags/example_bash_operator.py
[2025-04-06T07:28:04.997+0000] {logging_mixin.py:190} INFO - [2025-04-06T07:28:04.997+0000] {dag.py:3239} INFO - Sync 1 DAGs
[2025-04-06T07:28:05.017+0000] {logging_mixin.py:190} INFO - [2025-04-06T07:28:05.017+0000] {dag.py:4180} INFO - Setting next_dagrun for example_bash_operator to 2025-04-05 00:00:00+00:00, run_after=2025-04-06 00:00:00+00:00
[2025-04-06T07:28:05.035+0000] {processor.py:208} INFO - Processing /home/airflow/.local/lib/python3.12/site-packages/airflow/example_dags/example_bash_operator.py took 0.076 seconds
[2025-04-06T07:28:35.563+0000] {processor.py:186} INFO - Started process (PID=1791) to work on /home/airflow/.local/lib/python3.12/site-packages/airflow/example_dags/example_bash_operator.py
[2025-04-06T07:28:35.564+0000] {processor.py:914} INFO - Processing file /home/airflow/.local/lib/python3.12/site-packages/airflow/example_dags/example_bash_operator.py for tasks to queue
[2025-04-06T07:28:35.565+0000] {logging_mixin.py:190} INFO - [2025-04-06T07:28:35.565+0000] {dagbag.py:588} INFO - Filling up the DagBag from /home/airflow/.local/lib/python3.12/site-packages/airflow/example_dags/example_bash_operator.py
[2025-04-06T07:28:35.574+0000] {processor.py:925} INFO - DAG(s) 'example_bash_operator' retrieved from /home/airflow/.local/lib/python3.12/site-packages/airflow/example_dags/example_bash_operator.py
[2025-04-06T07:28:35.594+0000] {logging_mixin.py:190} INFO - [2025-04-06T07:28:35.594+0000] {dag.py:3239} INFO - Sync 1 DAGs
[2025-04-06T07:28:35.613+0000] {logging_mixin.py:190} INFO - [2025-04-06T07:28:35.613+0000] {dag.py:4180} INFO - Setting next_dagrun for example_bash_operator to 2025-04-05 00:00:00+00:00, run_after=2025-04-06 00:00:00+00:00
[2025-04-06T07:28:35.628+0000] {processor.py:208} INFO - Processing /home/airflow/.local/lib/python3.12/site-packages/airflow/example_dags/example_bash_operator.py took 0.069 seconds
[2025-04-06T07:29:05.786+0000] {processor.py:186} INFO - Started process (PID=1855) to work on /home/airflow/.local/lib/python3.12/site-packages/airflow/example_dags/example_bash_operator.py
[2025-04-06T07:29:05.787+0000] {processor.py:914} INFO - Processing file /home/airflow/.local/lib/python3.12/site-packages/airflow/example_dags/example_bash_operator.py for tasks to queue
[2025-04-06T07:29:05.789+0000] {logging_mixin.py:190} INFO - [2025-04-06T07:29:05.788+0000] {dagbag.py:588} INFO - Filling up the DagBag from /home/airflow/.local/lib/python3.12/site-packages/airflow/example_dags/example_bash_operator.py
[2025-04-06T07:29:05.799+0000] {processor.py:925} INFO - DAG(s) 'example_bash_operator' retrieved from /home/airflow/.local/lib/python3.12/site-packages/airflow/example_dags/example_bash_operator.py
[2025-04-06T07:29:05.823+0000] {logging_mixin.py:190} INFO - [2025-04-06T07:29:05.823+0000] {dag.py:3239} INFO - Sync 1 DAGs
[2025-04-06T07:29:05.845+0000] {logging_mixin.py:190} INFO - [2025-04-06T07:29:05.844+0000] {dag.py:4180} INFO - Setting next_dagrun for example_bash_operator to 2025-04-05 00:00:00+00:00, run_after=2025-04-06 00:00:00+00:00
[2025-04-06T07:29:05.864+0000] {processor.py:208} INFO - Processing /home/airflow/.local/lib/python3.12/site-packages/airflow/example_dags/example_bash_operator.py took 0.083 seconds
[2025-04-06T07:29:36.076+0000] {processor.py:186} INFO - Started process (PID=1919) to work on /home/airflow/.local/lib/python3.12/site-packages/airflow/example_dags/example_bash_operator.py
[2025-04-06T07:29:36.077+0000] {processor.py:914} INFO - Processing file /home/airflow/.local/lib/python3.12/site-packages/airflow/example_dags/example_bash_operator.py for tasks to queue
[2025-04-06T07:29:36.078+0000] {logging_mixin.py:190} INFO - [2025-04-06T07:29:36.078+0000] {dagbag.py:588} INFO - Filling up the DagBag from /home/airflow/.local/lib/python3.12/site-packages/airflow/example_dags/example_bash_operator.py
[2025-04-06T07:29:36.088+0000] {processor.py:925} INFO - DAG(s) 'example_bash_operator' retrieved from /home/airflow/.local/lib/python3.12/site-packages/airflow/example_dags/example_bash_operator.py
[2025-04-06T07:29:36.108+0000] {logging_mixin.py:190} INFO - [2025-04-06T07:29:36.107+0000] {dag.py:3239} INFO - Sync 1 DAGs
[2025-04-06T07:29:36.125+0000] {logging_mixin.py:190} INFO - [2025-04-06T07:29:36.125+0000] {dag.py:4180} INFO - Setting next_dagrun for example_bash_operator to 2025-04-05 00:00:00+00:00, run_after=2025-04-06 00:00:00+00:00
[2025-04-06T07:29:36.142+0000] {processor.py:208} INFO - Processing /home/airflow/.local/lib/python3.12/site-packages/airflow/example_dags/example_bash_operator.py took 0.071 seconds
[2025-04-06T07:30:06.428+0000] {processor.py:186} INFO - Started process (PID=1983) to work on /home/airflow/.local/lib/python3.12/site-packages/airflow/example_dags/example_bash_operator.py
[2025-04-06T07:30:06.428+0000] {processor.py:914} INFO - Processing file /home/airflow/.local/lib/python3.12/site-packages/airflow/example_dags/example_bash_operator.py for tasks to queue
[2025-04-06T07:30:06.430+0000] {logging_mixin.py:190} INFO - [2025-04-06T07:30:06.430+0000] {dagbag.py:588} INFO - Filling up the DagBag from /home/airflow/.local/lib/python3.12/site-packages/airflow/example_dags/example_bash_operator.py
[2025-04-06T07:30:06.439+0000] {processor.py:925} INFO - DAG(s) 'example_bash_operator' retrieved from /home/airflow/.local/lib/python3.12/site-packages/airflow/example_dags/example_bash_operator.py
[2025-04-06T07:30:06.459+0000] {logging_mixin.py:190} INFO - [2025-04-06T07:30:06.459+0000] {dag.py:3239} INFO - Sync 1 DAGs
[2025-04-06T07:30:06.477+0000] {logging_mixin.py:190} INFO - [2025-04-06T07:30:06.476+0000] {dag.py:4180} INFO - Setting next_dagrun for example_bash_operator to 2025-04-05 00:00:00+00:00, run_after=2025-04-06 00:00:00+00:00
[2025-04-06T07:30:06.494+0000] {processor.py:208} INFO - Processing /home/airflow/.local/lib/python3.12/site-packages/airflow/example_dags/example_bash_operator.py took 0.070 seconds
[2025-04-06T07:30:36.798+0000] {processor.py:186} INFO - Started process (PID=2047) to work on /home/airflow/.local/lib/python3.12/site-packages/airflow/example_dags/example_bash_operator.py
[2025-04-06T07:30:36.799+0000] {processor.py:914} INFO - Processing file /home/airflow/.local/lib/python3.12/site-packages/airflow/example_dags/example_bash_operator.py for tasks to queue
[2025-04-06T07:30:36.800+0000] {logging_mixin.py:190} INFO - [2025-04-06T07:30:36.800+0000] {dagbag.py:588} INFO - Filling up the DagBag from /home/airflow/.local/lib/python3.12/site-packages/airflow/example_dags/example_bash_operator.py
[2025-04-06T07:30:36.810+0000] {processor.py:925} INFO - DAG(s) 'example_bash_operator' retrieved from /home/airflow/.local/lib/python3.12/site-packages/airflow/example_dags/example_bash_operator.py
[2025-04-06T07:30:36.830+0000] {logging_mixin.py:190} INFO - [2025-04-06T07:30:36.830+0000] {dag.py:3239} INFO - Sync 1 DAGs
[2025-04-06T07:30:36.848+0000] {logging_mixin.py:190} INFO - [2025-04-06T07:30:36.848+0000] {dag.py:4180} INFO - Setting next_dagrun for example_bash_operator to 2025-04-05 00:00:00+00:00, run_after=2025-04-06 00:00:00+00:00
[2025-04-06T07:30:36.865+0000] {processor.py:208} INFO - Processing /home/airflow/.local/lib/python3.12/site-packages/airflow/example_dags/example_bash_operator.py took 0.072 seconds
