[2025-04-06T07:14:53.543+0000] {processor.py:186} INFO - Started process (PID=79) to work on /home/airflow/.local/lib/python3.12/site-packages/airflow/example_dags/tutorial.py
[2025-04-06T07:14:53.544+0000] {processor.py:914} INFO - Processing file /home/airflow/.local/lib/python3.12/site-packages/airflow/example_dags/tutorial.py for tasks to queue
[2025-04-06T07:14:53.547+0000] {logging_mixin.py:190} INFO - [2025-04-06T07:14:53.547+0000] {dagbag.py:588} INFO - Filling up the DagBag from /home/airflow/.local/lib/python3.12/site-packages/airflow/example_dags/tutorial.py
[2025-04-06T07:14:53.560+0000] {processor.py:925} INFO - DAG(s) 'tutorial' retrieved from /home/airflow/.local/lib/python3.12/site-packages/airflow/example_dags/tutorial.py
[2025-04-06T07:14:53.721+0000] {logging_mixin.py:190} INFO - [2025-04-06T07:14:53.720+0000] {override.py:1912} INFO - Created Permission View: can edit on DAG:tutorial
[2025-04-06T07:14:53.738+0000] {logging_mixin.py:190} INFO - [2025-04-06T07:14:53.737+0000] {override.py:1912} INFO - Created Permission View: can delete on DAG:tutorial
[2025-04-06T07:14:53.748+0000] {logging_mixin.py:190} INFO - [2025-04-06T07:14:53.748+0000] {override.py:1912} INFO - Created Permission View: can read on DAG:tutorial
[2025-04-06T07:14:53.762+0000] {logging_mixin.py:190} INFO - [2025-04-06T07:14:53.761+0000] {override.py:1912} INFO - Created Permission View: can delete on DAG Run:tutorial
[2025-04-06T07:14:53.775+0000] {logging_mixin.py:190} INFO - [2025-04-06T07:14:53.775+0000] {override.py:1912} INFO - Created Permission View: can create on DAG Run:tutorial
[2025-04-06T07:14:53.787+0000] {logging_mixin.py:190} INFO - [2025-04-06T07:14:53.786+0000] {override.py:1912} INFO - Created Permission View: can read on DAG Run:tutorial
[2025-04-06T07:14:53.796+0000] {logging_mixin.py:190} INFO - [2025-04-06T07:14:53.796+0000] {override.py:1912} INFO - Created Permission View: menu access on DAG Run:tutorial
[2025-04-06T07:14:53.797+0000] {logging_mixin.py:190} INFO - [2025-04-06T07:14:53.797+0000] {dag.py:3239} INFO - Sync 1 DAGs
[2025-04-06T07:14:53.814+0000] {logging_mixin.py:190} INFO - [2025-04-06T07:14:53.814+0000] {dag.py:3262} INFO - Creating ORM DAG for tutorial
[2025-04-06T07:14:53.829+0000] {logging_mixin.py:190} INFO - [2025-04-06T07:14:53.829+0000] {dag.py:4180} INFO - Setting next_dagrun for tutorial to 2025-04-05 00:00:00+00:00, run_after=2025-04-06 00:00:00+00:00
[2025-04-06T07:14:53.850+0000] {processor.py:208} INFO - Processing /home/airflow/.local/lib/python3.12/site-packages/airflow/example_dags/tutorial.py took 0.315 seconds
[2025-04-06T07:15:24.093+0000] {processor.py:186} INFO - Started process (PID=141) to work on /home/airflow/.local/lib/python3.12/site-packages/airflow/example_dags/tutorial.py
[2025-04-06T07:15:24.094+0000] {processor.py:914} INFO - Processing file /home/airflow/.local/lib/python3.12/site-packages/airflow/example_dags/tutorial.py for tasks to queue
[2025-04-06T07:15:24.096+0000] {logging_mixin.py:190} INFO - [2025-04-06T07:15:24.096+0000] {dagbag.py:588} INFO - Filling up the DagBag from /home/airflow/.local/lib/python3.12/site-packages/airflow/example_dags/tutorial.py
[2025-04-06T07:15:24.102+0000] {processor.py:925} INFO - DAG(s) 'tutorial' retrieved from /home/airflow/.local/lib/python3.12/site-packages/airflow/example_dags/tutorial.py
[2025-04-06T07:15:24.119+0000] {logging_mixin.py:190} INFO - [2025-04-06T07:15:24.119+0000] {dag.py:3239} INFO - Sync 1 DAGs
[2025-04-06T07:15:24.139+0000] {logging_mixin.py:190} INFO - [2025-04-06T07:15:24.138+0000] {dag.py:4180} INFO - Setting next_dagrun for tutorial to 2025-04-05 00:00:00+00:00, run_after=2025-04-06 00:00:00+00:00
[2025-04-06T07:15:24.162+0000] {processor.py:208} INFO - Processing /home/airflow/.local/lib/python3.12/site-packages/airflow/example_dags/tutorial.py took 0.074 seconds
[2025-04-06T07:15:54.591+0000] {processor.py:186} INFO - Started process (PID=204) to work on /home/airflow/.local/lib/python3.12/site-packages/airflow/example_dags/tutorial.py
[2025-04-06T07:15:54.592+0000] {processor.py:914} INFO - Processing file /home/airflow/.local/lib/python3.12/site-packages/airflow/example_dags/tutorial.py for tasks to queue
[2025-04-06T07:15:54.594+0000] {logging_mixin.py:190} INFO - [2025-04-06T07:15:54.594+0000] {dagbag.py:588} INFO - Filling up the DagBag from /home/airflow/.local/lib/python3.12/site-packages/airflow/example_dags/tutorial.py
[2025-04-06T07:15:54.600+0000] {processor.py:925} INFO - DAG(s) 'tutorial' retrieved from /home/airflow/.local/lib/python3.12/site-packages/airflow/example_dags/tutorial.py
[2025-04-06T07:15:54.615+0000] {logging_mixin.py:190} INFO - [2025-04-06T07:15:54.615+0000] {dag.py:3239} INFO - Sync 1 DAGs
[2025-04-06T07:15:54.637+0000] {logging_mixin.py:190} INFO - [2025-04-06T07:15:54.637+0000] {dag.py:4180} INFO - Setting next_dagrun for tutorial to 2025-04-05 00:00:00+00:00, run_after=2025-04-06 00:00:00+00:00
[2025-04-06T07:15:54.656+0000] {processor.py:208} INFO - Processing /home/airflow/.local/lib/python3.12/site-packages/airflow/example_dags/tutorial.py took 0.070 seconds
[2025-04-06T07:16:25.151+0000] {processor.py:186} INFO - Started process (PID=267) to work on /home/airflow/.local/lib/python3.12/site-packages/airflow/example_dags/tutorial.py
[2025-04-06T07:16:25.152+0000] {processor.py:914} INFO - Processing file /home/airflow/.local/lib/python3.12/site-packages/airflow/example_dags/tutorial.py for tasks to queue
[2025-04-06T07:16:25.154+0000] {logging_mixin.py:190} INFO - [2025-04-06T07:16:25.154+0000] {dagbag.py:588} INFO - Filling up the DagBag from /home/airflow/.local/lib/python3.12/site-packages/airflow/example_dags/tutorial.py
[2025-04-06T07:16:25.161+0000] {processor.py:925} INFO - DAG(s) 'tutorial' retrieved from /home/airflow/.local/lib/python3.12/site-packages/airflow/example_dags/tutorial.py
[2025-04-06T07:16:25.180+0000] {logging_mixin.py:190} INFO - [2025-04-06T07:16:25.179+0000] {dag.py:3239} INFO - Sync 1 DAGs
[2025-04-06T07:16:25.211+0000] {logging_mixin.py:190} INFO - [2025-04-06T07:16:25.211+0000] {dag.py:4180} INFO - Setting next_dagrun for tutorial to 2025-04-05 00:00:00+00:00, run_after=2025-04-06 00:00:00+00:00
[2025-04-06T07:16:25.232+0000] {processor.py:208} INFO - Processing /home/airflow/.local/lib/python3.12/site-packages/airflow/example_dags/tutorial.py took 0.085 seconds
[2025-04-06T07:16:55.581+0000] {processor.py:186} INFO - Started process (PID=330) to work on /home/airflow/.local/lib/python3.12/site-packages/airflow/example_dags/tutorial.py
[2025-04-06T07:16:55.583+0000] {processor.py:914} INFO - Processing file /home/airflow/.local/lib/python3.12/site-packages/airflow/example_dags/tutorial.py for tasks to queue
[2025-04-06T07:16:55.587+0000] {logging_mixin.py:190} INFO - [2025-04-06T07:16:55.587+0000] {dagbag.py:588} INFO - Filling up the DagBag from /home/airflow/.local/lib/python3.12/site-packages/airflow/example_dags/tutorial.py
[2025-04-06T07:16:55.601+0000] {processor.py:925} INFO - DAG(s) 'tutorial' retrieved from /home/airflow/.local/lib/python3.12/site-packages/airflow/example_dags/tutorial.py
[2025-04-06T07:16:55.627+0000] {logging_mixin.py:190} INFO - [2025-04-06T07:16:55.626+0000] {dag.py:3239} INFO - Sync 1 DAGs
[2025-04-06T07:16:55.658+0000] {logging_mixin.py:190} INFO - [2025-04-06T07:16:55.658+0000] {dag.py:4180} INFO - Setting next_dagrun for tutorial to 2025-04-05 00:00:00+00:00, run_after=2025-04-06 00:00:00+00:00
[2025-04-06T07:16:55.688+0000] {processor.py:208} INFO - Processing /home/airflow/.local/lib/python3.12/site-packages/airflow/example_dags/tutorial.py took 0.114 seconds
[2025-04-06T07:17:26.041+0000] {processor.py:186} INFO - Started process (PID=393) to work on /home/airflow/.local/lib/python3.12/site-packages/airflow/example_dags/tutorial.py
[2025-04-06T07:17:26.042+0000] {processor.py:914} INFO - Processing file /home/airflow/.local/lib/python3.12/site-packages/airflow/example_dags/tutorial.py for tasks to queue
[2025-04-06T07:17:26.045+0000] {logging_mixin.py:190} INFO - [2025-04-06T07:17:26.045+0000] {dagbag.py:588} INFO - Filling up the DagBag from /home/airflow/.local/lib/python3.12/site-packages/airflow/example_dags/tutorial.py
[2025-04-06T07:17:26.057+0000] {processor.py:925} INFO - DAG(s) 'tutorial' retrieved from /home/airflow/.local/lib/python3.12/site-packages/airflow/example_dags/tutorial.py
[2025-04-06T07:17:26.085+0000] {logging_mixin.py:190} INFO - [2025-04-06T07:17:26.085+0000] {dag.py:3239} INFO - Sync 1 DAGs
[2025-04-06T07:17:26.117+0000] {logging_mixin.py:190} INFO - [2025-04-06T07:17:26.116+0000] {dag.py:4180} INFO - Setting next_dagrun for tutorial to 2025-04-05 00:00:00+00:00, run_after=2025-04-06 00:00:00+00:00
[2025-04-06T07:17:26.145+0000] {processor.py:208} INFO - Processing /home/airflow/.local/lib/python3.12/site-packages/airflow/example_dags/tutorial.py took 0.111 seconds
[2025-04-06T07:17:56.439+0000] {processor.py:186} INFO - Started process (PID=456) to work on /home/airflow/.local/lib/python3.12/site-packages/airflow/example_dags/tutorial.py
[2025-04-06T07:17:56.440+0000] {processor.py:914} INFO - Processing file /home/airflow/.local/lib/python3.12/site-packages/airflow/example_dags/tutorial.py for tasks to queue
[2025-04-06T07:17:56.442+0000] {logging_mixin.py:190} INFO - [2025-04-06T07:17:56.442+0000] {dagbag.py:588} INFO - Filling up the DagBag from /home/airflow/.local/lib/python3.12/site-packages/airflow/example_dags/tutorial.py
[2025-04-06T07:17:56.450+0000] {processor.py:925} INFO - DAG(s) 'tutorial' retrieved from /home/airflow/.local/lib/python3.12/site-packages/airflow/example_dags/tutorial.py
[2025-04-06T07:17:56.469+0000] {logging_mixin.py:190} INFO - [2025-04-06T07:17:56.469+0000] {dag.py:3239} INFO - Sync 1 DAGs
[2025-04-06T07:17:56.492+0000] {logging_mixin.py:190} INFO - [2025-04-06T07:17:56.491+0000] {dag.py:4180} INFO - Setting next_dagrun for tutorial to 2025-04-05 00:00:00+00:00, run_after=2025-04-06 00:00:00+00:00
[2025-04-06T07:17:56.512+0000] {processor.py:208} INFO - Processing /home/airflow/.local/lib/python3.12/site-packages/airflow/example_dags/tutorial.py took 0.078 seconds
[2025-04-06T07:18:26.994+0000] {processor.py:186} INFO - Started process (PID=519) to work on /home/airflow/.local/lib/python3.12/site-packages/airflow/example_dags/tutorial.py
[2025-04-06T07:18:26.995+0000] {processor.py:914} INFO - Processing file /home/airflow/.local/lib/python3.12/site-packages/airflow/example_dags/tutorial.py for tasks to queue
[2025-04-06T07:18:26.998+0000] {logging_mixin.py:190} INFO - [2025-04-06T07:18:26.998+0000] {dagbag.py:588} INFO - Filling up the DagBag from /home/airflow/.local/lib/python3.12/site-packages/airflow/example_dags/tutorial.py
[2025-04-06T07:18:27.010+0000] {processor.py:925} INFO - DAG(s) 'tutorial' retrieved from /home/airflow/.local/lib/python3.12/site-packages/airflow/example_dags/tutorial.py
[2025-04-06T07:18:27.036+0000] {logging_mixin.py:190} INFO - [2025-04-06T07:18:27.035+0000] {dag.py:3239} INFO - Sync 1 DAGs
[2025-04-06T07:18:27.062+0000] {logging_mixin.py:190} INFO - [2025-04-06T07:18:27.062+0000] {dag.py:4180} INFO - Setting next_dagrun for tutorial to 2025-04-05 00:00:00+00:00, run_after=2025-04-06 00:00:00+00:00
[2025-04-06T07:18:27.088+0000] {processor.py:208} INFO - Processing /home/airflow/.local/lib/python3.12/site-packages/airflow/example_dags/tutorial.py took 0.101 seconds
[2025-04-06T07:18:57.166+0000] {processor.py:186} INFO - Started process (PID=582) to work on /home/airflow/.local/lib/python3.12/site-packages/airflow/example_dags/tutorial.py
[2025-04-06T07:18:57.167+0000] {processor.py:914} INFO - Processing file /home/airflow/.local/lib/python3.12/site-packages/airflow/example_dags/tutorial.py for tasks to queue
[2025-04-06T07:18:57.170+0000] {logging_mixin.py:190} INFO - [2025-04-06T07:18:57.170+0000] {dagbag.py:588} INFO - Filling up the DagBag from /home/airflow/.local/lib/python3.12/site-packages/airflow/example_dags/tutorial.py
[2025-04-06T07:18:57.179+0000] {processor.py:925} INFO - DAG(s) 'tutorial' retrieved from /home/airflow/.local/lib/python3.12/site-packages/airflow/example_dags/tutorial.py
[2025-04-06T07:18:57.217+0000] {logging_mixin.py:190} INFO - [2025-04-06T07:18:57.217+0000] {dag.py:3239} INFO - Sync 1 DAGs
[2025-04-06T07:18:57.250+0000] {logging_mixin.py:190} INFO - [2025-04-06T07:18:57.249+0000] {dag.py:4180} INFO - Setting next_dagrun for tutorial to 2025-04-05 00:00:00+00:00, run_after=2025-04-06 00:00:00+00:00
[2025-04-06T07:18:57.275+0000] {processor.py:208} INFO - Processing /home/airflow/.local/lib/python3.12/site-packages/airflow/example_dags/tutorial.py took 0.115 seconds
[2025-04-06T07:19:27.854+0000] {processor.py:186} INFO - Started process (PID=645) to work on /home/airflow/.local/lib/python3.12/site-packages/airflow/example_dags/tutorial.py
[2025-04-06T07:19:27.855+0000] {processor.py:914} INFO - Processing file /home/airflow/.local/lib/python3.12/site-packages/airflow/example_dags/tutorial.py for tasks to queue
[2025-04-06T07:19:27.857+0000] {logging_mixin.py:190} INFO - [2025-04-06T07:19:27.856+0000] {dagbag.py:588} INFO - Filling up the DagBag from /home/airflow/.local/lib/python3.12/site-packages/airflow/example_dags/tutorial.py
[2025-04-06T07:19:27.863+0000] {processor.py:925} INFO - DAG(s) 'tutorial' retrieved from /home/airflow/.local/lib/python3.12/site-packages/airflow/example_dags/tutorial.py
[2025-04-06T07:19:27.879+0000] {logging_mixin.py:190} INFO - [2025-04-06T07:19:27.878+0000] {dag.py:3239} INFO - Sync 1 DAGs
[2025-04-06T07:19:27.899+0000] {logging_mixin.py:190} INFO - [2025-04-06T07:19:27.898+0000] {dag.py:4180} INFO - Setting next_dagrun for tutorial to 2025-04-05 00:00:00+00:00, run_after=2025-04-06 00:00:00+00:00
[2025-04-06T07:19:27.917+0000] {processor.py:208} INFO - Processing /home/airflow/.local/lib/python3.12/site-packages/airflow/example_dags/tutorial.py took 0.068 seconds
[2025-04-06T07:19:58.152+0000] {processor.py:186} INFO - Started process (PID=708) to work on /home/airflow/.local/lib/python3.12/site-packages/airflow/example_dags/tutorial.py
[2025-04-06T07:19:58.153+0000] {processor.py:914} INFO - Processing file /home/airflow/.local/lib/python3.12/site-packages/airflow/example_dags/tutorial.py for tasks to queue
[2025-04-06T07:19:58.158+0000] {logging_mixin.py:190} INFO - [2025-04-06T07:19:58.157+0000] {dagbag.py:588} INFO - Filling up the DagBag from /home/airflow/.local/lib/python3.12/site-packages/airflow/example_dags/tutorial.py
[2025-04-06T07:19:58.173+0000] {processor.py:925} INFO - DAG(s) 'tutorial' retrieved from /home/airflow/.local/lib/python3.12/site-packages/airflow/example_dags/tutorial.py
[2025-04-06T07:19:58.213+0000] {logging_mixin.py:190} INFO - [2025-04-06T07:19:58.213+0000] {dag.py:3239} INFO - Sync 1 DAGs
[2025-04-06T07:19:58.249+0000] {logging_mixin.py:190} INFO - [2025-04-06T07:19:58.249+0000] {dag.py:4180} INFO - Setting next_dagrun for tutorial to 2025-04-05 00:00:00+00:00, run_after=2025-04-06 00:00:00+00:00
[2025-04-06T07:19:58.277+0000] {processor.py:208} INFO - Processing /home/airflow/.local/lib/python3.12/site-packages/airflow/example_dags/tutorial.py took 0.137 seconds
[2025-04-06T07:20:28.337+0000] {processor.py:186} INFO - Started process (PID=771) to work on /home/airflow/.local/lib/python3.12/site-packages/airflow/example_dags/tutorial.py
[2025-04-06T07:20:28.339+0000] {processor.py:914} INFO - Processing file /home/airflow/.local/lib/python3.12/site-packages/airflow/example_dags/tutorial.py for tasks to queue
[2025-04-06T07:20:28.342+0000] {logging_mixin.py:190} INFO - [2025-04-06T07:20:28.341+0000] {dagbag.py:588} INFO - Filling up the DagBag from /home/airflow/.local/lib/python3.12/site-packages/airflow/example_dags/tutorial.py
[2025-04-06T07:20:28.352+0000] {processor.py:925} INFO - DAG(s) 'tutorial' retrieved from /home/airflow/.local/lib/python3.12/site-packages/airflow/example_dags/tutorial.py
[2025-04-06T07:20:28.381+0000] {logging_mixin.py:190} INFO - [2025-04-06T07:20:28.380+0000] {dag.py:3239} INFO - Sync 1 DAGs
[2025-04-06T07:20:28.425+0000] {logging_mixin.py:190} INFO - [2025-04-06T07:20:28.424+0000] {dag.py:4180} INFO - Setting next_dagrun for tutorial to 2025-04-05 00:00:00+00:00, run_after=2025-04-06 00:00:00+00:00
[2025-04-06T07:20:28.455+0000] {processor.py:208} INFO - Processing /home/airflow/.local/lib/python3.12/site-packages/airflow/example_dags/tutorial.py took 0.125 seconds
[2025-04-06T07:20:59.238+0000] {processor.py:186} INFO - Started process (PID=834) to work on /home/airflow/.local/lib/python3.12/site-packages/airflow/example_dags/tutorial.py
[2025-04-06T07:20:59.239+0000] {processor.py:914} INFO - Processing file /home/airflow/.local/lib/python3.12/site-packages/airflow/example_dags/tutorial.py for tasks to queue
[2025-04-06T07:20:59.241+0000] {logging_mixin.py:190} INFO - [2025-04-06T07:20:59.241+0000] {dagbag.py:588} INFO - Filling up the DagBag from /home/airflow/.local/lib/python3.12/site-packages/airflow/example_dags/tutorial.py
[2025-04-06T07:20:59.248+0000] {processor.py:925} INFO - DAG(s) 'tutorial' retrieved from /home/airflow/.local/lib/python3.12/site-packages/airflow/example_dags/tutorial.py
[2025-04-06T07:20:59.265+0000] {logging_mixin.py:190} INFO - [2025-04-06T07:20:59.265+0000] {dag.py:3239} INFO - Sync 1 DAGs
[2025-04-06T07:20:59.288+0000] {logging_mixin.py:190} INFO - [2025-04-06T07:20:59.288+0000] {dag.py:4180} INFO - Setting next_dagrun for tutorial to 2025-04-05 00:00:00+00:00, run_after=2025-04-06 00:00:00+00:00
[2025-04-06T07:20:59.308+0000] {processor.py:208} INFO - Processing /home/airflow/.local/lib/python3.12/site-packages/airflow/example_dags/tutorial.py took 0.075 seconds
[2025-04-06T07:21:29.512+0000] {processor.py:186} INFO - Started process (PID=897) to work on /home/airflow/.local/lib/python3.12/site-packages/airflow/example_dags/tutorial.py
[2025-04-06T07:21:29.513+0000] {processor.py:914} INFO - Processing file /home/airflow/.local/lib/python3.12/site-packages/airflow/example_dags/tutorial.py for tasks to queue
[2025-04-06T07:21:29.516+0000] {logging_mixin.py:190} INFO - [2025-04-06T07:21:29.515+0000] {dagbag.py:588} INFO - Filling up the DagBag from /home/airflow/.local/lib/python3.12/site-packages/airflow/example_dags/tutorial.py
[2025-04-06T07:21:29.524+0000] {processor.py:925} INFO - DAG(s) 'tutorial' retrieved from /home/airflow/.local/lib/python3.12/site-packages/airflow/example_dags/tutorial.py
[2025-04-06T07:21:29.549+0000] {logging_mixin.py:190} INFO - [2025-04-06T07:21:29.549+0000] {dag.py:3239} INFO - Sync 1 DAGs
[2025-04-06T07:21:29.579+0000] {logging_mixin.py:190} INFO - [2025-04-06T07:21:29.578+0000] {dag.py:4180} INFO - Setting next_dagrun for tutorial to 2025-04-05 00:00:00+00:00, run_after=2025-04-06 00:00:00+00:00
[2025-04-06T07:21:29.601+0000] {processor.py:208} INFO - Processing /home/airflow/.local/lib/python3.12/site-packages/airflow/example_dags/tutorial.py took 0.095 seconds
[2025-04-06T07:22:00.349+0000] {processor.py:186} INFO - Started process (PID=960) to work on /home/airflow/.local/lib/python3.12/site-packages/airflow/example_dags/tutorial.py
[2025-04-06T07:22:00.351+0000] {processor.py:914} INFO - Processing file /home/airflow/.local/lib/python3.12/site-packages/airflow/example_dags/tutorial.py for tasks to queue
[2025-04-06T07:22:00.354+0000] {logging_mixin.py:190} INFO - [2025-04-06T07:22:00.354+0000] {dagbag.py:588} INFO - Filling up the DagBag from /home/airflow/.local/lib/python3.12/site-packages/airflow/example_dags/tutorial.py
[2025-04-06T07:22:00.365+0000] {processor.py:925} INFO - DAG(s) 'tutorial' retrieved from /home/airflow/.local/lib/python3.12/site-packages/airflow/example_dags/tutorial.py
[2025-04-06T07:22:00.392+0000] {logging_mixin.py:190} INFO - [2025-04-06T07:22:00.391+0000] {dag.py:3239} INFO - Sync 1 DAGs
[2025-04-06T07:22:00.425+0000] {logging_mixin.py:190} INFO - [2025-04-06T07:22:00.425+0000] {dag.py:4180} INFO - Setting next_dagrun for tutorial to 2025-04-05 00:00:00+00:00, run_after=2025-04-06 00:00:00+00:00
[2025-04-06T07:22:00.454+0000] {processor.py:208} INFO - Processing /home/airflow/.local/lib/python3.12/site-packages/airflow/example_dags/tutorial.py took 0.113 seconds
[2025-04-06T07:22:31.372+0000] {processor.py:186} INFO - Started process (PID=1023) to work on /home/airflow/.local/lib/python3.12/site-packages/airflow/example_dags/tutorial.py
[2025-04-06T07:22:31.373+0000] {processor.py:914} INFO - Processing file /home/airflow/.local/lib/python3.12/site-packages/airflow/example_dags/tutorial.py for tasks to queue
[2025-04-06T07:22:31.375+0000] {logging_mixin.py:190} INFO - [2025-04-06T07:22:31.375+0000] {dagbag.py:588} INFO - Filling up the DagBag from /home/airflow/.local/lib/python3.12/site-packages/airflow/example_dags/tutorial.py
[2025-04-06T07:22:31.381+0000] {processor.py:925} INFO - DAG(s) 'tutorial' retrieved from /home/airflow/.local/lib/python3.12/site-packages/airflow/example_dags/tutorial.py
[2025-04-06T07:22:31.395+0000] {logging_mixin.py:190} INFO - [2025-04-06T07:22:31.395+0000] {dag.py:3239} INFO - Sync 1 DAGs
[2025-04-06T07:22:31.412+0000] {logging_mixin.py:190} INFO - [2025-04-06T07:22:31.412+0000] {dag.py:4180} INFO - Setting next_dagrun for tutorial to 2025-04-05 00:00:00+00:00, run_after=2025-04-06 00:00:00+00:00
[2025-04-06T07:22:31.430+0000] {processor.py:208} INFO - Processing /home/airflow/.local/lib/python3.12/site-packages/airflow/example_dags/tutorial.py took 0.063 seconds
[2025-04-06T07:23:01.726+0000] {processor.py:186} INFO - Started process (PID=1086) to work on /home/airflow/.local/lib/python3.12/site-packages/airflow/example_dags/tutorial.py
[2025-04-06T07:23:01.727+0000] {processor.py:914} INFO - Processing file /home/airflow/.local/lib/python3.12/site-packages/airflow/example_dags/tutorial.py for tasks to queue
[2025-04-06T07:23:01.729+0000] {logging_mixin.py:190} INFO - [2025-04-06T07:23:01.728+0000] {dagbag.py:588} INFO - Filling up the DagBag from /home/airflow/.local/lib/python3.12/site-packages/airflow/example_dags/tutorial.py
[2025-04-06T07:23:01.734+0000] {processor.py:925} INFO - DAG(s) 'tutorial' retrieved from /home/airflow/.local/lib/python3.12/site-packages/airflow/example_dags/tutorial.py
[2025-04-06T07:23:01.748+0000] {logging_mixin.py:190} INFO - [2025-04-06T07:23:01.747+0000] {dag.py:3239} INFO - Sync 1 DAGs
[2025-04-06T07:23:01.766+0000] {logging_mixin.py:190} INFO - [2025-04-06T07:23:01.766+0000] {dag.py:4180} INFO - Setting next_dagrun for tutorial to 2025-04-05 00:00:00+00:00, run_after=2025-04-06 00:00:00+00:00
[2025-04-06T07:23:01.783+0000] {processor.py:208} INFO - Processing /home/airflow/.local/lib/python3.12/site-packages/airflow/example_dags/tutorial.py took 0.061 seconds
[2025-04-06T07:23:32.563+0000] {processor.py:186} INFO - Started process (PID=1155) to work on /home/airflow/.local/lib/python3.12/site-packages/airflow/example_dags/tutorial.py
[2025-04-06T07:23:32.564+0000] {processor.py:914} INFO - Processing file /home/airflow/.local/lib/python3.12/site-packages/airflow/example_dags/tutorial.py for tasks to queue
[2025-04-06T07:23:32.566+0000] {logging_mixin.py:190} INFO - [2025-04-06T07:23:32.566+0000] {dagbag.py:588} INFO - Filling up the DagBag from /home/airflow/.local/lib/python3.12/site-packages/airflow/example_dags/tutorial.py
[2025-04-06T07:23:32.573+0000] {processor.py:925} INFO - DAG(s) 'tutorial' retrieved from /home/airflow/.local/lib/python3.12/site-packages/airflow/example_dags/tutorial.py
[2025-04-06T07:23:32.588+0000] {logging_mixin.py:190} INFO - [2025-04-06T07:23:32.588+0000] {dag.py:3239} INFO - Sync 1 DAGs
[2025-04-06T07:23:32.606+0000] {logging_mixin.py:190} INFO - [2025-04-06T07:23:32.606+0000] {dag.py:4180} INFO - Setting next_dagrun for tutorial to 2025-04-05 00:00:00+00:00, run_after=2025-04-06 00:00:00+00:00
[2025-04-06T07:23:32.624+0000] {processor.py:208} INFO - Processing /home/airflow/.local/lib/python3.12/site-packages/airflow/example_dags/tutorial.py took 0.066 seconds
[2025-04-06T07:24:03.298+0000] {processor.py:186} INFO - Started process (PID=1218) to work on /home/airflow/.local/lib/python3.12/site-packages/airflow/example_dags/tutorial.py
[2025-04-06T07:24:03.299+0000] {processor.py:914} INFO - Processing file /home/airflow/.local/lib/python3.12/site-packages/airflow/example_dags/tutorial.py for tasks to queue
[2025-04-06T07:24:03.300+0000] {logging_mixin.py:190} INFO - [2025-04-06T07:24:03.300+0000] {dagbag.py:588} INFO - Filling up the DagBag from /home/airflow/.local/lib/python3.12/site-packages/airflow/example_dags/tutorial.py
[2025-04-06T07:24:03.306+0000] {processor.py:925} INFO - DAG(s) 'tutorial' retrieved from /home/airflow/.local/lib/python3.12/site-packages/airflow/example_dags/tutorial.py
[2025-04-06T07:24:03.320+0000] {logging_mixin.py:190} INFO - [2025-04-06T07:24:03.320+0000] {dag.py:3239} INFO - Sync 1 DAGs
[2025-04-06T07:24:03.337+0000] {logging_mixin.py:190} INFO - [2025-04-06T07:24:03.337+0000] {dag.py:4180} INFO - Setting next_dagrun for tutorial to 2025-04-05 00:00:00+00:00, run_after=2025-04-06 00:00:00+00:00
[2025-04-06T07:24:03.353+0000] {processor.py:208} INFO - Processing /home/airflow/.local/lib/python3.12/site-packages/airflow/example_dags/tutorial.py took 0.059 seconds
[2025-04-06T07:24:33.587+0000] {processor.py:186} INFO - Started process (PID=1281) to work on /home/airflow/.local/lib/python3.12/site-packages/airflow/example_dags/tutorial.py
[2025-04-06T07:24:33.588+0000] {processor.py:914} INFO - Processing file /home/airflow/.local/lib/python3.12/site-packages/airflow/example_dags/tutorial.py for tasks to queue
[2025-04-06T07:24:33.590+0000] {logging_mixin.py:190} INFO - [2025-04-06T07:24:33.590+0000] {dagbag.py:588} INFO - Filling up the DagBag from /home/airflow/.local/lib/python3.12/site-packages/airflow/example_dags/tutorial.py
[2025-04-06T07:24:33.596+0000] {processor.py:925} INFO - DAG(s) 'tutorial' retrieved from /home/airflow/.local/lib/python3.12/site-packages/airflow/example_dags/tutorial.py
[2025-04-06T07:24:33.609+0000] {logging_mixin.py:190} INFO - [2025-04-06T07:24:33.608+0000] {dag.py:3239} INFO - Sync 1 DAGs
[2025-04-06T07:24:33.625+0000] {logging_mixin.py:190} INFO - [2025-04-06T07:24:33.624+0000] {dag.py:4180} INFO - Setting next_dagrun for tutorial to 2025-04-05 00:00:00+00:00, run_after=2025-04-06 00:00:00+00:00
[2025-04-06T07:24:33.638+0000] {processor.py:208} INFO - Processing /home/airflow/.local/lib/python3.12/site-packages/airflow/example_dags/tutorial.py took 0.055 seconds
[2025-04-06T07:25:03.947+0000] {processor.py:186} INFO - Started process (PID=1345) to work on /home/airflow/.local/lib/python3.12/site-packages/airflow/example_dags/tutorial.py
[2025-04-06T07:25:03.947+0000] {processor.py:914} INFO - Processing file /home/airflow/.local/lib/python3.12/site-packages/airflow/example_dags/tutorial.py for tasks to queue
[2025-04-06T07:25:03.949+0000] {logging_mixin.py:190} INFO - [2025-04-06T07:25:03.949+0000] {dagbag.py:588} INFO - Filling up the DagBag from /home/airflow/.local/lib/python3.12/site-packages/airflow/example_dags/tutorial.py
[2025-04-06T07:25:03.955+0000] {processor.py:925} INFO - DAG(s) 'tutorial' retrieved from /home/airflow/.local/lib/python3.12/site-packages/airflow/example_dags/tutorial.py
[2025-04-06T07:25:03.967+0000] {logging_mixin.py:190} INFO - [2025-04-06T07:25:03.967+0000] {dag.py:3239} INFO - Sync 1 DAGs
[2025-04-06T07:25:03.983+0000] {logging_mixin.py:190} INFO - [2025-04-06T07:25:03.983+0000] {dag.py:4180} INFO - Setting next_dagrun for tutorial to 2025-04-05 00:00:00+00:00, run_after=2025-04-06 00:00:00+00:00
[2025-04-06T07:25:03.999+0000] {processor.py:208} INFO - Processing /home/airflow/.local/lib/python3.12/site-packages/airflow/example_dags/tutorial.py took 0.056 seconds
[2025-04-06T07:25:34.397+0000] {processor.py:186} INFO - Started process (PID=1410) to work on /home/airflow/.local/lib/python3.12/site-packages/airflow/example_dags/tutorial.py
[2025-04-06T07:25:34.398+0000] {processor.py:914} INFO - Processing file /home/airflow/.local/lib/python3.12/site-packages/airflow/example_dags/tutorial.py for tasks to queue
[2025-04-06T07:25:34.400+0000] {logging_mixin.py:190} INFO - [2025-04-06T07:25:34.399+0000] {dagbag.py:588} INFO - Filling up the DagBag from /home/airflow/.local/lib/python3.12/site-packages/airflow/example_dags/tutorial.py
[2025-04-06T07:25:34.406+0000] {processor.py:925} INFO - DAG(s) 'tutorial' retrieved from /home/airflow/.local/lib/python3.12/site-packages/airflow/example_dags/tutorial.py
[2025-04-06T07:25:34.420+0000] {logging_mixin.py:190} INFO - [2025-04-06T07:25:34.420+0000] {dag.py:3239} INFO - Sync 1 DAGs
[2025-04-06T07:25:34.439+0000] {logging_mixin.py:190} INFO - [2025-04-06T07:25:34.439+0000] {dag.py:4180} INFO - Setting next_dagrun for tutorial to 2025-04-05 00:00:00+00:00, run_after=2025-04-06 00:00:00+00:00
[2025-04-06T07:25:34.459+0000] {processor.py:208} INFO - Processing /home/airflow/.local/lib/python3.12/site-packages/airflow/example_dags/tutorial.py took 0.066 seconds
[2025-04-06T07:26:04.742+0000] {processor.py:186} INFO - Started process (PID=1474) to work on /home/airflow/.local/lib/python3.12/site-packages/airflow/example_dags/tutorial.py
[2025-04-06T07:26:04.742+0000] {processor.py:914} INFO - Processing file /home/airflow/.local/lib/python3.12/site-packages/airflow/example_dags/tutorial.py for tasks to queue
[2025-04-06T07:26:04.744+0000] {logging_mixin.py:190} INFO - [2025-04-06T07:26:04.744+0000] {dagbag.py:588} INFO - Filling up the DagBag from /home/airflow/.local/lib/python3.12/site-packages/airflow/example_dags/tutorial.py
[2025-04-06T07:26:04.750+0000] {processor.py:925} INFO - DAG(s) 'tutorial' retrieved from /home/airflow/.local/lib/python3.12/site-packages/airflow/example_dags/tutorial.py
[2025-04-06T07:26:04.763+0000] {logging_mixin.py:190} INFO - [2025-04-06T07:26:04.763+0000] {dag.py:3239} INFO - Sync 1 DAGs
[2025-04-06T07:26:04.780+0000] {logging_mixin.py:190} INFO - [2025-04-06T07:26:04.780+0000] {dag.py:4180} INFO - Setting next_dagrun for tutorial to 2025-04-05 00:00:00+00:00, run_after=2025-04-06 00:00:00+00:00
[2025-04-06T07:26:04.797+0000] {processor.py:208} INFO - Processing /home/airflow/.local/lib/python3.12/site-packages/airflow/example_dags/tutorial.py took 0.059 seconds
[2025-04-06T07:26:35.081+0000] {processor.py:186} INFO - Started process (PID=1538) to work on /home/airflow/.local/lib/python3.12/site-packages/airflow/example_dags/tutorial.py
[2025-04-06T07:26:35.083+0000] {processor.py:914} INFO - Processing file /home/airflow/.local/lib/python3.12/site-packages/airflow/example_dags/tutorial.py for tasks to queue
[2025-04-06T07:26:35.085+0000] {logging_mixin.py:190} INFO - [2025-04-06T07:26:35.085+0000] {dagbag.py:588} INFO - Filling up the DagBag from /home/airflow/.local/lib/python3.12/site-packages/airflow/example_dags/tutorial.py
[2025-04-06T07:26:35.094+0000] {processor.py:925} INFO - DAG(s) 'tutorial' retrieved from /home/airflow/.local/lib/python3.12/site-packages/airflow/example_dags/tutorial.py
[2025-04-06T07:26:35.111+0000] {logging_mixin.py:190} INFO - [2025-04-06T07:26:35.111+0000] {dag.py:3239} INFO - Sync 1 DAGs
[2025-04-06T07:26:35.128+0000] {logging_mixin.py:190} INFO - [2025-04-06T07:26:35.127+0000] {dag.py:4180} INFO - Setting next_dagrun for tutorial to 2025-04-05 00:00:00+00:00, run_after=2025-04-06 00:00:00+00:00
[2025-04-06T07:26:35.143+0000] {processor.py:208} INFO - Processing /home/airflow/.local/lib/python3.12/site-packages/airflow/example_dags/tutorial.py took 0.068 seconds
[2025-04-06T07:27:06.000+0000] {processor.py:186} INFO - Started process (PID=1605) to work on /home/airflow/.local/lib/python3.12/site-packages/airflow/example_dags/tutorial.py
[2025-04-06T07:27:06.001+0000] {processor.py:914} INFO - Processing file /home/airflow/.local/lib/python3.12/site-packages/airflow/example_dags/tutorial.py for tasks to queue
[2025-04-06T07:27:06.003+0000] {logging_mixin.py:190} INFO - [2025-04-06T07:27:06.002+0000] {dagbag.py:588} INFO - Filling up the DagBag from /home/airflow/.local/lib/python3.12/site-packages/airflow/example_dags/tutorial.py
[2025-04-06T07:27:06.008+0000] {processor.py:925} INFO - DAG(s) 'tutorial' retrieved from /home/airflow/.local/lib/python3.12/site-packages/airflow/example_dags/tutorial.py
[2025-04-06T07:27:06.028+0000] {logging_mixin.py:190} INFO - [2025-04-06T07:27:06.027+0000] {dag.py:3239} INFO - Sync 1 DAGs
[2025-04-06T07:27:06.064+0000] {logging_mixin.py:190} INFO - [2025-04-06T07:27:06.064+0000] {dag.py:4180} INFO - Setting next_dagrun for tutorial to 2025-04-05 00:00:00+00:00, run_after=2025-04-06 00:00:00+00:00
[2025-04-06T07:27:06.087+0000] {processor.py:208} INFO - Processing /home/airflow/.local/lib/python3.12/site-packages/airflow/example_dags/tutorial.py took 0.093 seconds
[2025-04-06T07:27:37.110+0000] {processor.py:186} INFO - Started process (PID=1669) to work on /home/airflow/.local/lib/python3.12/site-packages/airflow/example_dags/tutorial.py
[2025-04-06T07:27:37.111+0000] {processor.py:914} INFO - Processing file /home/airflow/.local/lib/python3.12/site-packages/airflow/example_dags/tutorial.py for tasks to queue
[2025-04-06T07:27:37.113+0000] {logging_mixin.py:190} INFO - [2025-04-06T07:27:37.113+0000] {dagbag.py:588} INFO - Filling up the DagBag from /home/airflow/.local/lib/python3.12/site-packages/airflow/example_dags/tutorial.py
[2025-04-06T07:27:37.119+0000] {processor.py:925} INFO - DAG(s) 'tutorial' retrieved from /home/airflow/.local/lib/python3.12/site-packages/airflow/example_dags/tutorial.py
[2025-04-06T07:27:37.133+0000] {logging_mixin.py:190} INFO - [2025-04-06T07:27:37.133+0000] {dag.py:3239} INFO - Sync 1 DAGs
[2025-04-06T07:27:37.149+0000] {logging_mixin.py:190} INFO - [2025-04-06T07:27:37.149+0000] {dag.py:4180} INFO - Setting next_dagrun for tutorial to 2025-04-05 00:00:00+00:00, run_after=2025-04-06 00:00:00+00:00
[2025-04-06T07:27:37.167+0000] {processor.py:208} INFO - Processing /home/airflow/.local/lib/python3.12/site-packages/airflow/example_dags/tutorial.py took 0.061 seconds
[2025-04-06T07:28:07.241+0000] {processor.py:186} INFO - Started process (PID=1733) to work on /home/airflow/.local/lib/python3.12/site-packages/airflow/example_dags/tutorial.py
[2025-04-06T07:28:07.242+0000] {processor.py:914} INFO - Processing file /home/airflow/.local/lib/python3.12/site-packages/airflow/example_dags/tutorial.py for tasks to queue
[2025-04-06T07:28:07.244+0000] {logging_mixin.py:190} INFO - [2025-04-06T07:28:07.244+0000] {dagbag.py:588} INFO - Filling up the DagBag from /home/airflow/.local/lib/python3.12/site-packages/airflow/example_dags/tutorial.py
[2025-04-06T07:28:07.250+0000] {processor.py:925} INFO - DAG(s) 'tutorial' retrieved from /home/airflow/.local/lib/python3.12/site-packages/airflow/example_dags/tutorial.py
[2025-04-06T07:28:07.264+0000] {logging_mixin.py:190} INFO - [2025-04-06T07:28:07.263+0000] {dag.py:3239} INFO - Sync 1 DAGs
[2025-04-06T07:28:07.283+0000] {logging_mixin.py:190} INFO - [2025-04-06T07:28:07.283+0000] {dag.py:4180} INFO - Setting next_dagrun for tutorial to 2025-04-05 00:00:00+00:00, run_after=2025-04-06 00:00:00+00:00
[2025-04-06T07:28:07.301+0000] {processor.py:208} INFO - Processing /home/airflow/.local/lib/python3.12/site-packages/airflow/example_dags/tutorial.py took 0.064 seconds
[2025-04-06T07:28:37.827+0000] {processor.py:186} INFO - Started process (PID=1797) to work on /home/airflow/.local/lib/python3.12/site-packages/airflow/example_dags/tutorial.py
[2025-04-06T07:28:37.828+0000] {processor.py:914} INFO - Processing file /home/airflow/.local/lib/python3.12/site-packages/airflow/example_dags/tutorial.py for tasks to queue
[2025-04-06T07:28:37.830+0000] {logging_mixin.py:190} INFO - [2025-04-06T07:28:37.830+0000] {dagbag.py:588} INFO - Filling up the DagBag from /home/airflow/.local/lib/python3.12/site-packages/airflow/example_dags/tutorial.py
[2025-04-06T07:28:37.838+0000] {processor.py:925} INFO - DAG(s) 'tutorial' retrieved from /home/airflow/.local/lib/python3.12/site-packages/airflow/example_dags/tutorial.py
[2025-04-06T07:28:37.854+0000] {logging_mixin.py:190} INFO - [2025-04-06T07:28:37.853+0000] {dag.py:3239} INFO - Sync 1 DAGs
[2025-04-06T07:28:37.872+0000] {logging_mixin.py:190} INFO - [2025-04-06T07:28:37.872+0000] {dag.py:4180} INFO - Setting next_dagrun for tutorial to 2025-04-05 00:00:00+00:00, run_after=2025-04-06 00:00:00+00:00
[2025-04-06T07:28:37.896+0000] {processor.py:208} INFO - Processing /home/airflow/.local/lib/python3.12/site-packages/airflow/example_dags/tutorial.py took 0.074 seconds
[2025-04-06T07:29:08.086+0000] {processor.py:186} INFO - Started process (PID=1861) to work on /home/airflow/.local/lib/python3.12/site-packages/airflow/example_dags/tutorial.py
[2025-04-06T07:29:08.088+0000] {processor.py:914} INFO - Processing file /home/airflow/.local/lib/python3.12/site-packages/airflow/example_dags/tutorial.py for tasks to queue
[2025-04-06T07:29:08.095+0000] {logging_mixin.py:190} INFO - [2025-04-06T07:29:08.095+0000] {dagbag.py:588} INFO - Filling up the DagBag from /home/airflow/.local/lib/python3.12/site-packages/airflow/example_dags/tutorial.py
[2025-04-06T07:29:08.102+0000] {processor.py:925} INFO - DAG(s) 'tutorial' retrieved from /home/airflow/.local/lib/python3.12/site-packages/airflow/example_dags/tutorial.py
[2025-04-06T07:29:08.117+0000] {logging_mixin.py:190} INFO - [2025-04-06T07:29:08.117+0000] {dag.py:3239} INFO - Sync 1 DAGs
[2025-04-06T07:29:08.135+0000] {logging_mixin.py:190} INFO - [2025-04-06T07:29:08.134+0000] {dag.py:4180} INFO - Setting next_dagrun for tutorial to 2025-04-05 00:00:00+00:00, run_after=2025-04-06 00:00:00+00:00
[2025-04-06T07:29:08.153+0000] {processor.py:208} INFO - Processing /home/airflow/.local/lib/python3.12/site-packages/airflow/example_dags/tutorial.py took 0.073 seconds
[2025-04-06T07:29:38.334+0000] {processor.py:186} INFO - Started process (PID=1925) to work on /home/airflow/.local/lib/python3.12/site-packages/airflow/example_dags/tutorial.py
[2025-04-06T07:29:38.335+0000] {processor.py:914} INFO - Processing file /home/airflow/.local/lib/python3.12/site-packages/airflow/example_dags/tutorial.py for tasks to queue
[2025-04-06T07:29:38.337+0000] {logging_mixin.py:190} INFO - [2025-04-06T07:29:38.337+0000] {dagbag.py:588} INFO - Filling up the DagBag from /home/airflow/.local/lib/python3.12/site-packages/airflow/example_dags/tutorial.py
[2025-04-06T07:29:38.343+0000] {processor.py:925} INFO - DAG(s) 'tutorial' retrieved from /home/airflow/.local/lib/python3.12/site-packages/airflow/example_dags/tutorial.py
[2025-04-06T07:29:38.362+0000] {logging_mixin.py:190} INFO - [2025-04-06T07:29:38.361+0000] {dag.py:3239} INFO - Sync 1 DAGs
[2025-04-06T07:29:38.383+0000] {logging_mixin.py:190} INFO - [2025-04-06T07:29:38.383+0000] {dag.py:4180} INFO - Setting next_dagrun for tutorial to 2025-04-05 00:00:00+00:00, run_after=2025-04-06 00:00:00+00:00
[2025-04-06T07:29:38.401+0000] {processor.py:208} INFO - Processing /home/airflow/.local/lib/python3.12/site-packages/airflow/example_dags/tutorial.py took 0.071 seconds
[2025-04-06T07:30:08.734+0000] {processor.py:186} INFO - Started process (PID=1989) to work on /home/airflow/.local/lib/python3.12/site-packages/airflow/example_dags/tutorial.py
[2025-04-06T07:30:08.735+0000] {processor.py:914} INFO - Processing file /home/airflow/.local/lib/python3.12/site-packages/airflow/example_dags/tutorial.py for tasks to queue
[2025-04-06T07:30:08.738+0000] {logging_mixin.py:190} INFO - [2025-04-06T07:30:08.737+0000] {dagbag.py:588} INFO - Filling up the DagBag from /home/airflow/.local/lib/python3.12/site-packages/airflow/example_dags/tutorial.py
[2025-04-06T07:30:08.745+0000] {processor.py:925} INFO - DAG(s) 'tutorial' retrieved from /home/airflow/.local/lib/python3.12/site-packages/airflow/example_dags/tutorial.py
[2025-04-06T07:30:08.759+0000] {logging_mixin.py:190} INFO - [2025-04-06T07:30:08.759+0000] {dag.py:3239} INFO - Sync 1 DAGs
[2025-04-06T07:30:08.777+0000] {logging_mixin.py:190} INFO - [2025-04-06T07:30:08.776+0000] {dag.py:4180} INFO - Setting next_dagrun for tutorial to 2025-04-05 00:00:00+00:00, run_after=2025-04-06 00:00:00+00:00
[2025-04-06T07:30:08.795+0000] {processor.py:208} INFO - Processing /home/airflow/.local/lib/python3.12/site-packages/airflow/example_dags/tutorial.py took 0.065 seconds
